305.732, (1837.34,-356.8,971.527), (4539.74,-5000,696.327)
102.21, (1837.34,-356.8,971.527), (1711.63,-368.968,1090.29)
22.0625, (1837.34,-356.8,971.527), (1653.51,-313.995,1074.63)
180.732, (1837.34,-356.8,971.527), (2230,-5000,-1707.66)
52.5951, (1837.34,-356.8,971.527), (-694.095,-5000,-301.176)
9.45022, (1837.34,-356.8,971.527), (609.846,-5000,2630.18)
76.9105, (1837.34,-356.8,971.527), (-1361.1,-5000,843.366)
58.5132, (1837.34,-356.8,971.527), (315.54,-5000,2787.05)
6.0751, (1837.34,-356.8,971.527), (-2816.89,-5000,2083.53)
25.7115, (1837.34,-356.8,971.527), (858.004,-5000,-1659.85)
47.6952, (1837.34,-356.8,971.527), (-993.94,-5000,1963.97)
55.5284, (1837.34,-356.8,971.527), (5000,-3273,-1304.26)
87.8088, (1837.34,-356.8,971.527), (1633.25,-264.834,1086.57)
104.944, (1837.34,-356.8,971.527), (426.273,18.8311,1618.39)
110.032, (1837.34,-356.8,971.527), (13.1362,-21.2706,448.453)
16.4816, (1837.34,-356.8,971.527), (1613.46,-318.992,1043.05)
3.20834, (1837.34,-356.8,971.527), (5000,-3019.18,343.817)
57.7699, (1837.34,-356.8,971.527), (-157.874,-5000,713.23)
57.0955, (1837.34,-356.8,971.527), (2760.1,-5000,-556.32)
21.8829, (1837.34,-356.8,971.527), (491.808,-5000,3751.57)
79.1276, (1837.34,-356.8,971.527), (1269.57,-5000,3032.17)
193.438, (1837.34,-356.8,971.527), (2740.67,-5000,3965.25)
62.4966, (1837.34,-356.8,971.527), (2069.74,-5000,2611.75)
261.905, (1837.34,-356.8,971.527), (852.892,-5000,2267.97)
87.8049, (1837.34,-356.8,971.527), (5000,-3391.71,768.755)
193.443, (1837.34,-356.8,971.527), (659.025,11.5673,1626.23)
112.145, (1837.34,-356.8,971.527), (38.672,23.0103,-156.069)
32.6997, (1837.34,-356.8,971.527), (1554.67,-5000,-375.054)
46.0037, (1837.34,-356.8,971.527), (1194.17,-3973.36,5000)
164.939, (1837.34,-356.8,971.527), (3068.31,-5000,2779.16)
40.0528, (1837.34,-356.8,971.527), (-2183.89,-5000,-849.434)
61.7814, (1837.34,-356.8,971.527), (-1793.57,-5000,-1184.05)
26.233, (1837.34,-356.8,971.527), (1613.94,-182.464,1074.4)
12.5941, (1837.34,-356.8,971.527), (-14.0232,-37.7741,167.584)
44.7115, (1837.34,-356.8,971.527), (2954.48,-5000,-2511.67)
112.209, (1837.34,-356.8,971.527), (1736.9,-382.707,1069.69)
68.882, (1837.34,-356.8,971.527), (2761.93,-5000,649.919)
266.393, (1837.34,-356.8,971.527), (3127.14,-4624.37,5000)
26.4188, (1837.34,-356.8,971.527), (5000,-3787.51,-39.0065)
143.127, (1837.34,-356.8,971.527), (-24.8498,2.73602,1142.07)
620.018, (1837.34,-356.8,971.527), (703.707,-22.6193,1618.29)
129.8, (1837.34,-356.8,971.527), (-26.296,-36.5174,-4.31916)
96.9666, (1837.34,-356.8,971.527), (28.2882,34.9968,-180.862)
62.6745, (1837.34,-356.8,971.527), (1649,-346.878,1138)
131.061, (1837.34,-356.8,971.527), (273.459,-5000,3294.78)
96.6254, (1837.34,-356.8,971.527), (1180.82,-5000,3607.09)
15.1645, (1837.34,-356.8,971.527), (5000,-3328.06,-1223.28)
45.6168, (1837.34,-356.8,971.527), (1644.14,-367.666,1140.81)
82.6537, (1837.34,-356.8,971.527), (402.517,-5000,591.444)
75.3115, (1837.34,-356.8,971.527), (723.44,5.87085,1642.7)
97.8157, (1837.34,-356.8,971.527), (-4.81517,24.5319,1166.66)
31.5337, (1837.34,-356.8,971.527), (2258.21,-5000,4448.85)
120.221, (1837.34,-356.8,971.527), (1936.17,-396.8,891.471)
226.403, (1837.34,-356.8,971.527), (1560.37,18.0672,1141.37)
132.487, (1837.34,-356.8,971.527), (6.02885,-24.2622,1178.35)
10.58, (1837.34,-356.8,971.527), (559.985,-4921.36,5000)
16.6024, (1837.34,-356.8,971.527), (1869.16,-5000,3150.19)
46.0391, (1837.34,-356.8,971.527), (-1645.87,-5000,2614.37)
65.405, (1837.34,-356.8,971.527), (2064.87,-316.8,886.274)
385.372, (1837.34,-356.8,971.527), (1733.12,-5000,1523.95)
62.2144, (1837.34,-356.8,971.527), (1209.51,-11.8623,1359.41)
11.8355, (1837.34,-356.8,971.527), (1742.64,-389.621,980.009)
76.9566, (1837.34,-356.8,971.527), (-1146.14,-5000,2621.59)
21.6476, (1837.34,-356.8,971.527), (5000,-3809.13,2869.71)
20.6195, (1837.34,-356.8,971.527), (2351.41,-5000,-1768.12)
79.1863, (1837.34,-356.8,971.527), (-375.065,-5000,3855.27)
94.7933, (1837.34,-356.8,971.527), (440.134,-5000,-3201.58)
65.6442, (1837.34,-356.8,971.527), (2551.81,-5000,-1911.51)
475.887, (1837.34,-356.8,971.527), (-18.8464,9.91811,-122.495)
84.8083, (1837.34,-356.8,971.527), (1625.22,-354.582,1036.26)
164.34, (1837.34,-356.8,971.527), (-1123.59,-5000,520.692)
109.05, (1837.34,-356.8,971.527), (920.268,-10.2584,1474.67)
84.9157, (1837.34,-356.8,971.527), (-43.3092,-12.2193,-190.735)
20.6141, (1837.34,-356.8,971.527), (27.6666,27.6829,-294.4)
72.3527, (1837.34,-356.8,971.527), (82.2666,-5000,3306.47)
182.582, (1837.34,-356.8,971.527), (527.59,-5000,-393.443)
135.763, (1837.34,-356.8,971.527), (-2418.75,-5000,3351.87)
96.1472, (1837.34,-356.8,971.527), (2970.87,-5000,-149.725)
88.1667, (1837.34,-356.8,971.527), (-22.7896,10.2779,605.513)
40.1009, (1837.34,-356.8,971.527), (1073.3,-20.5664,1429.05)
118.952, (1837.34,-356.8,971.527), (-1965.16,-5000,4281.24)
47.9464, (1837.34,-356.8,971.527), (28.892,34.5,-264.814)
11.6529, (1837.34,-356.8,971.527), (-2497.04,-5000,942.692)
30.8983, (1837.34,-356.8,971.527), (3336.88,-5000,4740.76)
250.407, (1837.34,-356.8,971.527), (39.844,20.9154,176.98)
219.733, (1837.34,-356.8,971.527), (-2486.26,-5000,-219.494)
9.49612, (1837.34,-356.8,971.527), (2209.48,-5000,-550.871)
103.352, (1837.34,-356.8,971.527), (-2432.2,-5000,-373.309)
113.783, (1837.34,-356.8,971.527), (1153.55,-10.824,1392.33)
159.726, (1837.34,-356.8,971.527), (3854.59,-5000,4000.63)
274.625, (1837.34,-356.8,971.527), (-14.6354,-42.5536,-277.476)
117.809, (1837.34,-356.8,971.527), (5000,-4247.06,589.184)
110.962, (1837.34,-356.8,971.527), (794.677,0.169826,1591.6)
102.364, (1837.34,-356.8,971.527), (1642.5,-64.8079,1090.3)
130.719, (1837.34,-356.8,971.527), (1606.49,-313.685,1075.76)
37.5367, (1837.34,-356.8,971.527), (2034.36,-338.918,827.28)
119.607, (1837.34,-356.8,971.527), (1889.04,-5000,-815.423)
8.6285, (1837.34,-356.8,971.527), (-1582.37,-5000,3772.79)
147.691, (1837.34,-356.8,971.527), (192.751,-5000,2224.49)
18.0337, (1837.34,-356.8,971.527), (39.278,-21.96,-157.17)
72.1554, (1837.34,-356.8,971.527), (593.252,-5000,4568.5)
73.808, (1837.34,-356.8,971.527), (1642.06,-169.33,1084.8)
83.5979, (1837.34,-356.8,971.527), (-1783.64,-5000,-1380.83)
143.234, (1837.34,-356.8,971.527), (35.1047,-5000,4685.93)
50.9643, (1837.34,-356.8,971.527), (-3297.03,-5000,2777.33)
233.978, (1837.34,-356.8,971.527), (2096.14,-5000,4325.7)
34.59, (1837.34,-356.8,971.527), (1844,-396.8,939.926)
5.51089, (1837.34,-356.8,971.527), (1937.71,-319.206,958.876)
53.0065, (1837.34,-356.8,971.527), (1826.11,-5000,-969.682)
132.304, (1837.34,-356.8,971.527), (4147.14,-5000,2615.47)
172.484, (1837.34,-356.8,971.527), (25.8476,5.33721,1347.99)
58.1501, (1837.34,-356.8,971.527), (-2166.91,-5000,1133.71)
180.839, (1837.34,-356.8,971.527), (-1512.29,-5000,2794.61)
161.363, (1837.34,-356.8,971.527), (-63.4043,-5000,2424.95)
269.582, (1837.34,-356.8,971.527), (-22.4691,-10.9608,1156.63)
48.1297, (1837.34,-356.8,971.527), (1655.87,-355.885,1134.03)
18.1533, (1837.34,-356.8,971.527), (4794.01,-5000,3189.69)
68.8611, (1837.34,-356.8,971.527), (-3294.44,-5000,1728.27)
409.156, (1837.34,-356.8,971.527), (16.6658,-18.6347,341.071)
100.73, (1837.34,-356.8,971.527), (776.6,-5000,2581.41)
293.666, (1837.34,-356.8,971.527), (-35.1981,-5000,581.884)
289.799, (1837.34,-356.8,971.527), (-1.58728,24.9496,1281.4)
72.3502, (1837.34,-356.8,971.527), (150.263,10.5398,1490.04)
6.29871, (1837.34,-356.8,971.527), (454.585,-5000,786.614)
59.0145, (1837.34,-356.8,971.527), (44.3575,-7.57733,-185.168)
118.311, (1837.34,-356.8,971.527), (-1066.86,-5000,246.429)
58.8519, (1837.34,-356.8,971.527), (4688.4,-5000,224.663)
89.9311, (1837.34,-356.8,971.527), (-2451.19,-5000,91.7548)
81.5025, (1837.34,-356.8,971.527), (2633.8,-5000,-2474.7)
48.7734, (1837.34,-356.8,971.527), (17.9463,-41.2666,193.302)
13.395, (1837.34,-356.8,971.527), (-2108.94,-5000,-301.871)
17.5431, (1837.34,-356.8,971.527), (1946.5,-326.592,954.69)
161.074, (1837.34,-356.8,971.527), (861.724,-5000,4576.5)
83.686, (1837.34,-356.8,971.527), (-700.299,-5000,321.879)
61.328, (1837.34,-356.8,971.527), (24.786,17.7843,-60.5206)
160.376, (1837.34,-356.8,971.527), (-1184.86,-5000,4407.46)
29.4224, (1837.34,-356.8,971.527), (-2389.39,-5000,3866.85)
258.166, (1837.34,-356.8,971.527), (2747.13,-5000,4064.29)
15.7001, (1837.34,-356.8,971.527), (-1143.81,-5000,-1217.98)
46.7669, (1837.34,-356.8,971.527), (188.498,-5000,3767.35)
108.497, (1837.34,-356.8,971.527), (4591.89,-5000,3382.56)
154.509, (1837.34,-356.8,971.527), (-44.1846,-8.52784,15.1972)
235.261, (1837.34,-356.8,971.527), (1635.42,-405.972,1043.3)
143.739, (1837.34,-356.8,971.527), (1392.38,-5000,3995.81)
3.5441, (1837.34,-356.8,971.527), (2071.56,-326.074,795.717)
143.488, (1837.34,-356.8,971.527), (2181.99,-5000,-830.679)
83.9098, (1837.34,-356.8,971.527), (1602.25,-232.977,1108.81)
26.8702, (1837.34,-356.8,971.527), (264.571,-5000,-1928.95)
132.894, (1837.34,-356.8,971.527), (2966.59,-5000,4470.6)
59.7749, (1837.34,-356.8,971.527), (-622.037,-5000,-518.662)
9.13837, (1837.34,-356.8,971.527), (1032.37,-5000,1401.2)
109.79, (1837.34,-356.8,971.527), (1819.35,-396.8,1003.72)
2.09969, (1837.34,-356.8,971.527), (1932.63,-316.8,941.827)
54.5367, (1837.34,-356.8,971.527), (209.546,20.0329,1515.36)
37.6029, (1837.34,-356.8,971.527), (-2953.79,-5000,2335.58)
100.098, (1837.34,-356.8,971.527), (-1098.88,-5000,-354.299)
29.1453, (1837.34,-356.8,971.527), (-39.5016,21.5552,213.674)
25.0566, (1837.34,-356.8,971.527), (22.234,11.4302,578.243)
168.365, (1837.34,-356.8,971.527), (2929.01,-5000,507.389)
57.7811, (1837.34,-356.8,971.527), (206.421,-4578.83,5000)
87.6602, (1837.34,-356.8,971.527), (1940.65,-396.8,923.651)
188.409, (1837.34,-356.8,971.527), (3333.78,-5000,1873.56)
241.954, (1837.34,-356.8,971.527), (28.7618,34.6087,40.7277)
6.1043, (1837.34,-356.8,971.527), (1706.02,-396.8,1076.71)
114.664, (1837.34,-356.8,971.527), (-1849.67,-5000,-186.594)
168.367, (1837.34,-356.8,971.527), (-21.0934,-13.419,520.278)
48.7196, (1837.34,-356.8,971.527), (1694.43,-394.532,1073.93)
4.30249, (1837.34,-356.8,971.527), (778.299,-5000,-3350.99)
115.526, (1837.34,-356.8,971.527), (44.9756,-1.48081,120.868)
144.356, (1837.34,-356.8,971.527), (5000,-4200.31,3339.12)
205.429, (1837.34,-356.8,971.527), (4337.15,-5000,991.355)
34.6484, (1837.34,-356.8,971.527), (-16.617,18.6782,772.74)
43.9369, (1837.34,-356.8,971.527), (-837.253,-5000,3406.4)
215.78, (1837.34,-356.8,971.527), (42.683,2.04718,248.106)
371.807, (1837.34,-356.8,971.527), (-26.4887,-3.48771,-262.585)
127.931, (1837.34,-356.8,971.527), (-6.24687,-44.5643,41.2381)
95.6797, (1837.34,-356.8,971.527), (-1265.29,-5000,1774.84)
24.0199, (1837.34,-356.8,971.527), (1592.49,-0.0758346,1141.76)
153.566, (1837.34,-356.8,971.527), (-2819.85,-5000,-629.023)
201.249, (1837.34,-356.8,971.527), (1924.12,-373.232,930.078)
77.6679, (1837.34,-356.8,971.527), (831.403,3.84285,1523.78)
135.083, (1837.34,-356.8,971.527), (4459.55,-5000,3256.8)
143.508, (1837.34,-356.8,971.527), (857.546,-4127.26,5000)
219.755, (1837.34,-356.8,971.527), (-1490.38,-5000,-1913.6)
35.5395, (1837.34,-356.8,971.527), (1953.95,-351.308,858.011)
46.398, (1837.34,-356.8,971.527), (1165.42,-5000,4050.29)
12.8313, (1837.34,-356.8,971.527), (-1856.76,-5000,818.122)
19.4575, (1837.34,-356.8,971.527), (1623.83,-306.8,1143.13)
95.7292, (1837.34,-356.8,971.527), (222.647,-5000,-2276.22)
91.8184, (1837.34,-356.8,971.527), (398.292,-5000,311.15)
40.8105, (1837.34,-356.8,971.527), (2872.49,-5000,2222.52)
82.3753, (1837.34,-356.8,971.527), (808.748,-5000,545.384)
113.874, (1837.34,-356.8,971.527), (3394.11,-5000,1809.73)
53.8779, (1837.34,-356.8,971.527), (-1237.55,-5000,2345.59)
45.5481, (1837.34,-356.8,971.527), (1640.24,-213.654,1082.88)
47.6589, (1837.34,-356.8,971.527), (-1806.26,-5000,-1816.75)
33.1974, (1837.34,-356.8,971.527), (15.4784,-41.3353,-175.558)
73.5817, (1837.34,-356.8,971.527), (3174.73,-5000,-2265.59)
31.552, (1837.34,-356.8,971.527), (1940.23,-316.8,879.599)
23.8709, (1837.34,-356.8,971.527), (64.2744,21.9096,1400.31)
350.585, (1837.34,-356.8,971.527), (96.6877,-7.22895,1429.47)
40.4839, (1837.34,-356.8,971.527), (1719.76,-5000,-266.507)
4.17465, (1837.34,-356.8,971.527), (214.247,0.87243,1471.95)
201.77, (1837.34,-356.8,971.527), (1641.23,30.4459,1083.59)
59.8087, (1837.34,-356.8,971.527), (2371.6,-5000,1027.22)
87.6555, (1837.34,-356.8,971.527), (1703.52,-366.621,1002.6)
92.2284, (1837.34,-356.8,971.527), (-43.6221,-11.0504,195.948)
88.8917, (1837.34,-356.8,971.527), (1472.1,15.8219,1196.2)
47.2411, (1837.34,-356.8,971.527), (1747.68,-5000,1589.75)
160.193, (1837.34,-356.8,971.527), (-1527.01,-5000,2248.2)
149.926, (1837.34,-356.8,971.527), (5000,-4757.75,32.5403)
62.457, (1837.34,-356.8,971.527), (1581.17,-5000,-292.267)
41.7141, (1837.34,-356.8,971.527), (5000,-4266.68,1685.42)
29.7689, (1837.34,-356.8,971.527), (1897.46,-390.544,890.627)
79.174, (1837.34,-356.8,971.527), (1521.92,-5000,1344.99)
101.734, (1837.34,-356.8,971.527), (1608.96,-128.601,1111.41)
28.8177, (1837.34,-356.8,971.527), (1150.94,20.5867,1351.44)
442.986, (1837.34,-356.8,971.527), (1648.89,-335.928,1034.14)
89.2391, (1837.34,-356.8,971.527), (844.52,-3.51119,1516.15)
304.673, (1837.34,-356.8,971.527), (4347.62,-5000,3260.03)
129.139, (1837.34,-356.8,971.527), (1779.84,-391.204,1029.58)
364.09, (1837.34,-356.8,971.527), (1897.04,-5000,4336.26)
71.6321, (1837.34,-356.8,971.527), (1991.39,-396.8,845.832)
155.698, (1837.34,-356.8,971.527), (46.5817,-5000,3914.94)
189.64, (1837.34,-356.8,971.527), (1884.87,-363.397,897.897)
35.8207, (1837.34,-356.8,971.527), (2032.8,-396.8,848.31)
304.721, (1837.34,-356.8,971.527), (-3220.42,-5000,2346.63)
14.0319, (1837.34,-356.8,971.527), (3233.03,-5000,1750.75)
125.632, (1837.34,-356.8,971.527), (43.2267,12.5079,285.511)
236.141, (1837.34,-356.8,971.527), (-10.6107,38.6864,110.933)
89.0812, (1837.34,-356.8,971.527), (1615.24,-144.376,1072.39)
92.7313, (1837.34,-356.8,971.527), (31.462,32.1736,159.578)
2.01065, (1837.34,-356.8,971.527), (1640.69,-405.677,1052.42)
258.851, (1837.34,-356.8,971.527), (444.206,-5000,2597.75)
70.9425, (1837.34,-356.8,971.527), (-2023.79,-5000,424.655)
10.3913, (1837.34,-356.8,971.527), (-36.9178,25.7309,163.953)
50.1508, (1837.34,-356.8,971.527), (-5.08882,36.0363,294.4)
27.7469, (1837.34,-356.8,971.527), (1220.66,19.0951,1342.02)
88.497, (1837.34,-356.8,971.527), (708.077,-5000,-2497.57)
39.9992, (1837.34,-356.8,971.527), (-2755.05,-5000,1597.97)
68.1096, (1837.34,-356.8,971.527), (-1365.2,-5000,-2357.85)
18.7303, (1837.34,-356.8,971.527), (2340.92,-3674.1,5000)
38.7501, (1837.34,-356.8,971.527), (-1136.06,-5000,-48.1562)
398.201, (1837.34,-356.8,971.527), (3523.82,-5000,3457.69)
24.0566, (1837.34,-356.8,971.527), (1681.5,-22.8263,1073.27)
100.888, (1837.34,-356.8,971.527), (40.0563,-20.5059,-175.589)
296.746, (1837.34,-356.8,971.527), (760.43,18.698,1590.74)
35.2137, (1837.34,-356.8,971.527), (223.607,-5000,-2691.6)
39.0813, (1837.34,-356.8,971.527), (1620.2,-89.1229,1083.84)
14.5895, (1837.34,-356.8,971.527), (557.67,-13.3445,1506.35)
208.201, (1837.34,-356.8,971.527), (-24.1198,6.14485,1341.31)
60.7744, (1837.34,-356.8,971.527), (-5.1367,-30.7496,-192.574)
407.48, (1837.34,-356.8,971.527), (499.161,-7.54678,1692.82)
27.8506, (1837.34,-356.8,971.527), (1582.6,-309.635,1086.24)
242.506, (1837.34,-356.8,971.527), (-34.4959,-28.8969,81.6709)
151.919, (1837.34,-356.8,971.527), (-368.102,-5000,303.604)
126.532, (1837.34,-356.8,971.527), (-1168.95,-5000,-1227)
31.6554, (1837.34,-356.8,971.527), (2105.4,-5000,4460.92)
30.3338, (1837.34,-356.8,971.527), (-1184.8,-5000,4594.22)
218.47, (1837.34,-356.8,971.527), (1557.3,24.0102,1131.01)
390.772, (1837.34,-356.8,971.527), (1217.42,-5000,1123.45)
79.2948, (1837.34,-356.8,971.527), (2039.35,-390.084,901.084)
88.3104, (1837.34,-356.8,971.527), (2116.06,-5000,1254.92)
101.639, (1837.34,-356.8,971.527), (44.9994,-0.226425,57.0291)
90.0487, (1837.34,-356.8,971.527), (-3650.57,-5000,1797.12)
52.5884, (1837.34,-356.8,971.527), (1612.02,-394.567,1043.88)
6.41812, (1837.34,-356.8,971.527), (426.784,-5000,-3286.31)
51.5072, (1837.34,-356.8,971.527), (-1750.03,-5000,1866.53)
71.3121, (1837.34,-356.8,971.527), (3220.27,-5000,591.511)
106.622, (1837.34,-356.8,971.527), (-12.5388,-15.5687,-174.49)
151.404, (1837.34,-356.8,971.527), (2063.8,-382.892,886.965)
8.92098, (1837.34,-356.8,971.527), (7.37175,-0.44921,1345.59)
60.242, (1837.34,-356.8,971.527), (-41.6924,-16.9335,166.878)
302.783, (1837.34,-356.8,971.527), (1611.14,-369.234,1145.49)
42.1158, (1837.34,-356.8,971.527), (-27.556,-35.5762,185.932)
36.2576, (1837.34,-356.8,971.527), (309.224,17.3335,1534.83)
45.9987, (1837.34,-356.8,971.527), (-3680.22,-5000,1584.98)
134.829, (1837.34,-356.8,971.527), (-2322.6,-5000,-0.637765)
45.8501, (1837.34,-356.8,971.527), (-1242.72,-5000,4460.49)
101.814, (1837.34,-356.8,971.527), (-312.448,-5000,2173.2)
58.6974, (1837.34,-356.8,971.527), (1059.89,-5000,3283.15)
28.8866, (1837.34,-356.8,971.527), (-1004.63,-5000,1835.73)
32.5822, (1837.34,-356.8,971.527), (1254.45,-11.6676,1282.53)
149.296, (1837.34,-356.8,971.527), (-35.2669,-27.9507,199.846)
120.19, (1837.34,-356.8,971.527), (3376.64,-5000,-721.236)
69.3299, (1837.34,-356.8,971.527), (-642.868,-5000,215.125)
97.4139, (1837.34,-356.8,971.527), (361.566,-5000,291.587)
112.984, (1837.34,-356.8,971.527), (-23.7268,23.0234,-294.4)
117.426, (1837.34,-356.8,971.527), (1853.14,-372.887,976.82)
77.783, (1837.34,-356.8,971.527), (956.189,-5000,-2496.42)
139.337, (1837.34,-356.8,971.527), (1872.67,-349.403,997.314)
68.8495, (1837.34,-356.8,971.527), (-23.2482,9.19352,1232.81)
66.8557, (1837.34,-356.8,971.527), (1773.43,-5000,754.861)
102.601, (1837.34,-356.8,971.527), (-2844.78,-5000,1354.22)
305.565, (1837.34,-356.8,971.527), (3383.98,-5000,2331.91)
52.15, (1837.34,-356.8,971.527), (516.563,-5000,658.092)
18.1891, (1837.34,-356.8,971.527), (490.762,14.9265,1637.29)
60.0449, (1837.34,-356.8,971.527), (974.312,-5000,-69.1749)
98.2021, (1837.34,-356.8,971.527), (2639.62,-5000,4492.47)
170.169, (1837.34,-356.8,971.527), (779.217,-5000,-625.98)
14.846, (1837.34,-356.8,971.527), (4304.65,-5000,-1147.01)
34.1049, (1837.34,-356.8,971.527), (2483.96,-5000,4442.77)
80.8991, (1837.34,-356.8,971.527), (-2.92133,-24.8165,1340.55)
197.017, (1837.34,-356.8,971.527), (845.656,-5000,196.754)
17.878, (1837.34,-356.8,971.527), (1823.52,-5000,547.925)
22.7307, (1837.34,-356.8,971.527), (1630.55,-305.3,1094.36)
44.7702, (1837.34,-356.8,971.527), (1963.61,-396.8,877.12)
176.862, (1837.34,-356.8,971.527), (171.942,-5000,-382.753)
87.3414, (1837.34,-356.8,971.527), (-21.7364,39.4021,-23.8706)
67.6099, (1837.34,-356.8,971.527), (-1822.17,-5000,2266.54)
103.132, (1837.34,-356.8,971.527), (-977.827,-5000,2862.67)
89.726, (1837.34,-356.8,971.527), (-12.6032,-21.5907,568.552)
43.936, (1837.34,-356.8,971.527), (31.6614,-15.6777,1386.11)
37.9046, (1837.34,-356.8,971.527), (-30.3126,-33.2588,-40.2067)
112.597, (1837.34,-356.8,971.527), (1806.93,-354.469,946.967)
97.0469, (1837.34,-356.8,971.527), (-2123.43,-5000,1845.05)
59.774, (1837.34,-356.8,971.527), (3602.44,-5000,2027.92)
97.3692, (1837.34,-356.8,971.527), (140.41,6.80487,1430.39)
11.7529, (1837.34,-356.8,971.527), (476.329,-5000,-1500.22)
6.13766, (1837.34,-356.8,971.527), (1979.51,-361.05,896.553)
52.6911, (1837.34,-356.8,971.527), (-1321.45,-5000,872.277)
6.20563, (1837.34,-356.8,971.527), (933.328,-5000,891.838)
51.4784, (1837.34,-356.8,971.527), (1745.17,-5000,3331.97)
445.477, (1837.34,-356.8,971.527), (-23.9314,38.1089,-256.952)
100.814, (1837.34,-356.8,971.527), (4.44467,10.7821,-294.4)
81.2909, (1837.34,-356.8,971.527), (1633.32,-401.606,1044.19)
25.122, (1837.34,-356.8,971.527), (1566.51,-376.911,1077.1)
4.35086, (1837.34,-356.8,971.527), (-1649.51,-5000,-416.473)
39.0757, (1837.34,-356.8,971.527), (1644.91,-36.9758,1093.2)
41.6534, (1837.34,-356.8,971.527), (4144.99,-5000,1265.05)
60.0862, (1837.34,-356.8,971.527), (1914.67,-5000,-1720.38)
31.6471, (1837.34,-356.8,971.527), (2107.68,-5000,3893.9)
240.205, (1837.34,-356.8,971.527), (-3721.78,-5000,1774.33)
81.372, (1837.34,-356.8,971.527), (-14.6374,-20.2669,988.786)
368.933, (1837.34,-356.8,971.527), (1150.16,0.28562,1339.4)
45.9264, (1837.34,-356.8,971.527), (167.822,-5000,1149.83)
13.9162, (1837.34,-356.8,971.527), (-45.4657,-5000,1715.07)
29.31, (1837.34,-356.8,971.527), (1295.83,-5000,-2277.93)
62.0564, (1837.34,-356.8,971.527), (1647.82,-401.566,1064.77)
203.48, (1837.34,-356.8,971.527), (-23.2615,-9.15988,933.39)
39.3491, (1837.34,-356.8,971.527), (-2286.33,-5000,3977.59)
139.081, (1837.34,-356.8,971.527), (-2832.05,-5000,768.841)
22.9393, (1837.34,-356.8,971.527), (1627.09,-202.659,1120.93)
45.206, (1837.34,-356.8,971.527), (1672.38,-310.413,1116.98)
66.8936, (1837.34,-356.8,971.527), (13.3591,-21.1314,680.318)
92.97, (1837.34,-356.8,971.527), (5000,-3138.77,552.1)
36.5352, (1837.34,-356.8,971.527), (-2711.97,-5000,2139.43)
298.315, (1837.34,-356.8,971.527), (1725.42,-359.344,1040.17)
31.0456, (1837.34,-356.8,971.527), (-3030.27,-5000,1597.12)
14.4305, (1837.34,-356.8,971.527), (221.803,-5000,782.745)
33.0976, (1837.34,-356.8,971.527), (3306.82,-5000,3408.69)
40.798, (1837.34,-356.8,971.527), (-118.352,-5000,3665.79)
63.2086, (1837.34,-356.8,971.527), (3171.36,-5000,-14.4283)
22.3836, (1837.34,-356.8,971.527), (24.3876,-8.34719,208.86)
99.2786, (1837.34,-356.8,971.527), (-24.8805,-2.44193,1244.74)
76.7427, (1837.34,-356.8,971.527), (-1519.65,-5000,-698.124)
8.4969, (1837.34,-356.8,971.527), (1301.23,-5000,4553.1)
19.225, (1837.34,-356.8,971.527), (1670.38,-306.8,1117.87)
24.1013, (1837.34,-356.8,971.527), (-1181.32,-5000,3405.44)
50.7266, (1837.34,-356.8,971.527), (-1964.98,-5000,1428.63)
88.8104, (1837.34,-356.8,971.527), (-1024.64,-5000,-1523.78)
37.1787, (1837.34,-356.8,971.527), (-854.391,-5000,2210.32)
71.4244, (1837.34,-356.8,971.527), (-1650.56,-5000,761.021)
159.558, (1837.34,-356.8,971.527), (1124.05,-5000,1036.6)
18.5742, (1837.34,-356.8,971.527), (-2007.9,-5000,2047.94)
87.5942, (1837.34,-356.8,971.527), (28.8566,13.8002,97.3164)
65.2985, (1837.34,-356.8,971.527), (-548.36,-5000,2087.58)
9.58687, (1837.34,-356.8,971.527), (1915.49,-391.941,972.591)
56.4503, (1837.34,-356.8,971.527), (-96.9418,-5000,4216.13)
121.926, (1837.34,-356.8,971.527), (1677.2,-331.446,1115.66)
207.339, (1837.34,-356.8,971.527), (2018.43,-316.8,854.156)
23.3875, (1837.34,-356.8,971.527), (1619.78,-363.736,1039.4)
226.564, (1837.34,-356.8,971.527), (-3232.31,-5000,367.932)
6.69421, (1837.34,-356.8,971.527), (1651.36,-308.703,1070.9)
8.36252, (1837.34,-356.8,971.527), (-1249.49,-5000,-2085.95)
211.836, (1837.34,-356.8,971.527), (-3525.05,-5000,741.253)
23.0065, (1837.34,-356.8,971.527), (1891.85,-391.528,963.824)
35.9138, (1837.34,-356.8,971.527), (-68.8273,-5000,616.733)
41.5489, (1837.34,-356.8,971.527), (-248.342,-5000,1156.01)
549.65, (1837.34,-356.8,971.527), (625.755,-5000,3045.5)
41.9948, (1837.34,-356.8,971.527), (3344.66,-5000,-1461.64)
253.218, (1837.34,-356.8,971.527), (780.226,-5000,1715)
12.9265, (1837.34,-356.8,971.527), (1065.19,-5000,-473.111)
51.2034, (1837.34,-356.8,971.527), (-31.9426,-31.6965,202.369)
5.91622, (1837.34,-356.8,971.527), (-1243.81,-5000,2075.58)
158.828, (1837.34,-356.8,971.527), (756.296,-5000,3759.04)
192.322, (1837.34,-356.8,971.527), (235.134,-4671.59,5000)
26.9664, (1837.34,-356.8,971.527), (1678.53,-345.189,1059.6)
77.6241, (1837.34,-356.8,971.527), (4700.23,-5000,4438.56)
151.601, (1837.34,-356.8,971.527), (-763.224,-5000,1158.49)
28.3323, (1837.34,-356.8,971.527), (299.263,-5000,-967.085)
32.1387, (1837.34,-356.8,971.527), (962.115,-4110.01,5000)
64.2581, (1837.34,-356.8,971.527), (5000,-3333.94,460.711)
72.5014, (1837.34,-356.8,971.527), (4320.12,-5000,2842.29)
100.6, (1837.34,-356.8,971.527), (24.5351,50.3476,239.347)
13.957, (1837.34,-356.8,971.527), (37.7683,-24.4653,226.3)
14.5395, (1837.34,-356.8,971.527), (-21.869,-12.1139,1046.71)
24.0948, (1837.34,-356.8,971.527), (-2066.49,-5000,3611.7)
2.92198, (1837.34,-356.8,971.527), (1629.53,-406.8,1077.81)
197.658, (1837.34,-356.8,971.527), (6.35588,24.1786,1293.64)
59.0483, (1837.34,-356.8,971.527), (1996.26,-316.8,851.27)
293.168, (1837.34,-356.8,971.527), (-2678.46,-5000,2711.99)
175.095, (1837.34,-356.8,971.527), (1639.64,-382.04,1127.43)
40.7569, (1837.34,-356.8,971.527), (44.7184,5.02624,192.352)
27.4605, (1837.34,-356.8,971.527), (4725.05,-5000,-121.424)
72.7038, (1837.34,-356.8,971.527), (1646.88,-17.745,1061.32)
12.0435, (1837.34,-356.8,971.527), (2812.83,-5000,4604.56)
75.3201, (1837.34,-356.8,971.527), (5000,-4021.66,1307.45)
214.084, (1837.34,-356.8,971.527), (3790.35,-5000,2797.63)
90.5335, (1837.34,-356.8,971.527), (520.578,13.7536,1653.55)
330.703, (1837.34,-356.8,971.527), (2178.21,-5000,-1657.89)
89.4234, (1837.34,-356.8,971.527), (1919.1,-316.8,905.614)
195.777, (1837.34,-356.8,971.527), (-15.2231,-42.3469,95.8184)
120.38, (1837.34,-356.8,971.527), (1882.42,-343.827,943.396)
99.9878, (1837.34,-356.8,971.527), (250.748,-16.775,1523.9)
69.8089, (1837.34,-356.8,971.527), (1842.45,-5000,-970.408)
131.198, (1837.34,-356.8,971.527), (-18.6372,-40.9592,-226.64)
23.8872, (1837.34,-356.8,971.527), (1862.85,-340.426,930.282)
27.788, (1837.34,-356.8,971.527), (1801.77,-394.202,1038.25)
62.9697, (1837.34,-356.8,971.527), (-8.51127,22.4299,1356.78)
14.7236, (1837.34,-356.8,971.527), (3063.95,-5000,3450.78)
125.59, (1837.34,-356.8,971.527), (1717.43,-5000,2558.22)
19.3941, (1837.34,-356.8,971.527), (424.749,-18.3805,1641.9)
35.0204, (1837.34,-356.8,971.527), (35.8664,-27.1772,69.8408)
57.6159, (1837.34,-356.8,971.527), (3511.51,-5000,1246.32)
67.2942, (1837.34,-356.8,971.527), (699.631,7.1463,1656.04)
130.754, (1837.34,-356.8,971.527), (2683.83,-5000,4678.72)
13.4921, (1837.34,-356.8,971.527), (27.2196,35.8342,155.052)
164.821, (1837.34,-356.8,971.527), (702.689,-5000,1011.68)
12.0031, (1837.34,-356.8,971.527), (3099.8,-5000,4274.05)
26.5697, (1837.34,-356.8,971.527), (-22.6786,-10.5204,308.468)
102.9, (1837.34,-356.8,971.527), (-1759.77,-5000,220.856)
97.8706, (1837.34,-356.8,971.527), (1233.48,-5000,-2049.52)
120.946, (1837.34,-356.8,971.527), (649.368,-1.00417,1686.24)
85.6979, (1837.34,-356.8,971.527), (1626.94,-292.888,1086.53)
62.9257, (1837.34,-356.8,971.527), (1579.55,-5000,-795.043)
35.6256, (1837.34,-356.8,971.527), (-18.9901,-0.917043,857.103)
182.321, (1837.34,-356.8,971.527), (3070.8,-5000,-734.811)
62.5784, (1837.34,-356.8,971.527), (1830.72,-350.575,1004.95)
1.11718, (1837.34,-356.8,971.527), (1961.55,-357.528,853.625)
59.3854, (1837.34,-356.8,971.527), (-653.572,-5000,-135.4)
77.154, (1837.34,-356.8,971.527), (686.508,15.6958,1658.43)
14.8702, (1837.34,-356.8,971.527), (1908.39,-389.784,888.621)
106.933, (1837.34,-356.8,971.527), (-36.7281,3.61235,294.4)
88.9165, (1837.34,-356.8,971.527), (2070.61,-357.019,849.055)
112.736, (1837.34,-356.8,971.527), (-170.981,-5000,3890.86)
10.1722, (1837.34,-356.8,971.527), (1587.73,-376.686,1057.9)
72.212, (1837.34,-356.8,971.527), (1432.98,-5000,-718.078)
157.612, (1837.34,-356.8,971.527), (1.55228,44.9732,-92.2659)
60.0907, (1837.34,-356.8,971.527), (-2670.13,-5000,2767.08)
125.538, (1837.34,-356.8,971.527), (-3677.52,-5000,472.02)
145.592, (1837.34,-356.8,971.527), (561.24,-5000,-1755.78)
615.664, (1837.34,-356.8,971.527), (738.571,-5000,807.763)
111.253, (1837.34,-356.8,971.527), (1167.57,-5000,1572.65)
41.7784, (1837.34,-356.8,971.527), (-24.6001,4.45367,1123.08)
158.028, (1837.34,-356.8,971.527), (11.9463,21.961,1110.53)
43.1482, (1837.34,-356.8,971.527), (1725.49,-369.247,989.914)
263.621, (1837.34,-356.8,971.527), (667.665,-4.56334,1618.45)
92.2162, (1837.34,-356.8,971.527), (1624.99,-5000,-635.221)
45.1013, (1837.34,-356.8,971.527), (5000,-4860.49,-452.755)
114.427, (1837.34,-356.8,971.527), (3861.69,-5000,-1377.39)
108.738, (1837.34,-356.8,971.527), (4082.37,-5000,3900.24)
378.27, (1837.34,-356.8,971.527), (1502.76,-5000,1868.21)
79.0121, (1837.34,-356.8,971.527), (-33.3735,24.7969,-294.4)
406.238, (1837.34,-356.8,971.527), (4912.48,-5000,231.525)
45.3081, (1837.34,-356.8,971.527), (-301.872,-5000,3494.83)
263.824, (1837.34,-356.8,971.527), (2779.7,-5000,-1753.73)
31.0164, (1837.34,-356.8,971.527), (3381.89,-5000,1330.8)
95.2985, (1837.34,-356.8,971.527), (3703.66,-5000,1085.68)
34.6668, (1837.34,-356.8,971.527), (3386.63,-5000,-1543.3)
44.3359, (1837.34,-356.8,971.527), (204.562,-5000,1726.02)
60.4478, (1837.34,-356.8,971.527), (873.271,-5000,-3055.23)
45.9908, (1837.34,-356.8,971.527), (34.5507,-28.8313,257.425)
306.328, (1837.34,-356.8,971.527), (-18.3795,-41.0755,6.59864)
8.78538, (1837.34,-356.8,971.527), (-1611.22,-5000,1936.72)
236.489, (1837.34,-356.8,971.527), (-28.0605,-35.1797,-192.51)
34.6039, (1837.34,-356.8,971.527), (113.659,-5000,4674.86)
574.387, (1837.34,-356.8,971.527), (673.209,-1.90892,1672.42)
112.012, (1837.34,-356.8,971.527), (341.303,-5000,-2145.77)
91.9153, (1837.34,-356.8,971.527), (1365.23,7.40234,1266.05)
53.128, (1837.34,-356.8,971.527), (-3074.22,-5000,574.522)
108.742, (1837.34,-356.8,971.527), (363.097,-5000,4942.17)
166.492, (1837.34,-356.8,971.527), (1777.94,-319.114,993.925)
20.4946, (1837.34,-356.8,971.527), (2044.77,-316.8,838.389)
122.625, (1837.34,-356.8,971.527), (2074.13,-396.8,830.501)
137.831, (1837.34,-356.8,971.527), (1479.18,-16.0129,1156.14)
63.8081, (1837.34,-356.8,971.527), (-2473.78,-5000,919.327)
13.2074, (1837.34,-356.8,971.527), (1827.55,-360.052,1001.95)
11.3445, (1837.34,-356.8,971.527), (1460.53,19.9299,1171.65)
43.5597, (1837.34,-356.8,971.527), (24.3271,37.8575,171.961)
77.5302, (1837.34,-356.8,971.527), (-546.281,-5000,3723.28)
134.571, (1837.34,-356.8,971.527), (4019.05,-5000,-1717.58)
190.663, (1837.34,-356.8,971.527), (-1685.66,-5000,4723.06)
98.6795, (1837.34,-356.8,971.527), (-630.679,-5000,755.21)
146.645, (1837.34,-356.8,971.527), (2600.94,-5000,392.847)
364.501, (1837.34,-356.8,971.527), (1634.88,-5000,2034.52)
80.5457, (1837.34,-356.8,971.527), (-790.526,-5000,-2455.03)
30.554, (1837.34,-356.8,971.527), (813.828,-3.87925,1590.97)
176.453, (1837.34,-356.8,971.527), (-1298.63,-5000,1934.6)
3.00242, (1837.34,-356.8,971.527), (1625.8,-157.651,1102.43)
45.5743, (1837.34,-356.8,971.527), (5000,-2845.59,1074)
263.448, (1837.34,-356.8,971.527), (5000,-3744.64,-417.289)
65.9216, (1837.34,-356.8,971.527), (826.621,-15.5127,1574.94)
36.2247, (1837.34,-356.8,971.527), (3003.36,-5000,1309.11)
38.6196, (1837.34,-356.8,971.527), (-2992.08,-5000,-17.7529)
22.1334, (1837.34,-356.8,971.527), (82.82,-5000,4398.45)
259.617, (1837.34,-356.8,971.527), (-2922.99,-5000,2851.58)
24.2003, (1837.34,-356.8,971.527), (157.704,-5000,2799.29)
125.198, (1837.34,-356.8,971.527), (458.973,-5000,-2286.05)
251.467, (1837.34,-356.8,971.527), (4079.05,-5000,622.005)
34.7722, (1837.34,-356.8,971.527), (1591.69,-342.103,1062.9)
143.713, (1837.34,-356.8,971.527), (1980.19,-344.066,904.185)
118.15, (1837.34,-356.8,971.527), (-43.766,-10.4661,-153.164)
21.3125, (1837.34,-356.8,971.527), (1968.33,-317.786,942.084)
361.974, (1837.34,-356.8,971.527), (1678.07,-306.9,1117.16)
11.3685, (1837.34,-356.8,971.527), (-469.312,-5000,3324.15)
349.398, (1837.34,-356.8,971.527), (944.198,-5000,3863.38)
77.0872, (1837.34,-356.8,971.527), (1898.07,-357.001,982.65)
153.515, (1837.34,-356.8,971.527), (1186.99,15.3759,1337.01)
30.4968, (1837.34,-356.8,971.527), (3793.41,-5000,-2068.28)
228.874, (1837.34,-356.8,971.527), (1810.53,-5000,268.991)
70.7896, (1837.34,-356.8,971.527), (250.323,13.82,1497.57)
337.59, (1837.34,-356.8,971.527), (-3.699,-42.822,93.3489)
277.217, (1837.34,-356.8,971.527), (1510.79,-5000,-910.239)
9.69989, (1837.34,-356.8,971.527), (2187.01,-5000,-2447.84)
17.9863, (1837.34,-356.8,971.527), (1867.63,-382.133,946.4)
117.969, (1837.34,-356.8,971.527), (43.2946,-12.271,243.049)
287.547, (1837.34,-356.8,971.527), (42.9282,13.497,-274.984)
0.969217, (1837.34,-356.8,971.527), (2023.76,-394.373,817.707)
182.545, (1837.34,-356.8,971.527), (-1772.27,-5000,-1470.89)
146, (1837.34,-356.8,971.527), (1629.77,-154.101,1111.35)
82.1098, (1837.34,-356.8,971.527), (2155.88,-5000,4785.46)
3.38179, (1837.34,-356.8,971.527), (2082.94,-351.831,834.234)
244.259, (1837.34,-356.8,971.527), (-1939.03,-5000,3222.14)
74.5991, (1837.34,-356.8,971.527), (2081.43,-373.443,867.029)
239.422, (1837.34,-356.8,971.527), (-22.0857,11.7141,1232.91)
231.541, (1837.34,-356.8,971.527), (4431.76,-5000,-2336.15)
66.4169, (1837.34,-356.8,971.527), (1833.66,-385.361,945.882)
212.065, (1837.34,-356.8,971.527), (-1246.48,-5000,-1089.82)
121.392, (1837.34,-356.8,971.527), (-3408.03,-5000,1658.57)
90.8414, (1837.34,-356.8,971.527), (2014.07,-378.604,842.113)
104.984, (1837.34,-356.8,971.527), (598.531,-23.5796,1685.52)
106.051, (1837.34,-356.8,971.527), (2278.22,-4152.11,5000)
111.151, (1837.34,-356.8,971.527), (16.0713,42.0323,-211.641)
59.6237, (1837.34,-356.8,971.527), (1571.01,-6.33933,1149.46)
108.926, (1837.34,-356.8,971.527), (-13.6807,-42.87,-219.307)
15.5299, (1837.34,-356.8,971.527), (2042.52,-357.93,824.859)
25.8873, (1837.34,-356.8,971.527), (2092.19,-393.087,863.494)
211.647, (1837.34,-356.8,971.527), (-3521.16,-5000,329.072)
81.4462, (1837.34,-356.8,971.527), (-43.2501,-12.4271,-35.9842)
134.905, (1837.34,-356.8,971.527), (1054.89,-12.0834,1448.54)
307.597, (1837.34,-356.8,971.527), (-24.944,-1.67216,466.773)
10.3829, (1837.34,-356.8,971.527), (3502.81,-5000,875.09)
124.052, (1837.34,-356.8,971.527), (-1375.19,-5000,3002.75)
94.1291, (1837.34,-356.8,971.527), (-1.81745,-5000,4106.27)
32.0989, (1837.34,-356.8,971.527), (1633.57,-177.495,1118.02)
56.0921, (1837.34,-356.8,971.527), (-616.82,-5000,-2226.19)
475.218, (1837.34,-356.8,971.527), (107.658,-4155.93,5000)
277.663, (1837.34,-356.8,971.527), (392.552,-5000,3678.49)
43.7746, (1837.34,-356.8,971.527), (3204.87,-5000,2830.6)
160.834, (1837.34,-356.8,971.527), (1260.64,-5000,-1903.86)
10.4125, (1837.34,-356.8,971.527), (1224.47,-5000,-3167.13)
39.1822, (1837.34,-356.8,971.527), (1152.61,-4035.66,5000)
127.709, (1837.34,-356.8,971.527), (-353.387,-5000,-1506.57)
68.1235, (1837.34,-356.8,971.527), (3079.31,-5000,4481.14)
29.2797, (1837.34,-356.8,971.527), (-3425.38,-5000,1142.86)
84.343, (1837.34,-356.8,971.527), (-2753.06,-5000,2191.87)
71.815, (1837.34,-356.8,971.527), (533.528,1.0794,1678.25)
126.355, (1837.34,-356.8,971.527), (22.0646,-11.7538,432.327)
130.383, (1837.34,-356.8,971.527), (412.615,-18.6278,1596.08)
18.4853, (1837.34,-356.8,971.527), (1013.82,-3949.98,5000)
97.6375, (1837.34,-356.8,971.527), (560.84,-17.1507,1686.41)
94.1628, (1837.34,-356.8,971.527), (434.079,1.25545,1598.89)
18.0369, (1837.34,-356.8,971.527), (1547.76,-5000,-450.373)
77.3364, (1837.34,-356.8,971.527), (-919.759,-5000,2305.68)
323.941, (1837.34,-356.8,971.527), (687.92,21.4397,1649.99)
40.3854, (1837.34,-356.8,971.527), (395.345,-5000,-3241.2)
28.1279, (1837.34,-356.8,971.527), (-18.5481,-40.9996,-78.4848)
71.0062, (1837.34,-356.8,971.527), (366.016,18.4019,1607.96)
51.4729, (1837.34,-356.8,971.527), (1822.89,-331.608,933.677)
35.5794, (1837.34,-356.8,971.527), (3088.61,-5000,303.862)
58.8443, (1837.34,-356.8,971.527), (-536.42,-5000,-1377.47)
5.66794, (1837.34,-356.8,971.527), (1840.03,-355.897,1016.16)
74.0116, (1837.34,-356.8,971.527), (1640.97,-230.839,1103.61)
70.0088, (1837.34,-356.8,971.527), (-44.8476,3.70075,12.3965)
73.1384, (1837.34,-356.8,971.527), (-44.3189,-7.79985,-195.437)
83.113, (1837.34,-356.8,971.527), (1548.57,4.69516,1110.67)
218.668, (1837.34,-356.8,971.527), (2493.86,-5000,-1401.5)
5.62287, (1837.34,-356.8,971.527), (1895.38,-4285.46,5000)
80.8185, (1837.34,-356.8,971.527), (1799.2,-318.976,1039.73)
124.715, (1837.34,-356.8,971.527), (794.21,-5000,-91.0153)
84.106, (1837.34,-356.8,971.527), (1794.94,-5000,4934.1)
70.7908, (1837.34,-356.8,971.527), (-25.9133,-36.79,166.726)
57.4095, (1837.34,-356.8,971.527), (-2214,-5000,3704.44)
40.7187, (1837.34,-356.8,971.527), (-1406.47,-5000,2831.05)
318.521, (1837.34,-356.8,971.527), (-478.182,-5000,-629.614)
36.0021, (1837.34,-356.8,971.527), (-227.358,-5000,1775.02)
123.043, (1837.34,-356.8,971.527), (1247.68,-5000,-1768.76)
130.456, (1837.34,-356.8,971.527), (-2114.78,-5000,358.129)
37.4775, (1837.34,-356.8,971.527), (-79.1046,-5000,3067.58)
68.6632, (1837.34,-356.8,971.527), (-1384.4,-5000,-955.097)
7.08381, (1837.34,-356.8,971.527), (-466.789,-5000,3925.77)
111.305, (1837.34,-356.8,971.527), (1712.48,-5000,1109.39)
10.5786, (1837.34,-356.8,971.527), (1611.64,-5000,532.199)
60.1412, (1837.34,-356.8,971.527), (2309.12,-5000,-1110.79)
25.1629, (1837.34,-356.8,971.527), (1583.05,-5000,4479.5)
35.487, (1837.34,-356.8,971.527), (42.2542,15.4785,-175.904)
186.772, (1837.34,-356.8,971.527), (4968.44,-5000,-960.906)
34.1344, (1837.34,-356.8,971.527), (19.48,50,267.375)
79.4376, (1837.34,-356.8,971.527), (1858.69,-319.393,966.014)
245.551, (1837.34,-356.8,971.527), (2192.85,-5000,-690.009)
213.758, (1837.34,-356.8,971.527), (991.016,-5000,-1198.29)
109.062, (1837.34,-356.8,971.527), (2468.07,-5000,2359.1)
18.5194, (1837.34,-356.8,971.527), (0.985264,-11.2811,1153.56)
146.901, (1837.34,-356.8,971.527), (5000,-2628.66,1486.7)
16.8304, (1837.34,-356.8,971.527), (4961.04,-5000,-869.842)
14.7025, (1837.34,-356.8,971.527), (4278.57,-5000,977.889)
24.7848, (1837.34,-356.8,971.527), (1381.5,24.5152,1240.36)
225.916, (1837.34,-356.8,971.527), (1644.2,-48.8181,1089.98)
1.78478, (1837.34,-356.8,971.527), (1778.68,-316.8,983)
111.901, (1837.34,-356.8,971.527), (1098.4,-5000,4668.11)
80.5583, (1837.34,-356.8,971.527), (709,-5000,1419.4)
9.94441, (1837.34,-356.8,971.527), (480.961,-5000,184.068)
482.882, (1837.34,-356.8,971.527), (-44.9999,-0.0770587,-256.99)
41.218, (1837.34,-356.8,971.527), (-24.3907,-5.48585,1287.15)
33.3118, (1837.34,-356.8,971.527), (1959.6,-367.883,919.146)
94.8589, (1837.34,-356.8,971.527), (17.6279,-6.91128,398.916)
202.741, (1837.34,-356.8,971.527), (1899.58,-383.076,981.78)
6.51315, (1837.34,-356.8,971.527), (1738.19,-344.838,1027.58)
140.404, (1837.34,-356.8,971.527), (-17.8887,17.4641,1033.07)
80.0102, (1837.34,-356.8,971.527), (-924.63,-5000,2870.86)
318.552, (1837.34,-356.8,971.527), (2963.35,-5000,4444.39)
220.277, (1837.34,-356.8,971.527), (1973.58,-5000,797.208)
1.65661, (1837.34,-356.8,971.527), (4176.2,-5000,3555.5)
22.2305, (1837.34,-356.8,971.527), (1981.28,-396.199,934.608)
36.9426, (1837.34,-356.8,971.527), (-2320.99,-5000,541.928)
54.7854, (1837.34,-356.8,971.527), (471.847,-2.79094,1668.11)
53.4185, (1837.34,-356.8,971.527), (-675.616,-5000,-1079.7)
27.8603, (1837.34,-356.8,971.527), (1875.29,-375.085,919.798)
312.829, (1837.34,-356.8,971.527), (1888.19,-5000,-362.938)
117.644, (1837.34,-356.8,971.527), (182.44,-5000,4401.52)
7.62885, (1837.34,-356.8,971.527), (1134.38,0.140389,1348.51)
40.5962, (1837.34,-356.8,971.527), (2082.49,-384.025,814.645)
50.1039, (1837.34,-356.8,971.527), (3108.05,-5000,471.566)
32.5628, (1837.34,-356.8,971.527), (-1.86927,-5000,3815.4)
199.403, (1837.34,-356.8,971.527), (13.2143,-43.0161,-82.6507)
23.7974, (1837.34,-356.8,971.527), (5000,-3806.82,-744.688)
428.105, (1837.34,-356.8,971.527), (6.72546,-27.0854,263.687)
7.0966, (1837.34,-356.8,971.527), (27.5629,-5000,-316.79)
40.9702, (1837.34,-356.8,971.527), (5000,-2969.11,-269.829)
99.4528, (1837.34,-356.8,971.527), (1651.64,-328.288,1032.55)
57.2473, (1837.34,-356.8,971.527), (-32.4881,31.1372,216.26)
0.274301, (1837.34,-356.8,971.527), (1681.72,-337.567,1107.56)
102.766, (1837.34,-356.8,971.527), (2002.89,-4106,5000)
28.6359, (1837.34,-356.8,971.527), (-24.978,1.04838,827)
88.3947, (1837.34,-356.8,971.527), (-1807.12,-5000,981.75)
27.4942, (1837.34,-356.8,971.527), (1833.47,-363.844,968.282)
21.2319, (1837.34,-356.8,971.527), (-1165.95,-5000,4496.62)
52.9292, (1837.34,-356.8,971.527), (2987.92,-5000,1903.58)
337.01, (1837.34,-356.8,971.527), (44.817,-4.05451,-28.2175)
34.739, (1837.34,-356.8,971.527), (1885.78,-5000,-897.979)
41.5119, (1837.34,-356.8,971.527), (1655.12,-396.8,1048.33)
20.0582, (1837.34,-356.8,971.527), (1605.19,45.4303,1077.02)
554.876, (1837.34,-356.8,971.527), (1665.63,-391.105,1068.4)
470.337, (1837.34,-356.8,971.527), (6.25373,-24.2052,572.872)
22.0436, (1837.34,-356.8,971.527), (-2462.41,-5000,977.724)
268.721, (1837.34,-356.8,971.527), (1617.34,-247.231,1096.14)
73.8577, (1837.34,-356.8,971.527), (2903.4,-5000,739.492)
50.6875, (1837.34,-356.8,971.527), (1952.88,-316.849,886.114)
198.415, (1837.34,-356.8,971.527), (645.725,-5000,483.534)
65.8361, (1837.34,-356.8,971.527), (-55.8225,-5000,3822.48)
42.6844, (1837.34,-356.8,971.527), (39.4814,21.5921,-30.84)
316.431, (1837.34,-356.8,971.527), (1096.17,-5000,2561.53)
383.155, (1837.34,-356.8,971.527), (-1613.81,-5000,-592.152)
12.2603, (1837.34,-356.8,971.527), (-1970.72,-5000,418.199)
49.3563, (1837.34,-356.8,971.527), (1022.81,-5000,-1867.78)
74.598, (1837.34,-356.8,971.527), (1060.23,-22.9873,1430.99)
273.607, (1837.34,-356.8,971.527), (1956.61,-377.82,948.855)
475.56, (1837.34,-356.8,971.527), (-1683.14,-5000,1497.67)
408.41, (1837.34,-356.8,971.527), (-20.2117,-11.5917,1355.49)
35.9808, (1837.34,-356.8,971.527), (879.328,-5000,0.391453)
96.9961, (1837.34,-356.8,971.527), (2772.69,-5000,1000.73)
33.0467, (1837.34,-356.8,971.527), (1637.33,-260.35,1094.31)
24.2507, (1837.34,-356.8,971.527), (2615.5,-5000,-2404.01)
31.9593, (1837.34,-356.8,971.527), (17.1847,-41.5895,99.1915)
26.7542, (1837.34,-356.8,971.527), (1690.29,-362.073,1010.24)
38.0432, (1837.34,-356.8,971.527), (1633.6,-126.552,1075.81)
47.7631, (1837.34,-356.8,971.527), (3359.07,-5000,-603.703)
161.758, (1837.34,-356.8,971.527), (1650.27,-5000,4526.58)
4.71452, (1837.34,-356.8,971.527), (-1256.97,-5000,464.611)
63.7634, (1837.34,-356.8,971.527), (-11.3849,-43.536,113.107)
48.138, (1837.34,-356.8,971.527), (-11.5872,-43.4826,-138.853)
50.8439, (1837.34,-356.8,971.527), (39.1793,-22.1356,24.4054)
189.572, (1837.34,-356.8,971.527), (-2130.49,-5000,2822.41)
208.4, (1837.34,-356.8,971.527), (1109.53,-21.9064,1377.82)
26.7021, (1837.34,-356.8,971.527), (-2920.05,-5000,3500.64)
100.106, (1837.34,-356.8,971.527), (1551.92,-5000,679.735)
17.6574, (1837.34,-356.8,971.527), (-3095.18,-5000,1326.35)
147.677, (1837.34,-356.8,971.527), (-1304.44,-5000,-1155.68)
130.995, (1837.34,-356.8,971.527), (-2335.6,-5000,-1330.75)
150.209, (1837.34,-356.8,971.527), (-983.971,-5000,2079.47)
94.8054, (1837.34,-356.8,971.527), (1318.35,-4008.24,5000)
83.7636, (1837.34,-356.8,971.527), (2307.49,-5000,-262.996)
7.37075, (1837.34,-356.8,971.527), (5000,-4707.36,-1790.98)
71.7638, (1837.34,-356.8,971.527), (-32.889,-30.7134,-179.639)
26.2783, (1837.34,-356.8,971.527), (1928.84,-392.508,964.885)
85.2523, (1837.34,-356.8,971.527), (-3763.96,-5000,460.533)
61.1244, (1837.34,-356.8,971.527), (797.293,-5.18861,1543.76)
25.6834, (1837.34,-356.8,971.527), (-3320.31,-5000,1584.73)
32.5038, (1837.34,-356.8,971.527), (1698.04,-317.324,1091.65)
36.639, (1837.34,-356.8,971.527), (1545.08,-21.274,1155.42)
39.0282, (1837.34,-356.8,971.527), (-43.7178,10.6656,-104.29)
78.3864, (1837.34,-356.8,971.527), (4488.48,-5000,1005.56)
211.855, (1837.34,-356.8,971.527), (-41.6644,17.0024,-109.301)
17.4956, (1837.34,-356.8,971.527), (266.75,-4069.29,5000)
119.577, (1837.34,-356.8,971.527), (-1291.95,-5000,3903.26)
64.5072, (1837.34,-356.8,971.527), (25.288,37.2225,-71.6829)
73.3168, (1837.34,-356.8,971.527), (2308.75,-5000,-3327.37)
82.9141, (1837.34,-356.8,971.527), (38.9406,22.5529,149.063)
106.349, (1837.34,-356.8,971.527), (3093.93,-5000,2126.69)
101.208, (1837.34,-356.8,971.527), (1391.79,-5000,2431.31)
238.459, (1837.34,-356.8,971.527), (749.084,-23.9362,1591.5)
37.7794, (1837.34,-356.8,971.527), (264.693,11.1444,1550.64)
73.1585, (1837.34,-356.8,971.527), (-2588.2,-5000,-94.9485)
56.2171, (1837.34,-356.8,971.527), (1845.18,-329.211,1013.18)
347.057, (1837.34,-356.8,971.527), (383.12,-9.05442,1625.21)
96.1896, (1837.34,-356.8,971.527), (-18.5319,-41.0069,57.7057)
162.55, (1837.34,-356.8,971.527), (-1156.24,-5000,3903.42)
183.016, (1837.34,-356.8,971.527), (-41.071,-18.3894,-228.176)
67.2954, (1837.34,-356.8,971.527), (1092.16,-18.9115,1382.87)
238.249, (1837.34,-356.8,971.527), (-2008.92,-5000,-1049.89)
45.8068, (1837.34,-356.8,971.527), (-2115.04,-5000,3260.32)
140.961, (1837.34,-356.8,971.527), (-44.8381,3.81432,178.009)
191.175, (1837.34,-356.8,971.527), (1770.83,-388.438,963.735)
111.759, (1837.34,-356.8,971.527), (-1652.11,-5000,-1200.27)
34.4153, (1837.34,-356.8,971.527), (606.914,-5000,-489.097)
8.03182, (1837.34,-356.8,971.527), (-13.8269,-20.8283,1110.93)
100.317, (1837.34,-356.8,971.527), (-459.813,-5000,-501.371)
181.433, (1837.34,-356.8,971.527), (-44.5551,1.3708,294.4)
28.0009, (1837.34,-356.8,971.527), (14.5621,42.5787,-169.717)
38.1806, (1837.34,-356.8,971.527), (2036.35,-364.568,902.813)
178.295, (1837.34,-356.8,971.527), (1621.26,-195.875,1082.5)
34.1766, (1837.34,-356.8,971.527), (627.606,-5000,-2049.88)
177.162, (1837.34,-356.8,971.527), (5000,-2479.52,-795.763)
25.5941, (1837.34,-356.8,971.527), (1109.11,-5000,809.2)
105.165, (1837.34,-356.8,971.527), (729.113,-4290.58,5000)
113.59, (1837.34,-356.8,971.527), (939.169,-5000,4845.16)
154.877, (1837.34,-356.8,971.527), (3222.74,-5000,4917.84)
139.154, (1837.34,-356.8,971.527), (-29.991,15.0912,176.474)
240.673, (1837.34,-356.8,971.527), (1678.83,-374.123,1109.23)
112.648, (1837.34,-356.8,971.527), (2166.62,-5000,4315.74)
214.358, (1837.34,-356.8,971.527), (1568.77,-13.1715,1146.33)
101.082, (1837.34,-356.8,971.527), (-767.276,-5000,593.38)
184.888, (1837.34,-356.8,971.527), (-6.05109,-24.2566,842.094)
128.48, (1837.34,-356.8,971.527), (-849.466,-5000,-1233.18)
76.4392, (1837.34,-356.8,971.527), (-2001.29,-5000,1689.69)
92.2467, (1837.34,-356.8,971.527), (-245.554,-4360.64,5000)
22.9074, (1837.34,-356.8,971.527), (-2237.27,-5000,1183.47)
31.3609, (1837.34,-356.8,971.527), (3342.13,-5000,532.847)
118.962, (1837.34,-356.8,971.527), (1856.96,-5000,1164.45)
65.0633, (1837.34,-356.8,971.527), (3683.04,-5000,2103.09)
4.26129, (1837.34,-356.8,971.527), (2129.72,-5000,-2998.52)
271.755, (1837.34,-356.8,971.527), (-44.3946,-7.3565,-54.9783)
72.6702, (1837.34,-356.8,971.527), (-1447.37,-5000,4616.57)
150.109, (1837.34,-356.8,971.527), (-5.39876,44.675,-207.589)
258.746, (1837.34,-356.8,971.527), (1634.43,-321.593,1096.96)
155.301, (1837.34,-356.8,971.527), (2560.62,-5000,1099.06)
126.814, (1837.34,-356.8,971.527), (9.51689,-43.9821,-174.632)
162.984, (1837.34,-356.8,971.527), (1871.06,-316.8,977.883)
74.9141, (1837.34,-356.8,971.527), (1336.19,1.01359,1289.71)
21.9374, (1837.34,-356.8,971.527), (1831.33,-5000,2229.01)
25.1856, (1837.34,-356.8,971.527), (-1438.63,-5000,552.819)
234.874, (1837.34,-356.8,971.527), (1146.65,-5000,-1330.93)
86.1437, (1837.34,-356.8,971.527), (270.779,-12.1059,1508.18)
247.508, (1837.34,-356.8,971.527), (-765.275,-5000,-2337.86)
5.03788, (1837.34,-356.8,971.527), (943.203,-5000,55.838)
133.898, (1837.34,-356.8,971.527), (4.78692,24.5374,1051.82)
81.554, (1837.34,-356.8,971.527), (-44.3173,-7.80888,-247.312)
124.866, (1837.34,-356.8,971.527), (512.919,-5.86894,1645.18)
119.771, (1837.34,-356.8,971.527), (488.322,-5000,3154.47)
183.661, (1837.34,-356.8,971.527), (1098.39,-10.9915,1424.09)
72.0871, (1837.34,-356.8,971.527), (967.463,-5000,1060.98)
90.9831, (1837.34,-356.8,971.527), (44.5224,6.53867,-32.0712)
37.2184, (1837.34,-356.8,971.527), (-815.336,-5000,3455.11)
76.8987, (1837.34,-356.8,971.527), (3708.34,-5000,-556.527)
186.449, (1837.34,-356.8,971.527), (37.434,6.53405,-191.089)
28.8876, (1837.34,-356.8,971.527), (-1045.08,-5000,2532.49)
8.07902, (1837.34,-356.8,971.527), (-2457.06,-5000,2153.1)
49.916, (1837.34,-356.8,971.527), (2514.61,-5000,2050.12)
4.29608, (1837.34,-356.8,971.527), (1969.19,-316.848,849.214)
412.546, (1837.34,-356.8,971.527), (952.033,-5.24599,1471.5)
97.6417, (1837.34,-356.8,971.527), (408.898,8.74665,1640.22)
21.1848, (1837.34,-356.8,971.527), (2803.3,-5000,811.044)
40.0047, (1837.34,-356.8,971.527), (5000,-2962.7,507.674)
104.851, (1837.34,-356.8,971.527), (-226.896,-5000,4945.02)
84.3022, (1837.34,-356.8,971.527), (2491.2,-5000,3162.87)
17.9663, (1837.34,-356.8,971.527), (-11.4683,22.2144,1142.18)
49.5038, (1837.34,-356.8,971.527), (-439.852,-5000,3363.93)
60.3402, (1837.34,-356.8,971.527), (842.381,-5000,-1963.98)
39.6785, (1837.34,-356.8,971.527), (8.47915,14.1636,1182.12)
97.6526, (1837.34,-356.8,971.527), (-40.6433,1.03741,122.929)
103.639, (1837.34,-356.8,971.527), (-44.9983,-0.392195,-188.383)
207.689, (1837.34,-356.8,971.527), (2893.13,-5000,2898.13)
491.006, (1837.34,-356.8,971.527), (2078.82,-396.8,855.723)
24.8482, (1837.34,-356.8,971.527), (3005.46,-5000,430.926)
17.301, (1837.34,-356.8,971.527), (18.339,24.9738,1385.6)
51.8358, (1837.34,-356.8,971.527), (26.9064,-36.07,136.019)
205.77, (1837.34,-356.8,971.527), (-362.828,-5000,-1992.98)
62.9413, (1837.34,-356.8,971.527), (-42.7858,-13.9417,-201.942)
449.665, (1837.34,-356.8,971.527), (504.303,-21.0669,1683.81)
49.5246, (1837.34,-356.8,971.527), (-23.8447,-7.51186,797.18)
110.742, (1837.34,-356.8,971.527), (3330.31,-5000,2460.7)
152.791, (1837.34,-356.8,971.527), (1807.77,-396.8,1031.5)
187.854, (1837.34,-356.8,971.527), (-1514.83,-5000,-1869.15)
216.346, (1837.34,-356.8,971.527), (4497.82,-5000,2733.14)
41.7542, (1837.34,-356.8,971.527), (-1648.84,-5000,-2002.89)
77.3163, (1837.34,-356.8,971.527), (1975.52,-5000,2499.32)
424.353, (1837.34,-356.8,971.527), (1799.81,-396.8,991.699)
355.886, (1837.34,-356.8,971.527), (-1867.09,-5000,-1309.04)
27.2895, (1837.34,-356.8,971.527), (39.1184,-22.243,-81.6289)
136.813, (1837.34,-356.8,971.527), (4989.14,-5000,2189.56)
92.0318, (1837.34,-356.8,971.527), (436.892,-5000,-732.66)
80.0332, (1837.34,-356.8,971.527), (-1444.05,-5000,-1176.82)
44.0504, (1837.34,-356.8,971.527), (-3221.27,-5000,3132.66)
112.832, (1837.34,-356.8,971.527), (1913.24,-316.8,913.093)
162.012, (1837.34,-356.8,971.527), (240.223,-5000,-2196.07)
123.779, (1837.34,-356.8,971.527), (1647.61,-343.771,1138.8)
102.604, (1837.34,-356.8,971.527), (-10.094,22.8716,380.704)
59.8766, (1837.34,-356.8,971.527), (39.8195,9.63424,222.654)
63.0697, (1837.34,-356.8,971.527), (-20.6144,-40.0006,188.598)
78.2467, (1837.34,-356.8,971.527), (-39.4943,-21.5686,12.763)
270.896, (1837.34,-356.8,971.527), (5000,-4358.14,-489.742)
107.73, (1837.34,-356.8,971.527), (8.17539,-5000,644.832)
158.095, (1837.34,-356.8,971.527), (-2671.24,-5000,1356.66)
209.118, (1837.34,-356.8,971.527), (-2302.43,-5000,3862.52)
84.0692, (1837.34,-356.8,971.527), (2862.32,-5000,-979.244)
117.91, (1837.34,-356.8,971.527), (1724.61,-359.786,990.421)
27.6174, (1837.34,-356.8,971.527), (3584.8,-5000,433.322)
148.975, (1837.34,-356.8,971.527), (3641.74,-5000,-1250.49)
42.7609, (1837.34,-356.8,971.527), (-1986.04,-5000,596.907)
250.489, (1837.34,-356.8,971.527), (575.196,-5000,3668.2)
136.058, (1837.34,-356.8,971.527), (-37.0197,-5000,4544.91)
77.8151, (1837.34,-356.8,971.527), (-459.716,-5000,672.177)
33.7212, (1837.34,-356.8,971.527), (1301.85,5.20957,1308.93)
304.986, (1837.34,-356.8,971.527), (-2362.86,-5000,545.381)
82.0877, (1837.34,-356.8,971.527), (485.475,-5000,4549.47)
41.9726, (1837.34,-356.8,971.527), (107.829,-5000,948.165)
25.1273, (1837.34,-356.8,971.527), (-997.335,-5000,582.769)
32.1073, (1837.34,-356.8,971.527), (1837.22,-316.8,958.565)
135.084, (1837.34,-356.8,971.527), (42.309,-15.3281,-161.025)
231.596, (1837.34,-356.8,971.527), (1612.08,-40.0421,1102.75)
7.32831, (1837.34,-356.8,971.527), (535.925,-20.9099,1670.7)
77.6775, (1837.34,-356.8,971.527), (-1092.78,-5000,4722.21)
99.2322, (1837.34,-356.8,971.527), (2313.73,-5000,4727.57)
74.1393, (1837.34,-356.8,971.527), (702.254,-5000,1067.2)
73.6841, (1837.34,-356.8,971.527), (39.1607,-5000,-991.673)
213.488, (1837.34,-356.8,971.527), (1646.32,-391.542,1120.92)
31.0862, (1837.34,-356.8,971.527), (1846.17,-5000,1590.39)
207.057, (1837.34,-356.8,971.527), (-1199.44,-5000,2301.5)
31.4314, (1837.34,-356.8,971.527), (3320.1,-5000,722.991)
35.584, (1837.34,-356.8,971.527), (3429.36,-5000,1359.19)
52.0976, (1837.34,-356.8,971.527), (1661.27,-396.8,1066.6)
137.458, (1837.34,-356.8,971.527), (-281.919,-5000,2582.92)
15.075, (1837.34,-356.8,971.527), (5000,-3483.95,244.843)
183.982, (1837.34,-356.8,971.527), (1203.89,11.3209,1311.51)
5.27614, (1837.34,-356.8,971.527), (343.688,-5000,3482.86)
96.6269, (1837.34,-356.8,971.527), (-43.2997,-12.253,155.67)
26.3355, (1837.34,-356.8,971.527), (704.13,16.2185,1643.77)
46.2017, (1837.34,-356.8,971.527), (166.485,-5000,1517.14)
78.7969, (1837.34,-356.8,971.527), (405.193,-5000,590.633)
26.0108, (1837.34,-356.8,971.527), (34.0015,29.4771,-280.711)
170.275, (1837.34,-356.8,971.527), (2132.61,-5000,1064.42)
44.0681, (1837.34,-356.8,971.527), (25.4113,-34.2809,-185.451)
87.2945, (1837.34,-356.8,971.527), (-14.384,-31.9932,-294.4)
138.019, (1837.34,-356.8,971.527), (34.7469,28.5946,-213.257)
137.783, (1837.34,-356.8,971.527), (-2306.98,-5000,3045.89)
13.739, (1837.34,-356.8,971.527), (21.7666,12.2969,1108.17)
377.044, (1837.34,-356.8,971.527), (-20.073,6.5946,336.382)
288.209, (1837.34,-356.8,971.527), (5000,-3506.47,2682.15)
5.39285, (1837.34,-356.8,971.527), (1583.49,-406.8,1090.54)
192.838, (1837.34,-356.8,971.527), (-3570.76,-5000,607.9)
25.7938, (1837.34,-356.8,971.527), (-44.1485,-8.71244,-242.564)
37.8669, (1837.34,-356.8,971.527), (2002.88,-378.347,829.762)
112.449, (1837.34,-356.8,971.527), (3279.96,-5000,-2893.89)
10.5302, (1837.34,-356.8,971.527), (1820.33,-5000,-135.47)
133.274, (1837.34,-356.8,971.527), (999.673,24.9048,1452.64)
97.5477, (1837.34,-356.8,971.527), (205.852,3.46443,1467.36)
64.0014, (1837.34,-356.8,971.527), (254.293,-24.6909,1528.45)
197.589, (1837.34,-356.8,971.527), (-38.9582,46.637,253.47)
73.8974, (1837.34,-356.8,971.527), (34.7882,28.5444,103.667)
227.134, (1837.34,-356.8,971.527), (-3562.98,-5000,1157.18)
56.3657, (1837.34,-356.8,971.527), (-2727.01,-5000,3873.93)
190.312, (1837.34,-356.8,971.527), (3478.85,-5000,477.887)
277.434, (1837.34,-356.8,971.527), (-797.521,-5000,-1645.74)
13.5684, (1837.34,-356.8,971.527), (1602.68,-325.78,1110.47)
38.5138, (1837.34,-356.8,971.527), (993.871,-5000,1596.23)
7.50233, (1837.34,-356.8,971.527), (1579.77,-346.658,1106.91)
25.22, (1837.34,-356.8,971.527), (-27.1685,35.873,79.1376)
35.7136, (1837.34,-356.8,971.527), (-14.085,15.2944,1180.08)
18.9334, (1837.34,-356.8,971.527), (2319.91,-4587.12,5000)
57.3993, (1837.34,-356.8,971.527), (-19.9639,-38.1582,-200.033)
44.7776, (1837.34,-356.8,971.527), (1678.19,-406.417,1117.38)
52.5909, (1837.34,-356.8,971.527), (-2003.78,-5000,1110.84)
57.47, (1837.34,-356.8,971.527), (2374.51,-5000,-282.94)
204.783, (1837.34,-356.8,971.527), (3143.02,-5000,2197.18)
64.93, (1837.34,-356.8,971.527), (821.566,-5000,3055.79)
25.0728, (1837.34,-356.8,971.527), (2765.31,-5000,-1222.5)
18.6277, (1837.34,-356.8,971.527), (2439.93,-5000,-2410.73)
26.8826, (1837.34,-356.8,971.527), (789.178,-5000,2499.69)
14.7824, (1837.34,-356.8,971.527), (1613.73,-5000,3269.71)
403.004, (1837.34,-356.8,971.527), (1455.32,-5000,3416.65)
53.5104, (1837.34,-356.8,971.527), (-838.322,-5000,883.289)
11.5922, (1837.34,-356.8,971.527), (-1801.36,-5000,3742.73)
67.8836, (1837.34,-356.8,971.527), (-26.4979,-33.4654,-294.4)
160.322, (1837.34,-356.8,971.527), (1698.87,-396.8,1048.85)
58.5265, (1837.34,-356.8,971.527), (-3224.12,-5000,647.05)
422.663, (1837.34,-356.8,971.527), (-2143.24,-5000,-966.418)
23.8786, (1837.34,-356.8,971.527), (5000,-3083.83,1617.24)
60.1876, (1837.34,-356.8,971.527), (1238.94,-5000,-2615.39)
62.5102, (1837.34,-356.8,971.527), (-25.1176,37.3377,33.1302)
6.8778, (1837.34,-356.8,971.527), (-1363.29,-5000,258.668)
16.56, (1837.34,-356.8,971.527), (1607.12,-306.8,1063.57)
154.629, (1837.34,-356.8,971.527), (31.3848,32.249,-291.683)
26.1972, (1837.34,-356.8,971.527), (-27.7298,-35.4409,-122.781)
128.358, (1837.34,-356.8,971.527), (681.692,-5000,-765.944)
62.2367, (1837.34,-356.8,971.527), (-1202.95,-5000,1020.73)
13.4511, (1837.34,-356.8,971.527), (1603.55,-308.722,1111.09)
6.27086, (1837.34,-356.8,971.527), (2004.72,-3955.36,5000)
134.72, (1837.34,-356.8,971.527), (1043.03,-5000,3096.02)
193.092, (1837.34,-356.8,971.527), (1510.5,-11.5626,1134.63)
6.64249, (1837.34,-356.8,971.527), (1956.53,-316.8,878.053)
33.3893, (1837.34,-356.8,971.527), (3263.51,-5000,-1327.01)
56.1895, (1837.34,-356.8,971.527), (-812.892,-5000,3514.77)
367.906, (1837.34,-356.8,971.527), (-1204.27,-5000,2112.17)
0.163664, (1837.34,-356.8,971.527), (2109.02,-353.919,860.599)
88.2873, (1837.34,-356.8,971.527), (-2303.25,-5000,1618.82)
27.6456, (1837.34,-356.8,971.527), (12.4493,43.2437,-218.003)
17.012, (1837.34,-356.8,971.527), (1920.58,-335.043,945.525)
32.8827, (1837.34,-356.8,971.527), (-39.651,21.279,169.428)
160.806, (1837.34,-356.8,971.527), (24.9976,0.34424,893.933)
28.9253, (1837.34,-356.8,971.527), (3080.37,-5000,4243.26)
36.0366, (1837.34,-356.8,971.527), (-2295.9,-5000,49.86)
815.659, (1837.34,-356.8,971.527), (1131.19,-5000,-1551.79)
44.3704, (1837.34,-356.8,971.527), (1910.83,-5000,-2481.24)
184.067, (1837.34,-356.8,971.527), (-2215.96,-5000,610.091)
75.3856, (1837.34,-356.8,971.527), (4651.53,-5000,2815.22)
76.986, (1837.34,-356.8,971.527), (1776.07,-5000,3308.06)
130.922, (1837.34,-356.8,971.527), (-9.99617,-43.8757,213.909)
166.202, (1837.34,-356.8,971.527), (3828.76,-5000,2333.35)
157.287, (1837.34,-356.8,971.527), (2798.99,-5000,-990.906)
10.8551, (1837.34,-356.8,971.527), (937.48,-5000,4498.53)
32.0514, (1837.34,-356.8,971.527), (1777.77,-369.678,1035.61)
32.93, (1837.34,-356.8,971.527), (32.3857,21.9125,294.4)
147.512, (1837.34,-356.8,971.527), (1934.85,-343.893,882.146)
25.2843, (1837.34,-356.8,971.527), (1615.42,-232.603,1117.95)
59.6395, (1837.34,-356.8,971.527), (1602.84,-86.7379,1106.06)
8.60383, (1837.34,-356.8,971.527), (1734.6,-335.398,1077.03)
267.724, (1837.34,-356.8,971.527), (-12.9981,43.0819,52.3619)
90.8975, (1837.34,-356.8,971.527), (24.4273,-37.7929,-103.31)
67.6176, (1837.34,-356.8,971.527), (-8.03987,-44.276,-193.238)
72.8656, (1837.34,-356.8,971.527), (1052.37,-5000,2328.17)
219.116, (1837.34,-356.8,971.527), (5000,-4712.27,3617.56)
37.9323, (1837.34,-356.8,971.527), (4583.57,-5000,3571.66)
4.89995, (1837.34,-356.8,971.527), (-1333.67,-5000,2355.42)
271.863, (1837.34,-356.8,971.527), (778.315,-5000,631.619)
86.504, (1837.34,-356.8,971.527), (354.22,23.7042,1572.44)
30.6011, (1837.34,-356.8,971.527), (2736.73,-5000,4592.14)
101.589, (1837.34,-356.8,971.527), (-893.596,-5000,-366.916)
160.157, (1837.34,-356.8,971.527), (662.928,11.9619,1624.22)
29.2905, (1837.34,-356.8,971.527), (-22.5404,-38.9478,110.472)
94.0454, (1837.34,-356.8,971.527), (1660.83,-378.018,1027.24)
63.8905, (1837.34,-356.8,971.527), (3512.17,-5000,2889.78)
111.445, (1837.34,-356.8,971.527), (708.651,-5000,935.192)
9.41727, (1837.34,-356.8,971.527), (268.748,-5000,723.952)
27.9527, (1837.34,-356.8,971.527), (-153.02,-5000,1286.51)
356.522, (1837.34,-356.8,971.527), (24.8799,-2.44783,487.982)
138.365, (1837.34,-356.8,971.527), (1806.57,-5000,-1821.42)
238.733, (1837.34,-356.8,971.527), (18.827,12.4662,-294.4)
34.6634, (1837.34,-356.8,971.527), (2912.94,-5000,1976.89)
134.627, (1837.34,-356.8,971.527), (1505.77,-5000,-1374.54)
19.1283, (1837.34,-356.8,971.527), (1795.5,-379.381,949.493)
15.2845, (1837.34,-356.8,971.527), (3014.48,-5000,4298.34)
33.2442, (1837.34,-356.8,971.527), (1944.99,-316.8,949.866)
65.5942, (1837.34,-356.8,971.527), (-3513.72,-5000,819.342)
84.1912, (1837.34,-356.8,971.527), (21.0451,13.4945,971.522)
87.7798, (1837.34,-356.8,971.527), (-1919.28,-5000,4152.3)
5.75064, (1837.34,-356.8,971.527), (1334.76,-5000,-3431.93)
26.3763, (1837.34,-356.8,971.527), (-732.821,-5000,4627.61)
189.789, (1837.34,-356.8,971.527), (-27.703,-15.5625,-145.035)
127.728, (1837.34,-356.8,971.527), (24.9798,1.00547,319.147)
59.7066, (1837.34,-356.8,971.527), (185.125,-5000,-29.2779)
68.1244, (1837.34,-356.8,971.527), (-49.0761,-5000,4070.65)
197.739, (1837.34,-356.8,971.527), (334.101,24.5054,1564.28)
98.6053, (1837.34,-356.8,971.527), (-21.4721,12.8043,387.554)
72.142, (1837.34,-356.8,971.527), (24.983,-0.922789,522.219)
8.0504, (1837.34,-356.8,971.527), (5000,-4138.2,1712.94)
135, (1837.34,-356.8,971.527), (1062.81,-5000,2285.61)
38.4256, (1837.34,-356.8,971.527), (1462.89,-4309.74,5000)
45.6288, (1837.34,-356.8,971.527), (5000,-4204.89,1405.14)
29.0652, (1837.34,-356.8,971.527), (3572.66,-5000,1080.15)
