11.2529, (1837.34,-356.8,971.527), (1776.74,-394.458,986.816)
111.237, (1837.34,-356.8,971.527), (1595.36,-176.308,1093.89)
58.7352, (1837.34,-356.8,971.527), (527.032,-5000,4775.02)
16.302, (1837.34,-356.8,971.527), (2351.89,-5000,932.102)
7.28721, (1837.34,-356.8,971.527), (1762.69,-316.8,1020.69)
192.911, (1837.34,-356.8,971.527), (26.3206,24.9495,1393.41)
107.85, (1837.34,-356.8,971.527), (1810.64,-5000,215.822)
207.208, (1837.34,-356.8,971.527), (-33.6564,-29.8705,88.976)
76.1362, (1837.34,-356.8,971.527), (1613.72,-5000,3407.29)
76.2221, (1837.34,-356.8,971.527), (3328.29,-4895.96,5000)
361.749, (1837.34,-356.8,971.527), (2384.71,-5000,3928.06)
240.498, (1837.34,-356.8,971.527), (-175.177,-5000,580.691)
26.8113, (1837.34,-356.8,971.527), (-230.92,-5000,-1407.89)
76.8361, (1837.34,-356.8,971.527), (711.521,-5000,-2721.33)
123.429, (1837.34,-356.8,971.527), (-3339.92,-5000,715.342)
84.5272, (1837.34,-356.8,971.527), (1590.65,-406.8,1100.69)
36.3531, (1837.34,-356.8,971.527), (-43.1693,12.7048,190.966)
15.3691, (1837.34,-356.8,971.527), (2333.49,-5000,4480.67)
154.5, (1837.34,-356.8,971.527), (1428.21,-5000,-2043.33)
165.254, (1837.34,-356.8,971.527), (-33.4654,4.42166,-146.033)
282.772, (1837.34,-356.8,971.527), (3518.1,-5000,1072.36)
237.985, (1837.34,-356.8,971.527), (50.4838,-5000,-2557.95)
42.9135, (1837.34,-356.8,971.527), (5000,-2785.49,2034.27)
231.889, (1837.34,-356.8,971.527), (-596.241,-5000,-76.8218)
154.412, (1837.34,-356.8,971.527), (-43.3313,-12.1407,269.824)
19.5562, (1837.34,-356.8,971.527), (1772.19,-337.871,969.711)
123.584, (1837.34,-356.8,971.527), (44.5711,6.19806,243.835)
183.667, (1837.34,-356.8,971.527), (1938.13,-396.8,907.407)
16.2486, (1837.34,-356.8,971.527), (4822.11,-5000,49.0738)
23.0444, (1837.34,-356.8,971.527), (1905.81,-396.8,926.237)
23.9192, (1837.34,-356.8,971.527), (2004.66,-389.077,909.08)
32.5929, (1837.34,-356.8,971.527), (-12.1412,11.6475,-87.9325)
8.71632, (1837.34,-356.8,971.527), (1718.65,-4254.09,5000)
90.6082, (1837.34,-356.8,971.527), (213.614,-5000,2065.08)
109.608, (1837.34,-356.8,971.527), (1448.64,-5000,4914.96)
93.0425, (1837.34,-356.8,971.527), (1869.88,-5000,549.284)
134.882, (1837.34,-356.8,971.527), (5000,-4176.66,1088.32)
279.366, (1837.34,-356.8,971.527), (624.293,-5000,1929.98)
5.67914, (1837.34,-356.8,971.527), (2066.69,-396.8,854.54)
105.388, (1837.34,-356.8,971.527), (1658.14,24.8999,1074.91)
30.1512, (1837.34,-356.8,971.527), (1558.02,-5000,-279.921)
4.60017, (1837.34,-356.8,971.527), (1879.74,-353.751,934.197)
211.3, (1837.34,-356.8,971.527), (-37.6302,-19.4118,-115.61)
7.44896, (1837.34,-356.8,971.527), (1745.32,-5000,4122.24)
82.5209, (1837.34,-356.8,971.527), (-1104.75,-5000,-1385.18)
22.1137, (1837.34,-356.8,971.527), (-313.63,-5000,-2709.19)
16.7138, (1837.34,-356.8,971.527), (1837.34,-326.625,927.45)
28.4983, (1837.34,-356.8,971.527), (120.325,-5000,2132)
494.364, (1837.34,-356.8,971.527), (1627.99,-104.833,1120.65)
84.019, (1837.34,-356.8,971.527), (802.513,-5000,4352.24)
145.822, (1837.34,-356.8,971.527), (1833.89,-5000,9.0393)
56.6238, (1837.34,-356.8,971.527), (4747.95,-5000,1938.9)
48.911, (1837.34,-356.8,971.527), (1918.9,-396.8,949.936)
195.495, (1837.34,-356.8,971.527), (686.751,-5000,3058)
197.16, (1837.34,-356.8,971.527), (173.224,-5000,991.296)
35.0542, (1837.34,-356.8,971.527), (-2157.93,-5000,-809.903)
37.7794, (1837.34,-356.8,971.527), (497.737,-5000,3848.58)
36.2789, (1837.34,-356.8,971.527), (44.9917,-0.863062,131.848)
141.619, (1837.34,-356.8,971.527), (-849.161,-5000,4667.05)
38.3086, (1837.34,-356.8,971.527), (78.9859,-24.38,1416.32)
29.7073, (1837.34,-356.8,971.527), (4018.57,-5000,-2769.07)
24.5031, (1837.34,-356.8,971.527), (-515.799,-5000,3959.05)
27.34, (1837.34,-356.8,971.527), (24.765,37.5726,-267.907)
51.8614, (1837.34,-356.8,971.527), (-29.2596,-34.1888,-26.4256)
7.5386, (1837.34,-356.8,971.527), (1669.31,-306.8,1111.09)
30.7694, (1837.34,-356.8,971.527), (2012.04,-396.8,841.005)
198.652, (1837.34,-356.8,971.527), (27.0603,-5000,2240.66)
46.38, (1837.34,-356.8,971.527), (1993.94,-343.673,927.3)
18.8114, (1837.34,-356.8,971.527), (2090.35,-5000,1431.32)
70.453, (1837.34,-356.8,971.527), (2777.89,-5000,4140.75)
164.468, (1837.34,-356.8,971.527), (4018.43,-5000,-2240.86)
27.0671, (1837.34,-356.8,971.527), (1158.2,-5000,1801.38)
180.125, (1837.34,-356.8,971.527), (37.6988,-5000,3275.95)
60.0529, (1837.34,-356.8,971.527), (-1560.57,-5000,3697.89)
30.619, (1837.34,-356.8,971.527), (3520.35,-5000,-1370.16)
106.515, (1837.34,-356.8,971.527), (-70.1626,-5000,-769.43)
80.7826, (1837.34,-356.8,971.527), (-1168.83,-5000,4459.19)
126.926, (1837.34,-356.8,971.527), (1612.38,-117.213,1073.15)
19.0733, (1837.34,-356.8,971.527), (11.3277,-12.4078,320.9)
106.419, (1837.34,-356.8,971.527), (4936.48,-5000,193.966)
70.3735, (1837.34,-356.8,971.527), (10.5731,-22.6541,1186.84)
20.1556, (1837.34,-356.8,971.527), (-2190.73,-5000,-320.147)
157.431, (1837.34,-356.8,971.527), (1571,-325.676,1091.71)
152.531, (1837.34,-356.8,971.527), (701.881,-5000,-322.787)
84.38, (1837.34,-356.8,971.527), (409.205,-5000,814.927)
232.96, (1837.34,-356.8,971.527), (17.5483,0.538905,294.4)
6.2325, (1837.34,-356.8,971.527), (5000,-3905.61,2919.98)
3.8299, (1837.34,-356.8,971.527), (-1785.25,-5000,2799.09)
142.103, (1837.34,-356.8,971.527), (4041.77,-5000,2556.4)
348.173, (1837.34,-356.8,971.527), (2516.69,-5000,-2078.64)
10.4712, (1837.34,-356.8,971.527), (2031.17,-370.042,867)
234.406, (1837.34,-356.8,971.527), (441.225,-9.90602,1645.63)
50.6483, (1837.34,-356.8,971.527), (204.283,19.6927,1477.26)
11.7767, (1837.34,-356.8,971.527), (1644.28,-87.3753,1094.03)
11.85, (1837.34,-356.8,971.527), (5000,-4582.88,3186.66)
6.43676, (1837.34,-356.8,971.527), (1975.87,-362.681,856.501)
31.3763, (1837.34,-356.8,971.527), (1419.67,2.04757,1230.31)
100.523, (1837.34,-356.8,971.527), (-2600.25,-5000,2772.38)
21.3278, (1837.34,-356.8,971.527), (-832.114,-5000,-1370.51)
135.913, (1837.34,-356.8,971.527), (7.0082,11.2428,-271.342)
12.8542, (1837.34,-356.8,971.527), (-1874.64,-5000,1095.58)
197.973, (1837.34,-356.8,971.527), (1932.31,-5000,-67.8753)
226.232, (1837.34,-356.8,971.527), (1628.7,-406.8,1042.8)
131.702, (1837.34,-356.8,971.527), (-785.512,-5000,4883.9)
94.6119, (1837.34,-356.8,971.527), (2557.76,-5000,-2647.87)
4.36364, (1837.34,-356.8,971.527), (1920.52,-5000,4086.91)
93.7602, (1837.34,-356.8,971.527), (5000,-3833.68,2952.77)
376.556, (1837.34,-356.8,971.527), (-796.019,-5000,-1523.66)
107.321, (1837.34,-356.8,971.527), (2027.16,-396.8,829.538)
305.553, (1837.34,-356.8,971.527), (1365.24,-5000,2393.59)
41.0583, (1837.34,-356.8,971.527), (539.133,-5000,-1041.33)
95.6744, (1837.34,-356.8,971.527), (2238.95,-5000,3690.86)
30.0376, (1837.34,-356.8,971.527), (387.041,-5000,1874.28)
12.8938, (1837.34,-356.8,971.527), (1678,-320.973,1109.71)
67.0564, (1837.34,-356.8,971.527), (141.537,10.1373,1456.36)
350.705, (1837.34,-356.8,971.527), (339.584,-24.9908,1572.38)
26.7199, (1837.34,-356.8,971.527), (1420.54,4.40443,1201.31)
60.4296, (1837.34,-356.8,971.527), (30.711,-32.8913,69.9048)
82.9755, (1837.34,-356.8,971.527), (-561.911,-5000,4567.62)
54.6513, (1837.34,-356.8,971.527), (-8.84386,0.550222,338.933)
27.3054, (1837.34,-356.8,971.527), (1823.98,-396.8,1016.16)
48.9702, (1837.34,-356.8,971.527), (879.608,-7.41658,1530.33)
65.7206, (1837.34,-356.8,971.527), (580.571,7.31968,1668.06)
145.096, (1837.34,-356.8,971.527), (962.524,-5000,-2174.39)
58.327, (1837.34,-356.8,971.527), (-1135.16,-5000,-1525.24)
205.156, (1837.34,-356.8,971.527), (909.514,-2.40314,1478.47)
57.0024, (1837.34,-356.8,971.527), (-18.8596,16.4109,554.702)
17.2733, (1837.34,-356.8,971.527), (5000,-3821.35,3348.64)
39.5925, (1837.34,-356.8,971.527), (32.3387,-17.352,-294.4)
22.4708, (1837.34,-356.8,971.527), (-1487.92,-5000,-535.03)
68.1203, (1837.34,-356.8,971.527), (1421.9,17.0537,1203.67)
221.423, (1837.34,-356.8,971.527), (17.6,17.755,714.682)
38.5653, (1837.34,-356.8,971.527), (1885.05,-5000,4082)
106.419, (1837.34,-356.8,971.527), (-2903.87,-5000,1991.29)
43.391, (1837.34,-356.8,971.527), (1613.52,-306.8,1132.96)
247.008, (1837.34,-356.8,971.527), (3666.72,-5000,1431.5)
14.519, (1837.34,-356.8,971.527), (1494.4,-20.6352,1185.82)
5.78693, (1837.34,-356.8,971.527), (1799.26,-316.8,1020.66)
140.764, (1837.34,-356.8,971.527), (-893.627,-5000,3126.06)
25.0353, (1837.34,-356.8,971.527), (5000,-3002.49,2428.43)
350.229, (1837.34,-356.8,971.527), (1298.6,-24.5536,1288)
33.942, (1837.34,-356.8,971.527), (-1724.77,-5000,-758.953)
187.65, (1837.34,-356.8,971.527), (-43.4206,11.8175,97.2632)
98.4829, (1837.34,-356.8,971.527), (-437.133,-5000,1003.14)
111.445, (1837.34,-356.8,971.527), (5000,-3831.67,-197.325)
222.919, (1837.34,-356.8,971.527), (1908.95,-396.8,938.359)
37.4543, (1837.34,-356.8,971.527), (1506.25,-5000,4726.74)
162.99, (1837.34,-356.8,971.527), (-795.344,-5000,3753.82)
68.8586, (1837.34,-356.8,971.527), (854.378,-5000,-2307.34)
19.2893, (1837.34,-356.8,971.527), (2044.29,-396.8,865.168)
201.485, (1837.34,-356.8,971.527), (2457.79,-5000,-43.2264)
120.348, (1837.34,-356.8,971.527), (28.789,-34.5861,171.448)
97.2745, (1837.34,-356.8,971.527), (2036.35,-358.107,810.438)
31.9284, (1837.34,-356.8,971.527), (743.505,-7.73368,1607.8)
6.11915, (1837.34,-356.8,971.527), (-1197.52,-5000,2165.13)
196.257, (1837.34,-356.8,971.527), (-3103.3,-5000,3289.93)
57.02, (1837.34,-356.8,971.527), (2007.67,-392.856,919.374)
70.9136, (1837.34,-356.8,971.527), (1603.28,-225.928,1111.9)
77.7486, (1837.34,-356.8,971.527), (40.8355,-18.9067,-187.254)
1.82766, (1837.34,-356.8,971.527), (1744.08,-336.902,1022.87)
6.25128, (1837.34,-356.8,971.527), (-1484.58,-5000,2996.5)
112.593, (1837.34,-356.8,971.527), (6.54126,-24.7889,1357.42)
133.593, (1837.34,-356.8,971.527), (-16.1059,-19.1207,387.548)
59.4955, (1837.34,-356.8,971.527), (10.7487,-22.5714,1031.17)
28.0021, (1837.34,-356.8,971.527), (450.701,-5000,-1402.78)
46.0058, (1837.34,-356.8,971.527), (-40.3675,-19.8862,-175.59)
1.56606, (1837.34,-356.8,971.527), (705.333,-4607.95,5000)
23.8743, (1837.34,-356.8,971.527), (1755.91,-5000,3775.03)
208.291, (1837.34,-356.8,971.527), (4218.22,-5000,1681.5)
167.27, (1837.34,-356.8,971.527), (-858.748,-5000,3264.15)
8.21327, (1837.34,-356.8,971.527), (4656.51,-5000,-1033.42)
87.8407, (1837.34,-356.8,971.527), (-37.6377,38.0315,257.943)
104.4, (1837.34,-356.8,971.527), (-900.561,-5000,3558.16)
1.61258, (1837.34,-356.8,971.527), (1988.32,-316.8,879.316)
37.1585, (1837.34,-356.8,971.527), (-1460.41,-5000,1612.33)
93.1113, (1837.34,-356.8,971.527), (2325.71,-4926.59,5000)
326.528, (1837.34,-356.8,971.527), (-1637.18,-5000,2546.53)
5.54628, (1837.34,-356.8,971.527), (1858.04,-369.024,913.772)
465.353, (1837.34,-356.8,971.527), (3700.85,-5000,-1954.42)
25.8987, (1837.34,-356.8,971.527), (-312.814,-5000,4204.74)
20.9655, (1837.34,-356.8,971.527), (657.899,-5000,3324.81)
100.257, (1837.34,-356.8,971.527), (4.50679,-3.1982,-294.4)
62.7652, (1837.34,-356.8,971.527), (1643.6,-24.1917,1084.46)
28.1668, (1837.34,-356.8,971.527), (37.5228,24.8402,-273.768)
88.1825, (1837.34,-356.8,971.527), (3427.49,-5000,4373.21)
17.9825, (1837.34,-356.8,971.527), (-2856.63,-5000,555.082)
27.7668, (1837.34,-356.8,971.527), (2010.42,-5000,-860.267)
45.968, (1837.34,-356.8,971.527), (-0.812464,-44.9927,276.988)
470.612, (1837.34,-356.8,971.527), (5000,-3293.17,14.2474)
368.768, (1837.34,-356.8,971.527), (-419.345,-5000,4549.7)
52.7717, (1837.34,-356.8,971.527), (-1029.45,-5000,2678.92)
38.1489, (1837.34,-356.8,971.527), (4655.46,-5000,-1292.66)
36.0925, (1837.34,-356.8,971.527), (-1728.16,-5000,-1951.28)
6.97858, (1837.34,-356.8,971.527), (1908.97,-316.8,941.422)
47.7372, (1837.34,-356.8,971.527), (1675.23,-392.303,1077.64)
52.9186, (1837.34,-356.8,971.527), (32.976,-30.62,261.932)
213.545, (1837.34,-356.8,971.527), (34.2587,9.76305,-54.5114)
123.041, (1837.34,-356.8,971.527), (1734.37,-391.35,996.41)
27.8113, (1837.34,-356.8,971.527), (4531.77,-5000,3722.31)
54.3465, (1837.34,-356.8,971.527), (1138.17,23.0175,1363.93)
36.9886, (1837.34,-356.8,971.527), (2029.62,-318.318,880.463)
217.713, (1837.34,-356.8,971.527), (-1149.18,-5000,901.403)
23.2249, (1837.34,-356.8,971.527), (-398.823,-5000,3734.58)
41.9928, (1837.34,-356.8,971.527), (22.1754,14.9502,-133.508)
137.603, (1837.34,-356.8,971.527), (-24.4881,-5.03296,1309.41)
153.207, (1837.34,-356.8,971.527), (2965.33,-5000,4372.55)
110.448, (1837.34,-356.8,971.527), (1801.37,-5000,1658.15)
49.4661, (1837.34,-356.8,971.527), (-1741.54,-5000,4249.52)
172.976, (1837.34,-356.8,971.527), (3275.3,-5000,2102.37)
15.1138, (1837.34,-356.8,971.527), (1665.01,-5000,3506.25)
175.781, (1837.34,-356.8,971.527), (-2737.6,-5000,1897.95)
74.5203, (1837.34,-356.8,971.527), (18.618,40.9679,-274.554)
207.411, (1837.34,-356.8,971.527), (-77.4337,-5000,3832.15)
217.463, (1837.34,-356.8,971.527), (2451.56,-5000,2467.01)
221.558, (1837.34,-356.8,971.527), (-3224.66,-5000,2374.86)
293.764, (1837.34,-356.8,971.527), (-1187.17,-5000,3524.79)
40.7743, (1837.34,-356.8,971.527), (725.444,-5000,1039.16)
23.5105, (1837.34,-356.8,971.527), (752.821,-24.559,1603.07)
59.6396, (1837.34,-356.8,971.527), (-3.26549,44.8814,-133.301)
25.9368, (1837.34,-356.8,971.527), (-1608.51,-5000,806.087)
82.9218, (1837.34,-356.8,971.527), (38.2296,-23.738,-53.2699)
77.7591, (1837.34,-356.8,971.527), (4164.82,-5000,-2646.88)
106.81, (1837.34,-356.8,971.527), (2599.99,-5000,-2018.47)
64.0515, (1837.34,-356.8,971.527), (-242.325,-5000,452.8)
215.069, (1837.34,-356.8,971.527), (-13.3488,4.23793,934.927)
3.04619, (1837.34,-356.8,971.527), (-2110.9,-5000,3426.13)
15.4486, (1837.34,-356.8,971.527), (1294.14,3.23031,1279)
599.239, (1837.34,-356.8,971.527), (36.5139,-5000,-1124.91)
22.1925, (1837.34,-356.8,971.527), (1067.06,-5000,2006.63)
159.259, (1837.34,-356.8,971.527), (24.3425,-5.69574,918.867)
61.4966, (1837.34,-356.8,971.527), (-7.80945,-44.3172,113.944)
151.712, (1837.34,-356.8,971.527), (2996.81,-5000,1728.57)
83.3274, (1837.34,-356.8,971.527), (6.24577,0.888443,788.372)
11.0204, (1837.34,-356.8,971.527), (1971.52,-316.8,892.467)
110.288, (1837.34,-356.8,971.527), (5.77279,44.6282,-54.8703)
40.7704, (1837.34,-356.8,971.527), (863.142,-5000,-295.673)
95.2285, (1837.34,-356.8,971.527), (-2491.38,-5000,-110.241)
23.2366, (1837.34,-356.8,971.527), (142.777,7.46546,1480.2)
24.4385, (1837.34,-356.8,971.527), (3931.63,-5000,-1993.49)
153.641, (1837.34,-356.8,971.527), (1887.46,-378.978,988.775)
176.449, (1837.34,-356.8,971.527), (22.5026,-10.8918,955.1)
27.7282, (1837.34,-356.8,971.527), (-344.788,-5000,4262.52)
62.9453, (1837.34,-356.8,971.527), (1401.67,3.55137,1205.9)
66.6683, (1837.34,-356.8,971.527), (1910.75,-396.8,940.43)
108.556, (1837.34,-356.8,971.527), (2749.48,-5000,-50.0865)
99.363, (1837.34,-356.8,971.527), (4331.27,-5000,3329.45)
51.6213, (1837.34,-356.8,971.527), (3.17869,-44.8876,-102.339)
125.304, (1837.34,-356.8,971.527), (158.36,-5000,2837.34)
19.4207, (1837.34,-356.8,971.527), (2146.65,-5000,2678.54)
70.1384, (1837.34,-356.8,971.527), (1904.6,-374.802,906.747)
4.32376, (1837.34,-356.8,971.527), (-7.08517,-5000,4987.99)
62.6363, (1837.34,-356.8,971.527), (977.732,-14.7101,1444.48)
13.844, (1837.34,-356.8,971.527), (3400.62,-5000,916.507)
239.903, (1837.34,-356.8,971.527), (1677.59,-356.011,1120.99)
49.4666, (1837.34,-356.8,971.527), (2737.49,-5000,3397.96)
72.5955, (1837.34,-356.8,971.527), (-2968.75,-5000,1292.67)
3.69432, (1837.34,-356.8,971.527), (1597.28,-346.639,1094.24)
33.1107, (1837.34,-356.8,971.527), (1559.83,-5000,1181.5)
175.719, (1837.34,-356.8,971.527), (-497.191,-5000,-1249.06)
4.12538, (1837.34,-356.8,971.527), (3709.69,-5000,2406.23)
60.9526, (1837.34,-356.8,971.527), (-23.1391,8.17646,294.4)
81.1855, (1837.34,-356.8,971.527), (2308.5,-4081.43,5000)
18.4817, (1837.34,-356.8,971.527), (2475.29,-5000,-1724.01)
26.438, (1837.34,-356.8,971.527), (-708.142,-5000,257.147)
189.808, (1837.34,-356.8,971.527), (1408.67,-17.1941,1234.95)
67.1263, (1837.34,-356.8,971.527), (379.647,-4175.95,5000)
49.246, (1837.34,-356.8,971.527), (-2.28079,-13.3417,157.744)
469.054, (1837.34,-356.8,971.527), (1738.8,-316.8,1007.03)
356.465, (1837.34,-356.8,971.527), (-2658.02,-5000,-761.512)
157.688, (1837.34,-356.8,971.527), (284.868,-18.121,1561.46)
52.8099, (1837.34,-356.8,971.527), (1066.79,-5000,2882.16)
31.4901, (1837.34,-356.8,971.527), (3680.03,-5000,-1842.56)
75.6874, (1837.34,-356.8,971.527), (1144.17,-5000,4701.98)
215.552, (1837.34,-356.8,971.527), (1.36703,-24.9626,942.657)
65.9821, (1837.34,-356.8,971.527), (4958.62,-5000,3461.84)
10.5217, (1837.34,-356.8,971.527), (-3531.04,-5000,573.081)
158.142, (1837.34,-356.8,971.527), (1949.47,-351.298,952.976)
8.45306, (1837.34,-356.8,971.527), (1866.54,-387.872,1000.86)
17.1245, (1837.34,-356.8,971.527), (442.287,-5000,3460.89)
11.3896, (1837.34,-356.8,971.527), (387.6,-5000,1914.05)
42.7041, (1837.34,-356.8,971.527), (-1845.85,-5000,2800.24)
95.6112, (1837.34,-356.8,971.527), (0.730907,44.0709,195.043)
548.611, (1837.34,-356.8,971.527), (-906.886,-5000,-2672.13)
211.434, (1837.34,-356.8,971.527), (1204.48,-24.4075,1330.66)
85.1586, (1837.34,-356.8,971.527), (-20.1433,14.807,1135.38)
42.1728, (1837.34,-356.8,971.527), (36.3442,50,252.544)
53.5245, (1837.34,-356.8,971.527), (-522.286,-5000,4415.88)
230.322, (1837.34,-356.8,971.527), (-25.1129,-37.3409,-259.199)
61.6355, (1837.34,-356.8,971.527), (-2833.72,-5000,1472.9)
367.456, (1837.34,-356.8,971.527), (2848.96,-5000,3490.56)
130.646, (1837.34,-356.8,971.527), (-3061.44,-5000,1320.59)
42.003, (1837.34,-356.8,971.527), (-2089.42,-5000,302.992)
10.8646, (1837.34,-356.8,971.527), (3557.3,-5000,-886.168)
38.0215, (1837.34,-356.8,971.527), (-8.08065,-35.6175,-267.497)
150.92, (1837.34,-356.8,971.527), (-92.4373,-5000,-562.298)
7.37248, (1837.34,-356.8,971.527), (2078.95,-326.18,878.219)
45.9533, (1837.34,-356.8,971.527), (3450.59,-5000,1409.34)
380.82, (1837.34,-356.8,971.527), (-1271.52,-5000,-926.592)
49.4387, (1837.34,-356.8,971.527), (2826.99,-5000,2405.72)
292.433, (1837.34,-356.8,971.527), (463.168,-5000,3906.02)
46.4985, (1837.34,-356.8,971.527), (4778.3,-5000,820.06)
63.673, (1837.34,-356.8,971.527), (266.833,6.95232,1537.67)
295.874, (1837.34,-356.8,971.527), (1464.65,-5000,1747.67)
421.173, (1837.34,-356.8,971.527), (293.01,9.98799,1525.09)
120.921, (1837.34,-356.8,971.527), (1407.51,-24.8718,1218.32)
247.177, (1837.34,-356.8,971.527), (2515.54,-5000,-870.989)
27.0062, (1837.34,-356.8,971.527), (1742.03,-5000,4455.62)
62.7257, (1837.34,-356.8,971.527), (24.6332,4.26677,1168.84)
97.5581, (1837.34,-356.8,971.527), (1740.04,-316.8,998.09)
95.0758, (1837.34,-356.8,971.527), (1970.69,-396.8,852.593)
79.5106, (1837.34,-356.8,971.527), (1675.98,-352.522,1122.42)
40.8987, (1837.34,-356.8,971.527), (41.0339,-18.4721,287.07)
50.1754, (1837.34,-356.8,971.527), (351.065,-5000,2202.12)
76.1535, (1837.34,-356.8,971.527), (1606.11,-61.0077,1104.95)
22.196, (1837.34,-356.8,971.527), (-850.841,-5000,-870.355)
171.477, (1837.34,-356.8,971.527), (28.993,-13.1424,1363.02)
121.136, (1837.34,-356.8,971.527), (863.186,-22.0247,1520.87)
7.66159, (1837.34,-356.8,971.527), (2632.19,-5000,2205.7)
139.963, (1837.34,-356.8,971.527), (44.9359,2.40065,83.8552)
22.9887, (1837.34,-356.8,971.527), (23.6177,8.19779,787.716)
154.242, (1837.34,-356.8,971.527), (-1979.12,-5000,-878.299)
21.7742, (1837.34,-356.8,971.527), (406.056,5.61711,1639.67)
140.235, (1837.34,-356.8,971.527), (-1594.96,-5000,38.3169)
42.5359, (1837.34,-356.8,971.527), (302.024,-5000,-2037.71)
12.6458, (1837.34,-356.8,971.527), (4942,-5000,2578.69)
34.7566, (1837.34,-356.8,971.527), (1826.72,-320.293,969.992)
140.652, (1837.34,-356.8,971.527), (-402.867,-5000,-904.387)
35.6318, (1837.34,-356.8,971.527), (3947.31,-5000,4118.81)
16.9018, (1837.34,-356.8,971.527), (-1989.91,-5000,830.554)
214.329, (1837.34,-356.8,971.527), (22.048,8.27379,706.982)
126.595, (1837.34,-356.8,971.527), (10.2676,-43.813,-159.219)
115.614, (1837.34,-356.8,971.527), (-3372.97,-5000,865.145)
429.885, (1837.34,-356.8,971.527), (-23.7166,-7.90729,498.08)
104.775, (1837.34,-356.8,971.527), (-808.641,-5000,-733.726)
72.7415, (1837.34,-356.8,971.527), (44.8399,-3.7931,229.498)
61.438, (1837.34,-356.8,971.527), (1616.07,-5000,-1244.91)
223.496, (1837.34,-356.8,971.527), (1111.27,-5000,-1331.72)
206.733, (1837.34,-356.8,971.527), (2996.66,-5000,3250.11)
7.45941, (1837.34,-356.8,971.527), (3700.18,-5000,-606.121)
129.329, (1837.34,-356.8,971.527), (439.016,-5000,3482.08)
129.048, (1837.34,-356.8,971.527), (1607.13,-93.6448,1089.94)
178.303, (1837.34,-356.8,971.527), (-44.4885,6.76573,244.701)
253.834, (1837.34,-356.8,971.527), (2097.39,-5000,-416.037)
116.099, (1837.34,-356.8,971.527), (105.17,-5.12176,1416.36)
109.331, (1837.34,-356.8,971.527), (-1017.22,-5000,-1302.74)
128.903, (1837.34,-356.8,971.527), (2385.08,-5000,4192.6)
124.324, (1837.34,-356.8,971.527), (-2801.12,-5000,1640.28)
100.841, (1837.34,-356.8,971.527), (647.624,-5000,2295.87)
1.74739, (1837.34,-356.8,971.527), (1596.6,-404.69,1052.78)
77.5821, (1837.34,-356.8,971.527), (-2080.01,-5000,3364.65)
49.519, (1837.34,-356.8,971.527), (1779.22,-396.8,965.703)
126.701, (1837.34,-356.8,971.527), (-1936.61,-5000,1062.78)
40.8485, (1837.34,-356.8,971.527), (749.74,-5000,841.104)
6.51025, (1837.34,-356.8,971.527), (1382.53,24.1182,1226.51)
72.508, (1837.34,-356.8,971.527), (-16.3678,18.897,692.685)
1.75093, (1837.34,-356.8,971.527), (109.947,-5000,-1036.04)
70.0978, (1837.34,-356.8,971.527), (-7.81079,-2.60209,446.14)
70.7836, (1837.34,-356.8,971.527), (4094.52,-5000,-1448.29)
108.257, (1837.34,-356.8,971.527), (1639.69,-202.695,1081.27)
5.30338, (1837.34,-356.8,971.527), (-570.998,-5000,3854.96)
98.9877, (1837.34,-356.8,971.527), (334.322,-5000,891.392)
44.0385, (1837.34,-356.8,971.527), (-40.5462,-19.5194,-224.736)
92.4622, (1837.34,-356.8,971.527), (168.922,-19.7038,1492.4)
98.1235, (1837.34,-356.8,971.527), (983.275,-5000,3231.54)
551.25, (1837.34,-356.8,971.527), (2396.93,-5000,4222.37)
50.0126, (1837.34,-356.8,971.527), (1740.17,-342.06,1061.37)
34.9561, (1837.34,-356.8,971.527), (-28.5815,34.7577,-195.197)
97.1793, (1837.34,-356.8,971.527), (-1539.47,-5000,-849.93)
99.6682, (1837.34,-356.8,971.527), (-734.94,-5000,1365.61)
48.4352, (1837.34,-356.8,971.527), (653.147,-5000,3760.45)
132.848, (1837.34,-356.8,971.527), (183.803,-5000,-1111.47)
46.3059, (1837.34,-356.8,971.527), (1534.84,-5000,-1662.82)
330.161, (1837.34,-356.8,971.527), (2722.42,-5000,3936.74)
143.977, (1837.34,-356.8,971.527), (-2780.84,-5000,109.294)
69.6923, (1837.34,-356.8,971.527), (1621.27,-198.937,1111.01)
43.3168, (1837.34,-356.8,971.527), (5000,-3737.24,624.039)
56.1619, (1837.34,-356.8,971.527), (1065.86,-5000,2618.23)
133.615, (1837.34,-356.8,971.527), (5000,-3274.19,1377.7)
124.677, (1837.34,-356.8,971.527), (885.193,-5000,-2428.01)
14.2718, (1837.34,-356.8,971.527), (-539.442,-5000,1222.62)
7.53173, (1837.34,-356.8,971.527), (1599.58,-169.385,1111.07)
95.4484, (1837.34,-356.8,971.527), (28.2988,34.9882,-258.837)
71.5956, (1837.34,-356.8,971.527), (-44.5536,6.32273,91.6042)
145.978, (1837.34,-356.8,971.527), (1576.59,-406.8,1085.13)
54.7569, (1837.34,-356.8,971.527), (1700.41,-378.434,1046.49)
52.5446, (1837.34,-356.8,971.527), (1607.51,-5000,-783.969)
15.9037, (1837.34,-356.8,971.527), (1661.89,-397.185,1089.15)
25.2148, (1837.34,-356.8,971.527), (832.236,-21.5809,1566.39)
169.044, (1837.34,-356.8,971.527), (3317.64,-5000,2234.65)
249.933, (1837.34,-356.8,971.527), (22.2722,-11.3555,1134.9)
13.1684, (1837.34,-356.8,971.527), (1721.51,-340.235,1000.85)
5.5802, (1837.34,-356.8,971.527), (5000,-3961.01,2666.96)
22.9828, (1837.34,-356.8,971.527), (1745.21,-396.8,1063.87)
85.8243, (1837.34,-356.8,971.527), (602.715,15.8389,1662)
32.8878, (1837.34,-356.8,971.527), (4927.82,-5000,-327.429)
97.5957, (1837.34,-356.8,971.527), (1631.06,-5000,-2063.65)
97.7369, (1837.34,-356.8,971.527), (-388.969,-5000,3237.61)
53.6434, (1837.34,-356.8,971.527), (1426.48,17.0604,1211.59)
43.2954, (1837.34,-356.8,971.527), (-2565.19,-5000,3821.59)
62.0798, (1837.34,-356.8,971.527), (858.428,2.9068,1508.03)
127.307, (1837.34,-356.8,971.527), (-22.523,26.2133,284.755)
6.33331, (1837.34,-356.8,971.527), (1819.65,-326.638,1022.97)
450.775, (1837.34,-356.8,971.527), (2590.91,-5000,-1358.43)
15.0391, (1837.34,-356.8,971.527), (2596.26,-5000,-1000.49)
61.8457, (1837.34,-356.8,971.527), (-1218.2,-5000,2638.69)
197.836, (1837.34,-356.8,971.527), (-331.348,-4400.1,5000)
5.75908, (1837.34,-356.8,971.527), (2101.95,-379.315,864.938)
82.8014, (1837.34,-356.8,971.527), (4068.22,-5000,-2470.49)
115.989, (1837.34,-356.8,971.527), (2.73444,44.9168,67.9664)
114.446, (1837.34,-356.8,971.527), (2555.35,-5000,599.44)
27.6166, (1837.34,-356.8,971.527), (-262.119,-5000,3721.62)
105.477, (1837.34,-356.8,971.527), (-1309.4,-5000,3383.84)
83.2491, (1837.34,-356.8,971.527), (1535.18,19.0877,1164.62)
157.864, (1837.34,-356.8,971.527), (976.48,-5000,1220.19)
30.8835, (1837.34,-356.8,971.527), (-3453.91,-5000,1572.04)
7.334, (1837.34,-356.8,971.527), (1928.51,-385.662,961.069)
231.953, (1837.34,-356.8,971.527), (-6.47755,-10.8428,580.987)
277.014, (1837.34,-356.8,971.527), (698.984,-5000,1492.39)
89.3822, (1837.34,-356.8,971.527), (567.602,-1.65454,1668.93)
26.1313, (1837.34,-356.8,971.527), (2500.28,-5000,1861.61)
257.272, (1837.34,-356.8,971.527), (1737.1,-347.521,1006.26)
43.6675, (1837.34,-356.8,971.527), (3390.93,-5000,-150.231)
92.4583, (1837.34,-356.8,971.527), (-1981.78,-5000,1853.8)
87.3485, (1837.34,-356.8,971.527), (-394.981,-5000,760.969)
3.49083, (1837.34,-356.8,971.527), (1866.65,-378.86,1000.79)
85.9042, (1837.34,-356.8,971.527), (-1406.97,-5000,2514.39)
57.1249, (1837.34,-356.8,971.527), (1287.42,-21.0703,1273.49)
340.983, (1837.34,-356.8,971.527), (-1536.54,-5000,4199.14)
238.954, (1837.34,-356.8,971.527), (572.055,-5000,4195.46)
40.2978, (1837.34,-356.8,971.527), (1987.23,-316.8,920.393)
30.1889, (1837.34,-356.8,971.527), (1925.68,-396.8,900.761)
13.2562, (1837.34,-356.8,971.527), (1803.35,-347.754,944.959)
42.405, (1837.34,-356.8,971.527), (32.6626,-29.0132,-6.10723)
89.0022, (1837.34,-356.8,971.527), (-2238.74,-5000,3971.54)
304.316, (1837.34,-356.8,971.527), (939.918,-6.95692,1483.28)
94.9257, (1837.34,-356.8,971.527), (-35.2024,-28.032,164.788)
147.812, (1837.34,-356.8,971.527), (1674.14,-372.557,1123.48)
61.1084, (1837.34,-356.8,971.527), (3531.63,-5000,2950.25)
63.5268, (1837.34,-356.8,971.527), (18.1615,1.3857,643.921)
14.1136, (1837.34,-356.8,971.527), (1447.51,-5000,956.949)
39.8246, (1837.34,-356.8,971.527), (2297.49,-5000,-917.252)
80.9719, (1837.34,-356.8,971.527), (2024.44,-354.68,854.716)
17.1507, (1837.34,-356.8,971.527), (1674.2,-341.37,1050.36)
406.761, (1837.34,-356.8,971.527), (508.292,-9.94253,1645.3)
263.39, (1837.34,-356.8,971.527), (3497.27,-5000,1033.1)
204.092, (1837.34,-356.8,971.527), (3102.51,-5000,-106.839)
271.838, (1837.34,-356.8,971.527), (623.683,-5000,4817.5)
14.99, (1837.34,-356.8,971.527), (834.564,-21.9571,1536.68)
30.7748, (1837.34,-356.8,971.527), (-793.752,-5000,2085.92)
16.8615, (1837.34,-356.8,971.527), (1872.36,-396.8,958.655)
128.252, (1837.34,-356.8,971.527), (2096.86,-373.106,849.185)
42.3137, (1837.34,-356.8,971.527), (1793.7,-393.342,950.534)
146.364, (1837.34,-356.8,971.527), (1569.85,-324.627,1069.73)
7.72137, (1837.34,-356.8,971.527), (-3.39509,-5000,847.268)
98.8605, (1837.34,-356.8,971.527), (1699.68,-5000,3247.43)
260.384, (1837.34,-356.8,971.527), (5000,-3888.78,-222.192)
5.22391, (1837.34,-356.8,971.527), (1729.85,-5000,4778.13)
8.66711, (1837.34,-356.8,971.527), (1953.28,-331.142,901.733)
53.1422, (1837.34,-356.8,971.527), (799.297,-4322.43,5000)
66.0151, (1837.34,-356.8,971.527), (-63.9168,-5000,4145.21)
66.3409, (1837.34,-356.8,971.527), (-27.7711,-5000,373.41)
28.0187, (1837.34,-356.8,971.527), (1644.1,-394.506,1105.44)
25.7641, (1837.34,-356.8,971.527), (-1126.24,-5000,1043.89)
23.4216, (1837.34,-356.8,971.527), (-1546.53,-5000,-609.611)
26.3656, (1837.34,-356.8,971.527), (1931.59,-370.144,910.745)
53.6562, (1837.34,-356.8,971.527), (1434.63,-5000,327.337)
143.229, (1837.34,-356.8,971.527), (2578.4,-5000,2905.94)
37.329, (1837.34,-356.8,971.527), (1718.41,-396.8,1082.06)
276.033, (1837.34,-356.8,971.527), (2529.13,-5000,3993.85)
164.52, (1837.34,-356.8,971.527), (3086.09,-5000,3811.89)
237.122, (1837.34,-356.8,971.527), (290.091,-5000,1443)
52.1017, (1837.34,-356.8,971.527), (-34.9191,-28.3841,-267.881)
35.6255, (1837.34,-356.8,971.527), (5000,-4030.08,3513.35)
365.047, (1837.34,-356.8,971.527), (4225.59,-5000,1949.3)
97.3181, (1837.34,-356.8,971.527), (5000,-3050.42,46.2288)
129.615, (1837.34,-356.8,971.527), (5000,-3896.73,-224.162)
5.98003, (1837.34,-356.8,971.527), (-551.693,-5000,-757.137)
37.3915, (1837.34,-356.8,971.527), (2076.13,-348.867,855.687)
0.041156, (1837.34,-356.8,971.527), (1859.67,-327.905,934.997)
24.8175, (1837.34,-356.8,971.527), (1962.06,-323.278,906.367)
19.7406, (1837.34,-356.8,971.527), (677.226,-5000,3755.46)
76.8293, (1837.34,-356.8,971.527), (697.259,-5000,1927.51)
85.313, (1837.34,-356.8,971.527), (38.7424,22.8916,176.589)
19.7277, (1837.34,-356.8,971.527), (-3609.99,-5000,1349)
179.045, (1837.34,-356.8,971.527), (4072.42,-5000,-2393.54)
8.75117, (1837.34,-356.8,971.527), (1679.94,-396.8,1100.52)
77.1375, (1837.34,-356.8,971.527), (534.058,-5000,2647.82)
20.9464, (1837.34,-356.8,971.527), (1781.88,-355.808,998.301)
113.845, (1837.34,-356.8,971.527), (-2624.97,-5000,3323.62)
123.101, (1837.34,-356.8,971.527), (1561.35,-5000,3312.17)
128.547, (1837.34,-356.8,971.527), (401.777,-5000,1196.82)
73.0235, (1837.34,-356.8,971.527), (-2865.87,-5000,587.804)
19.4656, (1837.34,-356.8,971.527), (-25.8758,-5000,985.422)
25.8399, (1837.34,-356.8,971.527), (-885.006,-5000,3199.63)
146.883, (1837.34,-356.8,971.527), (235.436,-5000,3366.23)
162.594, (1837.34,-356.8,971.527), (1477.16,21.3275,1194.54)
177.821, (1837.34,-356.8,971.527), (1661.3,-347.01,1026.98)
222.9, (1837.34,-356.8,971.527), (2949.49,-5000,568.342)
75.5823, (1837.34,-356.8,971.527), (289.95,-5000,1998.67)
84.2467, (1837.34,-356.8,971.527), (159.045,-5000,-1416.51)
63.7249, (1837.34,-356.8,971.527), (-1928.17,-5000,3420.37)
67.6652, (1837.34,-356.8,971.527), (-1152.54,-5000,2786.36)
106.437, (1837.34,-356.8,971.527), (17.6987,0.922915,138.589)
72.9295, (1837.34,-356.8,971.527), (-19.1657,16.0523,431.481)
120.488, (1837.34,-356.8,971.527), (1946.73,-5000,3357.02)
80.7813, (1837.34,-356.8,971.527), (1657.14,-16.7325,1096.86)
92.0123, (1837.34,-356.8,971.527), (1354.98,-5000,717.408)
121.055, (1837.34,-356.8,971.527), (1591.62,-366.715,1127.44)
46.9034, (1837.34,-356.8,971.527), (1267.22,-5000,4653.37)
21.5867, (1837.34,-356.8,971.527), (3083.73,-5000,1033.8)
102.223, (1837.34,-356.8,971.527), (-2580.34,-5000,1342.44)
236.004, (1837.34,-356.8,971.527), (1380.73,-5000,1701.54)
15.2756, (1837.34,-356.8,971.527), (-2675.16,-5000,653.341)
317.55, (1837.34,-356.8,971.527), (5000,-4625.04,658.924)
219.584, (1837.34,-356.8,971.527), (3924.83,-5000,2744.85)
139.633, (1837.34,-356.8,971.527), (5000,-4425.37,3773.94)
46.9046, (1837.34,-356.8,971.527), (-3641.58,-5000,1671.19)
43.6833, (1837.34,-356.8,971.527), (2399.7,-5000,4602.93)
37.6729, (1837.34,-356.8,971.527), (-8.81484,-10.1651,1380.11)
137.142, (1837.34,-356.8,971.527), (19.1227,-5000,471.609)
158.272, (1837.34,-356.8,971.527), (3.75779,-3.65086,-294.4)
10.7726, (1837.34,-356.8,971.527), (2079.35,-369.684,877.987)
32.3053, (1837.34,-356.8,971.527), (2047.08,-349.508,804.242)
68.0656, (1837.34,-356.8,971.527), (313.802,24.9826,1559.35)
105.236, (1837.34,-356.8,971.527), (-338.875,-4440.71,5000)
52.1524, (1837.34,-356.8,971.527), (-22.8766,-10.0827,1105.75)
192.343, (1837.34,-356.8,971.527), (-838.09,-5000,1509.92)
309.148, (1837.34,-356.8,971.527), (-17.235,-41.5687,75.587)
7.32809, (1837.34,-356.8,971.527), (-1539.77,-5000,3817.99)
14.0978, (1837.34,-356.8,971.527), (3528.99,-5000,3536.32)
36.9627, (1837.34,-356.8,971.527), (-1286.24,-5000,294.2)
97.9941, (1837.34,-356.8,971.527), (-28.5575,34.7775,-63.4237)
163.833, (1837.34,-356.8,971.527), (-17.4421,41.4822,-154.125)
21.3656, (1837.34,-356.8,971.527), (1616.05,-175.027,1072.25)
86.0967, (1837.34,-356.8,971.527), (-29.0203,50,256.347)
15.641, (1837.34,-356.8,971.527), (2026.41,-365.2,877.652)
132.685, (1837.34,-356.8,971.527), (-259.219,-5000,-2084.69)
146.96, (1837.34,-356.8,971.527), (1576.2,-391.777,1100.73)
48.1987, (1837.34,-356.8,971.527), (-115.591,-5000,2573.2)
306.691, (1837.34,-356.8,971.527), (-9.43246,44.0003,37.7901)
40.0522, (1837.34,-356.8,971.527), (1819.49,-339.83,983.02)
9.48219, (1837.34,-356.8,971.527), (-1982.34,-5000,1525.72)
26.3089, (1837.34,-356.8,971.527), (1769.27,-367.778,1038.56)
86.8761, (1837.34,-356.8,971.527), (-1522.96,-5000,-678.477)
18.5907, (1837.34,-356.8,971.527), (-468.803,-5000,-1278.15)
396.67, (1837.34,-356.8,971.527), (38.3244,-23.5847,-133.438)
66.4447, (1837.34,-356.8,971.527), (-2524.07,-5000,1020.48)
111.104, (1837.34,-356.8,971.527), (-6.27523,-24.1996,1215.22)
305.508, (1837.34,-356.8,971.527), (1669.76,-5000,599.246)
40.028, (1837.34,-356.8,971.527), (4613.22,-5000,3035.29)
65.8567, (1837.34,-356.8,971.527), (1105.44,-5.95766,1366.05)
114.211, (1837.34,-356.8,971.527), (-27.5265,-35.5991,-1.91393)
420.058, (1837.34,-356.8,971.527), (3.24936,-24.7879,521.265)
320.441, (1837.34,-356.8,971.527), (5000,-2691.62,-477.33)
369.743, (1837.34,-356.8,971.527), (33.3827,30.1761,-246.337)
155.601, (1837.34,-356.8,971.527), (2770.84,-5000,2372.12)
48.1873, (1837.34,-356.8,971.527), (1814.67,-341.02,1030.8)
77.5296, (1837.34,-356.8,971.527), (7.85414,44.3093,-52.9494)
103.89, (1837.34,-356.8,971.527), (3930.11,-5000,1389.24)
4.31144, (1837.34,-356.8,971.527), (1642.37,34.5643,1108.41)
186.05, (1837.34,-356.8,971.527), (-32.0446,24.2069,-115.697)
44.7718, (1837.34,-356.8,971.527), (-12.126,-21.0165,576.848)
250.574, (1837.34,-356.8,971.527), (-36.352,10.8892,-170.159)
106.178, (1837.34,-356.8,971.527), (3640.08,-5000,1833.86)
57.6354, (1837.34,-356.8,971.527), (-42.7343,-14.0988,256.713)
301.474, (1837.34,-356.8,971.527), (-1459.74,-5000,2067.96)
105.156, (1837.34,-356.8,971.527), (1563.68,-398.642,1079.04)
211.021, (1837.34,-356.8,971.527), (1282.25,-5000,-1762.63)
219.08, (1837.34,-356.8,971.527), (-44.9994,0.231524,-149.521)
16.5964, (1837.34,-356.8,971.527), (1600.62,-327.818,1075.08)
51.6836, (1837.34,-356.8,971.527), (-114.134,-5000,3514.14)
221.159, (1837.34,-356.8,971.527), (-34.2759,-10.58,-294.4)
35.2362, (1837.34,-356.8,971.527), (-2454.69,-5000,2651.83)
89.1663, (1837.34,-356.8,971.527), (-2394.83,-5000,1671.92)
232.566, (1837.34,-356.8,971.527), (-2885.14,-5000,1403.71)
44.9387, (1837.34,-356.8,971.527), (44.9958,0.611895,-199.387)
98.4195, (1837.34,-356.8,971.527), (1.5017,14.0928,55.909)
63.0307, (1837.34,-356.8,971.527), (1150.93,-5000,-2845.59)
19.4329, (1837.34,-356.8,971.527), (1957.02,-394.784,877.134)
12.203, (1837.34,-356.8,971.527), (2026.22,-396.8,867.08)
97.9468, (1837.34,-356.8,971.527), (333.372,-5000,84.2051)
63.5503, (1837.34,-356.8,971.527), (1602.51,-180.82,1079.22)
80.3783, (1837.34,-356.8,971.527), (-3652.53,-5000,1242.73)
194.962, (1837.34,-356.8,971.527), (-3053.27,-5000,-857.941)
10.6515, (1837.34,-356.8,971.527), (1453.38,-5000,-1388.22)
108.608, (1837.34,-356.8,971.527), (1304.22,-5000,2299.46)
182.233, (1837.34,-356.8,971.527), (44.2699,8.07293,-193.175)
61.0636, (1837.34,-356.8,971.527), (317.178,24.9891,1559.37)
48.4202, (1837.34,-356.8,971.527), (-929.253,-5000,4744.67)
98.7335, (1837.34,-356.8,971.527), (1405.41,14.7504,1214.09)
7.63447, (1837.34,-356.8,971.527), (1687.32,-396.8,1079.59)
92.8115, (1837.34,-356.8,971.527), (722.862,-5000,3612.14)
31.5756, (1837.34,-356.8,971.527), (98.7516,-11.0349,1408.22)
21.307, (1837.34,-356.8,971.527), (-788.317,-5000,-2484.03)
51.9497, (1837.34,-356.8,971.527), (-1319.49,-5000,-1985.72)
36.715, (1837.34,-356.8,971.527), (1647.47,-308.575,1064.17)
94.016, (1837.34,-356.8,971.527), (84.9218,-5000,433.92)
19.6146, (1837.34,-356.8,971.527), (44.056,9.16883,-113.434)
90.1325, (1837.34,-356.8,971.527), (403.986,21.3966,1595.42)
63.7251, (1837.34,-356.8,971.527), (1179.17,-5000,4516.14)
22.9202, (1837.34,-356.8,971.527), (159.618,-5000,-1414.13)
48.2919, (1837.34,-356.8,971.527), (500.57,-5000,-1780.98)
125.715, (1837.34,-356.8,971.527), (-2834.3,-5000,737.891)
25.2872, (1837.34,-356.8,971.527), (29.7142,33.7944,282.696)
238.345, (1837.34,-356.8,971.527), (4589.75,-5000,2201.67)
213.017, (1837.34,-356.8,971.527), (39.2348,-22.0371,-238.091)
30.5825, (1837.34,-356.8,971.527), (118.388,-5000,-2634.28)
48.2432, (1837.34,-356.8,971.527), (1202.25,-15.6076,1360.74)
55.69, (1837.34,-356.8,971.527), (4546.67,-5000,247.302)
31.5865, (1837.34,-356.8,971.527), (-1037.22,-5000,2871.34)
106.281, (1837.34,-356.8,971.527), (1633.2,-235.729,1080.29)
13.8823, (1837.34,-356.8,971.527), (3710.51,-5000,-631.178)
15.9469, (1837.34,-356.8,971.527), (1030.37,-5000,2677.52)
584.718, (1837.34,-356.8,971.527), (-1.1805,24.9721,1201.11)
42.8621, (1837.34,-356.8,971.527), (-24.1809,-6.34692,1241.97)
24.8316, (1837.34,-356.8,971.527), (423.224,-5000,664.53)
43.583, (1837.34,-356.8,971.527), (447.784,-5000,4381.23)
14.5566, (1837.34,-356.8,971.527), (1106.24,-5000,-1862.13)
53.1624, (1837.34,-356.8,971.527), (1640.52,-346.815,1038.97)
9.23182, (1837.34,-356.8,971.527), (2293.3,-5000,2559.57)
35.5584, (1837.34,-356.8,971.527), (-18.6629,0.390783,1216.2)
487.93, (1837.34,-356.8,971.527), (-762.948,-5000,-1664.72)
259.88, (1837.34,-356.8,971.527), (1626.07,-312.003,1151.23)
40.0425, (1837.34,-356.8,971.527), (2055.84,-373.279,856.707)
18.2981, (1837.34,-356.8,971.527), (2467.24,-5000,1934.38)
133.39, (1837.34,-356.8,971.527), (-2053.9,-5000,83.1404)
6.19864, (1837.34,-356.8,971.527), (2056.82,-396.8,874.302)
96.8187, (1837.34,-356.8,971.527), (-39.5482,21.4695,158.27)
21.7441, (1837.34,-356.8,971.527), (-921.448,-5000,3093.57)
152.741, (1837.34,-356.8,971.527), (-2.83536,-44.9106,-225.503)
159.492, (1837.34,-356.8,971.527), (-4.84177,-44.7388,259.332)
87.1816, (1837.34,-356.8,971.527), (40.4004,-1.68905,-294.4)
65.0718, (1837.34,-356.8,971.527), (2463.42,-5000,-1722.1)
365.65, (1837.34,-356.8,971.527), (3103,-5000,4332.51)
7.69866, (1837.34,-356.8,971.527), (-244.908,-5000,173.602)
110.22, (1837.34,-356.8,971.527), (3807.65,-5000,-1324.59)
1.17547, (1837.34,-356.8,971.527), (1597.24,-404.597,1137.17)
70.9791, (1837.34,-356.8,971.527), (1637.15,21.7486,1072.87)
171.506, (1837.34,-356.8,971.527), (446.388,-5000,3285.29)
92.1024, (1837.34,-356.8,971.527), (2376.52,-5000,4858.44)
178.028, (1837.34,-356.8,971.527), (-30.3239,-33.2485,87.7301)
226.001, (1837.34,-356.8,971.527), (3259.75,-5000,3525.89)
65.1162, (1837.34,-356.8,971.527), (11.4969,22.1996,455.951)
43.0998, (1837.34,-356.8,971.527), (802.587,-5000,520.947)
31.6706, (1837.34,-356.8,971.527), (-294.923,-5000,397.332)
97.1518, (1837.34,-356.8,971.527), (-13.3732,-21.1224,896.298)
258.753, (1837.34,-356.8,971.527), (1605.46,-139.766,1108.49)
218.159, (1837.34,-356.8,971.527), (1596.39,-385.771,1086.22)
34.6929, (1837.34,-356.8,971.527), (3199.05,-5000,-2735.91)
174.205, (1837.34,-356.8,971.527), (-36.8141,25.8791,-111.104)
18.6215, (1837.34,-356.8,971.527), (2083.19,-5000,3695.05)
180.999, (1837.34,-356.8,971.527), (2998.07,-5000,1136.17)
59.649, (1837.34,-356.8,971.527), (-41.8606,-16.5132,-98.3355)
41.3761, (1837.34,-356.8,971.527), (468.208,-5000,4277.6)
63.0251, (1837.34,-356.8,971.527), (2816.37,-5000,3685.03)
12.9035, (1837.34,-356.8,971.527), (-1566.71,-5000,-609.422)
45.2301, (1837.34,-356.8,971.527), (-1396.17,-5000,286.475)
179.886, (1837.34,-356.8,971.527), (2098.64,-5000,-1610.93)
59.7407, (1837.34,-356.8,971.527), (38.9196,22.589,-157.282)
197.993, (1837.34,-356.8,971.527), (38.6683,-7.56081,1426.95)
243.898, (1837.34,-356.8,971.527), (10.3076,-39.2339,153.066)
8.7376, (1837.34,-356.8,971.527), (1387.46,-14.6608,1253.51)
70.3493, (1837.34,-356.8,971.527), (50.1061,-5000,-1718.84)
21.6691, (1837.34,-356.8,971.527), (1121.25,-24.7846,1388.74)
56.1419, (1837.34,-356.8,971.527), (1307.02,-5000,4216.71)
93.3352, (1837.34,-356.8,971.527), (2193.37,-5000,4099.44)
98.1305, (1837.34,-356.8,971.527), (1637.77,-258.712,1097.16)
484.822, (1837.34,-356.8,971.527), (1858.96,-337.943,935.598)
41.7462, (1837.34,-356.8,971.527), (1957.71,-396.8,894.562)
46.4558, (1837.34,-356.8,971.527), (3201.9,-5000,1040.44)
62.0107, (1837.34,-356.8,971.527), (344.096,-24.5272,1570.18)
39.9293, (1837.34,-356.8,971.527), (3902.93,-5000,4880.21)
143.737, (1837.34,-356.8,971.527), (1992.38,-321.648,928.199)
75.4081, (1837.34,-356.8,971.527), (1417.26,3.96188,1195.64)
76.9004, (1837.34,-356.8,971.527), (3358.76,-5000,4145.17)
51.435, (1837.34,-356.8,971.527), (2980.19,-5000,-1050.51)
182.262, (1837.34,-356.8,971.527), (-1402.63,-5000,306.023)
21.3529, (1837.34,-356.8,971.527), (1926.72,-316.8,876.728)
33.2229, (1837.34,-356.8,971.527), (1623.74,-156.502,1121.65)
5.24416, (1837.34,-356.8,971.527), (1091.49,-5000,819.901)
94.831, (1837.34,-356.8,971.527), (41.6171,17.1177,285.046)
88.861, (1837.34,-356.8,971.527), (336.074,-19.0174,1589.88)
32.3532, (1837.34,-356.8,971.527), (-2860.46,-5000,894.526)
87.498, (1837.34,-356.8,971.527), (103.472,-5000,1809.18)
169.766, (1837.34,-356.8,971.527), (1623.49,-377.214,1079.19)
65.4039, (1837.34,-356.8,971.527), (44.8867,3.19068,201.373)
30.0511, (1837.34,-356.8,971.527), (-367.008,-5000,2322.74)
345.83, (1837.34,-356.8,971.527), (-3163.62,-5000,1654.1)
50.3045, (1837.34,-356.8,971.527), (605.388,-5000,1836.19)
92.7785, (1837.34,-356.8,971.527), (21.3972,-12.929,853.674)
230.162, (1837.34,-356.8,971.527), (1828.58,-359.02,1022.77)
64.9645, (1837.34,-356.8,971.527), (285.497,4.81389,1570.26)
38.9095, (1837.34,-356.8,971.527), (770.987,-5000,4717.53)
17.1627, (1837.34,-356.8,971.527), (42.4002,-15.0739,214.835)
1.46072, (1837.34,-356.8,971.527), (1848.85,-378.06,918.693)
10.6068, (1837.34,-356.8,971.527), (2004.8,-332.532,919.018)
181.409, (1837.34,-356.8,971.527), (-42.0869,15.9277,75.3546)
422.799, (1837.34,-356.8,971.527), (796.72,-5000,-1354.98)
26.0239, (1837.34,-356.8,971.527), (-973.9,-5000,1395.12)
79.4017, (1837.34,-356.8,971.527), (-6.54997,-18.7497,9.55554)
31.6711, (1837.34,-356.8,971.527), (2455.5,-5000,-2450.11)
87.2768, (1837.34,-356.8,971.527), (-1992.7,-5000,2588.55)
35.9052, (1837.34,-356.8,971.527), (-1817.95,-5000,-1137.9)
243.17, (1837.34,-356.8,971.527), (2757.75,-5000,4018.14)
313.739, (1837.34,-356.8,971.527), (952.88,-3641.09,5000)
57.2859, (1837.34,-356.8,971.527), (-1141.08,-5000,269.233)
3.50698, (1837.34,-356.8,971.527), (1514.29,-5000,1114.22)
354.253, (1837.34,-356.8,971.527), (-353.445,-5000,2050.09)
178.962, (1837.34,-356.8,971.527), (1981.45,-372.914,842.133)
97.2411, (1837.34,-356.8,971.527), (-37.4461,-5000,2719.91)
226.411, (1837.34,-356.8,971.527), (2453.98,-5000,-372.744)
342.755, (1837.34,-356.8,971.527), (1295.62,-5000,2978.23)
82.7443, (1837.34,-356.8,971.527), (2297.02,-5000,4660.55)
70.1677, (1837.34,-356.8,971.527), (-270.754,-5000,3534.51)
18.7364, (1837.34,-356.8,971.527), (1562.09,-371.677,1076.28)
287.012, (1837.34,-356.8,971.527), (-274.06,-5000,1005.45)
11.9817, (1837.34,-356.8,971.527), (1831.52,-387.553,1021.08)
83.095, (1837.34,-356.8,971.527), (467.412,-5000,2833.22)
155.548, (1837.34,-356.8,971.527), (2058.69,-316.8,842.396)
51.1396, (1837.34,-356.8,971.527), (2608.01,-5000,-1401.02)
44.9979, (1837.34,-356.8,971.527), (418.469,-5000,4402.66)
52.9543, (1837.34,-356.8,971.527), (2473.81,-5000,-560.37)
45.6647, (1837.34,-356.8,971.527), (38.9313,-3.87324,-185.193)
58.5917, (1837.34,-356.8,971.527), (800.285,-5000,-23.3267)
208.849, (1837.34,-356.8,971.527), (-1063.09,-5000,-1549.05)
43.1484, (1837.34,-356.8,971.527), (-474.734,-5000,1237.21)
104.509, (1837.34,-356.8,971.527), (-28.3493,-34.9474,90.5544)
57.589, (1837.34,-356.8,971.527), (20.9453,-39.8283,281.73)
39.9702, (1837.34,-356.8,971.527), (1820.35,-336.253,991.391)
161.787, (1837.34,-356.8,971.527), (-36.4402,26.4028,10.1039)
200.637, (1837.34,-356.8,971.527), (-2689.27,-5000,979.218)
119.798, (1837.34,-356.8,971.527), (1626.19,-234.726,1076.51)
692.415, (1837.34,-356.8,971.527), (-572.654,-5000,2904.47)
14.075, (1837.34,-356.8,971.527), (1595.41,-181.077,1093.51)
86.8033, (1837.34,-356.8,971.527), (-1168.87,-5000,1849.88)
37.5076, (1837.34,-356.8,971.527), (2.61033,19.4748,1120.14)
52.4808, (1837.34,-356.8,971.527), (4771.56,-5000,4073.59)
50.4914, (1837.34,-356.8,971.527), (1718.45,-396.8,1025.27)
9.683, (1837.34,-356.8,971.527), (4062.5,-5000,-1817.66)
106.129, (1837.34,-356.8,971.527), (533.834,-5000,1092.35)
64.3168, (1837.34,-356.8,971.527), (-3015.58,-5000,987.561)
121.619, (1837.34,-356.8,971.527), (2098.38,-5000,2657.56)
194.507, (1837.34,-356.8,971.527), (1838.14,-396.8,965.782)
89.2534, (1837.34,-356.8,971.527), (2549.36,-4452.44,5000)
20.1737, (1837.34,-356.8,971.527), (5000,-4007.7,994.124)
63.9962, (1837.34,-356.8,971.527), (-24.8361,2.85777,450.092)
155.702, (1837.34,-356.8,971.527), (-7.68613,-33.7803,-100.615)
59.0309, (1837.34,-356.8,971.527), (2662.96,-5000,-1724.69)
47.6425, (1837.34,-356.8,971.527), (1589.4,-24.9431,1112.72)
46.7099, (1837.34,-356.8,971.527), (1649.39,-367.372,1137.77)
22.2572, (1837.34,-356.8,971.527), (3170.18,-5000,-2786.96)
7.20484, (1837.34,-356.8,971.527), (2104.55,-4776.14,5000)
326.407, (1837.34,-356.8,971.527), (-40.704,19.1882,-100.648)
150.275, (1837.34,-356.8,971.527), (2182.67,-5000,-356.093)
87.2548, (1837.34,-356.8,971.527), (-978.428,-5000,-1712.42)
398.719, (1837.34,-356.8,971.527), (1616.59,-5000,-1401.7)
34.135, (1837.34,-356.8,971.527), (11.5951,-20.5229,1204.09)
65.2719, (1837.34,-356.8,971.527), (1825.82,-396.8,989.405)
15.3439, (1837.34,-356.8,971.527), (2047.94,-396.8,822.514)
97.8968, (1837.34,-356.8,971.527), (431.675,-5000,-1309.06)
17.0155, (1837.34,-356.8,971.527), (1616.92,-23.8653,1121.69)
16.7172, (1837.34,-356.8,971.527), (1418.39,-5000,2713.57)
85.191, (1837.34,-356.8,971.527), (409.435,-5000,4286.32)
143.887, (1837.34,-356.8,971.527), (4355.06,-5000,610.738)
68.1891, (1837.34,-356.8,971.527), (1905.22,-326.769,960.603)
13.1782, (1837.34,-356.8,971.527), (-2474.13,-5000,962.012)
136.14, (1837.34,-356.8,971.527), (-1.23323,48.0842,284.381)
144.806, (1837.34,-356.8,971.527), (-1014.72,-5000,2905.53)
147.291, (1837.34,-356.8,971.527), (-2810.11,-5000,2686.21)
97.0406, (1837.34,-356.8,971.527), (1901.07,-316.8,923.033)
84.5549, (1837.34,-356.8,971.527), (1714.12,-383.31,1081.72)
63.0439, (1837.34,-356.8,971.527), (-1664.63,-5000,-75.6067)
22.2309, (1837.34,-356.8,971.527), (-749.677,-5000,-1841.7)
25.6013, (1837.34,-356.8,971.527), (1101.03,-5000,4789.06)
404.418, (1837.34,-356.8,971.527), (1263.13,6.12206,1331.03)
17.6411, (1837.34,-356.8,971.527), (-651.778,-5000,454.095)
129.46, (1837.34,-356.8,971.527), (1945.62,-396.8,883.946)
343.381, (1837.34,-356.8,971.527), (38.7632,22.8564,120.268)
121.051, (1837.34,-356.8,971.527), (526.466,-5000,-498.47)
14.1449, (1837.34,-356.8,971.527), (5000,-4028.84,2808.7)
11.0213, (1837.34,-356.8,971.527), (1825.34,-396.8,970.644)
191.245, (1837.34,-356.8,971.527), (1755.19,-377.766,1039.87)
19.9205, (1837.34,-356.8,971.527), (-824.063,-5000,-492.301)
8.52045, (1837.34,-356.8,971.527), (1871.33,-379.912,905.713)
116.144, (1837.34,-356.8,971.527), (673.607,-5000,4407.67)
103.942, (1837.34,-356.8,971.527), (308.027,-5000,-2086.65)
136.994, (1837.34,-356.8,971.527), (1154.36,-5000,2542.13)
22.5723, (1837.34,-356.8,971.527), (1012.75,-5000,4904.03)
32.7014, (1837.34,-356.8,971.527), (2022.36,-396.8,883.363)
72.4691, (1837.34,-356.8,971.527), (1632,-151.043,1118.89)
138.072, (1837.34,-356.8,971.527), (1636.44,-101.901,1115.89)
162.059, (1837.34,-356.8,971.527), (301.212,7.56456,1523.49)
92.7182, (1837.34,-356.8,971.527), (1079.62,-5000,-958.994)
209.79, (1837.34,-356.8,971.527), (1306.67,-5000,-3389.4)
25.6702, (1837.34,-356.8,971.527), (5000,-4496.18,3474.28)
60.0677, (1837.34,-356.8,971.527), (-7.78658,-2.20646,-199.795)
39.4555, (1837.34,-356.8,971.527), (-743.391,-5000,637.361)
101.911, (1837.34,-356.8,971.527), (1692.24,-316.8,1050.54)
132.182, (1837.34,-356.8,971.527), (1622.75,-91.4043,1121.77)
23.8387, (1837.34,-356.8,971.527), (1926.25,-5000,4277.22)
88.9543, (1837.34,-356.8,971.527), (-383.088,-5000,296.045)
165.021, (1837.34,-356.8,971.527), (21.8887,-39.3178,239.968)
74.7709, (1837.34,-356.8,971.527), (2013.81,-378.57,823.454)
51.0651, (1837.34,-356.8,971.527), (1173.71,-5.05492,1326.4)
105.587, (1837.34,-356.8,971.527), (4050.66,-5000,799.099)
65.7054, (1837.34,-356.8,971.527), (-949.166,-5000,762.193)
169.787, (1837.34,-356.8,971.527), (2289.27,-5000,-433.245)
86.2475, (1837.34,-356.8,971.527), (1576.41,-314.906,1085.51)
182.412, (1837.34,-356.8,971.527), (-454.776,-5000,2442.48)
109.387, (1837.34,-356.8,971.527), (-2690.48,-5000,2341.31)
208.243, (1837.34,-356.8,971.527), (170.117,-5000,1136.39)
51.8396, (1837.34,-356.8,971.527), (5000,-4093.21,2988.17)
215.855, (1837.34,-356.8,971.527), (3868.19,-5000,3512.18)
45.4484, (1837.34,-356.8,971.527), (-16.0299,-42.0481,79.9917)
6.24232, (1837.34,-356.8,971.527), (-23.0235,-9.74273,1212.28)
14.3113, (1837.34,-356.8,971.527), (1833.84,-316.8,989.731)
44.4027, (1837.34,-356.8,971.527), (3241.22,-5000,4609.57)
158.191, (1837.34,-356.8,971.527), (-1710.11,-5000,404.499)
56.2004, (1837.34,-356.8,971.527), (10.6741,-43.7157,-144.393)
124.694, (1837.34,-356.8,971.527), (1653.84,-5000,-1850.94)
123.292, (1837.34,-356.8,971.527), (-991.644,-5000,434.574)
272.68, (1837.34,-356.8,971.527), (4363.15,-5000,-780.726)
209.557, (1837.34,-356.8,971.527), (20.9605,-0.0203712,1152.52)
127.093, (1837.34,-356.8,971.527), (2071.3,-5000,-1561.69)
45.1361, (1837.34,-356.8,971.527), (1134.67,-5000,3280.54)
81.6603, (1837.34,-356.8,971.527), (1734.48,-327.206,991.176)
13.6777, (1837.34,-356.8,971.527), (1863.8,-369.413,1002.44)
50.8252, (1837.34,-356.8,971.527), (219.899,19.9533,1486.67)
56.0069, (1837.34,-356.8,971.527), (1579.7,-5000,1562.07)
148.15, (1837.34,-356.8,971.527), (-43.5679,11.2621,208.302)
105.656, (1837.34,-356.8,971.527), (3979.52,-5000,4720.25)
237.223, (1837.34,-356.8,971.527), (1111.36,-5000,2448.85)
183.024, (1837.34,-356.8,971.527), (2869.09,-5000,416.998)
195.318, (1837.34,-356.8,971.527), (1645.07,59.0967,1094.58)
19.3742, (1837.34,-356.8,971.527), (-150.156,-5000,732.752)
63.6488, (1837.34,-356.8,971.527), (5000,-3076.51,846.428)
199.281, (1837.34,-356.8,971.527), (-30.5528,-33.0383,244.561)
115.7, (1837.34,-356.8,971.527), (44.1924,8.48699,-188.973)
39.9482, (1837.34,-356.8,971.527), (-2146.76,-5000,2066.87)
288.412, (1837.34,-356.8,971.527), (-10.2899,43.8077,-291.098)
15.2834, (1837.34,-356.8,971.527), (-1427.15,-5000,3082.23)
187.634, (1837.34,-356.8,971.527), (1672.85,-356.176,1082.27)
46.1038, (1837.34,-356.8,971.527), (2129.02,-5000,4854.23)
220.32, (1837.34,-356.8,971.527), (2526.29,-5000,4279.12)
102.768, (1837.34,-356.8,971.527), (-23.2117,38.5515,2.10337)
39.9196, (1837.34,-356.8,971.527), (2048.09,-316.8,843.22)
175.166, (1837.34,-356.8,971.527), (1997.83,-321.75,832.675)
46.1148, (1837.34,-356.8,971.527), (-1792.27,-5000,90.6785)
14.9603, (1837.34,-356.8,971.527), (1473.67,-15.3246,1158.68)
385.317, (1837.34,-356.8,971.527), (-3.39103,24.769,795.934)
96.0206, (1837.34,-356.8,971.527), (2714.59,-5000,4756.2)
64.9603, (1837.34,-356.8,971.527), (5000,-4155.54,-335.161)
73.2406, (1837.34,-356.8,971.527), (-1849.78,-5000,3192.54)
16.4979, (1837.34,-356.8,971.527), (4676.2,-5000,727.293)
89.9995, (1837.34,-356.8,971.527), (-1800.09,-5000,-761.493)
96.8102, (1837.34,-356.8,971.527), (44.7488,-4.74857,18.1139)
81.8927, (1837.34,-356.8,971.527), (-41.5181,-5000,-1959.14)
73.8855, (1837.34,-356.8,971.527), (-725.041,-5000,-1107.2)
45.6832, (1837.34,-356.8,971.527), (-1987.11,-5000,3417.31)
19.491, (1837.34,-356.8,971.527), (1552.41,-5000,-360.023)
131.935, (1837.34,-356.8,971.527), (5.52216,-44.6599,-109.76)
30.2051, (1837.34,-356.8,971.527), (2397.88,-5000,-1849.9)
277.744, (1837.34,-356.8,971.527), (32.7725,-5000,1511.44)
8.86677, (1837.34,-356.8,971.527), (1756.35,-396.8,1063.39)
148.548, (1837.34,-356.8,971.527), (4697.38,-5000,836.37)
52.4072, (1837.34,-356.8,971.527), (-252.557,-5000,2547.76)
23.039, (1837.34,-356.8,971.527), (2067.91,-5000,4545.66)
73.5212, (1837.34,-356.8,971.527), (-3600.55,-5000,1388.66)
3.37459, (1837.34,-356.8,971.527), (5000,-2506.55,1437.37)
23.6926, (1837.34,-356.8,971.527), (5000,-2618.75,-601.338)
52.4392, (1837.34,-356.8,971.527), (2089.28,-5000,1571.16)
58.1138, (1837.34,-356.8,971.527), (-1327.35,-5000,-839.71)
214.588, (1837.34,-356.8,971.527), (3843.96,-5000,2604.28)
66.9426, (1837.34,-356.8,971.527), (1979.9,-319.349,916.441)
5.45094, (1837.34,-356.8,971.527), (1566.78,-6.42503,1099.84)
53.6757, (1837.34,-356.8,971.527), (-2043.31,-5000,2552.28)
4.11978, (1837.34,-356.8,971.527), (1408.88,-24.1867,1212.06)
13.6273, (1837.34,-356.8,971.527), (-2700.47,-5000,1229.31)
65.4633, (1837.34,-356.8,971.527), (-2375.69,-5000,238.615)
16.5653, (1837.34,-356.8,971.527), (5000,-3036.99,558.658)
285.752, (1837.34,-356.8,971.527), (13.8845,42.8045,88.9612)
4.37023, (1837.34,-356.8,971.527), (208.558,-5000,-1590.48)
19.3079, (1837.34,-356.8,971.527), (1162.36,-17.1824,1381.89)
4.46523, (1837.34,-356.8,971.527), (1951.31,-5000,1921.34)
110.052, (1837.34,-356.8,971.527), (3325.01,-5000,4040.34)
7.61911, (1837.34,-356.8,971.527), (-69.6155,-5000,-607.153)
8.54944, (1837.34,-356.8,971.527), (-2170.45,-5000,-1169.9)
150.376, (1837.34,-356.8,971.527), (-2922.21,-5000,1558.96)
135.262, (1837.34,-356.8,971.527), (-385.966,-5000,3933.67)
300.611, (1837.34,-356.8,971.527), (-32.5961,31.0241,211.518)
92.1554, (1837.34,-356.8,971.527), (1811.21,-396.8,973.709)
5.64982, (1837.34,-356.8,971.527), (2863.4,-5000,4740.31)
68.8124, (1837.34,-356.8,971.527), (1771.35,-386.274,1032)
73.4687, (1837.34,-356.8,971.527), (1911.55,-382.626,882.494)
171.153, (1837.34,-356.8,971.527), (-361.576,-5000,1579.23)
84.4374, (1837.34,-356.8,971.527), (-2922.79,-5000,1546.4)
53.0381, (1837.34,-356.8,971.527), (12.291,-5000,-156.161)
175.801, (1837.34,-356.8,971.527), (-29.9434,-5000,-1895.26)
345.144, (1837.34,-356.8,971.527), (1663.85,-406.8,1125.47)
303.977, (1837.34,-356.8,971.527), (1936.61,-316.8,924.243)
345.538, (1837.34,-356.8,971.527), (1964.28,-323.227,886.503)
1.62043, (1837.34,-356.8,971.527), (5000,-4959.48,3675.57)
428.629, (1837.34,-356.8,971.527), (-587.911,-5000,4115.16)
77.1124, (1837.34,-356.8,971.527), (-44.1799,8.55222,156.889)
100.497, (1837.34,-356.8,971.527), (1654.85,-5000,610.418)
140.958, (1837.34,-356.8,971.527), (863.629,-5000,3757.64)
165.79, (1837.34,-356.8,971.527), (-8.1525,38.2159,-146.537)
29.5662, (1837.34,-356.8,971.527), (1784.55,-5000,1098.06)
40.0577, (1837.34,-356.8,971.527), (1426.02,-2.05866,1210.8)
259.181, (1837.34,-356.8,971.527), (2071.21,-362.285,812.455)
34.3473, (1837.34,-356.8,971.527), (2174.44,-5000,2436.42)
43.2063, (1837.34,-356.8,971.527), (1732.49,-373.708,1078.25)
55.1689, (1837.34,-356.8,971.527), (1640.96,-311.794,1131.64)
54.4736, (1837.34,-356.8,971.527), (-687.197,-5000,3957.68)
129.73, (1837.34,-356.8,971.527), (943.938,-5000,3032.37)
30.7339, (1837.34,-356.8,971.527), (3521.89,-5000,1126.48)
241.127, (1837.34,-356.8,971.527), (775.331,-24.9016,1587.23)
382.328, (1837.34,-356.8,971.527), (1715.77,-382.884,1069.22)
92.0654, (1837.34,-356.8,971.527), (5000,-3696.55,2372.61)
92.7924, (1837.34,-356.8,971.527), (1919.02,-5000,2011.86)
282.417, (1837.34,-356.8,971.527), (1459.6,23.6854,1198.85)
178.382, (1837.34,-356.8,971.527), (-1883.66,-5000,-193.973)
236.49, (1837.34,-356.8,971.527), (1771.11,-327.058,963.573)
64.0232, (1837.34,-356.8,971.527), (40.704,-0.848041,4.86152)
162.34, (1837.34,-356.8,971.527), (35.5332,-24.726,-11.0891)
19.3169, (1837.34,-356.8,971.527), (-1282.95,-5000,-2008.8)
98.5987, (1837.34,-356.8,971.527), (568.926,-20.7157,1707.86)
260.179, (1837.34,-356.8,971.527), (-1080.76,-5000,229.8)
50.2948, (1837.34,-356.8,971.527), (1868.41,-368.962,972.652)
81.5312, (1837.34,-356.8,971.527), (1625.22,-90.2768,1117.06)
157.067, (1837.34,-356.8,971.527), (5000,-2824.79,1930.68)
18.6729, (1837.34,-356.8,971.527), (-180.402,-5000,3056.53)
68.3449, (1837.34,-356.8,971.527), (4288.81,-5000,677.667)
66.5304, (1837.34,-356.8,971.527), (-1174.23,-5000,-1139.72)
44.0711, (1837.34,-356.8,971.527), (3725.65,-5000,4022.98)
42.2759, (1837.34,-356.8,971.527), (5000,-4946.5,1231.15)
151.571, (1837.34,-356.8,971.527), (1638.7,26.5,1092.12)
67.1159, (1837.34,-356.8,971.527), (5000,-2430.54,250.642)
59.2186, (1837.34,-356.8,971.527), (3653.16,-5000,-2115.02)
97.4942, (1837.34,-356.8,971.527), (2065.9,-5000,-1539.67)
19.019, (1837.34,-356.8,971.527), (575.454,-3.89261,1668.47)
66.1681, (1837.34,-356.8,971.527), (1643.24,25.8064,1106.57)
67.3167, (1837.34,-356.8,971.527), (22.4486,-11.0027,1306.04)
56.0664, (1837.34,-356.8,971.527), (1638.31,-366.581,1144.17)
41.5391, (1837.34,-356.8,971.527), (1694.52,-388.725,1007.79)
147.022, (1837.34,-356.8,971.527), (1068.34,-5000,-1368.27)
38.7871, (1837.34,-356.8,971.527), (-2183.36,-5000,3073.23)
24.5368, (1837.34,-356.8,971.527), (387.366,-5000,794.29)
22.4206, (1837.34,-356.8,971.527), (29.0719,38.3256,216.926)
15.4432, (1837.34,-356.8,971.527), (2016.32,-316.8,828.989)
175.318, (1837.34,-356.8,971.527), (-396.19,-5000,1170.01)
148.107, (1837.34,-356.8,971.527), (-299.742,-5000,1609)
10.6054, (1837.34,-356.8,971.527), (5000,-3738.12,898.296)
142.739, (1837.34,-356.8,971.527), (971.469,-20.298,1488.29)
156.155, (1837.34,-356.8,971.527), (1673.82,-396.8,1095.42)
35.4705, (1837.34,-356.8,971.527), (795.462,-5000,2000.49)
77.6989, (1837.34,-356.8,971.527), (1699.93,-390.031,1057.29)
190.215, (1837.34,-356.8,971.527), (1557.77,-5000,-1207.77)
234.867, (1837.34,-356.8,971.527), (1073.07,-24.4287,1418.91)
77.8835, (1837.34,-356.8,971.527), (2005.56,-5000,2218.1)
100.287, (1837.34,-356.8,971.527), (-38.8639,-5000,3643.98)
16.4476, (1837.34,-356.8,971.527), (-2960.43,-5000,3217.5)
63.7562, (1837.34,-356.8,971.527), (-1387.14,-5000,1008.78)
477.712, (1837.34,-356.8,971.527), (-2568.38,-5000,777.894)
73.8802, (1837.34,-356.8,971.527), (-8.20447,-0.482829,926.982)
82.3463, (1837.34,-356.8,971.527), (-1172.27,-5000,3141.57)
162.59, (1837.34,-356.8,971.527), (1533.1,18.144,1127.32)
110.689, (1837.34,-356.8,971.527), (22.2051,39.1399,-97.4644)
233.921, (1837.34,-356.8,971.527), (-595.198,-5000,-291.638)
171.692, (1837.34,-356.8,971.527), (2709.74,-5000,2379.91)
92.0646, (1837.34,-356.8,971.527), (1466.39,-5000,-886.841)
128.824, (1837.34,-356.8,971.527), (1896.69,-5000,1241.14)
14.5172, (1837.34,-356.8,971.527), (1470.41,-5000,3881.69)
81.8792, (1837.34,-356.8,971.527), (1977.87,-377.727,918.729)
151.716, (1837.34,-356.8,971.527), (5000,-3702.35,2779.25)
63.7216, (1837.34,-356.8,971.527), (-924.832,-5000,155.596)
110.313, (1837.34,-356.8,971.527), (1963.91,-343.648,944.635)
4.83939, (1837.34,-356.8,971.527), (-409.38,-5000,-2612.92)
5.82716, (1837.34,-356.8,971.527), (1711.07,-395.906,1062.48)
156.959, (1837.34,-356.8,971.527), (44.0818,9.04427,-40.9591)
120.899, (1837.34,-356.8,971.527), (-1402.56,-5000,2668.39)
9.92506, (1837.34,-356.8,971.527), (3678.96,-5000,-2588.09)
75.9164, (1837.34,-356.8,971.527), (3492.58,-5000,1533.07)
88.6815, (1837.34,-356.8,971.527), (1615.24,-381.772,1107.3)
144.531, (1837.34,-356.8,971.527), (-1848.1,-5000,260.586)
39.475, (1837.34,-356.8,971.527), (-1343.96,-5000,4031.69)
92.0899, (1837.34,-356.8,971.527), (8.0156,-44.2804,-147.003)
55.9376, (1837.34,-356.8,971.527), (1605.65,-197.356,1076.56)
7.30383, (1837.34,-356.8,971.527), (1914.07,-396.8,946.106)
49.185, (1837.34,-356.8,971.527), (-1538.05,-5000,324.102)
61.6282, (1837.34,-356.8,971.527), (-43.3817,11.9596,81.1361)
117.077, (1837.34,-356.8,971.527), (-1724.46,-5000,2036.8)
198.343, (1837.34,-356.8,971.527), (3520.81,-5000,184.385)
114.3, (1837.34,-356.8,971.527), (2564.97,-5000,-575.098)
66.7008, (1837.34,-356.8,971.527), (1595.79,-88.45,1091.42)
59.5527, (1837.34,-356.8,971.527), (1727.85,-396.8,1036.78)
133.465, (1837.34,-356.8,971.527), (60.3234,8.7117,1394.54)
191.401, (1837.34,-356.8,971.527), (-1632.44,-5000,4705.86)
239.104, (1837.34,-356.8,971.527), (-24.8895,2.34803,507.982)
26.079, (1837.34,-356.8,971.527), (2571.87,-5000,-1101.74)
