17.8153, (0,0,0), (-3.33267,-29.5177,96.4523)
34.3293, (0,0,0), (42.4529,14.9248,-242.997)
122.521, (0,0,0), (-41.6808,-16.9621,-33.7375)
6.3288, (0,0,0), (36.3685,-26.5016,-119.232)
244.075, (0,0,0), (15.2572,-3.38945,250)
20.2745, (0,0,0), (-7.56041,44.3603,65.8057)
16.537, (0,0,0), (-28.5614,34.7743,-62.5324)
36.7822, (0,0,0), (-36.9203,-25.7272,235.54)
14.9949, (0,0,0), (-36.7735,25.9366,25.0383)
87.51, (0,0,0), (0.135666,15.7191,-250)
91.6359, (0,0,0), (6.77309,-44.4874,-14.7767)
59.0108, (0,0,0), (-0.00183344,45,-156.264)
9.27622, (0,0,0), (6.51382,-44.5261,-167.006)
111.652, (0,0,0), (12.5708,-43.2085,-181.324)
5.50183, (0,0,0), (-3.41298,-44.8704,116.88)
44.9938, (0,0,0), (1.37568,40.2669,250)
1.76229, (0,0,0), (-35.1629,28.0815,-222.444)
10.7425, (0,0,0), (44.6955,-5.22606,63.2005)
67.1979, (0,0,0), (20.9546,-39.8234,-4.95966)
45.8468, (0,0,0), (43.6073,-11.1086,-237.853)
85.368, (0,0,0), (11.0636,43.6188,213.16)
51.5768, (0,0,0), (-42.2717,15.4305,-226.071)
19.1998, (0,0,0), (-10.5763,-43.7395,-74.7753)
213.99, (0,0,0), (-15.1208,-42.3835,232.309)
195.235, (0,0,0), (-37.2975,-25.1773,-235.521)
199.758, (0,0,0), (2.74508,38.162,250)
117.961, (0,0,0), (2.60639,44.9245,-86.3326)
110.336, (0,0,0), (0.0323064,28.6324,134.387)
132.841, (0,0,0), (0.378412,-44.9984,-57.1949)
2.26202, (0,0,0), (-5.663,21.5795,222.598)
2.17195, (0,0,0), (41.4267,17.5735,-101.541)
10.2023, (0,0,0), (-14.5317,-42.5891,168.884)
140.09, (0,0,0), (43.6578,10.9087,144.577)
48.1498, (0,0,0), (40.1865,20.2496,121.443)
22.701, (0,0,0), (-2.50226,-44.9304,-218.172)
95.7367, (0,0,0), (20.2226,-22.6687,-17.5378)
17.9143, (0,0,0), (21.8955,39.314,29.6818)
213.514, (0,0,0), (40.1001,-20.4202,41.1264)
153.673, (0,0,0), (23.1391,-38.5951,-27.8934)
0.863795, (0,0,0), (34.8959,-19.9927,-226.509)
130.837, (0,0,0), (-3.81417,44.8381,77.4609)
6.77052, (0,0,0), (-29.1384,-34.2921,154.655)
192.151, (0,0,0), (-0.154151,44.9997,-225.683)
107.903, (0,0,0), (17.7544,-41.3495,107.04)
161.278, (0,0,0), (-9.81758,43.916,-69.4943)
44.931, (0,0,0), (-31.3864,-32.2474,-132.993)
51.4668, (0,0,0), (23.3372,38.4756,5.62212)
97.8834, (0,0,0), (-9.83178,-35.0965,250)
72.2361, (0,0,0), (-8.52651,44.1848,51.4781)
65.7719, (0,0,0), (-9.7246,-43.9367,-109.118)
78.0954, (0,0,0), (33.3378,30.2256,-124.983)
4.80924, (0,0,0), (10.951,43.6472,-223.529)
144.566, (0,0,0), (-18.304,-25.4027,-250)
13.0802, (0,0,0), (0.0892806,24.3686,-250)
162.728, (0,0,0), (12.8087,-43.1386,-87.7102)
11.1142, (0,0,0), (2.33081,-44.9396,246.947)
45.2033, (0,0,0), (-27.1399,-35.8947,108.944)
10.9687, (0,0,0), (3.01747,-44.8987,60.6039)
50.9989, (0,0,0), (-40.9128,-18.7387,-199.152)
976.415, (0,0,0), (-0.240743,21.7099,-233.138)
15.3807, (0,0,0), (-15.3566,42.2986,-192.178)
66.9357, (0,0,0), (-0.758582,0.793186,-118.854)
123.254, (0,0,0), (39.9686,-20.6764,-75.997)
23.7692, (0,0,0), (16.1361,-42.0075,14.9653)
169.333, (0,0,0), (9.41252,-44.0046,133.36)
48.6788, (0,0,0), (-20.8546,31.3342,250)
14.8685, (0,0,0), (-0.145915,-44.9998,-228.819)
0.908552, (0,0,0), (-25.7377,-36.913,96.2709)
8.36258, (0,0,0), (3.46535,44.8664,135.426)
106.914, (0,0,0), (27.9503,-35.2673,-223.022)
59.3372, (0,0,0), (7.18873,-44.4221,92.8176)
48.1699, (0,0,0), (-27.446,35.6611,-192.343)
14.5416, (0,0,0), (-15.3685,-42.2943,-199.548)
31.5946, (0,0,0), (1.25883,24.861,-66.3459)
4.17255, (0,0,0), (7.49079,44.3722,169.361)
128.254, (0,0,0), (24.24,37.9134,-140.377)
105.816, (0,0,0), (7.65815,-44.3436,-156.289)
40.1508, (0,0,0), (-42.1826,15.6725,80.7566)
74.4095, (0,0,0), (-33.1729,-30.4066,-200.476)
188.213, (0,0,0), (-1.09903,44.9866,12.8934)
264.423, (0,0,0), (14.3746,-42.6424,-195.004)
404.703, (0,0,0), (19.686,-40.4656,-206.48)
62.9247, (0,0,0), (13.6496,42.8799,175.844)
19.9818, (0,0,0), (-27.4563,-35.6532,-195.171)
24.6782, (0,0,0), (29.8578,33.6676,4.86958)
24.742, (0,0,0), (-5.56134,-44.655,-21.0318)
31.4208, (0,0,0), (22.9882,-38.6852,138.913)
12.0848, (0,0,0), (-22.3244,39.072,-92.1435)
114.416, (0,0,0), (1.69534,44.9681,-224.149)
36.9179, (0,0,0), (0.481372,4.9924,-250)
66.3225, (0,0,0), (14.7302,42.5208,-145.945)
18.3029, (0,0,0), (-43.3869,-11.9406,-182.655)
89.0513, (0,0,0), (6.73442,44.4932,236.367)
152.82, (0,0,0), (-7.90422,11.4498,-250)
24.4332, (0,0,0), (-19.548,40.5324,-238.063)
20.3288, (0,0,0), (-21.5235,-39.5188,-39.6239)
54.5112, (0,0,0), (-17.4474,-41.48,98.8229)
125.473, (0,0,0), (9.61871,-43.96,50.3101)
213.481, (0,0,0), (3.85631,5.0927,-250)
18.6671, (0,0,0), (24.4613,37.7709,99.6678)
8.67687, (0,0,0), (40.5963,19.415,247.914)
10.0518, (0,0,0), (-40.2046,-20.2137,191.479)
36.4691, (0,0,0), (24.9456,-37.4528,-97.8161)
90.676, (0,0,0), (8.24077,-44.239,-236.601)
203.463, (0,0,0), (-6.81803,20.9169,-250)
44.2252, (0,0,0), (-43.6715,-10.8536,248.876)
30.821, (0,0,0), (17.0251,-41.6551,-180.852)
77.3517, (0,0,0), (13.5228,42.9201,-82.7402)
113.016, (0,0,0), (-41.7869,-16.6989,-54.233)
157.393, (0,0,0), (-0.14568,-21.3774,-246.731)
69.2073, (0,0,0), (14.6228,-30.0049,-250)
66.2078, (0,0,0), (44.8713,-3.40128,-201.978)
65.4193, (0,0,0), (-2.19971,13.1342,-220.685)
26.064, (0,0,0), (29.2937,34.1596,-21.0722)
5.38732, (0,0,0), (4.43318,34.04,-250)
57.8806, (0,0,0), (-34.9976,28.2872,-109.071)
236.567, (0,0,0), (-31.5741,-32.0636,60.2868)
5.23891, (0,0,0), (-35.5599,27.577,-197.631)
408.707, (0,0,0), (0.815746,44.9926,125.875)
0.515698, (0,0,0), (-11.8079,43.4232,-23.2191)
493.776, (0,0,0), (4.4644,-16.1947,113.634)
40.8886, (0,0,0), (12.0978,-43.3433,-162.735)
9.08197, (0,0,0), (-22.3452,39.0601,-70.5826)
7.91618, (0,0,0), (-17.3252,-41.5312,191.504)
171.913, (0,0,0), (5.62821,-44.6466,219.891)
100.039, (0,0,0), (-5.17531,15.222,250)
50.7503, (0,0,0), (-27.7316,14.2718,-4.17253)
202.436, (0,0,0), (42.3445,15.2296,15.5843)
47.6602, (0,0,0), (-14.7002,42.5312,-124.681)
24.6975, (0,0,0), (-40.3241,19.9741,95.0063)
19.1872, (0,0,0), (3.89062,44.8315,108.029)
41.2076, (0,0,0), (43.3557,12.0533,189.561)
94.455, (0,0,0), (0.756731,-44.9936,-89.2613)
0.298093, (0,0,0), (37.9283,24.2165,13.9041)
101.822, (0,0,0), (6.747,-44.4913,28.3488)
22.9911, (0,0,0), (0.384043,0.22263,250)
100.937, (0,0,0), (25.9866,-36.7382,-51.041)
195.889, (0,0,0), (-38.5206,-23.2628,-209.554)
0.607254, (0,0,0), (-4.68649,-44.7553,-38.2575)
24.5549, (0,0,0), (7.43358,-44.3818,195.075)
20.6403, (0,0,0), (-7.51578,-19.3429,-34.0496)
63.3303, (0,0,0), (-27.3482,-35.7362,-124.677)
263.973, (0,0,0), (-3.5475,44.86,-209.24)
0.942392, (0,0,0), (31.0912,32.5321,75.9713)
65.1577, (0,0,0), (0.945618,7.04132,-250)
71.1771, (0,0,0), (19.9033,-40.3591,-177.461)
5.25502, (0,0,0), (24.9108,-37.476,-196.84)
466.135, (0,0,0), (7.42412,24.2193,250)
39.1695, (0,0,0), (2.56245,31.9328,52.2083)
20.7897, (0,0,0), (-27.2314,-35.8253,90.628)
192.457, (0,0,0), (-12.0425,-43.3587,38.2156)
6.13682, (0,0,0), (0.101889,44.9999,182.676)
8.92287, (0,0,0), (29.6477,-33.8528,235.148)
111.454, (0,0,0), (-41.7099,-16.8905,76.5725)
69.3542, (0,0,0), (-7.0235,-6.49411,101.014)
105.922, (0,0,0), (1.5494,-44.9733,-238.791)
57.9807, (0,0,0), (5.59883,-22.127,250)
15.8234, (0,0,0), (-17.7737,-38.4593,-250)
14.7446, (0,0,0), (35.962,13.5618,-250)
221.869, (0,0,0), (1.24995,-44.9826,107.862)
102.006, (0,0,0), (-20.1248,-40.2491,-130.607)
108.833, (0,0,0), (1.90517,-44.9597,-232.19)
248.246, (0,0,0), (34.4746,28.9223,-9.28827)
92.1761, (0,0,0), (18.0531,41.22,-29.51)
8.65704, (0,0,0), (-23.7394,-38.2288,24.7774)
108.032, (0,0,0), (-0.260627,12.5651,-143.246)
22.8785, (0,0,0), (35.6606,27.4467,-169.536)
21.633, (0,0,0), (-23.134,38.5982,-83.1305)
18.4749, (0,0,0), (16.8283,-41.735,242.648)
36.9599, (0,0,0), (42.3577,15.193,-196.057)
3.04473, (0,0,0), (43.2389,-12.4657,-108.149)
14.772, (0,0,0), (29.8521,-33.6727,-230.826)
82.8109, (0,0,0), (-36.2918,-26.6065,193.177)
241.241, (0,0,0), (9.76621,-43.9275,-117.034)
37.9763, (0,0,0), (-6.77513,-44.487,-198.234)
0.494082, (0,0,0), (-2.27527,44.9424,-121.975)
16.0568, (0,0,0), (7.65336,-9.19864,161.774)
154.397, (0,0,0), (14.0935,42.7361,-193.393)
6.5436, (0,0,0), (25.0776,-37.3646,-183.4)
555.308, (0,0,0), (26.8951,-30.254,123.479)
6.56264, (0,0,0), (-24.0543,-28.1802,250)
312.883, (0,0,0), (-4.56879,-12.0095,67.4613)
16.4628, (0,0,0), (-40.2061,-20.2106,-205.622)
147.662, (0,0,0), (31.1614,32.4649,-4.24492)
58.288, (0,0,0), (-11.9054,-12.879,30.8602)
82.2603, (0,0,0), (1.72954,-44.9668,-150.386)
36.5625, (0,0,0), (-44.565,-6.24197,-227.468)
54.5564, (0,0,0), (-43.8406,-10.1491,243.501)
161.197, (0,0,0), (-13.5705,-21.9172,-203.774)
205.851, (0,0,0), (-22.4199,2.88188,250)
127.713, (0,0,0), (-0.977211,-44.9894,-35.0558)
1.89816, (0,0,0), (31.1482,-32.4776,112.508)
214.455, (0,0,0), (-17.0515,-41.6443,-222.52)
109.196, (0,0,0), (9.12045,-44.0661,38.4716)
88.572, (0,0,0), (44.079,9.05788,-158.656)
65.2781, (0,0,0), (-41.386,-17.6693,183.293)
146.681, (0,0,0), (0.202077,44.9995,-94.2679)
81.6238, (0,0,0), (25.5734,37.027,109.202)
217.681, (0,0,0), (-26.3823,5.8939,-11.4016)
112.638, (0,0,0), (-7.4585,-44.3776,101.679)
70.6735, (0,0,0), (25.6998,-21.3352,-250)
14.8611, (0,0,0), (-40.7058,-19.1842,-32.6097)
68.3106, (0,0,0), (-7.44116,-34.9302,-250)
54.0317, (0,0,0), (-39.1003,22.2748,-185.262)
154.956, (0,0,0), (-41.26,17.9613,73.6761)
18.1246, (0,0,0), (28.2806,-35.003,-140.921)
14.7411, (0,0,0), (25.9695,-36.7503,134.626)
43.0578, (0,0,0), (7.72457,-30.0494,100.734)
47.7246, (0,0,0), (44.9915,-0.876306,167.395)
311.375, (0,0,0), (-39.1643,-22.1621,-248.425)
1.23922, (0,0,0), (40.7199,-19.1544,-89.2984)
100.876, (0,0,0), (-6.33624,-44.5517,-13.6091)
27.1581, (0,0,0), (-37.5918,24.7358,-166.778)
4.11711, (0,0,0), (39.5987,-21.3762,145.124)
90.8031, (0,0,0), (-1.20912,-44.9838,14.7681)
115.242, (0,0,0), (44.7251,-4.96618,23.7522)
39.0669, (0,0,0), (-4.19818,-16.0989,-250)
10.6938, (0,0,0), (2.93173,-44.9044,249.482)
14.9011, (0,0,0), (44.988,-1.04039,88.408)
180.491, (0,0,0), (-9.30724,44.027,68.2844)
22.2088, (0,0,0), (13.5343,42.9165,116.155)
20.6721, (0,0,0), (-6.28586,44.5588,214.926)
103.145, (0,0,0), (-22.4354,-39.0084,-86.3362)
83.5417, (0,0,0), (22.0181,-39.2454,19.8796)
94.4146, (0,0,0), (-6.33593,-44.5517,-176.678)
102.613, (0,0,0), (1.03376,-44.9881,131.201)
96.9559, (0,0,0), (27.0441,-10.7172,250)
108.161, (0,0,0), (43.718,10.6645,12.1259)
271.032, (0,0,0), (41.5257,-17.3382,-62.3579)
106.111, (0,0,0), (15.0057,42.4244,-124.757)
55.3691, (0,0,0), (-42.3123,15.3188,-127.861)
137.233, (0,0,0), (-13.8294,-42.8223,186.291)
17.1675, (0,0,0), (-27.5477,-35.5827,-87.5261)
36.6356, (0,0,0), (-5.02428,44.7186,-70.3318)
119.018, (0,0,0), (22.7583,38.8209,113.396)
25.9999, (0,0,0), (-14.662,-42.5444,-73.0608)
70.4562, (0,0,0), (-43.5312,11.4033,-189.141)
83.6689, (0,0,0), (-35.7,27.3954,-157.452)
11.5637, (0,0,0), (-27.278,35.7898,-61.7419)
5.71892, (0,0,0), (4.93827,44.7282,-45.5912)
33.0879, (0,0,0), (-7.02383,-44.4485,96.503)
17.5749, (0,0,0), (-44.9993,0.258692,-232.864)
368.73, (0,0,0), (-28.8508,-19.1061,-250)
33.4102, (0,0,0), (-16.7855,14.9426,-128.294)
108.017, (0,0,0), (17.2758,-41.5517,-42.3531)
29.4638, (0,0,0), (-23.1814,-38.5697,198.545)
227.441, (0,0,0), (7.05842,-44.443,45.6628)
26.3054, (0,0,0), (-6.91985,-44.4648,186.446)
4.32219, (0,0,0), (-37.9054,24.2525,-145.609)
43.3485, (0,0,0), (40.625,19.3547,-196.984)
69.2817, (0,0,0), (-14.8778,18.0472,250)
23.2383, (0,0,0), (-28.9296,-27.5061,250)
7.39155, (0,0,0), (38.1397,23.8822,-203.805)
119.139, (0,0,0), (8.66953,-44.157,61.5997)
81.8798, (0,0,0), (-15.0123,31.7334,250)
113.532, (0,0,0), (3.10113,44.893,209.57)
127.703, (0,0,0), (1.28743,-44.9816,68.8122)
168.337, (0,0,0), (10.4844,-43.7616,-21.2878)
12.7976, (0,0,0), (-32.5446,-31.0781,205.511)
33.2365, (0,0,0), (44.9316,2.48028,-186.942)
2.38289, (0,0,0), (-29.2237,-34.2196,-228.546)
361.744, (0,0,0), (23.8567,38.1557,193.948)
356.395, (0,0,0), (39.7251,17.9268,-250)
153.793, (0,0,0), (5.3284,-44.6834,-247.303)
40.5213, (0,0,0), (-43.0348,-13.1531,-99.6601)
413.257, (0,0,0), (-1.67355,-44.9689,121.409)
130.752, (0,0,0), (-25.5297,-0.74437,250)
10.383, (0,0,0), (-1.75236,-3.44823,209.839)
21.2403, (0,0,0), (41.7105,-16.8889,-171.18)
70.2144, (0,0,0), (-33.4258,-30.1284,73.8696)
525.165, (0,0,0), (32.5181,-31.1058,93.4589)
31.9049, (0,0,0), (-1.33343,-44.9802,-153.587)
50.4933, (0,0,0), (36.3461,26.5323,-168.395)
62.1845, (0,0,0), (-14.4947,-42.6017,-16.7393)
0.736705, (0,0,0), (8.85278,-44.1206,90.408)
28.2776, (0,0,0), (-3.30978,44.8781,-167.619)
25.424, (0,0,0), (0.706971,-44.9944,-214.697)
136.981, (0,0,0), (22.1203,39.1879,-236.011)
21.8877, (0,0,0), (17.9593,-41.2609,189.074)
6.38849, (0,0,0), (-6.72868,-17.0537,-151.591)
189.085, (0,0,0), (-25.9007,-36.7988,-109.317)
131.749, (0,0,0), (-5.48314,44.6647,-71.9255)
17.178, (0,0,0), (1.68779,-1.41147,5.52819)
17.3374, (0,0,0), (-38.1889,23.8035,-92.1557)
237.048, (0,0,0), (9.38623,-44.0102,165.97)
128.849, (0,0,0), (-9.91094,-31.9237,250)
88.9553, (0,0,0), (25.4047,37.143,228.336)
51.1926, (0,0,0), (44.3914,-7.37596,-37.2968)
66.896, (0,0,0), (-9.60253,-43.9635,18.9987)
43.8041, (0,0,0), (-44.7426,-4.80628,86.3229)
107.973, (0,0,0), (4.81002,-44.7422,-16.618)
34.3537, (0,0,0), (2.27039,44.9427,220.965)
8.92097, (0,0,0), (4.4334,15.7401,30.2365)
5.30011, (0,0,0), (-20.9216,39.8407,-106.518)
61.4428, (0,0,0), (-36.3042,26.5896,-180.957)
148.554, (0,0,0), (-2.9332,44.9043,-185.944)
182.984, (0,0,0), (1.93669,-13.6729,250)
17.4557, (0,0,0), (4.09449,-23.5425,75.2307)
144.962, (0,0,0), (-15.9405,-13.6469,250)
111.656, (0,0,0), (42.3372,15.2499,208.127)
24.1525, (0,0,0), (8.29659,-35.6319,-187.659)
31.8579, (0,0,0), (40.7494,19.0915,-62.9862)
23.1329, (0,0,0), (19.6197,-40.4978,183.004)
240.578, (0,0,0), (23.0729,38.6347,125.269)
284.644, (0,0,0), (0.26939,25.1307,250)
26.5826, (0,0,0), (1.92405,-44.9588,-90.5073)
8.19995, (0,0,0), (11.5929,43.4811,223.665)
7.4036, (0,0,0), (4.13094,44.81,-201.296)
1.33115, (0,0,0), (-35.0795,-28.1856,123.428)
95.9066, (0,0,0), (-26.129,31.5735,250)
9.003, (0,0,0), (-34.5244,-28.8629,-83.467)
379.285, (0,0,0), (11.6754,-43.459,18.17)
52.7648, (0,0,0), (31.1243,-32.5005,-208.648)
49.3491, (0,0,0), (-5.48706,-4.94531,-64.7884)
49.0956, (0,0,0), (-23.7774,-38.2052,-210.57)
23.7253, (0,0,0), (-9.5983,-43.9644,85.5809)
47.062, (0,0,0), (10.2966,-43.8062,-38.7054)
31.5055, (0,0,0), (-42.2674,15.4423,-188.95)
455.268, (0,0,0), (39.6277,21.3224,148.91)
215.078, (0,0,0), (-13.1749,43.0282,10.8685)
49.5385, (0,0,0), (42.4812,-14.8442,-222.871)
75.3889, (0,0,0), (12.4995,-43.2292,-236.999)
26.3887, (0,0,0), (-15.9873,-42.0643,132.075)
11.8364, (0,0,0), (-2.50853,-2.364,22.038)
40.6757, (0,0,0), (42.8137,-13.8559,159.069)
7.24821, (0,0,0), (3.55349,-44.8595,90.0341)
7.01286, (0,0,0), (-13.9542,21.9374,26.5004)
8.77887, (0,0,0), (-31.9615,-31.6775,146.082)
93.7813, (0,0,0), (-41.781,16.7137,-33.5056)
107.127, (0,0,0), (-7.31292,44.4018,-183.835)
90.5112, (0,0,0), (44.631,-5.75093,-180.29)
5.69907, (0,0,0), (-38.4929,23.3088,-211.661)
47.0909, (0,0,0), (-15.483,-15.6094,81.4976)
174.876, (0,0,0), (-1.52069,44.9743,158.286)
167.34, (0,0,0), (3.66045,-1.12684,201.035)
38.8246, (0,0,0), (-0.0761912,44.9999,-79.4037)
29.1485, (0,0,0), (-21.6922,39.4265,151.231)
4.53968, (0,0,0), (-0.855502,44.9919,-133.433)
179.431, (0,0,0), (6.64738,40.2861,250)
9.02698, (0,0,0), (-0.3589,-44.9986,105.186)
20.3238, (0,0,0), (33.4905,30.0564,-99.7888)
26.7368, (0,0,0), (-3.58119,44.8573,-53.4579)
131.81, (0,0,0), (1.67634,44.9688,145.146)
19.6279, (0,0,0), (44.6879,-5.29038,-141.844)
305.612, (0,0,0), (13.6005,19.0555,250)
42.814, (0,0,0), (1.00494,-20.7916,62.3488)
10.7895, (0,0,0), (-13.0919,43.0535,-210.068)
29.2412, (0,0,0), (19.1004,-40.7453,211.513)
54.3064, (0,0,0), (-5.2421,-44.6936,-40.989)
49.3293, (0,0,0), (-17.5717,14.9504,250)
0.257286, (0,0,0), (-32.1046,31.5324,-33.4132)
8.48157, (0,0,0), (13.0754,-43.0585,-147.506)
69.2961, (0,0,0), (2.92397,-44.2024,31.4094)
2.90511, (0,0,0), (-12.943,-43.0985,-62.2076)
102.372, (0,0,0), (-2.72948,-44.9171,215.311)
29.863, (0,0,0), (-42.3823,-15.1243,-187.878)
584.75, (0,0,0), (-21.6147,26.3474,-250)
11.7687, (0,0,0), (0.953648,44.9899,117.247)
30.4602, (0,0,0), (-20.0884,40.2673,-44.0224)
37.4548, (0,0,0), (-12.683,-43.1757,67.4762)
31.1027, (0,0,0), (38.0512,5.6379,-250)
172.617, (0,0,0), (16.0025,-2.35336,250)
28.8198, (0,0,0), (-12.6423,-43.1876,240.857)
15.2064, (0,0,0), (-32.2892,-31.3434,136.648)
35.1758, (0,0,0), (-1.52977,-44.974,-105.493)
4.07344, (0,0,0), (-7.30243,-44.4035,136.211)
77.5943, (0,0,0), (-4.7639,35.8269,250)
8.03513, (0,0,0), (11.6451,-43.4671,42.3922)
1.34578, (0,0,0), (18.6301,40.9624,-88.1406)
3.14761, (0,0,0), (2.59864,-44.9249,36.9929)
2.27839, (0,0,0), (27.0695,35.9477,40.413)
24.9627, (0,0,0), (-16.2068,41.9802,-130.251)
96.2877, (0,0,0), (-19.0266,40.7798,21.2385)
44.5201, (0,0,0), (-13.1669,43.0306,102.884)
33.3831, (0,0,0), (14.02,-42.7603,-69.489)
2.82877, (0,0,0), (10.5767,43.7394,-220.291)
82.5605, (0,0,0), (28.3965,34.909,103.672)
23.049, (0,0,0), (1.87612,-44.9609,110.076)
23.5017, (0,0,0), (-24.504,-16.0107,250)
29.7111, (0,0,0), (-30.9053,-32.7088,182.3)
21.6097, (0,0,0), (-8.06065,-44.2722,-50.7217)
33.1836, (0,0,0), (-12.8337,-43.1311,-81.9948)
74.3862, (0,0,0), (4.19694,-44.8039,209.839)
0.0124478, (0,0,0), (42.9651,13.3791,30.3059)
60.9065, (0,0,0), (28.5096,-25.0403,250)
8.66606, (0,0,0), (-12.1863,-43.3185,163.11)
13.078, (0,0,0), (-15.413,42.2781,201.651)
23.8845, (0,0,0), (6.7662,44.4884,-183.787)
117.95, (0,0,0), (1.71147,-44.9674,-36.277)
76.6753, (0,0,0), (-31.4799,-32.1561,-134.52)
77.4432, (0,0,0), (-31.3476,-32.2851,-143.714)
212.345, (0,0,0), (0.00633948,-11.5834,-62.3316)
44.7284, (0,0,0), (4.12973,-15.2253,250)
31.3461, (0,0,0), (-4.19748,-44.8038,227.417)
37.2559, (0,0,0), (26.7343,-36.1978,10.1049)
2.69067, (0,0,0), (-27.6252,-35.5225,191.94)
12.5897, (0,0,0), (-33.2431,30.3298,-134.876)
44.782, (0,0,0), (-25.4898,37.0846,21.0869)
57.9711, (0,0,0), (-19.5293,40.5414,-245.654)
12.959, (0,0,0), (-13.8875,-42.8035,50.4238)
437.223, (0,0,0), (4.23979,-44.7998,97.0441)
20.5001, (0,0,0), (-30.5939,-33.0002,-235.38)
58.3288, (0,0,0), (-23.409,-38.432,-34.6953)
26.1771, (0,0,0), (-16.523,41.8568,-11.6219)
35.0581, (0,0,0), (41.8201,-16.6157,-167.243)
37.9237, (0,0,0), (28.693,34.6657,190.194)
37.5229, (0,0,0), (-10.553,-43.7451,115.732)
38.3687, (0,0,0), (14.0263,-42.7582,-125.475)
39.1328, (0,0,0), (-43.8312,-10.1894,-156.977)
10.9191, (0,0,0), (-7.0408,-44.4458,-83.4831)
12.4082, (0,0,0), (43.5117,11.4775,-107.399)
8.79941, (0,0,0), (-32.9248,6.9803,250)
15.1471, (0,0,0), (-21.2813,-39.6498,-140.823)
39.6028, (0,0,0), (-36.7558,25.9617,-193.109)
311.145, (0,0,0), (36.6724,-26.0793,-78.8475)
40.0811, (0,0,0), (23.1938,-38.5623,202.645)
28.2252, (0,0,0), (3.68719,-9.70576,211.646)
32.7294, (0,0,0), (-0.631858,-44.9956,93.9862)
101.794, (0,0,0), (-0.0444649,-41.5697,-70.2915)
69.9345, (0,0,0), (44.5228,-6.53594,166.448)
62.0909, (0,0,0), (14.4166,-42.6282,-1.92765)
146.428, (0,0,0), (-31.4881,32.1481,-180.312)
190.849, (0,0,0), (-7.81814,-44.3156,104.765)
1.76356, (0,0,0), (-3.42483,-44.8695,-38.096)
14.9066, (0,0,0), (-44.983,-1.2386,215.029)
12.3755, (0,0,0), (-7.71188,-44.3343,-165.832)
28.4277, (0,0,0), (1.37181,-44.9791,-228.026)
64.1908, (0,0,0), (42.8577,-13.7194,174.395)
29.2973, (0,0,0), (31.5749,-32.0628,-172.905)
0.507005, (0,0,0), (40.1256,20.37,92.2556)
118.786, (0,0,0), (42.8202,13.8359,109.987)
49.1059, (0,0,0), (-33.1267,-30.4569,3.48327)
696.588, (0,0,0), (6.8657,4.38666,250)
16.592, (0,0,0), (31.9644,-31.6746,-101.364)
34.492, (0,0,0), (-43.8267,10.2088,-162.891)
60.974, (0,0,0), (3.86128,44.834,-6.8857)
9.43815, (0,0,0), (16.4509,-37.3101,-250)
0.339873, (0,0,0), (-19.5431,40.5348,-65.4885)
73.8279, (0,0,0), (-5.25618,-44.692,-143.712)
144.554, (0,0,0), (1.42194,44.9775,-119.631)
62.9729, (0,0,0), (-9.34847,33.1924,250)
20.3386, (0,0,0), (-34.0693,-29.3987,-26.1209)
44.6679, (0,0,0), (11.5935,-43.4809,-14.778)
27.833, (0,0,0), (-9.98709,-43.8778,136.614)
5.53381, (0,0,0), (-36.8027,25.8951,106.335)
60.6524, (0,0,0), (-44.8327,3.87639,190.777)
16.6386, (0,0,0), (-11.0699,-43.6172,152.409)
134.747, (0,0,0), (-11.5835,-43.4836,136.942)
105.908, (0,0,0), (6.2991,-44.5569,82.7168)
1.95193, (0,0,0), (-36.9352,-25.7058,11.5632)
11.3526, (0,0,0), (-44.3412,-7.67172,-70.6717)
14.83, (0,0,0), (-44.2563,-8.14749,-171.454)
22.3442, (0,0,0), (38.4088,23.4471,202.042)
7.25979, (0,0,0), (23.1612,-38.5818,33.2503)
115.308, (0,0,0), (-16.709,-25.5939,-250)
16.2957, (0,0,0), (-0.304211,-44.999,126.753)
4.47854, (0,0,0), (-0.63877,-44.9955,-166.499)
49.4251, (0,0,0), (-44.5312,6.47837,71.4909)
10.738, (0,0,0), (43.3686,12.007,198.267)
6.88769, (0,0,0), (15.8707,-42.1084,-19.8062)
18.7528, (0,0,0), (-13.3731,42.967,-3.59151)
88.1182, (0,0,0), (14.5368,-42.5873,-159.637)
179.828, (0,0,0), (-13.0955,43.0524,28.7601)
201.597, (0,0,0), (-4.46178,-1.02944,250)
5.1262, (0,0,0), (42.6765,-14.273,218.85)
174.527, (0,0,0), (25.1915,-37.2879,-89.4237)
76.4313, (0,0,0), (10.3964,-43.7826,21.8168)
93.226, (0,0,0), (-3.97921,44.8237,-118.818)
5.90711, (0,0,0), (28.1549,-35.1042,-50.0488)
10.5647, (0,0,0), (-23.9154,38.1189,16.013)
67.9722, (0,0,0), (44.6357,-5.7146,238.926)
154.247, (0,0,0), (-40.4325,-19.7538,147.436)
39.8755, (0,0,0), (-1.39195,-44.9785,137.801)
57.3272, (0,0,0), (-20.037,40.2929,210.719)
112.113, (0,0,0), (4.70241,-44.7536,94.8202)
106.459, (0,0,0), (0.641633,44.9954,-76.6783)
318.802, (0,0,0), (-1.74967,32.8731,250)
10.0275, (0,0,0), (-7.01792,-44.4494,57.4951)
63.0206, (0,0,0), (-9.63044,43.9574,-142.992)
4.41185, (0,0,0), (24.9204,37.4696,157.125)
34.4046, (0,0,0), (24.3961,37.8131,69.7277)
85.3593, (0,0,0), (-19.7109,31.3877,250)
269.219, (0,0,0), (-5.26239,44.6912,-98.1005)
9.65606, (0,0,0), (-0.823044,-44.9925,5.90904)
24.3877, (0,0,0), (-44.9617,1.85661,18.4455)
0.316877, (0,0,0), (-3.58079,44.8573,12.5316)
0.572517, (0,0,0), (-27.7213,-35.4475,-214.506)
5.70527, (0,0,0), (-1.98278,-9.45303,90.1286)
573.647, (0,0,0), (1.11228,44.9863,154.851)
44.5902, (0,0,0), (-39.5231,21.5157,-189.479)
0.468082, (0,0,0), (37.6352,24.6697,-190.719)
10.5034, (0,0,0), (1.18763,-44.9843,-208.073)
90.5815, (0,0,0), (10.5705,43.7409,-90.354)
39.9658, (0,0,0), (-2.48879,-44.9311,-211.659)
73.5415, (0,0,0), (10.0584,43.8615,-22.4714)
3.856, (0,0,0), (4.51866,39.5468,-39.5684)
146.1, (0,0,0), (33.1537,-30.4274,-12.8665)
1.25083, (0,0,0), (18.2389,41.1381,-17.4864)
97.6434, (0,0,0), (-44.1415,-8.74806,205.074)
121.516, (0,0,0), (-37.4672,-24.1636,-250)
190.181, (0,0,0), (34.0681,-29.4001,212.478)
298.698, (0,0,0), (11.1528,-14.0161,250)
33.0741, (0,0,0), (-13.6097,-42.8926,-73.0536)
83.8127, (0,0,0), (2.67113,-1.89605,250)
38.8963, (0,0,0), (36.6426,26.1213,-24.5923)
184.466, (0,0,0), (-31.0599,-32.5619,36.9941)
55.9387, (0,0,0), (-31.337,32.2954,-61.8746)
23.2541, (0,0,0), (-44.9221,-2.64714,79.0845)
12.2821, (0,0,0), (-13.1716,43.0292,-45.3322)
17.9055, (0,0,0), (-7.93919,-44.2941,169.207)
105.992, (0,0,0), (43.2597,-12.3935,-81.1822)
7.3966, (0,0,0), (28.5069,-34.8189,75.4087)
9.13501, (0,0,0), (1.25655,44.9825,95.6408)
33.775, (0,0,0), (15.4792,-42.2539,-144.36)
99.4004, (0,0,0), (42.354,-15.2034,61.7674)
195.925, (0,0,0), (-19.3242,9.77199,168.29)
73.3492, (0,0,0), (37.1482,25.397,-137.798)
167.304, (0,0,0), (-10.71,-43.7069,8.6148)
19.1822, (0,0,0), (-37.1389,-25.4107,-189.196)
36.7017, (0,0,0), (25.9635,14.2736,-250)
8.9111, (0,0,0), (-28.9691,34.4354,-86.6471)
22.7007, (0,0,0), (39.2482,-22.0131,163.292)
22.4984, (0,0,0), (20.5394,40.0391,-152.307)
135.923, (0,0,0), (-7.97369,-44.2879,104.817)
97.7027, (0,0,0), (-4.12505,-14.6799,250)
46.0259, (0,0,0), (-24.4083,-19.7787,250)
73.5907, (0,0,0), (2.94563,-27.7723,-250)
27.6217, (0,0,0), (26.5537,-36.3304,-126.152)
52.0969, (0,0,0), (31.5636,-18.8626,250)
44.6929, (0,0,0), (17.3938,-41.5025,213.737)
26.678, (0,0,0), (-14.4228,22.5875,0.620644)
205.151, (0,0,0), (25.1962,37.2847,-20.3633)
93.4717, (0,0,0), (-31.6078,-32.0304,192.066)
8.41246, (0,0,0), (8.40885,-44.2074,182.415)
49.0863, (0,0,0), (36.6492,-26.112,-32.4242)
196.287, (0,0,0), (-29.0145,34.3971,71.6438)
76.5846, (0,0,0), (14.0991,42.7343,-25.1073)
0.743326, (0,0,0), (-35.2624,27.9565,-110.028)
57.2003, (0,0,0), (0.490166,-4.27843,-250)
0.527611, (0,0,0), (-8.19857,-44.2468,-243.751)
28.6918, (0,0,0), (-44.9697,1.65169,-219.044)
8.14082, (0,0,0), (-22.8701,38.7551,226.629)
148.215, (0,0,0), (-43.4458,-11.7243,-26.8115)
112.56, (0,0,0), (-10.5729,-43.7403,-186.283)
38.4576, (0,0,0), (7.80873,-11.4201,250)
379.626, (0,0,0), (-26.0826,-0.158601,-250)
4.171, (0,0,0), (-10.6904,-32.5286,250)
49.1067, (0,0,0), (-0.919197,7.75077,-250)
62.4861, (0,0,0), (36.8483,25.8302,-97.0344)
200.205, (0,0,0), (43.7403,10.5727,245.421)
21.8628, (0,0,0), (2.82481,-44.9113,47.9788)
395.177, (0,0,0), (38.3617,13.3801,-250)
196.326, (0,0,0), (0.307738,27.1854,-250)
5.87631, (0,0,0), (40.2339,-20.1552,143.293)
4.72832, (0,0,0), (-42.5084,14.766,20.2521)
102.584, (0,0,0), (4.51345,27.0562,-137.141)
96.3532, (0,0,0), (-23.4699,-38.3948,-57.1856)
78.4927, (0,0,0), (-9.39044,39.6318,250)
284.617, (0,0,0), (-33.2692,-30.3012,-148.093)
129.47, (0,0,0), (-42.8186,-13.8408,161.545)
13.9641, (0,0,0), (-5.42231,-44.6721,16.7154)
149.187, (0,0,0), (-28.2368,-35.0383,235.765)
46.1076, (0,0,0), (18.3457,-41.0906,86.561)
20.4409, (0,0,0), (-40.8042,18.9742,-7.4635)
292.84, (0,0,0), (5.34348,-44.6816,-89.7924)
10.7361, (0,0,0), (-7.42728,-44.3828,143.881)
63.2589, (0,0,0), (1.64063,-44.9701,-231.282)
151.799, (0,0,0), (-22.6859,-38.8632,78.0107)
56.1839, (0,0,0), (44.2657,-8.09641,-93.599)
81.8753, (0,0,0), (-29.8963,33.6335,-218.07)
5.64731, (0,0,0), (0.810339,44.9927,-109.761)
5.35725, (0,0,0), (31.815,-31.8246,-119.539)
18.5354, (0,0,0), (-3.07484,-44.8948,-174.199)
86.4136, (0,0,0), (-39.3759,21.7839,-199.497)
5.62466, (0,0,0), (44.2922,7.95016,-30.2425)
19.4935, (0,0,0), (5.43816,-44.6702,16.3596)
40.8352, (0,0,0), (36.8535,25.8229,11.6464)
5.47985, (0,0,0), (27.3484,35.736,148.246)
201.566, (0,0,0), (17.0237,-17.7818,-250)
9.34804, (0,0,0), (10.828,16.308,250)
58.5454, (0,0,0), (3.29368,-44.8793,-88.8465)
12.6407, (0,0,0), (-27.0934,-35.9297,-12.3661)
15.8083, (0,0,0), (29.2084,-34.2326,-90.4499)
33.3773, (0,0,0), (6.87481,-44.4718,68.642)
75.3801, (0,0,0), (-35.9822,27.0237,-170.733)
268.158, (0,0,0), (-6.20445,11.1723,250)
144.802, (0,0,0), (-30.6761,-32.9238,-7.27817)
42.9164, (0,0,0), (1.64391,44.97,41.5769)
161.061, (0,0,0), (-26.9986,-36.001,-239.152)
361.087, (0,0,0), (2.51394,0.990936,250)
10.1225, (0,0,0), (12.6664,-43.1806,28.9181)
30.9525, (0,0,0), (-12.1675,-43.3238,193.082)
13.7511, (0,0,0), (-44.9799,1.34649,-156.759)
69.5875, (0,0,0), (-4.0829,15.5515,-54.7023)
34.1224, (0,0,0), (-43.0378,13.1432,54.7216)
5.77181, (0,0,0), (31.4088,32.2256,-170.701)
67.3266, (0,0,0), (24.7432,37.5869,-180.331)
11.9812, (0,0,0), (-3.38349,44.8726,-44.8001)
7.60657, (0,0,0), (12.7448,43.1575,195.91)
0.795183, (0,0,0), (-13.9996,-42.767,193.772)
14.293, (0,0,0), (11.051,-43.622,-121.561)
41.4801, (0,0,0), (-5.20021,44.6985,181.68)
20.8486, (0,0,0), (-1.44371,44.9768,-223.553)
51.1979, (0,0,0), (8.55656,44.179,-197.726)
26.159, (0,0,0), (9.85233,0.274371,-250)
105.621, (0,0,0), (-44.7428,-4.80433,180.366)
1.07614, (0,0,0), (40.8329,18.9122,-27.5995)
12.6964, (0,0,0), (0.165453,44.9997,244.514)
75.4657, (0,0,0), (-14.4979,-14.1565,-250)
8.81893, (0,0,0), (6.12156,-13.3984,250)
36.9078, (0,0,0), (3.70299,-44.8474,113.261)
41.5061, (0,0,0), (-7.33855,-44.3976,186.917)
594.502, (0,0,0), (44.9391,2.3407,1.2198)
170.787, (0,0,0), (24.8558,23.1306,-236.054)
2.82876, (0,0,0), (-43.2777,12.3305,224.952)
4.0632, (0,0,0), (17.812,-8.8965,-250)
40.9816, (0,0,0), (-15.481,42.2533,-98.4061)
58.4042, (0,0,0), (-7.27174,-44.4086,214.286)
3.0075, (0,0,0), (-25.9548,-36.7607,-91.4215)
44.5174, (0,0,0), (4.89584,-44.7329,173.766)
70.7663, (0,0,0), (27.1755,27.2187,250)
1.59023, (0,0,0), (24.6812,-37.6276,-3.79853)
42.7214, (0,0,0), (42.0654,-15.9843,237.213)
311.483, (0,0,0), (-44.2516,-8.17293,-234.772)
34.7561, (0,0,0), (10.1545,-43.8393,22.3981)
17.2833, (0,0,0), (-44.9184,-2.70868,-6.38858)
20.3247, (0,0,0), (-20.7579,-39.9263,220.155)
91.5968, (0,0,0), (-0.305396,-44.999,15.0385)
7.64716, (0,0,0), (-29.7422,33.7698,-105.505)
59.6863, (0,0,0), (-8.86528,1.19728,205.47)
49.9428, (0,0,0), (-27.0137,35.9897,-147.684)
11.9279, (0,0,0), (11.4113,-13.3823,-18.0139)
7.56098, (0,0,0), (-17.536,30.5825,250)
106.795, (0,0,0), (-39.5644,21.4396,-99.6322)
187.776, (0,0,0), (5.51067,23.2232,-250)
21.3299, (0,0,0), (44.2602,-5.02924,63.6705)
27.9653, (0,0,0), (-16.1626,-41.9973,123.407)
177.503, (0,0,0), (25.5297,-37.0572,-6.08828)
23.0185, (0,0,0), (43.4619,11.6648,139.54)
23.0201, (0,0,0), (-29.8975,18.0679,151.396)
67.7286, (0,0,0), (41.2582,17.9655,-193.95)
230.946, (0,0,0), (28.1712,27.9241,250)
14.8104, (0,0,0), (-24.1164,37.9921,-211.889)
8.91918, (0,0,0), (27.1998,35.8493,-52.3655)
0.614151, (0,0,0), (-12.1674,-43.3238,85.731)
89.088, (0,0,0), (-11.2715,-43.5655,45.9649)
64.2672, (0,0,0), (-6.04707,44.5918,-43.4386)
251.713, (0,0,0), (38.1,-23.9455,16.4477)
802.4, (0,0,0), (-17.1183,-41.6169,221.773)
26.1596, (0,0,0), (-41.7322,16.8351,57.3736)
207.223, (0,0,0), (2.81178,-3.46,178.04)
23.781, (0,0,0), (-22.4583,38.9952,10.7725)
45.449, (0,0,0), (-0.167021,44.9997,41.5608)
23.8953, (0,0,0), (-8.35898,10.7432,-164.965)
4.4139, (0,0,0), (26.6991,22.9902,214.619)
31.9546, (0,0,0), (-8.95295,-44.1004,28.2234)
121.645, (0,0,0), (-10.2442,7.02975,-250)
117.338, (0,0,0), (-18.9724,40.805,87.4951)
62.92, (0,0,0), (20.4644,-5.59311,250)
47.6826, (0,0,0), (21.2876,-39.6464,-120.88)
5.90656, (0,0,0), (-41.5811,-17.205,-245.487)
20.4892, (0,0,0), (-20.6043,-40.0058,-3.30284)
161.447, (0,0,0), (39.0258,22.4051,-57.3314)
5.03508, (0,0,0), (-7.59273,-44.3548,-12.9686)
20.3115, (0,0,0), (41.6213,-17.1075,16.8647)
57.3771, (0,0,0), (0.101171,-44.9999,-223.114)
75.1034, (0,0,0), (-44.8483,3.6924,-117.879)
11.1281, (0,0,0), (-24.9234,-37.4677,-193.057)
72.6356, (0,0,0), (-1.1182,42.4121,-250)
0.894699, (0,0,0), (16.437,41.8906,125.255)
67.258, (0,0,0), (-27.7181,-35.4501,87.6182)
110.919, (0,0,0), (-28.599,34.7433,-145.484)
49.2064, (0,0,0), (-42.3879,15.1085,-154.442)
34.2353, (0,0,0), (-4.84537,-6.96911,237.501)
104.11, (0,0,0), (35.1,28.1601,136.662)
45.9823, (0,0,0), (14.2679,42.6782,97.3667)
605.316, (0,0,0), (-3.06063,-44.8958,163.234)
201.685, (0,0,0), (-1.34992,-44.9797,-211.853)
16.9976, (0,0,0), (-39.667,-21.2493,146.823)
21.4238, (0,0,0), (-34.9713,-28.3197,145.122)
33.9958, (0,0,0), (-2.71881,-44.9178,10.0256)
12.6566, (0,0,0), (7.68017,-44.3398,-143.902)
68.0929, (0,0,0), (0.108702,-44.9999,30.017)
115.889, (0,0,0), (-34.144,29.3119,-174.054)
80.2777, (0,0,0), (-2.08783,18.1302,127.857)
246.838, (0,0,0), (22.6599,-38.8784,-24.5021)
176.854, (0,0,0), (-16.234,41.9697,-214.742)
7.05851, (0,0,0), (-3.27666,44.8805,-124.996)
97.7925, (0,0,0), (5.02459,44.7186,-240.224)
5.93855, (0,0,0), (10.3416,-43.7956,-43.2812)
11.4663, (0,0,0), (-26.9956,-36.0033,31.3776)
15.4103, (0,0,0), (44.3309,7.73103,141.381)
2.20521, (0,0,0), (-31.9882,31.6505,178.743)
7.71396, (0,0,0), (4.70266,10.0623,250)
96.1778, (0,0,0), (1.87031,-0.839679,-38.4396)
24.0354, (0,0,0), (-4.24546,-44.7993,230.359)
44.0408, (0,0,0), (-35.2501,27.972,186.12)
145.896, (0,0,0), (-13.0426,43.0685,103.448)
51.4717, (0,0,0), (-5.47757,21.6572,17.2209)
163.485, (0,0,0), (8.71276,44.1485,-23.0082)
39.519, (0,0,0), (25.8085,-36.8636,-68.533)
62.2542, (0,0,0), (23.6677,38.2732,19.4348)
71.2825, (0,0,0), (-26.4174,36.4297,159.094)
7.62698, (0,0,0), (-43.1767,-12.6796,156.887)
113.501, (0,0,0), (-4.6175,44.7625,129.614)
79.2985, (0,0,0), (8.09348,-44.2662,-46.3878)
155.132, (0,0,0), (6.81292,3.13027,-250)
48.3329, (0,0,0), (29.7315,-33.7792,177.763)
26.4202, (0,0,0), (-10.3469,43.7943,-22.9793)
114.834, (0,0,0), (34.6161,28.7528,109.039)
94.3535, (0,0,0), (5.84641,-44.6186,-93.1728)
139.154, (0,0,0), (0.361367,44.9985,-0.0315081)
13.3698, (0,0,0), (13.3187,42.9839,-168.495)
319.515, (0,0,0), (6.09876,1.99064,250)
38.1523, (0,0,0), (19.1739,40.7107,-61.0793)
131.673, (0,0,0), (-11.075,-43.6159,126.247)
87.5911, (0,0,0), (-9.78675,43.9229,106.466)
37.7948, (0,0,0), (22.1776,39.1555,-121.721)
7.74556, (0,0,0), (-40.9773,18.5972,98.2561)
335.547, (0,0,0), (-19.3039,40.6492,115.448)
59.8413, (0,0,0), (-20.3281,-40.1469,-136.317)
3.60125, (0,0,0), (29.9169,33.6152,-169.438)
11.3661, (0,0,0), (4.64657,44.7595,-208.395)
23.08, (0,0,0), (-10.0083,-43.8729,-64.4138)
15.703, (0,0,0), (10.2138,36.6031,250)
35.4277, (0,0,0), (-3.64178,-44.8524,-244.778)
187.829, (0,0,0), (37.5939,-24.7326,147.449)
69.2708, (0,0,0), (-16.5691,-41.8386,-212.398)
32.9728, (0,0,0), (31.5619,-32.0757,61.759)
223.675, (0,0,0), (7.24194,-44.4134,33.0573)
17.1243, (0,0,0), (39.7819,-21.0332,-79.0049)
136.149, (0,0,0), (-44.172,-8.59279,19.1265)
115.946, (0,0,0), (-0.432276,44.9979,155.596)
115.604, (0,0,0), (-23.9479,-38.0986,185.613)
2.16058, (0,0,0), (-16.2443,41.9657,79.7865)
68.0631, (0,0,0), (-38.0438,-24.0347,-151.842)
142.655, (0,0,0), (35.9736,-27.0352,63.7006)
19.2376, (0,0,0), (-44.1215,-8.8484,187.861)
118.946, (0,0,0), (-0.587551,-44.9962,41.592)
17.1557, (0,0,0), (-24.8249,-37.533,73.9861)
9.13173, (0,0,0), (2.59246,-44.9253,123.097)
42.2599, (0,0,0), (38.3431,-23.5544,191.797)
235.107, (0,0,0), (0.226573,39.2949,-250)
150.446, (0,0,0), (-38.5668,23.1862,-199.938)
203.212, (0,0,0), (-6.47745,44.5314,-38.9671)
40.4425, (0,0,0), (28.0827,35.1619,-205.42)
76.8716, (0,0,0), (-4.14117,27.0278,250)
54.178, (0,0,0), (38.1832,23.8127,108.054)
47.823, (0,0,0), (19.6745,-40.4712,-227.482)
10.4387, (0,0,0), (-0.604478,-44.9959,-115.396)
7.14814, (0,0,0), (-9.08949,-44.0725,-118.298)
128.298, (0,0,0), (34.412,28.9968,200.847)
17.4907, (0,0,0), (1.21259,-44.9837,77.1829)
67.7612, (0,0,0), (5.22212,44.696,-71.1184)
426.893, (0,0,0), (24.7574,37.5775,210.855)
33.5315, (0,0,0), (-25.7002,36.9392,-124.773)
28.3183, (0,0,0), (44.9313,2.48489,229.668)
12.5427, (0,0,0), (26.884,-36.0867,212.007)
47.6418, (0,0,0), (-0.040306,-45,-115.396)
2.73937, (0,0,0), (11.2645,-43.5673,235.246)
1.12681, (0,0,0), (-22.644,-38.8877,46.562)
24.6549, (0,0,0), (-0.179368,-0.93126,-250)
263.865, (0,0,0), (-5.78325,15.3488,250)
77.9783, (0,0,0), (-16.1666,41.9957,-14.9657)
8.48749, (0,0,0), (13.4901,42.9304,168.709)
22.7958, (0,0,0), (35.3404,-27.8578,-28.5102)
509.649, (0,0,0), (7.63116,44.3482,-220.083)
42.5187, (0,0,0), (-9.22299,44.0447,163.911)
30.4449, (0,0,0), (35.046,28.2272,-159.962)
83.3279, (0,0,0), (3.22374,13.6126,250)
18.344, (0,0,0), (-42.6194,-14.4426,95.7596)
48.8551, (0,0,0), (-8.29881,14.7225,53.665)
13.1582, (0,0,0), (-14.4409,-42.6199,25.1208)
16.7863, (0,0,0), (-28.7443,34.6232,-215.148)
47.7437, (0,0,0), (-19.4901,22.7231,168.234)
228.985, (0,0,0), (29.6032,-33.8918,-205.134)
83.8078, (0,0,0), (-42.2782,15.4128,-175.828)
111.66, (0,0,0), (-43.2899,-12.2877,-104.104)
20.0665, (0,0,0), (0.0381262,45,-119.879)
113.386, (0,0,0), (-37.1107,-25.4518,-82.8046)
70.3702, (0,0,0), (22.7352,-38.8344,-16.5202)
48.7068, (0,0,0), (32.0675,31.5702,239.671)
103.443, (0,0,0), (-31.7162,31.923,163.445)
39.5272, (0,0,0), (33.8493,-29.6517,239.731)
23.8191, (0,0,0), (41.0167,-18.5103,30.3695)
86.7158, (0,0,0), (-24.708,-37.61,-1.25503)
121.978, (0,0,0), (2.60061,0.474082,-250)
232.762, (0,0,0), (29.8887,22.6535,-250)
45.4684, (0,0,0), (-35.8912,27.1445,-89.2416)
30.3134, (0,0,0), (35.768,27.3066,-202.033)
522.302, (0,0,0), (28.9169,34.4792,127.012)
97.3859, (0,0,0), (44.9872,1.07348,-14.0953)
21.5591, (0,0,0), (32.3772,31.2525,-37.807)
12.5815, (0,0,0), (-6.9048,44.4671,-2.88509)
45.8164, (0,0,0), (39.1833,22.1284,-4.12486)
106.213, (0,0,0), (-26.3272,12.8913,-79.9002)
156.062, (0,0,0), (-5.76341,25.7986,29.2817)
19.1684, (0,0,0), (-10.1465,43.8412,-182.411)
8.09146, (0,0,0), (23.353,-38.466,170.181)
8.11982, (0,0,0), (0.771963,-44.9934,14.1516)
176.657, (0,0,0), (31.1015,-32.5223,240.416)
182.113, (0,0,0), (-7.55377,-44.3615,126.582)
28.9096, (0,0,0), (40.422,-19.7752,-228.233)
11.9893, (0,0,0), (-27.9532,35.265,125.426)
226.385, (0,0,0), (-43.1571,12.746,-124.18)
188.526, (0,0,0), (9.59871,-43.9644,100.495)
96.5234, (0,0,0), (4.38719,-44.7856,-220.063)
5.77679, (0,0,0), (-31.3483,5.44149,-182.404)
12.9249, (0,0,0), (10.3749,40.5155,-250)
13.6927, (0,0,0), (-0.338815,-12.2603,-61.6717)
272.777, (0,0,0), (-16.036,29.0563,250)
25.2176, (0,0,0), (22.4887,-32.8775,-250)
3.07785, (0,0,0), (33.3644,-30.1963,241.622)
162.276, (0,0,0), (32.4904,0.393067,-33.1271)
81.1428, (0,0,0), (-1.76103,-44.9655,201.609)
28.5204, (0,0,0), (9.81629,-43.9163,-39.8516)
25.5242, (0,0,0), (-43.204,12.5863,138.091)
39.5856, (0,0,0), (11.685,-43.4564,146.088)
32.9543, (0,0,0), (0.325186,12.2181,-237.983)
119.522, (0,0,0), (-3.56426,-10.9888,112.925)
25.561, (0,0,0), (-32.2165,31.4181,180.949)
193.393, (0,0,0), (-12.1822,-12.6286,-250)
128.782, (0,0,0), (3.59445,44.8562,245.28)
56.0062, (0,0,0), (3.10904,44.8925,52.7071)
167.845, (0,0,0), (16.4871,-41.8709,8.15286)
5.1261, (0,0,0), (-15.3145,42.3139,-39.8899)
264.658, (0,0,0), (41.3216,17.8192,119.45)
48.5617, (0,0,0), (3.21973,-44.8847,-106.168)
2.39682, (0,0,0), (21.8866,-39.3189,-249.048)
100.05, (0,0,0), (8.39057,-44.2108,-32.4171)
0.519037, (0,0,0), (-33.3335,-30.2304,-44.0832)
0.32423, (0,0,0), (-31.2297,-32.3992,232.909)
115.285, (0,0,0), (0.370469,-8.14889,250)
484.041, (0,0,0), (-14.1699,-40.5698,-250)
48.0123, (0,0,0), (29.0898,34.3335,-225.79)
45.3432, (0,0,0), (35.2404,27.9841,103.895)
85.4892, (0,0,0), (1.22469,-44.9833,-33.7815)
161.675, (0,0,0), (4.21322,-11.0966,250)
72.3406, (0,0,0), (-14.8758,-42.4701,207.637)
25.8586, (0,0,0), (-8.86185,5.50047,-250)
214.332, (0,0,0), (-11.5434,43.4942,-214.372)
167.9, (0,0,0), (37.6239,-24.6869,-191.115)
106.122, (0,0,0), (-43.3291,12.1487,84.4561)
24.6314, (0,0,0), (-29.3171,-9.00768,142.676)
0.194, (0,0,0), (44.9411,-2.30105,-15.7766)
39.4271, (0,0,0), (-38.2822,23.6532,-141.513)
33.7767, (0,0,0), (11.8473,8.82028,250)
17.2489, (0,0,0), (4.18643,27.0417,-231.288)
264.359, (0,0,0), (-29.9259,-33.6072,118.244)
241.44, (0,0,0), (20.1386,31.568,250)
41.9932, (0,0,0), (44.8269,-3.94338,-109.991)
148.36, (0,0,0), (-0.60403,-44.9959,-205.032)
51.4676, (0,0,0), (-42.0652,15.9849,227.838)
114.818, (0,0,0), (-29.7776,-33.7386,-126.636)
201.308, (0,0,0), (6.78853,-44.485,-116.09)
51.3816, (0,0,0), (-40.3003,20.0222,101.239)
92.7604, (0,0,0), (-7.08848,-44.4382,-175.644)
233.93, (0,0,0), (30.1544,-33.4023,-229.945)
63.9715, (0,0,0), (35.5724,27.561,-43.9571)
31.5128, (0,0,0), (43.5597,11.2939,-237.755)
234.371, (0,0,0), (30.3581,5.60062,141.352)
11.0377, (0,0,0), (-10.2418,-43.819,137.858)
13.6799, (0,0,0), (44.9985,0.368904,-128.73)
6.82084, (0,0,0), (-21.1877,-39.6999,-23.9202)
6.71255, (0,0,0), (-10.5655,-3.77623,250)
35.2175, (0,0,0), (44.8832,-3.24017,182.893)
30.3425, (0,0,0), (-22.6427,-38.8884,-160.483)
16.3579, (0,0,0), (3.19409,-44.8865,-50.6293)
322.942, (0,0,0), (-3.73411,24.0683,-250)
70.8857, (0,0,0), (-6.30991,-10.1097,-250)
73.4451, (0,0,0), (2.03669,-44.9539,11.3058)
508.361, (0,0,0), (-0.174622,-11.4613,250)
11.6745, (0,0,0), (-22.8095,-38.7908,-168.82)
16.1343, (0,0,0), (-24.3956,-37.8134,40.4807)
1224.7, (0,0,0), (-1.61415,30.3417,-250)
223.486, (0,0,0), (26.551,-30.2211,250)
40.4565, (0,0,0), (11.91,43.3953,199.141)
150.894, (0,0,0), (-25.5253,-6.44711,250)
8.03978, (0,0,0), (24.8536,-37.514,-115.619)
5.31517, (0,0,0), (-17.6553,-41.3919,68.3687)
14.4293, (0,0,0), (43.4554,11.689,-68.7656)
22.5188, (0,0,0), (24.5609,-37.7063,66.4432)
71.4849, (0,0,0), (37.362,25.0814,229.498)
17.9514, (0,0,0), (-17.8318,-41.3162,-30.0349)
43.0753, (0,0,0), (9.40491,44.0062,-182.422)
48.8445, (0,0,0), (3.05759,-5.9098,34.7518)
98.8936, (0,0,0), (7.06059,-41.6418,250)
19.6769, (0,0,0), (-10.2022,-43.8283,-102.729)
15.2163, (0,0,0), (-35.151,-28.0964,135.386)
2.66224, (0,0,0), (-2.63588,-44.9227,33.6306)
114.155, (0,0,0), (-43.1307,-12.8353,-246.828)
56.0906, (0,0,0), (-14.8504,-42.479,118.084)
19.7625, (0,0,0), (7.27879,-44.4074,71.0981)
198.501, (0,0,0), (-19.3737,40.616,-117.743)
29.6637, (0,0,0), (-9.86332,-43.9058,-147.484)
171.022, (0,0,0), (-35.1335,-28.1183,-223.402)
20.7186, (0,0,0), (-29.8799,-33.6481,186.889)
285.107, (0,0,0), (7.13715,-29.2765,250)
64.8152, (0,0,0), (8.19778,-8.12844,250)
94.213, (0,0,0), (-1.21831,-40.772,-250)
209.574, (0,0,0), (9.30363,44.0277,19.1319)
3.71906, (0,0,0), (-3.90613,44.8301,-0.431714)
2.37439, (0,0,0), (2.39868,-1.35936,-98.2317)
99.2237, (0,0,0), (29.518,-33.966,16.0101)
56.0462, (0,0,0), (1.79338,-44.9643,-127.62)
10.6717, (0,0,0), (41.1754,18.1544,-17.8001)
31.7771, (0,0,0), (39.9354,20.7403,-16.8572)
10.7328, (0,0,0), (-9.69301,-43.9437,-12.1718)
406.849, (0,0,0), (0.753118,-44.9937,139.176)
5.18516, (0,0,0), (-20.1875,-40.2177,44.7967)
2.7198, (0,0,0), (-5.60878,-44.6491,-83.332)
61.4693, (0,0,0), (-36.1084,-26.8549,-6.87988)
9.24664, (0,0,0), (3.32527,-44.877,42.8149)
45.8504, (0,0,0), (-22.2163,-39.1336,-191.123)
333.974, (0,0,0), (-1.38958,26.8515,73.3768)
67.5503, (0,0,0), (17.4983,-38.8396,-250)
11.7368, (0,0,0), (-44.8551,3.60868,18.8609)
73.6269, (0,0,0), (-3.28753,12.9679,-250)
57.8529, (0,0,0), (18.7681,-40.8994,-98.7866)
24.5531, (0,0,0), (-31.8307,31.8089,-185.353)
60.4397, (0,0,0), (42.0359,16.0619,-224.318)
31.0639, (0,0,0), (-20.2103,-40.2063,-13.3841)
17.8547, (0,0,0), (-22.9465,38.7099,37.3529)
156.496, (0,0,0), (14.2323,42.6901,140.389)
14.8553, (0,0,0), (-39.5186,-21.5239,219.639)
30.04, (0,0,0), (42.6089,-14.4735,222.946)
9.88857, (0,0,0), (4.83791,-44.7392,7.59194)
51.0277, (0,0,0), (-13.8313,42.8217,-243.66)
43.2903, (0,0,0), (41.734,-16.8308,100.021)
0.640643, (0,0,0), (-20.9546,-39.8234,129.768)
100.151, (0,0,0), (-37.9042,24.2543,193.841)
249.694, (0,0,0), (10.0493,-43.8636,55.5214)
115.866, (0,0,0), (-19.2615,-40.6694,-50.4126)
2.97622, (0,0,0), (1.96776,-44.957,-6.49336)
8.88623, (0,0,0), (-9.19637,-44.0503,228.978)
52.1255, (0,0,0), (-23.7563,-15.3584,-242.512)
24.1654, (0,0,0), (-14.7549,-14.3227,-250)
15.4751, (0,0,0), (-6.50875,6.94166,-235.08)
122.643, (0,0,0), (-24.0441,-8.86029,250)
35.367, (0,0,0), (-6.07402,-41.9132,28.5516)
32.381, (0,0,0), (-8.30638,44.2267,174.812)
38.205, (0,0,0), (22.8209,38.7841,-178.017)
50.6901, (0,0,0), (-38.0438,-24.0348,-53.4373)
126.349, (0,0,0), (0.123997,-44.9998,169.387)
19.9936, (0,0,0), (-11.2916,43.5603,176.007)
115.094, (0,0,0), (17.812,35.8869,81.7912)
53.7462, (0,0,0), (13.226,-10.7615,-250)
44.3341, (0,0,0), (-43.822,-10.229,-215.79)
19.7336, (0,0,0), (2.96482,-9.68174,-250)
37.5404, (0,0,0), (-39.9366,-20.738,139.986)
371.823, (0,0,0), (30.607,-9.78137,-250)
206.95, (0,0,0), (-13.2426,43.0074,212.027)
0.442368, (0,0,0), (-15.1056,-42.3889,-7.76363)
269.982, (0,0,0), (29.3519,34.1096,36.3301)
270.32, (0,0,0), (-2.05696,-21.448,250)
7.80053, (0,0,0), (-1.03015,36.9925,250)
21.5535, (0,0,0), (-31.1029,-32.5209,-146.38)
29.2988, (0,0,0), (19.8824,-40.3694,-0.179593)
231.32, (0,0,0), (44.9003,-2.99376,-196.037)
265.134, (0,0,0), (13.3226,42.9826,-62.6585)
119.503, (0,0,0), (-37.0261,25.5748,-209.355)
166.34, (0,0,0), (29.1373,-34.2931,-8.76139)
31.0707, (0,0,0), (-44.1993,-8.4513,219.379)
123.87, (0,0,0), (-1.96234,-43.0997,250)
2.17159, (0,0,0), (0.784378,-44.9932,-227.223)
136.567, (0,0,0), (16.3515,-18.9331,-250)
467.208, (0,0,0), (4.26198,27.3597,-250)
27.1884, (0,0,0), (-27.8975,-35.3091,-87.6463)
1.04048, (0,0,0), (-2.26903,-44.9428,-221.159)
49.5127, (0,0,0), (-18.535,41.0055,63.8531)
296.849, (0,0,0), (27.4124,35.687,91.8755)
166.07, (0,0,0), (5.67288,44.641,-166.308)
1.07005, (0,0,0), (0.0131777,1.7025,85.7125)
131.288, (0,0,0), (15.7669,28.0605,250)
25.6483, (0,0,0), (-5.97764,-30.653,-250)
5.93397, (0,0,0), (-39.1263,-12.2699,250)
231.189, (0,0,0), (5.6525,-44.6436,44.5159)
3.91209, (0,0,0), (-4.1489,44.8083,-222.12)
454.455, (0,0,0), (19.6082,-40.5033,119.447)
151.094, (0,0,0), (41.6105,17.1338,30.2207)
755.336, (0,0,0), (-16.0798,42.029,-91.4216)
33.2965, (0,0,0), (25.5627,37.0344,-195.555)
13.9912, (0,0,0), (-41.2839,17.9064,-228.837)
4.55663, (0,0,0), (-21.3807,-39.5963,-122.034)
27.0419, (0,0,0), (7.49687,44.3711,5.41102)
18.3992, (0,0,0), (-36.2533,26.6589,-234.548)
100.952, (0,0,0), (-10.1985,8.57021,250)
23.5824, (0,0,0), (-35.4791,27.681,-222.184)
4.54893, (0,0,0), (10.6366,-43.7249,-58.36)
17.4802, (0,0,0), (-42.9261,-13.5036,66.4195)
97.1166, (0,0,0), (-27.2614,-35.8024,118.858)
11.0744, (0,0,0), (5.88137,-44.614,-6.49881)
75.7662, (0,0,0), (-2.43605,-44.934,81.6299)
40.8724, (0,0,0), (-25.341,37.1865,-203.276)
80.1151, (0,0,0), (-1.82594,-44.9629,-66.3355)
32.4879, (0,0,0), (0.0597138,-8.60296,57.9059)
193.808, (0,0,0), (-2.35514,-44.9383,-144.816)
87.7431, (0,0,0), (18.7718,40.8977,8.35308)
96.8424, (0,0,0), (-14.7232,30.1033,250)
7.7674, (0,0,0), (33.2536,30.3183,-240.744)
