8.37723, (0,0,0), (-7.09056,-44.4379,-240.687)
5.33143, (0,0,0), (-35.7363,-27.348,212.696)
99.6091, (0,0,0), (44.9883,-1.02492,242.371)
9.19891, (0,0,0), (-44.9961,-0.589076,84.8572)
50.9256, (0,0,0), (35.8398,-27.2123,-265.059)
17.8501, (0,0,0), (-24.1179,-37.9912,-54.1751)
99.2463, (0,0,0), (44.3901,-7.38354,-39.2993)
82.4164, (0,0,0), (-21.8164,39.3579,-214.393)
34.6732, (0,0,0), (17.7145,13.4978,-294.4)
106.817, (0,0,0), (34.03,29.4442,218.648)
93.6326, (0,0,0), (39.0673,22.3327,-32.8693)
3.93672, (0,0,0), (-33.0698,-30.5187,-73.154)
134.896, (0,0,0), (-28.3909,34.9136,-62.0942)
126.09, (0,0,0), (8.06446,-44.2715,182.402)
15.6154, (0,0,0), (-20.6787,-2.05338,294.4)
222.715, (0,0,0), (31.822,31.8176,-150.403)
82.9625, (0,0,0), (-24.6599,-18.2085,99.6148)
30.9525, (0,0,0), (8.64933,44.1609,134.637)
7.67364, (0,0,0), (44.9626,1.83546,174.808)
154.648, (0,0,0), (3.42317,44.8696,-145.362)
22.6327, (0,0,0), (-18.2693,-41.1246,269.601)
0.692157, (0,0,0), (4.06739,44.8158,163.852)
27.3032, (0,0,0), (42.4177,15.0245,265.257)
22.6297, (0,0,0), (42.1468,15.7687,142.469)
1.36581, (0,0,0), (-37.4616,-24.9325,-178.903)
30.243, (0,0,0), (-16.1134,-42.0162,282.783)
223.8, (0,0,0), (-42.2553,-15.4754,-55.5071)
10.6551, (0,0,0), (12.6147,43.1957,-28.1848)
13.6177, (0,0,0), (-44.9669,-1.72534,-64.1111)
18.3761, (0,0,0), (-0.353713,-44.9986,144.259)
62.4246, (0,0,0), (-43.2054,12.5816,-68.8771)
19.7699, (0,0,0), (1.94113,-44.9581,17.6895)
87.6275, (0,0,0), (-38.8539,-22.7019,-100.111)
115.063, (0,0,0), (30.3902,33.1879,-38.9406)
76.467, (0,0,0), (34.3347,29.0883,-157.195)
1.11329, (0,0,0), (0.626013,-44.9956,139.934)
190.021, (0,0,0), (-36.2133,-26.7133,287.873)
164.459, (0,0,0), (39.1342,35.846,236.123)
500, (0,0,0), (5.81766,0.860622,60.0563)
107.723, (0,0,0), (-9.87076,50,218.955)
26.1572, (0,0,0), (10.6292,25.7324,182.228)
17.9701, (0,0,0), (-40.3591,-3.38203,-36.3435)
101.651, (0,0,0), (0.0719659,44.9999,-7.88447)
47.3162, (0,0,0), (38.403,23.4565,162.561)
56.9649, (0,0,0), (30.8157,32.7931,-214.631)
26.9546, (0,0,0), (-17.8644,-41.3021,225.974)
28.673, (0,0,0), (35.1938,-28.0428,241.249)
130.15, (0,0,0), (39.3107,21.9013,-78.7852)
159.881, (0,0,0), (-23.2724,4.7192,-225.287)
176.346, (0,0,0), (-30.9853,-32.633,141.967)
77.1474, (0,0,0), (0.645825,45.448,284.395)
81.9518, (0,0,0), (42.844,13.7618,-0.429385)
8.8201, (0,0,0), (19.8922,-40.3646,5.29705)
69.9031, (0,0,0), (-1.05162,-16.2777,-49.3047)
10.8815, (0,0,0), (16.2157,41.9768,132.849)
28.7467, (0,0,0), (-10.0742,54,243.317)
13.6811, (0,0,0), (29.8195,33.7016,-265.911)
103.071, (0,0,0), (-35.8402,27.2117,96.871)
48.0087, (0,0,0), (-0.439187,37.8284,-294.4)
76.724, (0,0,0), (44.6649,-5.48181,60.1489)
19.5688, (0,0,0), (-43.626,-11.0351,61.7126)
81.2104, (0,0,0), (3.49422,-44.8641,-149.983)
1.01072, (0,0,0), (44.594,6.03113,-74.1247)
1.38028, (0,0,0), (-43.0641,13.057,-201.801)
11.1734, (0,0,0), (35.4553,6.75654,113.367)
19.3264, (0,0,0), (7.65708,44.3438,131.4)
86.0138, (0,0,0), (-35.3765,27.8119,-233.694)
395.12, (0,0,0), (8.71946,-44.1472,133.915)
142.733, (0,0,0), (-23.334,-38.4776,-45.16)
44.4594, (0,0,0), (-2.72616,-44.9173,-107.28)
16.0509, (0,0,0), (-43.0285,-13.1739,149.903)
53.7466, (0,0,0), (-29.4426,-34.0314,249.684)
153.746, (0,0,0), (-38.5718,-2.91642,281.774)
48.7747, (0,0,0), (-44.969,1.66955,254.952)
3.29241, (0,0,0), (-8.39589,-44.2098,-288.135)
19.5211, (0,0,0), (-18.8689,40.853,294.235)
16.4096, (0,0,0), (44.1112,8.89975,-77.6641)
9.39286, (0,0,0), (10.1823,-43.8329,-291.127)
48.8674, (0,0,0), (-44.995,-0.670342,58.6805)
21.5499, (0,0,0), (-6.05661,-30.7476,233.732)
24.711, (0,0,0), (9.41484,-20.8235,294.4)
48.1193, (0,0,0), (-41.3282,13.334,294.4)
31.3532, (0,0,0), (-36.1015,-26.8642,181.373)
29.8446, (0,0,0), (21.0876,-39.7531,-7.86935)
13.1941, (0,0,0), (-29.1105,-34.3159,0.963068)
113.304, (0,0,0), (44.7031,-5.16035,81.133)
3.78901, (0,0,0), (-8.03721,-5.82734,-294.4)
35.4189, (0,0,0), (-20.5786,-40.019,69.8642)
36.0944, (0,0,0), (-9.0585,-33.6566,25.1386)
106.561, (0,0,0), (44.8152,-4.07404,167.145)
76.5724, (0,0,0), (-39.8283,28.5514,240.698)
40.5954, (0,0,0), (44.8649,-3.48412,-139.971)
34.4555, (0,0,0), (41.8556,16.526,129.258)
246.894, (0,0,0), (-43.8626,-10.0535,-59.3425)
4.9678, (0,0,0), (31.2996,-32.3316,186.55)
278.519, (0,0,0), (44.4531,-6.99424,-172.818)
8.86874, (0,0,0), (-5.02985,-1.29374,104.58)
0.57369, (0,0,0), (11.5412,-43.4948,-252.354)
18.8791, (0,0,0), (31.0701,-32.5522,123.8)
174.706, (0,0,0), (31.147,-32.4787,-185.407)
238.868, (0,0,0), (-0.999141,41.5818,294.4)
43.8757, (0,0,0), (28.3352,30.2172,294.4)
90.4684, (0,0,0), (-32.7102,-30.9037,118.884)
169.934, (0,0,0), (-44.4706,-6.88212,-105.594)
17.9485, (0,0,0), (40.5918,19.4245,91.3538)
4.56445, (0,0,0), (10.8659,-3.92328,74.3389)
51.1649, (0,0,0), (15.1992,42.3555,-257.753)
99.2347, (0,0,0), (25.2919,37.2199,-100.166)
345.179, (0,0,0), (4.27241,44.7967,172.98)
79.074, (0,0,0), (5.27208,33.6355,18.7223)
56.7468, (0,0,0), (44.1421,-8.74487,-269.183)
25.9448, (0,0,0), (44.1795,-8.55402,-155.17)
120.431, (0,0,0), (3.44728,-21.8539,284.95)
7.4034, (0,0,0), (-19.6679,40.4743,12.5624)
73.1691, (0,0,0), (0.785376,-44.9931,235.456)
150.36, (0,0,0), (-30.1468,33.6137,270.69)
66.8463, (0,0,0), (43.898,9.89778,-45.6134)
253.583, (0,0,0), (44.533,6.46613,233.45)
284.545, (0,0,0), (-44.6303,5.75623,8.01636)
8.12059, (0,0,0), (-2.22136,54,266.919)
226.041, (0,0,0), (42.8342,13.7925,-254.558)
90.0096, (0,0,0), (-37.3627,25.0804,212.191)
21.3667, (0,0,0), (1.46208,-44.9762,2.88311)
107.995, (0,0,0), (-28.1026,35.146,-165.972)
216.365, (0,0,0), (-1.20764,26.4163,178.274)
78.6546, (0,0,0), (-35.0952,28.166,-170.102)
95.3204, (0,0,0), (-30.0292,33.5149,-191.557)
139.656, (0,0,0), (32.4195,31.2086,-251.482)
131.097, (0,0,0), (-38.191,-23.8002,-39.3187)
23.2498, (0,0,0), (22.9625,38.7004,-103.297)
111.573, (0,0,0), (36.3858,-26.4777,-149.042)
5.84718, (0,0,0), (-42.9881,13.3051,-148.959)
177.005, (0,0,0), (-42.5515,-14.6415,-189.371)
482.138, (0,0,0), (44.7052,5.1427,19.825)
45.1694, (0,0,0), (-12.2896,-43.2893,-218.695)
86.2374, (0,0,0), (39.1991,22.1004,128.378)
114.53, (0,0,0), (-12.0737,-43.35,-191.637)
28.3186, (0,0,0), (15.4084,-42.2798,-155.988)
13.8428, (0,0,0), (9.77805,-43.9248,195.752)
26.5874, (0,0,0), (-7.53566,-44.3646,-283.515)
235.574, (0,0,0), (38.9811,22.4827,186.042)
16.9469, (0,0,0), (-8.32149,-44.2239,130.896)
23.6116, (0,0,0), (-38.492,23.3102,-22.9898)
211.955, (0,0,0), (44.2927,7.94736,129.005)
308.67, (0,0,0), (44.856,-3.59771,-257.637)
38.2873, (0,0,0), (-25.8031,-36.8673,-108.574)
13.4478, (0,0,0), (-13.4594,-42.94,286.583)
11.6271, (0,0,0), (31.1339,5.20207,-138.722)
81.9496, (0,0,0), (-38.7524,22.8747,-260.944)
66.2362, (0,0,0), (43.8793,-9.98049,-177.528)
5.69709, (0,0,0), (3.67626,-42.9037,-294.4)
185.129, (0,0,0), (37.9962,24.11,-96.54)
63.9018, (0,0,0), (11.2934,54,236.293)
133.697, (0,0,0), (-29.3965,-34.0712,254.356)
17.2465, (0,0,0), (44.8803,3.28029,163.602)
8.89269, (0,0,0), (-44.0361,-9.26404,175.38)
61.1742, (0,0,0), (28.8331,34.5493,-27.9904)
69.3866, (0,0,0), (-40.724,-19.1456,69.9823)
4.51686, (0,0,0), (22.0659,-39.2186,245.189)
36.1694, (0,0,0), (38.4013,23.4592,112.895)
25.5625, (0,0,0), (-30.3781,33.199,-101.727)
103.967, (0,0,0), (-44.2296,8.29117,186.874)
38.5377, (0,0,0), (-35.1276,-28.1256,-8.63098)
29.1968, (0,0,0), (-44.9891,-0.991503,-261.93)
19.6904, (0,0,0), (-43.8707,-10.0181,-212.003)
20.3242, (0,0,0), (-44.8353,3.84657,-177.178)
33.069, (0,0,0), (41.4133,-17.6051,-119.831)
34.0516, (0,0,0), (-27.1737,10.2621,294.4)
177.296, (0,0,0), (22.3144,-0.395447,-50.2718)
41.7607, (0,0,0), (-33.1164,-30.4681,126.864)
36.692, (0,0,0), (-0.493185,44.9973,-85.024)
135.516, (0,0,0), (-8.87265,-3.38558,211.492)
95.9263, (0,0,0), (-11.6334,-43.4703,-97.8378)
36.5814, (0,0,0), (9.24922,-44.0392,245.511)
83.0904, (0,0,0), (-44.7227,-4.98812,177.06)
138.858, (0,0,0), (39.7232,-21.144,-29.5468)
103.453, (0,0,0), (-8.19319,44.2478,-119.02)
80.3889, (0,0,0), (-23.38,38.4496,-81.4649)
41.832, (0,0,0), (-44.929,-2.52628,150.424)
8.8387, (0,0,0), (-1.85537,44.9617,-234.707)
149.154, (0,0,0), (43.4729,-11.6237,265.71)
10.3828, (0,0,0), (-19.2976,40.6522,-142.814)
104.501, (0,0,0), (14.1023,-42.7332,-30.3864)
27.2259, (0,0,0), (-35.2113,-28.0208,3.48435)
0.892946, (0,0,0), (-0.566129,16.9867,-200.245)
225.144, (0,0,0), (-38.0875,23.9655,-134.969)
11.1351, (0,0,0), (39.531,21.5012,113.201)
64.5802, (0,0,0), (-17.3831,-41.507,-108.467)
112.339, (0,0,0), (37.9645,-24.1597,287.54)
14.6077, (0,0,0), (-43.6312,-11.0145,174.49)
169.32, (0,0,0), (-30.7796,-32.8271,-163.366)
15.9852, (0,0,0), (44.2476,8.19433,-155.75)
167.051, (0,0,0), (-11.5725,-43.4865,-292.121)
40.9508, (0,0,0), (8.419,44.2054,-248.204)
270.777, (0,0,0), (-19.0589,34.1849,-57.0533)
38.8277, (0,0,0), (-40.8484,18.8788,-4.52301)
7.03383, (0,0,0), (-12.1919,-43.3169,-289.394)
143.277, (0,0,0), (4.424,-44.782,-163.584)
143.48, (0,0,0), (16.0673,-42.0338,71.0432)
22.6862, (0,0,0), (36.0723,-26.9033,-259.803)
28.5192, (0,0,0), (-9.08077,-44.0743,260.64)
42.832, (0,0,0), (-43.2044,-12.5847,-91.2129)
63.8122, (0,0,0), (44.9299,-2.51083,201.492)
17.1374, (0,0,0), (-24.2538,-37.9045,142.973)
15.2073, (0,0,0), (-26.631,36.2738,-213.313)
287.221, (0,0,0), (-10.256,-43.8157,104.643)
0.784261, (0,0,0), (-24.0029,-38.0639,-146.316)
20.6666, (0,0,0), (0.64944,44.9953,-115.951)
52.7208, (0,0,0), (39.2271,-22.0507,267.969)
4.52521, (0,0,0), (-41.6431,-17.0545,-224.343)
32.5238, (0,0,0), (-10.5347,-43.7495,240.407)
60.0497, (0,0,0), (40.5192,-19.5754,71.0143)
27.14, (0,0,0), (2.37201,-44.9374,226.698)
21.3922, (0,0,0), (-1.67438,3.46612,-291.281)
19.4433, (0,0,0), (36.4957,5.21113,-230.982)
93.0783, (0,0,0), (16.7451,45.7248,208.074)
11.7676, (0,0,0), (-44.1708,8.59906,-176.413)
40.6263, (0,0,0), (44.6763,5.38791,-1.29542)
150.755, (0,0,0), (14.7037,42.53,-251.003)
250.572, (0,0,0), (-40.5741,-19.4614,-205.665)
2.83864, (0,0,0), (22.7241,38.8409,-114.572)
22.4479, (0,0,0), (44.3099,7.85061,-277.926)
28.441, (0,0,0), (20.6061,33.3856,-238.384)
167.357, (0,0,0), (44.9656,-1.75849,156.07)
90.2346, (0,0,0), (-44.6694,-5.4447,-74.3887)
63.0543, (0,0,0), (44.9102,0.518125,218.668)
48.9672, (0,0,0), (-18.019,41.2349,66.6592)
157.174, (0,0,0), (-38.6065,-23.12,174.581)
55.3637, (0,0,0), (37.5702,39.9724,230.671)
39.6784, (0,0,0), (-32.2682,-31.365,94.8954)
500, (0,0,0), (-22.1043,16.7203,126.154)
13.3875, (0,0,0), (-37.626,-24.6837,97.3786)
65.3876, (0,0,0), (30.1362,-33.4187,93.7228)
3.33107, (0,0,0), (40.1707,-20.281,-1.31979)
78.5979, (0,0,0), (44.0235,9.32375,137.22)
39.0088, (0,0,0), (0.988418,-8.8393,-294.4)
10.0999, (0,0,0), (-27.7052,35.4602,171.007)
4.39473, (0,0,0), (34.2502,-9.27659,164.374)
105.103, (0,0,0), (-44.2135,8.37632,12.2191)
85.5951, (0,0,0), (-7.03328,-14.6706,-294.4)
165.223, (0,0,0), (-33.0672,30.5215,207.993)
174.716, (0,0,0), (35.8614,-27.1838,285.321)
37.4112, (0,0,0), (-6.06368,44.5896,181.077)
82.9138, (0,0,0), (-36.8705,-25.7986,-169.795)
79.605, (0,0,0), (33.6967,29.825,-34.4672)
65.3371, (0,0,0), (-3.59317,-44.8563,-163.74)
223.776, (0,0,0), (43.3617,12.0317,228.349)
230.658, (0,0,0), (-37.58,24.7536,-152.465)
38.7561, (0,0,0), (25.734,-36.9156,73.5164)
18.8391, (0,0,0), (-43.8849,9.95582,61.3466)
3.76825, (0,0,0), (-28.2578,35.0214,186.728)
53.6098, (0,0,0), (21.0006,39.7992,-75.7833)
15.0233, (0,0,0), (41.9324,16.3301,-99.688)
357.698, (0,0,0), (34.636,-28.7289,-257.974)
229.842, (0,0,0), (1.97541,-44.9566,32.3147)
167.477, (0,0,0), (44.0468,-9.21293,-252.397)
254.283, (0,0,0), (5.92403,-44.6084,165.348)
188.617, (0,0,0), (-38.2208,36.1625,232.603)
60.6648, (0,0,0), (36.1841,26.7528,-86.5117)
262.125, (0,0,0), (-40.5065,14.5862,-45.8261)
265.231, (0,0,0), (0.54229,-44.9967,22.7291)
43.5365, (0,0,0), (44.888,3.17316,88.1879)
28.1538, (0,0,0), (-13.0374,7.14754,-139.535)
12.6735, (0,0,0), (33.834,22.6319,-257.31)
141.997, (0,0,0), (-9.6075,-43.9624,271.191)
29.9527, (0,0,0), (-19.5854,-40.5143,166.504)
68.4554, (0,0,0), (31.1858,4.67498,-211.312)
50.5503, (0,0,0), (-13.5293,-42.918,-3.57759)
23.7294, (0,0,0), (-27.1815,35.8631,-21.4771)
58.5723, (0,0,0), (35.1708,-28.0716,-89.1386)
1.3, (0,0,0), (39.3484,-21.8336,119.106)
42.8496, (0,0,0), (-27.1988,-35.8501,-209.506)
2.36978, (0,0,0), (-41.5899,-17.1838,95.4749)
4.3886, (0,0,0), (21.9459,-39.2858,38.3503)
4.2404, (0,0,0), (31.0098,-32.6097,70.9742)
27.7933, (0,0,0), (44.5369,6.43957,160.043)
181.498, (0,0,0), (43.6409,-10.976,-184.546)
176.125, (0,0,0), (34.621,48.1594,224.365)
253.592, (0,0,0), (17.4139,-41.4941,133.449)
108.809, (0,0,0), (44.623,-5.8125,-233.636)
134.246, (0,0,0), (10.0748,-43.8577,218.385)
9.9659, (0,0,0), (-23.898,-38.1299,-115.599)
0.04848, (0,0,0), (44.0514,-9.19075,44.8566)
21.8896, (0,0,0), (25.1618,-37.3079,233.336)
34.5224, (0,0,0), (32.0665,-25.0851,188.102)
57.7105, (0,0,0), (-6.17185,-44.5747,-143.029)
15.8185, (0,0,0), (-5.8562,18.4327,-294.4)
68.227, (0,0,0), (26.4638,36.3959,193.429)
29.9637, (0,0,0), (-44.7318,4.90609,121.277)
85.701, (0,0,0), (32.1363,-7.59435,-128.577)
93.1713, (0,0,0), (44.8991,3.01136,-219.119)
100.682, (0,0,0), (44.7505,-4.73226,-33.777)
161.619, (0,0,0), (8.66006,-23.5966,83.6775)
125.266, (0,0,0), (30.445,-33.1377,-142.179)
263.16, (0,0,0), (-44.9785,1.39088,-132.583)
39.6291, (0,0,0), (42.7419,14.076,172.286)
10.6574, (0,0,0), (4.68935,44.755,44.9314)
4.02683, (0,0,0), (-43.6882,10.7863,-35.4362)
4.39069, (0,0,0), (-28.4331,28.0222,-119.503)
121.169, (0,0,0), (24.9569,37.4453,-104.699)
1.11279, (0,0,0), (1.81748,40.6902,109.633)
225.862, (0,0,0), (-29.0306,50,269.278)
297.241, (0,0,0), (18.0319,-6.98076,-294.4)
84.0232, (0,0,0), (-18.248,41.1341,30.9657)
146.328, (0,0,0), (-8.17856,-14.6351,294.4)
46.5993, (0,0,0), (28.6205,34.7256,-210.456)
91.9488, (0,0,0), (-6.63084,44.5088,-266.2)
116.658, (0,0,0), (-29.2129,34.2287,-87.7807)
59.9645, (0,0,0), (-36.7513,-25.9681,-165.411)
97.2857, (0,0,0), (6.30627,44.5559,-98.4241)
130.298, (0,0,0), (28.3655,29.3679,221.068)
3.02118, (0,0,0), (1.58011,-44.9722,-116.598)
1.38726, (0,0,0), (44.9434,2.25715,-136.288)
221.339, (0,0,0), (37.9263,4.10044,178.787)
28.1175, (0,0,0), (44.9901,0.945505,154.944)
131.403, (0,0,0), (-8.59537,-28.507,-156.793)
109.266, (0,0,0), (6.39349,-44.5435,24.3977)
3.08735, (0,0,0), (-14.6879,-42.5355,177.302)
122.096, (0,0,0), (-29.7717,11.9985,122.407)
55.4242, (0,0,0), (28.9219,21.9626,294.4)
139.814, (0,0,0), (-14.9353,42.4492,188.459)
128.639, (0,0,0), (-42.9946,13.2839,-44.9188)
94.6369, (0,0,0), (34.9735,28.317,77.8239)
130.255, (0,0,0), (-44.8369,-3.82794,43.2751)
13.962, (0,0,0), (-33.2322,30.3417,52.6104)
19.0678, (0,0,0), (5.74257,44.6321,145.636)
33.5113, (0,0,0), (-42.9927,13.29,158.958)
141.488, (0,0,0), (38.5568,23.2029,256.951)
17.6337, (0,0,0), (-39.753,21.0879,29.347)
94.2234, (0,0,0), (-23.359,-38.4624,202.255)
6.47629, (0,0,0), (-29.1961,34.2431,-176.439)
81.7513, (0,0,0), (-6.14965,-44.5778,-158.695)
78.9752, (0,0,0), (44.4507,7.0095,-235.141)
11.0055, (0,0,0), (43.4515,11.7031,-137.92)
44.5583, (0,0,0), (-35.0544,12.0902,-261.058)
52.1807, (0,0,0), (44.95,-2.12116,-21.9645)
257.869, (0,0,0), (42.0539,16.0147,7.0143)
135.183, (0,0,0), (-19.4252,53.4028,228.583)
174.646, (0,0,0), (41.9058,16.3983,-136.041)
23.8761, (0,0,0), (-24.6943,-37.619,149.203)
196.692, (0,0,0), (-38.1103,23.9291,33.4173)
54.3073, (0,0,0), (-26.9277,-36.0541,-37.0169)
58.079, (0,0,0), (41.2613,17.5816,294.4)
4.4769, (0,0,0), (-31.5081,-32.1285,-99.4575)
233.056, (0,0,0), (-34.9242,-28.3778,117.645)
4.48099, (0,0,0), (43.3583,-12.0439,204.139)
102.776, (0,0,0), (-26.0838,-36.6692,-37.8802)
58.2502, (0,0,0), (3.10915,-44.8925,-205.712)
173.065, (0,0,0), (-26.1508,-8.15828,-106.663)
15.4884, (0,0,0), (-3.16646,-44.8885,-117.323)
63.5655, (0,0,0), (-30.2275,-33.3362,-73.384)
16.5765, (0,0,0), (-6.8083,-44.482,273.904)
25.275, (0,0,0), (29.5274,-33.9578,9.91514)
9.83858, (0,0,0), (15.5157,38.8975,-41.5393)
105.94, (0,0,0), (-40.7703,-19.0469,-95.3319)
78.9313, (0,0,0), (-40.0299,-20.5575,-119.743)
71.9669, (0,0,0), (44.9991,-0.283434,217.132)
32.1116, (0,0,0), (20.2113,13.6875,88.1765)
57.1696, (0,0,0), (-5.88394,-20.2269,26.4989)
130.545, (0,0,0), (-5.10522,-26.9541,-202.195)
62.723, (0,0,0), (-2.63518,-44.9228,-195.936)
78.5453, (0,0,0), (-5.78152,-44.6271,37.9805)
264.704, (0,0,0), (-25.8179,36.857,197.311)
21.2648, (0,0,0), (-42.6929,-14.2237,276.894)
249.939, (0,0,0), (44.3673,7.51973,-119.477)
127.186, (0,0,0), (-33.9397,-29.5482,112.09)
342.832, (0,0,0), (-27.2713,35.7949,-94.7733)
24.2231, (0,0,0), (-26.9767,36.0175,35.3887)
89.5777, (0,0,0), (1.58041,-44.9722,48.446)
96.9909, (0,0,0), (21.1565,-39.7165,11.7569)
22.2432, (0,0,0), (39.1277,22.2267,52.5062)
75.6981, (0,0,0), (-25.2386,30.4861,-294.4)
222.423, (0,0,0), (32.4441,31.183,191.687)
42.9434, (0,0,0), (35.9641,-27.0478,-162.971)
41.0918, (0,0,0), (-35.2881,-27.924,-130.897)
58.2554, (0,0,0), (44.715,-5.05654,43.55)
85.3302, (0,0,0), (-4.54172,-44.7702,-244.492)
32.0119, (0,0,0), (-30.1132,-33.4394,281.003)
22.4939, (0,0,0), (-20.48,-40.0696,-79.9286)
12.4462, (0,0,0), (-13.8121,-42.8279,150.807)
68.7203, (0,0,0), (-2.3877,-44.9366,63.9356)
132.14, (0,0,0), (32.9925,-30.6022,-183.768)
115.622, (0,0,0), (-33.8937,-29.6009,-280.462)
293.349, (0,0,0), (-37.2505,-25.2468,125.693)
28.0019, (0,0,0), (-17.2972,-41.5428,-208.183)
62.5732, (0,0,0), (-31.1712,-27.0476,189.22)
104.326, (0,0,0), (28.9088,-6.88089,-294.4)
1.13095, (0,0,0), (-6.93693,-44.4621,149.405)
16.416, (0,0,0), (-12.6497,53.1692,266.021)
144.493, (0,0,0), (38.657,37.0867,254.678)
106.981, (0,0,0), (42.272,-15.4298,34.7234)
60.7781, (0,0,0), (0.674848,-9.99522,-294.4)
105.639, (0,0,0), (41.3081,17.8504,107.831)
235.498, (0,0,0), (38.5466,23.2198,-167.59)
65.1057, (0,0,0), (-41.698,-16.5049,-202.743)
181.09, (0,0,0), (-5.52739,-44.6592,-39.5298)
54.9776, (0,0,0), (44.7636,4.60687,47.3862)
16.3707, (0,0,0), (-17.4922,-41.4611,12.4221)
87.2468, (0,0,0), (16.0804,9.99665,1.23488)
83.2722, (0,0,0), (-43.6316,-11.0128,219.506)
59.984, (0,0,0), (1.40347,44.9781,-291.041)
4.04677, (0,0,0), (44.2773,-8.03273,108.818)
304.398, (0,0,0), (-37.183,-25.3461,-222.182)
46.5867, (0,0,0), (39.6334,13.9607,294.4)
4.47094, (0,0,0), (-33.3301,30.2342,288.583)
47.4094, (0,0,0), (-6.47048,-44.5324,139.004)
21.9036, (0,0,0), (44.2754,8.04287,85.4158)
19.4039, (0,0,0), (3.66061,44.8509,-1.5474)
11.467, (0,0,0), (-20.4448,-40.0876,4.61013)
100.421, (0,0,0), (-11.0948,43.6108,-91.679)
422.349, (0,0,0), (-3.67536,44.8497,-90.1743)
61.7509, (0,0,0), (41.7243,-16.8546,235.602)
30.2374, (0,0,0), (42.0203,-16.1026,249.505)
42.4618, (0,0,0), (-26.605,31.6996,-39.6454)
118.736, (0,0,0), (-21.6747,-39.4361,-178.897)
14.74, (0,0,0), (42.5304,-14.7027,143.866)
75.0021, (0,0,0), (44.4016,-7.31421,-110.881)
5.08508, (0,0,0), (-30.2134,-33.3489,-270.271)
20.9811, (0,0,0), (-42.5177,-14.7394,-65.2128)
3.29743, (0,0,0), (25.3676,-24.4971,-100.977)
16.3963, (0,0,0), (23.9154,-38.119,217.369)
101.057, (0,0,0), (20.1724,40.2253,13.1627)
25.7649, (0,0,0), (-4.73969,-8.67774,152.484)
3.67149, (0,0,0), (5.46335,-44.6671,-155.652)
3.14033, (0,0,0), (-29.276,-34.1748,-83.0084)
38.6265, (0,0,0), (29.4098,20.3594,-172.751)
62.4375, (0,0,0), (16.2275,-41.9722,-290.091)
70.1014, (0,0,0), (-41.031,-18.4787,272.057)
80.9967, (0,0,0), (31.9233,31.716,-266.466)
29.4316, (0,0,0), (44.3171,7.80966,189.405)
6.47762, (0,0,0), (44.7242,4.97489,-33.8535)
18.9718, (0,0,0), (10.732,-43.7015,167.453)
22.734, (0,0,0), (-39.2464,22.0163,293.281)
343.625, (0,0,0), (16.459,-41.882,-192.327)
79.2839, (0,0,0), (-0.954407,-14.0939,254.146)
83.1797, (0,0,0), (-7.51785,-42.5325,266.446)
8.92146, (0,0,0), (13.2713,-42.9985,83.3528)
53.2321, (0,0,0), (-32.9961,-5.8965,294.4)
63.0943, (0,0,0), (-44.6429,5.65798,278.516)
85.3612, (0,0,0), (-44.7168,-5.04078,257.523)
35.9496, (0,0,0), (39.977,20.6601,-160.25)
11.4962, (0,0,0), (16.8558,41.7239,-125.907)
17.1602, (0,0,0), (-44.3768,-7.46341,-56.43)
73.5547, (0,0,0), (-44.2059,-8.41661,124.314)
90.8175, (0,0,0), (34.329,-29.095,-124.835)
27.6298, (0,0,0), (-27.0021,35.9984,25.1723)
25.9354, (0,0,0), (41.2382,18.0114,86.1643)
44.013, (0,0,0), (26.0865,-36.6674,-257.522)
8.56569, (0,0,0), (-44.903,-2.95313,-120.593)
35.4222, (0,0,0), (43.9985,-9.44114,21.2614)
35.0336, (0,0,0), (-43.7683,10.4562,92.1885)
23.03, (0,0,0), (-42.2006,-15.624,-16.1898)
46.0132, (0,0,0), (-0.845725,-44.9921,-155.09)
18.9698, (0,0,0), (22.5123,-29.4902,219.116)
78.8683, (0,0,0), (-15.6531,42.1898,-235.635)
105.74, (0,0,0), (-43.4898,-11.56,45.8528)
37.08, (0,0,0), (39.7373,-21.1174,-38.0468)
35.031, (0,0,0), (2.89697,-44.9067,87.8348)
82.1724, (0,0,0), (9.34526,-44.0189,-187.907)
29.6391, (0,0,0), (1.92181,-44.9589,-257.704)
15.8345, (0,0,0), (-43.6348,-11.0002,49.2041)
256.139, (0,0,0), (-2.06896,-44.9524,220.575)
57.5372, (0,0,0), (15.2086,-42.3521,278.503)
171.639, (0,0,0), (9.34732,-44.0185,-281.27)
244.178, (0,0,0), (-12.7242,-3.83562,-23.027)
178.241, (0,0,0), (44.9872,1.07172,-25.476)
36.5315, (0,0,0), (36.9794,-25.6422,-81.6393)
43.3921, (0,0,0), (-20.2932,40.1645,-231.083)
42.9933, (0,0,0), (-13.3916,-42.9612,-231.645)
120.873, (0,0,0), (8.5628,0.471668,171.208)
74.3406, (0,0,0), (42.3589,15.1897,-175.65)
44.0837, (0,0,0), (-42.8686,-13.6851,178.512)
17.0643, (0,0,0), (-9.47711,-43.9907,-226.172)
58.2784, (0,0,0), (41.7959,-16.6763,254.086)
54.4195, (0,0,0), (39.2708,27.3524,252.003)
92.4298, (0,0,0), (-17.595,51.5897,226.57)
92.184, (0,0,0), (26.1825,-36.5989,-268.162)
3.4904, (0,0,0), (37.3085,33.3936,229.975)
27.8447, (0,0,0), (-44.8778,3.31429,185.708)
15.6845, (0,0,0), (-25.4642,-37.1022,-74.6557)
101.008, (0,0,0), (-44.6589,5.52989,89.795)
137.903, (0,0,0), (-44.0322,9.28242,-52.9102)
82.6538, (0,0,0), (6.25701,44.5629,146.108)
8.0625, (0,0,0), (40.0211,2.30153,194.903)
8.5508, (0,0,0), (-25.7016,36.9381,-102.205)
124.25, (0,0,0), (-41.0462,-18.4448,121.404)
178.398, (0,0,0), (27.0637,-35.9521,287.032)
124.691, (0,0,0), (-38.2378,-23.7249,231.099)
32.5978, (0,0,0), (44.5482,-6.36053,243.161)
127.435, (0,0,0), (-43.3261,12.1593,-288.355)
134.365, (0,0,0), (-4.17715,7.18571,-294.4)
67.1663, (0,0,0), (-44.4191,-7.20701,-176.157)
228.317, (0,0,0), (4.70964,44.7529,146.916)
8.3528, (0,0,0), (-16.394,-18.263,-294.4)
66.4481, (0,0,0), (-18.424,-41.0555,35.3206)
108.236, (0,0,0), (13.7977,42.8325,-264.227)
2.14862, (0,0,0), (7.04878,-44.4445,220.347)
110.517, (0,0,0), (26.1939,-36.5907,-258.068)
129.391, (0,0,0), (-39.981,20.6524,13.9653)
97.553, (0,0,0), (26.8149,22.6893,-83.5837)
77.153, (0,0,0), (-3.69309,31.984,-294.4)
35.9207, (0,0,0), (9.84959,43.9088,86.4379)
201.317, (0,0,0), (5.88941,-27.5914,294.4)
3.5449, (0,0,0), (2.88322,44.9075,-81.0686)
57.6611, (0,0,0), (-6.33375,44.552,-93.0095)
68.9051, (0,0,0), (-15.1426,-5.1175,294.4)
56.0895, (0,0,0), (-38.0031,-24.099,-66.0584)
55.4695, (0,0,0), (-44.2119,8.38499,36.5489)
30.1916, (0,0,0), (40.4977,19.6198,-96.915)
104.441, (0,0,0), (-27.3918,35.7028,113.876)
22.3833, (0,0,0), (18.4118,35.6629,54.1892)
149.082, (0,0,0), (-44.9247,2.60264,223.194)
12.2729, (0,0,0), (12.444,-43.2452,224.28)
14.7487, (0,0,0), (-18.1996,-41.1555,-1.59702)
40.3152, (0,0,0), (-42.603,-14.4908,96.6036)
7.28466, (0,0,0), (-18.2971,-41.1122,221.003)
368.706, (0,0,0), (16.6214,-41.8178,-43.2554)
85.7138, (0,0,0), (43.427,11.7939,-45.4702)
134.074, (0,0,0), (-27.4019,-35.6951,-58.1871)
46.2182, (0,0,0), (-39.2772,-21.9613,248.112)
65.3592, (0,0,0), (20.0582,18.8008,-294.4)
2.20353, (0,0,0), (5.21656,-44.6966,-119.555)
71.2993, (0,0,0), (-39.1109,-8.38625,108.734)
103.72, (0,0,0), (-34.6817,-28.6737,250.323)
89.6698, (0,0,0), (42.9501,13.4273,160.49)
74.4148, (0,0,0), (-24.9874,-37.425,210.373)
57.8292, (0,0,0), (-4.27268,-44.7967,-86.8323)
65.2916, (0,0,0), (41.8794,16.4657,-30.732)
48.7151, (0,0,0), (38.6134,-23.1086,-147.196)
51.5509, (0,0,0), (-22.1122,39.1925,-152.845)
70.0459, (0,0,0), (25.0953,15.0244,-170.584)
31.5361, (0,0,0), (29.6734,33.8303,-61.5852)
28.3938, (0,0,0), (44.5945,-6.02725,215.763)
309.165, (0,0,0), (42.2058,15.6099,-145.795)
12.0391, (0,0,0), (15.919,-42.0902,70.3059)
5.45987, (0,0,0), (-5.02943,-16.0898,-33.9583)
99.2822, (0,0,0), (-44.555,-6.31274,284.088)
60.3426, (0,0,0), (-4.50398,-44.774,293.872)
85.5365, (0,0,0), (-13.6017,-42.8951,-196.275)
153.366, (0,0,0), (-3.89301,-44.8313,148.777)
285.814, (0,0,0), (9.00247,-44.0903,222.802)
37.8043, (0,0,0), (-43.1581,-12.7429,56.7246)
3.38203, (0,0,0), (-19.0181,-40.7837,119.278)
113.176, (0,0,0), (-35.7591,-27.3182,38.793)
2.82088, (0,0,0), (-33.7735,8.19585,294.4)
21.8354, (0,0,0), (-44.9987,0.337581,114.893)
29.0077, (0,0,0), (-31.1165,32.5079,284.562)
1.62344, (0,0,0), (-20.5715,40.0227,-269.912)
54.9694, (0,0,0), (44.8031,4.20546,30.3197)
147.228, (0,0,0), (44.9984,-0.377722,-290.401)
3.67649, (0,0,0), (35.5701,-27.5639,-271.427)
153.371, (0,0,0), (-42.1099,15.8668,222.685)
6.18412, (0,0,0), (-15.6492,42.1913,-173.095)
183.608, (0,0,0), (3.91924,-44.829,-90.9192)
64.3415, (0,0,0), (2.41201,-44.9353,252.297)
149.947, (0,0,0), (-11.399,-43.5323,-181.366)
130.441, (0,0,0), (15.4443,-42.2667,142.483)
201.707, (0,0,0), (-6.55747,-44.5197,196.189)
116.351, (0,0,0), (-44.9554,2.00288,-285.593)
6.87836, (0,0,0), (35.9923,-27.0102,-96.8623)
113.207, (0,0,0), (-44.992,0.847649,90.5348)
268.419, (0,0,0), (-8.57004,-44.1764,21.6795)
340.52, (0,0,0), (-34.1768,-29.2737,-201.045)
8.69459, (0,0,0), (16.3033,-41.9428,-108.756)
124.854, (0,0,0), (-41.3797,17.684,54.2758)
5.2698, (0,0,0), (-4.27074,44.7969,-197.148)
23.4544, (0,0,0), (-44.3425,7.66462,90.9899)
130.345, (0,0,0), (-43.1921,12.627,282.489)
152.163, (0,0,0), (40.839,-18.8992,-237.297)
44.0848, (0,0,0), (1.15825,44.9851,10.8275)
7.51123, (0,0,0), (-40.4496,-19.7188,-25.194)
2.34603, (0,0,0), (-32.5481,-31.0745,-28.9013)
314.559, (0,0,0), (44.0321,-9.28287,-9.61732)
20.1828, (0,0,0), (-13.0713,43.0597,-183.103)
20.5345, (0,0,0), (36.8243,25.8645,-91.2881)
24.0566, (0,0,0), (44.7676,4.56726,-254.748)
17.7818, (0,0,0), (2.53626,44.9285,-67.1822)
15.9111, (0,0,0), (13.1798,22.5187,294.4)
19.2717, (0,0,0), (8.82862,-44.1255,-207.594)
145.07, (0,0,0), (35.8264,-27.23,28.4034)
116.754, (0,0,0), (18.3147,19.0668,-271.503)
40.3678, (0,0,0), (-44.8407,-3.78331,143.539)
45.1701, (0,0,0), (-3.2262,-44.8842,80.5559)
339.433, (0,0,0), (42.4883,14.8238,-144.324)
17.8439, (0,0,0), (-31.1183,-32.5062,-97.3267)
4.61621, (0,0,0), (35.1311,26.6439,-243.522)
48.8135, (0,0,0), (44.9523,2.07233,285.253)
75.0535, (0,0,0), (-36.156,26.7907,-216.814)
158.361, (0,0,0), (-34.8765,-28.4364,156.835)
1.19179, (0,0,0), (-40.0546,20.5092,107.876)
90.6395, (0,0,0), (44.605,-5.94944,176.689)
131.507, (0,0,0), (44.0131,-9.3728,-144.723)
30.2367, (0,0,0), (39.2922,-21.9346,-133.728)
118.764, (0,0,0), (-38.9418,-22.5507,19.7353)
34.4135, (0,0,0), (14.411,42.6301,113.765)
12.8875, (0,0,0), (-1.06799,-30.805,294.4)
39.362, (0,0,0), (38.8575,-22.6957,-170.732)
8.99782, (0,0,0), (-34.1696,29.2821,-85.3573)
33.2384, (0,0,0), (34.3167,-29.1095,134.806)
27.1725, (0,0,0), (43.0866,-12.9826,91.7437)
96.6395, (0,0,0), (43.7199,-10.657,237.893)
22.2269, (0,0,0), (-2.8654,-26.435,149.608)
37.5691, (0,0,0), (42.9325,13.4833,101.131)
82.8689, (0,0,0), (-43.8596,-10.0665,-258.056)
55.6589, (0,0,0), (-32.925,-30.6748,-185.55)
106.531, (0,0,0), (-44.5439,-6.39094,24.2342)
90.8161, (0,0,0), (-25.8697,34.2798,288.763)
187.745, (0,0,0), (0.365761,51.5195,246.822)
70.4672, (0,0,0), (-26.9829,-36.0128,-168.679)
327.756, (0,0,0), (27.4966,-35.6221,-142.324)
17.028, (0,0,0), (8.98909,-44.093,-161.734)
27.8531, (0,0,0), (-7.27164,44.4086,94.6976)
347.824, (0,0,0), (42.1993,15.6276,-31.4266)
72.9627, (0,0,0), (-40.4144,-19.7908,-172.268)
158.216, (0,0,0), (0.398646,-8.18251,-294.4)
82.6946, (0,0,0), (-31.4041,-21.3152,294.4)
0.42851, (0,0,0), (-33.6845,44.3603,222.828)
112.789, (0,0,0), (15.5929,42.2121,68.2319)
112.518, (0,0,0), (-19.9066,21.5507,-263.673)
127.811, (0,0,0), (-40.5486,-19.5144,-173.877)
139.272, (0,0,0), (43.1331,12.8271,-161.132)
39.5209, (0,0,0), (-32.7338,-30.8787,2.36936)
74.9144, (0,0,0), (1.53499,-2.85244,-50.6045)
89.0905, (0,0,0), (-33.6494,29.8784,140.769)
259.103, (0,0,0), (-33.8328,-29.6705,-68.2074)
161.642, (0,0,0), (-42.8248,13.8216,265.555)
142.372, (0,0,0), (-32.0015,31.637,78.9849)
35.7976, (0,0,0), (-30.7492,-32.8556,-43.3777)
6.58969, (0,0,0), (3.09967,-44.8931,-38.8402)
369.081, (0,0,0), (22.7395,-38.8319,270.564)
91.4363, (0,0,0), (32.798,-30.8105,-225.919)
10.7518, (0,0,0), (26.4064,50,262.655)
9.11838, (0,0,0), (36.0283,26.9622,-122.44)
35.759, (0,0,0), (-11.9431,-43.3862,131.63)
106.771, (0,0,0), (13.7968,-42.8328,70.0531)
121.251, (0,0,0), (21.5745,-39.491,180.061)
49.8994, (0,0,0), (-41.7191,-16.8677,-6.65349)
60.4499, (0,0,0), (41.5861,-17.193,-192.054)
12.1704, (0,0,0), (-9.01482,-44.0878,270.977)
26.5674, (0,0,0), (-42.2232,15.5627,-67.4374)
53.1219, (0,0,0), (2.00673,-44.9552,-39.7504)
44.6675, (0,0,0), (-16.3513,-18.3527,-294.4)
102.032, (0,0,0), (40.9041,-18.7579,-17.691)
11.0331, (0,0,0), (-0.0606486,45,6.48841)
101.373, (0,0,0), (25.643,-36.9789,209.108)
19.1929, (0,0,0), (-12.0049,43.3691,293.865)
163.734, (0,0,0), (44.6228,5.81397,216.595)
19.0413, (0,0,0), (-44.839,3.80355,60.9572)
127.77, (0,0,0), (-42.3556,-15.1987,-171.679)
34.0786, (0,0,0), (-7.14598,44.429,-189.963)
5.86554, (0,0,0), (-34.0012,-29.4774,-230.308)
77.4924, (0,0,0), (-1.94532,48.5148,284.353)
209.79, (0,0,0), (39.1483,-22.1904,-149.317)
48.4862, (0,0,0), (35.8951,27.1393,-62.8297)
11.1476, (0,0,0), (43.2243,-12.5164,-292.807)
12.0085, (0,0,0), (43.9603,-9.61725,-175.203)
18.6855, (0,0,0), (-17.7805,-41.3383,-25.9209)
1.91047, (0,0,0), (-39.4117,-21.719,-273.768)
24.1099, (0,0,0), (-2.05745,44.9529,-56.0856)
2.04107, (0,0,0), (-8.96724,10.2487,60.7418)
189.607, (0,0,0), (12.0994,-43.3429,-138.885)
9.05984, (0,0,0), (-24.4592,37.7723,191.512)
177.374, (0,0,0), (-16.354,-41.9231,148.681)
47.1849, (0,0,0), (-13.3235,52.9491,223.187)
24.5787, (0,0,0), (-27.7221,35.447,-34.7345)
94.9666, (0,0,0), (-16.6167,16.533,-128.382)
165.857, (0,0,0), (39.7158,-21.1579,222.581)
26.9805, (0,0,0), (-44.7859,-4.38396,-268.248)
3.30244, (0,0,0), (-14.6129,42.5613,-230.171)
67.9748, (0,0,0), (-4.93827,-11.1034,123.664)
44.7354, (0,0,0), (11.3732,-43.5391,288.822)
165.417, (0,0,0), (-21.7428,39.3986,-199.235)
19.4741, (0,0,0), (44.9944,0.707469,241.472)
1.25129, (0,0,0), (40.9436,-18.6715,293.215)
23.4061, (0,0,0), (-24.0009,38.0652,-62.933)
90.26, (0,0,0), (41.3764,-17.6916,181.967)
31.9915, (0,0,0), (-27.1604,28.5899,-294.4)
74.9972, (0,0,0), (24.2298,-37.9199,-242.492)
3.77602, (0,0,0), (34.3289,47.7418,223.869)
40.6113, (0,0,0), (-1.71526,-44.9673,-251.622)
85.8304, (0,0,0), (-37.5601,-24.7839,246.876)
11.5018, (0,0,0), (-21.9761,39.269,-232.255)
157.743, (0,0,0), (-44.345,7.64986,269.56)
97.4268, (0,0,0), (-44.0577,9.16088,-76.2005)
108.945, (0,0,0), (-7.17651,-44.4241,111.058)
207.901, (0,0,0), (-15.2988,54,247.231)
47.2951, (0,0,0), (-8.87148,44.1169,51.1054)
178.887, (0,0,0), (22.9441,38.7114,-134.657)
74.9859, (0,0,0), (3.86069,44.8341,-22.107)
68.3159, (0,0,0), (44.9386,-2.35073,-256.051)
39.4186, (0,0,0), (-29.4112,-34.0585,231.286)
37.8225, (0,0,0), (-32.4444,-31.1827,177.337)
39.2652, (0,0,0), (36.7366,25.9889,290.873)
205.457, (0,0,0), (27.3998,-35.6966,174.919)
4.61184, (0,0,0), (10.0083,43.8729,150.598)
150.796, (0,0,0), (-31.5778,-32.06,18.3439)
31.219, (0,0,0), (28.8986,34.4945,31.0317)
71.5359, (0,0,0), (44.036,-9.26438,-253.404)
48.0938, (0,0,0), (-28.8025,34.5748,-2.5623)
20.1855, (0,0,0), (44.9743,1.52176,-233.352)
461.244, (0,0,0), (-34.125,-29.3341,122.443)
92.5285, (0,0,0), (-12.5613,14.0461,294.4)
160.322, (0,0,0), (-21.9866,39.2631,-233.302)
58.9156, (0,0,0), (-27.8116,18.4316,-104.592)
114.232, (0,0,0), (40.9681,-18.6176,-173.949)
263.463, (0,0,0), (-30.1319,-33.4226,-86.9353)
78.4454, (0,0,0), (-44.4407,-7.07306,90.123)
93.6383, (0,0,0), (-23.0588,-38.6431,15.7429)
6.17989, (0,0,0), (7.106,54,253.152)
42.6438, (0,0,0), (28.0222,35.2102,-12.3916)
25.3596, (0,0,0), (-11.714,-43.4486,-228.315)
70.5456, (0,0,0), (-30.5007,27.485,71.602)
13.2419, (0,0,0), (30.6473,-32.9506,-70.7778)
30.1301, (0,0,0), (-29.5277,-33.9575,279.114)
1.04213, (0,0,0), (-32.8119,-30.7957,-213.818)
116.158, (0,0,0), (-25.5283,37.0582,-46.5791)
200.735, (0,0,0), (35.3091,-27.8974,-140.621)
155.511, (0,0,0), (43.0014,13.2619,231.083)
118.893, (0,0,0), (44.807,4.16299,-176.605)
282.145, (0,0,0), (-31.8856,-31.7539,91.4778)
0.0362476, (0,0,0), (-21.6046,39.4746,80.9373)
23.9978, (0,0,0), (-9.68338,28.1562,73.0912)
49.7458, (0,0,0), (-14.3632,-42.6462,72.549)
36.5902, (0,0,0), (-9.77592,-43.9253,-78.0125)
2.8855, (0,0,0), (-11.7185,-32.1585,-255.953)
82.8014, (0,0,0), (25.1698,37.3026,-96.6057)
217.764, (0,0,0), (-33.2204,50,264.4)
28.2988, (0,0,0), (-42.3821,15.1247,235.897)
114.834, (0,0,0), (23.7072,16.6651,-63.1277)
167.653, (0,0,0), (33.7521,-29.7623,-3.68402)
62.4568, (0,0,0), (44.3113,7.84247,197.953)
143.177, (0,0,0), (18.0466,-41.2228,-107.335)
421.663, (0,0,0), (-35.3948,50,254.538)
49.0285, (0,0,0), (8.66708,-44.1575,145.18)
57.8165, (0,0,0), (-44.9639,1.80098,-82.206)
147.602, (0,0,0), (37.8576,-24.327,226.75)
148.623, (0,0,0), (27.1714,35.8708,-162.622)
33.896, (0,0,0), (41.6347,-17.0749,-115.792)
44.7316, (0,0,0), (37.5127,-24.8556,-117.644)
217.119, (0,0,0), (-44.9847,-1.1742,261.686)
9.60897, (0,0,0), (13.8708,-19.7199,-174.558)
151.151, (0,0,0), (-44.9891,-0.989447,257.96)
183.705, (0,0,0), (-44.0786,9.05954,248.867)
5.51283, (0,0,0), (-2.21821,-44.9453,-214.923)
13.4323, (0,0,0), (-25.2067,37.2776,88.6794)
124.954, (0,0,0), (6.00336,44.5978,148.502)
57.6982, (0,0,0), (-22.2535,39.1124,33.6132)
79.472, (0,0,0), (-39.1879,38.1494,252.419)
247.851, (0,0,0), (-39.3334,21.8606,68.5275)
38.6672, (0,0,0), (42.1214,-15.8362,70.8314)
43.9142, (0,0,0), (1.60703,52.635,269.398)
110.022, (0,0,0), (0.71727,-44.9943,110.616)
55.7488, (0,0,0), (44.9595,-1.90863,224.528)
75.748, (0,0,0), (-44.2476,-8.19427,-214.821)
178.021, (0,0,0), (-36.9156,-25.7339,-54.466)
93.7294, (0,0,0), (-40.5491,-19.5134,-251.563)
65.0735, (0,0,0), (15.5579,-37.5752,-223.335)
21.5555, (0,0,0), (-40.6363,19.3311,265.283)
52.8142, (0,0,0), (26.1802,36.6005,175.716)
2.96392, (0,0,0), (-35.187,-27.2412,-192.459)
290.687, (0,0,0), (-32.0247,-31.6136,-273.596)
23.4879, (0,0,0), (-41.9032,-16.405,255.228)
29.2168, (0,0,0), (5.34793,44.6811,-126.906)
69.6528, (0,0,0), (-5.64187,-32.8523,294.4)
12.8065, (0,0,0), (-39.1318,-22.2194,4.54272)
17.3165, (0,0,0), (38.9132,22.6,-247.632)
237.346, (0,0,0), (44.3974,7.33967,251.853)
54.7148, (0,0,0), (43.3087,12.221,-235.066)
0.600141, (0,0,0), (-31.9399,31.6993,95.1332)
73.5707, (0,0,0), (-28.1559,-35.1034,-266.317)
300.877, (0,0,0), (14.7032,-42.5302,290.779)
232.735, (0,0,0), (5.62262,-44.6474,248.386)
84.1395, (0,0,0), (-36.8693,-0.760739,-44.4135)
64.4176, (0,0,0), (44.8514,-3.6546,153.455)
2.40174, (0,0,0), (44.0856,9.02551,-56.0913)
104.078, (0,0,0), (14.9792,-42.4338,108.814)
230.123, (0,0,0), (44.9289,-2.52851,-254.119)
28.2463, (0,0,0), (37.6429,-24.6579,-257.38)
195.753, (0,0,0), (-25.0116,37.4088,164.386)
16.9988, (0,0,0), (-30.3185,-33.2534,-235.357)
239.721, (0,0,0), (31.7789,-31.8607,60.9578)
24.749, (0,0,0), (44.9991,0.291162,-217.023)
87.6402, (0,0,0), (8.48236,54,264.618)
95.0743, (0,0,0), (19.6128,-17.4524,-275.425)
74.439, (0,0,0), (-42.6156,-14.4538,64.9663)
24.2201, (0,0,0), (11.6965,-28.4642,294.4)
292.84, (0,0,0), (-42.9716,13.3582,271.831)
2.41452, (0,0,0), (20.5493,-40.0341,94.1482)
43.8012, (0,0,0), (-30.8889,45.2711,269.814)
11.2902, (0,0,0), (-37.9281,24.2169,111.415)
2.62838, (0,0,0), (-43.0314,13.1642,175.95)
23.4043, (0,0,0), (44.9913,-0.88603,98.8987)
92.21, (0,0,0), (-25.2739,37.2321,65.8804)
83.5447, (0,0,0), (-42.2137,-15.5886,-115.365)
162.557, (0,0,0), (12.4684,43.2382,-244.929)
263.681, (0,0,0), (44.7733,-4.51145,-52.2072)
228.251, (0,0,0), (44.9948,0.68615,-88.6787)
13.9261, (0,0,0), (37.1619,25.377,-76.459)
188.74, (0,0,0), (5.22793,44.6953,21.6505)
53.0262, (0,0,0), (-22.7868,23.9033,-294.4)
129.839, (0,0,0), (1.29759,6.33996,-85.107)
70.9141, (0,0,0), (-43.8864,-9.94891,283.557)
137.698, (0,0,0), (-3.12426,-44.8914,-109.637)
1.4752, (0,0,0), (41.5451,17.2918,106.084)
164.21, (0,0,0), (7.99735,-44.2837,-23.6434)
158.166, (0,0,0), (-38.7849,-22.8196,-48.9329)
23.1577, (0,0,0), (26.6604,-36.2522,-244.419)
126.073, (0,0,0), (-36.2505,26.6628,-254.332)
81.5349, (0,0,0), (39.8898,20.8279,20.9891)
218.244, (0,0,0), (-43.783,-10.3945,214.972)
88.1913, (0,0,0), (20.6859,-39.9637,-9.42728)
86.0704, (0,0,0), (37.9908,24.1184,-80.4064)
39.8505, (0,0,0), (3.709,44.8469,-31.284)
40.4453, (0,0,0), (-7.31381,-44.4017,-25.9497)
85.1952, (0,0,0), (43.5115,11.4781,2.23379)
182.429, (0,0,0), (27.3602,-32.0087,294.4)
57.6572, (0,0,0), (8.06464,3.3802,-232.318)
14.7986, (0,0,0), (-26.1044,36.6546,86.8976)
62.4084, (0,0,0), (-7.51726,44.3677,288.345)
58.6029, (0,0,0), (18.1703,-41.1684,111.477)
31.2304, (0,0,0), (-35.2757,-27.9396,270.106)
242.79, (0,0,0), (-43.29,12.2872,129.622)
491.21, (0,0,0), (19.5588,40.5272,-126.826)
123.923, (0,0,0), (-39.5145,21.5314,-292.991)
200.963, (0,0,0), (44.3218,7.78336,-234.591)
27.4424, (0,0,0), (44.925,2.59773,-237.676)
157.732, (0,0,0), (40.1038,20.4129,235.747)
25.55, (0,0,0), (-33.4513,-30.1,-164.03)
171.469, (0,0,0), (27.9208,-35.2906,70.6326)
42.2287, (0,0,0), (41.8061,-16.6509,-147.184)
84.0039, (0,0,0), (-17.3758,54,241.786)
34.9642, (0,0,0), (-12.9723,54,248.33)
198.277, (0,0,0), (-41.0942,-18.3375,166.684)
9.43526, (0,0,0), (0.888842,-44.9912,261.916)
29.1511, (0,0,0), (-44.9913,0.883655,-180.001)
17.4266, (0,0,0), (-4.9455,-44.7274,194.586)
25.2687, (0,0,0), (-44.9673,-1.7152,-47.8064)
182.338, (0,0,0), (8.71087,30.9214,-294.4)
46.3592, (0,0,0), (35.9815,-27.0247,-68.9264)
32.242, (0,0,0), (41.9943,-16.1704,-254.685)
93.2496, (0,0,0), (-43.3582,-12.0445,-34.8167)
31.3908, (0,0,0), (-0.381599,-44.9984,10.6484)
28.2251, (0,0,0), (32.5825,31.0384,187.886)
82.9617, (0,0,0), (43.4895,11.5612,76.9589)
328.326, (0,0,0), (3.05578,44.8961,-195.552)
214.333, (0,0,0), (-28.9926,-34.4155,-255.561)
139.192, (0,0,0), (-34.6093,-28.7611,281.354)
257.062, (0,0,0), (21.5466,50,215.637)
77.1092, (0,0,0), (-20.2138,-17.7129,-204.242)
34.2369, (0,0,0), (-17.6135,-41.4097,17.9852)
3.96666, (0,0,0), (44.659,5.5294,30.8592)
64.5852, (0,0,0), (10.1018,-43.8515,142.582)
91.248, (0,0,0), (-12.1876,-43.3181,-210.407)
15.1901, (0,0,0), (-43.0624,13.0625,-87.6351)
1.75235, (0,0,0), (-16.4115,41.9006,-47.9348)
128.694, (0,0,0), (-40.1158,-20.3893,-150.84)
131.62, (0,0,0), (42.9223,-13.5157,86.9882)
123.158, (0,0,0), (22.4838,38.9805,-177.66)
87.8021, (0,0,0), (38.3839,23.4877,138.881)
165.392, (0,0,0), (-4.24062,54,264.748)
27.575, (0,0,0), (-34.9431,-28.3545,284.349)
160.173, (0,0,0), (-44.4693,-6.89083,-268.635)
156.82, (0,0,0), (-44.8748,-3.35499,-272.346)
19.2636, (0,0,0), (9.95089,-43.886,-14.513)
14.082, (0,0,0), (42.8416,13.7695,-219.215)
95.8846, (0,0,0), (-10.8579,-43.6704,-277.987)
9.02196, (0,0,0), (40.9106,18.7436,-22.2902)
64.6884, (0,0,0), (-39.8491,20.9057,-92.4614)
89.339, (0,0,0), (40.398,-19.8243,277.702)
139.283, (0,0,0), (-43.4694,11.6366,87.8595)
151, (0,0,0), (32.6738,37.6611,221.326)
16.0458, (0,0,0), (-38.1068,-23.9347,38.207)
102.509, (0,0,0), (-17.2639,-41.5567,191.551)
102.654, (0,0,0), (-33.9107,29.5815,54.3537)
13.9744, (0,0,0), (13.8489,-42.816,267.56)
28.156, (0,0,0), (13.2009,43.0202,101.954)
15.2302, (0,0,0), (5.86777,-44.6158,83.3101)
6.76741, (0,0,0), (-6.93238,-44.4628,-52.6625)
45.4273, (0,0,0), (18.4449,-41.0462,197.428)
78.8276, (0,0,0), (40.1134,-20.3941,-238.715)
138.302, (0,0,0), (42.3796,-15.1319,129.647)
7.316, (0,0,0), (37.1924,-25.3323,-280.215)
119.835, (0,0,0), (24.6131,37.6722,129.313)
38.5342, (0,0,0), (40.9628,18.6294,-202.453)
77.099, (0,0,0), (38.9385,-22.5564,-162.997)
107.786, (0,0,0), (-15.6085,-42.2064,22.1776)
8.26143, (0,0,0), (30.1275,33.4266,282.038)
124.818, (0,0,0), (25.0427,-37.388,-58.9097)
75.4423, (0,0,0), (8.24421,1.28896,294.4)
41.733, (0,0,0), (43.8688,10.0262,289.765)
26.6899, (0,0,0), (-44.5811,6.12557,-254.256)
66.6397, (0,0,0), (-40.8629,-18.8474,-79.7786)
276.759, (0,0,0), (0.322495,-44.9988,285.128)
172.359, (0,0,0), (-41.1636,-18.1814,-1.89511)
43.6205, (0,0,0), (-35.9955,27.006,206.632)
1.41187, (0,0,0), (44.9154,2.75739,237.078)
58.1829, (0,0,0), (39.2194,-22.0644,87.0521)
14.94, (0,0,0), (30.6821,32.9182,194.384)
22.2914, (0,0,0), (-28.7637,-34.6071,-99.7054)
57.0676, (0,0,0), (32.7074,25.1968,125.75)
29.7625, (0,0,0), (-14.8315,-29.0071,195.016)
32.1024, (0,0,0), (-11.2725,43.5652,-24.9491)
116.162, (0,0,0), (35.0436,-28.2302,235.877)
20.2185, (0,0,0), (40.8543,-18.8661,183.131)
275.362, (0,0,0), (-30.3739,-28.8533,-52.1285)
23.867, (0,0,0), (20.7793,-39.9152,-43.1714)
31.8493, (0,0,0), (-43.8809,9.97322,-218.711)
73.6249, (0,0,0), (1.82934,44.9628,174.632)
65.5876, (0,0,0), (22.8686,-38.756,-53.2728)
214.583, (0,0,0), (-6.5719,-31.7681,294.4)
101.203, (0,0,0), (-23.1048,38.1939,107.969)
142.244, (0,0,0), (40.8243,-18.9308,142.264)
155.164, (0,0,0), (2.46184,-44.9326,103.869)
17.6491, (0,0,0), (23.8407,38.1657,117.503)
122.765, (0,0,0), (43.7006,-10.7359,-59.0293)
42.1728, (0,0,0), (-41.3341,17.7903,253.067)
0.934894, (0,0,0), (32.1343,31.5022,-31.8858)
14.62, (0,0,0), (-29.9966,33.5441,81.8541)
29.0085, (0,0,0), (21.47,-10.4376,294.4)
32.2928, (0,0,0), (-32.3433,31.2875,-100.221)
143.604, (0,0,0), (38.9355,36.0651,253.566)
57.6613, (0,0,0), (-37.8272,24.3743,188.925)
101.872, (0,0,0), (-44.7183,-5.02686,165.963)
108.542, (0,0,0), (-14.7353,-37.305,-60.3923)
147.709, (0,0,0), (10.244,43.8185,-88.3829)
81.8543, (0,0,0), (-22.9207,38.7252,-27.4755)
3.93174, (0,0,0), (-17.5048,41.4558,155.754)
144.232, (0,0,0), (-10.1559,-43.839,146.477)
51.3332, (0,0,0), (-36.0461,-26.9384,-232.63)
62.5939, (0,0,0), (24.4442,-37.782,-40.6237)
35.7635, (0,0,0), (44.0428,-9.23188,-187.875)
56.5627, (0,0,0), (38.248,30.6109,232.691)
54.096, (0,0,0), (22.6069,-38.9092,242.596)
114.548, (0,0,0), (44.4488,-7.02182,260.96)
62.7367, (0,0,0), (-43.8816,-9.97009,181.062)
166.03, (0,0,0), (38.7122,-22.9427,-286.36)
22.1484, (0,0,0), (25.6361,-36.9837,-284.806)
35.7088, (0,0,0), (30.3167,33.255,51.8853)
42.8597, (0,0,0), (25.2416,-37.254,-45.6897)
88.6491, (0,0,0), (8.69034,44.1529,-23.4462)
201.96, (0,0,0), (-17.424,50,271.686)
5.71242, (0,0,0), (-44.7993,-4.24526,241.282)
174.298, (0,0,0), (-32.3225,-31.309,-60.6655)
23.7894, (0,0,0), (18.23,-22.2058,-269.858)
12.6152, (0,0,0), (-21.9951,39.2583,170.118)
6.08672, (0,0,0), (44.0899,9.00464,101.832)
19.483, (0,0,0), (17.3598,32.3345,-288.66)
67.0296, (0,0,0), (-36.922,-25.7249,-197.209)
50.1194, (0,0,0), (-36.1842,-26.7526,-35.3913)
84.7272, (0,0,0), (44.8307,-3.89999,-255.804)
169.356, (0,0,0), (29.7872,33.7302,106.767)
20.0625, (0,0,0), (23.9167,-38.1181,-66.9548)
18.0652, (0,0,0), (44.7669,-4.57429,-246.679)
99.8783, (0,0,0), (-44.7777,-4.46777,-43.0869)
256.757, (0,0,0), (-16.3451,-41.9266,-255.686)
52.4724, (0,0,0), (-8.52548,-21.4254,-294.4)
29.943, (0,0,0), (19.6932,40.462,135.969)
306.224, (0,0,0), (8.33436,11.0916,-294.4)
67.5754, (0,0,0), (-0.612949,44.9958,-290.558)
131.224, (0,0,0), (-43.1714,12.6977,-233.933)
86.7347, (0,0,0), (44.9772,1.43301,5.5695)
194.401, (0,0,0), (-44.9863,1.1108,-14.5322)
17.1133, (0,0,0), (-43.7785,10.4135,-52.3502)
52.6004, (0,0,0), (-43.0699,13.0377,233.046)
31.0655, (0,0,0), (-15.5362,-8.67013,294.4)
41.5138, (0,0,0), (10.2222,43.8236,15.7308)
118.144, (0,0,0), (-33.7347,-29.7821,-86.3346)
21.508, (0,0,0), (11.6082,22.2069,-294.4)
60.7767, (0,0,0), (7.35296,44.3952,32.4127)
15.3517, (0,0,0), (10.3769,43.7872,-153.358)
30.2349, (0,0,0), (-10.4767,-43.7634,-244.397)
103.976, (0,0,0), (41.9172,-16.3692,-36.6754)
74.8093, (0,0,0), (42.5292,14.7061,133.147)
26.696, (0,0,0), (41.6131,17.1276,285.891)
49.9174, (0,0,0), (28.4729,34.8467,161.292)
73.183, (0,0,0), (-30.9542,-32.6624,232.878)
45.5056, (0,0,0), (-23.9635,17.9064,-122.054)
158.125, (0,0,0), (-26.9431,36.0426,-168.349)
109.051, (0,0,0), (-9.27009,-43.2892,-284.658)
64.6067, (0,0,0), (29.338,-34.1215,-232.931)
43.6734, (0,0,0), (-42.7038,-14.191,-157.511)
80.8063, (0,0,0), (-44.0398,-9.24621,225.412)
56.4651, (0,0,0), (40.7995,-18.9842,14.1369)
20.1615, (0,0,0), (44.87,3.41832,-240.038)
19.5758, (0,0,0), (18.1807,13.2294,224.33)
176.854, (0,0,0), (-9.66105,38.7169,240.239)
18.5144, (0,0,0), (-31.6882,-31.9509,-274.664)
72.0699, (0,0,0), (16.9097,41.7021,-175.754)
1.10766, (0,0,0), (-37.0776,-15.2057,-294.4)
35.3383, (0,0,0), (-32.1024,31.5347,-210.922)
44.2263, (0,0,0), (0.921349,-44.9906,-44.5125)
37.0624, (0,0,0), (29.4203,34.0506,-218.659)
63.6961, (0,0,0), (-25.0518,37.3819,126.599)
86.9246, (0,0,0), (35.395,-27.7883,132.203)
17.9361, (0,0,0), (43.4654,-11.6515,-224.922)
6.20148, (0,0,0), (-17.3125,-41.5365,-76.4976)
46.759, (0,0,0), (28.2355,-35.0393,202.221)
144.859, (0,0,0), (13.967,42.7776,-37.6354)
63.708, (0,0,0), (-18.9394,0.265879,-190.504)
43.8295, (0,0,0), (-19.0178,40.7839,-16.0761)
