17.8153, (0,0,0), (-24.594,-11.3489,56.6344)
96.5733, (0,0,0), (40.6773,19.2446,29.6148)
315.213, (0,0,0), (-36.2616,26.6476,-37.0136)
47.7686, (0,0,0), (15.8085,-42.1318,-91.5129)
74.9311, (0,0,0), (-42.6832,-14.2527,-216.888)
21.1048, (0,0,0), (-32.4636,31.1627,-86.0182)
69.8321, (0,0,0), (-44.2043,8.42505,141.984)
121.8, (0,0,0), (-42.2147,15.5858,-136.845)
82.6589, (0,0,0), (18.8691,-40.8529,237.115)
383.889, (0,0,0), (-44.9725,1.5719,123.329)
96.8752, (0,0,0), (43.918,9.80852,228.5)
27.6665, (0,0,0), (-0.0422739,-45,50.8339)
21.0837, (0,0,0), (-44.7552,-4.68709,-164.287)
50.7964, (0,0,0), (-6.21413,44.5689,35.6042)
46.0797, (0,0,0), (-2.23042,-44.9447,-203.812)
87.7842, (0,0,0), (23.3434,38.4719,-112.278)
92.6757, (0,0,0), (4.57973,-44.7663,73.0988)
68.2604, (0,0,0), (38.5636,-23.1916,79.3013)
1.74658, (0,0,0), (7.76183,-44.3255,-30.8585)
22.7094, (0,0,0), (40.2588,-20.1054,199.532)
126.562, (0,0,0), (-44.9588,1.92478,118.052)
3.22726, (0,0,0), (44.7016,-5.17333,77.7975)
57.1379, (0,0,0), (-41.7425,-16.8097,-114.125)
26.5158, (0,0,0), (28.6937,-34.6652,173.141)
84.9859, (0,0,0), (42.4212,-15.0147,248.795)
79.8776, (0,0,0), (-19.3738,35.4077,-250)
264.47, (0,0,0), (-32.084,31.5533,107.825)
105.969, (0,0,0), (19.577,40.5184,128.39)
32.1515, (0,0,0), (-36.0079,26.9895,-44.1325)
42.424, (0,0,0), (-30.915,32.6996,52.4353)
141.927, (0,0,0), (-36.4849,26.3411,206.241)
17.7965, (0,0,0), (16.8548,-41.7243,-32.1784)
69.555, (0,0,0), (-40.5167,-19.5805,-208.394)
1.75019, (0,0,0), (-13.117,-13.9122,14.3177)
159.477, (0,0,0), (-44.5547,6.31462,136.64)
28.6506, (0,0,0), (25.0545,-37.3801,-239.644)
18.3344, (0,0,0), (-28.9254,-34.472,156.552)
152.031, (0,0,0), (34.1734,29.2776,-177.053)
149.584, (0,0,0), (-12.3508,-43.2719,241.268)
35.5323, (0,0,0), (-6.81629,-44.4808,223.262)
52.3087, (0,0,0), (20.1381,33.2994,-174.907)
4.27279, (0,0,0), (33.5383,30.0031,145.396)
66.2409, (0,0,0), (27.9914,-35.2347,-99.0047)
174.26, (0,0,0), (-42.1929,15.6447,73.1549)
11.5686, (0,0,0), (-21.5756,-39.4904,244.828)
49.2966, (0,0,0), (-19.1117,40.7399,90.7145)
24.7278, (0,0,0), (39.6659,-21.2512,83.2087)
26.2779, (0,0,0), (5.78957,-11.1341,-250)
35.1496, (0,0,0), (-38.4921,23.31,-116.117)
9.53608, (0,0,0), (-15.7443,-29.568,-10.7423)
37.708, (0,0,0), (-42.2861,-15.3912,167.758)
364.186, (0,0,0), (44.9853,-1.15134,-138.593)
54.4328, (0,0,0), (33.8116,29.6947,-97.3334)
23.0017, (0,0,0), (-19.9945,-25.6013,214.117)
118.467, (0,0,0), (21.2075,-39.6893,178.688)
11.2076, (0,0,0), (21.0259,-39.7858,-25.9479)
326.488, (0,0,0), (37.6315,24.6753,-95.6966)
87.9173, (0,0,0), (-22.4397,-39.0059,-55.4326)
167.486, (0,0,0), (-14.1556,-42.7156,108.924)
37.4638, (0,0,0), (-33.4564,-30.0943,-238.496)
41.7406, (0,0,0), (29.8448,33.6792,200.706)
11.1865, (0,0,0), (31.646,-31.9926,5.90472)
13.5943, (0,0,0), (-12.3105,-4.10895,250)
139.152, (0,0,0), (21.6692,39.4392,-121.228)
270.774, (0,0,0), (41.6451,-17.0495,-36.5784)
128.995, (0,0,0), (-44.668,-5.45589,84.5992)
159.829, (0,0,0), (-39.9906,20.6337,57.5082)
102.176, (0,0,0), (22.8651,38.7581,103.96)
65.0212, (0,0,0), (-28.4973,34.8268,-55.2771)
143.705, (0,0,0), (-37.1476,-25.398,144.457)
89.4986, (0,0,0), (37.9216,24.2271,-216.918)
49.2836, (0,0,0), (-17.1848,2.97127,-250)
54.6888, (0,0,0), (-40.235,20.153,200.82)
169.01, (0,0,0), (-4.11871,-44.8111,-210.754)
45.6544, (0,0,0), (-43.5402,-11.3687,198.724)
54.8154, (0,0,0), (-29.192,8.73284,250)
21.4018, (0,0,0), (-44.8019,4.21803,-194.334)
199.308, (0,0,0), (9.68304,-43.9459,-3.80758)
42.7138, (0,0,0), (12.509,-3.78426,235.022)
89.9011, (0,0,0), (31.8551,31.7845,-162.151)
10.0036, (0,0,0), (-43.5173,-11.4561,95.9492)
107.416, (0,0,0), (-31.9891,-31.6496,178.793)
53.62, (0,0,0), (-42.4413,-14.9578,-77.5001)
11.577, (0,0,0), (39.6739,21.2363,102.187)
111.174, (0,0,0), (12.3025,25.513,-250)
5.64944, (0,0,0), (-44.9999,-0.0783178,186.35)
125.651, (0,0,0), (43.5812,11.2107,-63.3583)
92.8843, (0,0,0), (0.656187,44.9952,-97.8219)
17.5947, (0,0,0), (-37.7836,-24.4418,167.886)
65.3239, (0,0,0), (-44.9969,-0.532329,-188.727)
22.1333, (0,0,0), (25.9915,-36.7348,-47.9963)
22.3408, (0,0,0), (34.1474,29.3079,-108.216)
1.6287, (0,0,0), (-12.6487,43.1858,169.899)
26.2164, (0,0,0), (-23.8633,38.1516,-217.824)
144.948, (0,0,0), (2.33364,44.9394,152.51)
13.4675, (0,0,0), (-6.7588,-44.4895,90.8819)
35.5958, (0,0,0), (36.59,-26.1949,78.4399)
294.555, (0,0,0), (21.9075,39.3073,94.6469)
128.63, (0,0,0), (-44.4558,6.97721,-181.148)
72.8085, (0,0,0), (4.4234,44.7821,-116.514)
241.115, (0,0,0), (27.6807,35.4793,88.2612)
146.8, (0,0,0), (44.7689,4.55425,133.018)
12.0802, (0,0,0), (29.7897,-33.7279,114.735)
134.477, (0,0,0), (40.6495,19.3034,-232.972)
11.6751, (0,0,0), (6.79511,-44.484,3.34671)
140.037, (0,0,0), (-27.2353,35.8223,122.109)
0.0404708, (0,0,0), (-43.9765,-9.54271,114.736)
164.882, (0,0,0), (44.4192,7.20635,-39.2828)
46.9051, (0,0,0), (43.699,10.7421,-15.5436)
14.8666, (0,0,0), (-7.72813,-44.3314,102.798)
6.1025, (0,0,0), (4.34165,-44.7901,-116.451)
76.8254, (0,0,0), (-21.7832,-35.0562,-250)
4.59729, (0,0,0), (-39.2219,-22.06,-239.135)
116.306, (0,0,0), (26.9447,-36.0414,11.2531)
84.2962, (0,0,0), (-4.5092,-44.7735,-34.0036)
89.9276, (0,0,0), (-43.035,13.1524,95.8809)
40.2041, (0,0,0), (-29.4805,33.9985,118.645)
46.3677, (0,0,0), (41.6161,-17.1201,-82.2976)
24.0218, (0,0,0), (-44.811,-4.11989,-13.8228)
156.835, (0,0,0), (37.5754,-19.652,250)
50.8927, (0,0,0), (44.9771,1.43558,-127.51)
3.09865, (0,0,0), (-11.6954,-43.4536,-35.0023)
59.2797, (0,0,0), (-33.7206,29.798,-209.448)
4.22039, (0,0,0), (33.8915,-29.6034,67.2896)
8.03946, (0,0,0), (27.1071,35.9194,-76.4502)
82.9222, (0,0,0), (25.1514,-24.9041,-8.24225)
20.9383, (0,0,0), (38.2489,-20.7265,-250)
61.6703, (0,0,0), (-4.00608,27.3753,96.3539)
146.459, (0,0,0), (-7.7373,44.3298,-40.9189)
77.7615, (0,0,0), (-29.5776,-25.3256,250)
2.86483, (0,0,0), (-44.4837,6.79727,-17.1741)
124.227, (0,0,0), (22.9717,38.695,-188.882)
13.9785, (0,0,0), (-22.6383,-38.891,105.537)
220.718, (0,0,0), (-42.3995,15.0758,74.3931)
61.4506, (0,0,0), (22.7315,-38.8366,-186.804)
25.2901, (0,0,0), (-40.0208,-3.92336,117.693)
46.9081, (0,0,0), (-44.9692,-1.66434,-7.25995)
75.0599, (0,0,0), (-13.2184,43.0148,170.67)
39.7028, (0,0,0), (-38.2423,-23.7176,-184.825)
33.6042, (0,0,0), (10.4736,-43.7642,-137.983)
89.318, (0,0,0), (-33.6667,29.2822,104.328)
8.7599, (0,0,0), (28.0989,35.149,45.2339)
94.1433, (0,0,0), (-4.5371,42.0161,-250)
63.662, (0,0,0), (43.1383,-12.8097,-129.487)
9.12954, (0,0,0), (15.7682,-42.1469,-238.142)
61.305, (0,0,0), (-42.5605,14.6151,242.389)
30.6277, (0,0,0), (33.244,30.3288,-34.9628)
105.459, (0,0,0), (42.0302,-16.0767,-190.076)
76.1087, (0,0,0), (-2.78309,44.9139,-52.2031)
460.349, (0,0,0), (-42.2358,-15.5285,-184.837)
47.034, (0,0,0), (29.3461,-34.1146,-238.779)
10.6182, (0,0,0), (-44.923,-2.63118,-243.906)
132.154, (0,0,0), (-7.32482,-44.3999,-189.771)
47.1603, (0,0,0), (24.062,-38.0266,-170.738)
65.0833, (0,0,0), (-43.0295,-13.1704,110.301)
40.0761, (0,0,0), (-10.8222,-43.6793,-34.7717)
14.2805, (0,0,0), (39.1396,22.2056,240.833)
27.2636, (0,0,0), (11.5768,-43.4854,113.69)
87.8633, (0,0,0), (-16.4146,-41.8994,149.759)
31.9068, (0,0,0), (-42.4504,-14.932,121.964)
42.2063, (0,0,0), (-0.0517062,-45,-68.9497)
54.8522, (0,0,0), (-27.2357,-35.822,207.432)
17.2109, (0,0,0), (37.1119,25.4501,-241.352)
181.606, (0,0,0), (44.0488,-9.20354,-37.1421)
112.269, (0,0,0), (44.2037,8.42811,213.555)
203.894, (0,0,0), (29.089,-34.3341,189.487)
29.6156, (0,0,0), (19.6373,-40.4892,-81.5819)
41.0407, (0,0,0), (-36.0399,26.9467,-90.9346)
106.069, (0,0,0), (-5.73265,-35.3255,204.933)
13.3415, (0,0,0), (-4.6038,-44.7639,-188.382)
27.8052, (0,0,0), (-1.94389,-44.958,67.0287)
111.61, (0,0,0), (-36.088,-26.8823,-177.178)
71.5233, (0,0,0), (-40.9653,18.6237,-74.7556)
119.718, (0,0,0), (41.6518,-11.2514,-250)
90.6989, (0,0,0), (22.3064,2.28192,250)
48.369, (0,0,0), (-3.02515,-44.8982,-111.107)
85.6189, (0,0,0), (29.5099,33.973,122.617)
73.4929, (0,0,0), (25.1182,36.2435,-250)
117.413, (0,0,0), (-44.2084,8.40361,-202.356)
16.5193, (0,0,0), (-25.1887,2.56455,-250)
71.1321, (0,0,0), (-30.3009,33.2694,207.536)
48.2124, (0,0,0), (42.8574,-13.7202,-61.3134)
25.2933, (0,0,0), (38.6701,23.0136,-97.4989)
51.3341, (0,0,0), (1.71371,-14.6165,-250)
133.051, (0,0,0), (-9.26126,44.0367,-143.478)
36.8825, (0,0,0), (34.7118,-28.6372,173.324)
221.672, (0,0,0), (40.8805,18.8093,26.0623)
27.0441, (0,0,0), (-44.6201,-5.83527,-54.8298)
189.925, (0,0,0), (-43.8182,10.2454,173.833)
16.0159, (0,0,0), (-2.28457,44.942,206.781)
80.1483, (0,0,0), (-31.1386,32.4867,-125.05)
48.6757, (0,0,0), (-44.9964,0.568098,-6.46119)
80.8297, (0,0,0), (15.6896,42.1763,162.382)
114.341, (0,0,0), (31.7382,-31.9012,-137.984)
85.4103, (0,0,0), (40.6527,-19.2966,37.7543)
113.775, (0,0,0), (44.8738,-3.36732,-54.4794)
109.98, (0,0,0), (17.0255,9.23436,250)
168.118, (0,0,0), (-19.5631,-40.5251,-220.966)
120.688, (0,0,0), (2.66213,-44.9212,136.435)
24.5468, (0,0,0), (-44.5728,-6.18601,12.5395)
92.2793, (0,0,0), (-14.4016,18.6984,-250)
79.4874, (0,0,0), (-0.795753,-44.993,1.17687)
47.486, (0,0,0), (-25.0878,37.3578,-208.405)
169.255, (0,0,0), (1.93951,44.9582,-185.322)
34.5474, (0,0,0), (14.8235,-20.9934,-250)
228.985, (0,0,0), (5.94658,44.6054,53.0244)
1.10731, (0,0,0), (-33.616,-29.916,-181.134)
222.66, (0,0,0), (-15.9937,-42.0619,234.829)
13.863, (0,0,0), (2.9043,-44.9062,191.773)
13.27, (0,0,0), (-3.99115,-44.8227,115.255)
4.08489, (0,0,0), (-3.53216,9.79684,190.239)
4.28802, (0,0,0), (-13.5143,-42.9228,-78.5343)
129.061, (0,0,0), (43.7186,10.6624,-35.5011)
173.545, (0,0,0), (44.6868,5.29995,-83.9022)
112.536, (0,0,0), (-23.9967,38.0678,222.313)
6.97335, (0,0,0), (0.432542,44.9979,186.394)
359.481, (0,0,0), (2.61438,-33.6079,-57.8021)
36.4289, (0,0,0), (-28.23,-35.0437,-117.644)
42.2116, (0,0,0), (44.3931,-7.36537,61.9062)
3.08795, (0,0,0), (28.8776,34.5121,-134.604)
86.3649, (0,0,0), (-35.2091,28.0236,141.203)
11.1426, (0,0,0), (-40.5093,-19.5958,-199.717)
406.533, (0,0,0), (21.4067,17.4152,-250)
94.4799, (0,0,0), (36.4254,-26.4234,-34.8493)
63.272, (0,0,0), (-6.40693,44.5416,168.026)
33.5085, (0,0,0), (43.0187,13.2059,-207.937)
151.84, (0,0,0), (44.9983,-0.396137,-129.378)
68.2391, (0,0,0), (28.0522,-35.1863,157.785)
48.3774, (0,0,0), (-12.5702,43.2087,-18.623)
45.4243, (0,0,0), (-40.0984,-20.4235,56.8687)
106.525, (0,0,0), (-35.5464,-27.5945,211.751)
1.32618, (0,0,0), (0.915912,-14.7925,-250)
60.8125, (0,0,0), (19.6072,-40.5038,237.969)
197.257, (0,0,0), (-5.06547,44.714,131.291)
41.2688, (0,0,0), (28.1872,35.0782,202.451)
40.5277, (0,0,0), (44.5826,6.11457,187.341)
89.996, (0,0,0), (11.0891,43.6123,237.495)
77.8792, (0,0,0), (9.39141,-44.0091,-199.968)
146.67, (0,0,0), (18.5763,40.9868,-108.405)
0.0929969, (0,0,0), (-44.7023,-5.16761,41.0523)
29.69, (0,0,0), (-44.0714,9.09463,-134.375)
91.6354, (0,0,0), (42.6174,14.4485,232.898)
53.9408, (0,0,0), (-40.9681,-18.6176,33.5545)
20.6047, (0,0,0), (-12.5769,-43.2067,-55.7459)
86.9415, (0,0,0), (-19.2393,2.14084,8.83007)
281.528, (0,0,0), (-44.7253,-4.96502,-235.732)
51.7674, (0,0,0), (-38.1502,-23.8655,128.337)
31.8379, (0,0,0), (-5.13707,19.1298,-250)
95.0489, (0,0,0), (-34.9167,28.3871,223.697)
7.72415, (0,0,0), (42.509,-14.7642,56.6783)
13.5484, (0,0,0), (33.0123,-30.5809,-140.227)
131.774, (0,0,0), (-4.69814,-39.8435,250)
27.9997, (0,0,0), (13.7015,-42.8634,-150.212)
29.4395, (0,0,0), (9.67946,-43.9467,0.824414)
29.5753, (0,0,0), (43.9398,9.71039,238.875)
69.0006, (0,0,0), (-2.61554,-35.0056,250)
22.8555, (0,0,0), (30.2606,-28.6714,-27.6146)
56.4257, (0,0,0), (19.1348,-40.7291,97.5223)
76.2362, (0,0,0), (-30.4783,33.107,-100.391)
1.31318, (0,0,0), (39.906,-20.7969,249.274)
24.8765, (0,0,0), (-37.8687,-24.3097,114.235)
6.53134, (0,0,0), (37.9957,-24.1107,-47.8835)
284.697, (0,0,0), (35.6619,-27.445,167.395)
221.126, (0,0,0), (43.7764,-10.4226,111.088)
13.0264, (0,0,0), (-12.6102,35.3316,-248.719)
33.711, (0,0,0), (-6.34896,-20.8571,250)
387.859, (0,0,0), (-3.75606,-44.843,175.473)
34.0517, (0,0,0), (39.2482,-22.0131,-108.604)
81.8064, (0,0,0), (16.7829,-41.7533,-148.272)
50.9839, (0,0,0), (33.9665,-29.5174,-154.043)
18.6597, (0,0,0), (11.9907,-43.3731,3.18306)
114.153, (0,0,0), (43.464,11.6567,-90.1992)
23.0847, (0,0,0), (2.82044,44.9115,-15.4677)
88.3646, (0,0,0), (12.2359,43.3045,-10.3026)
14.4278, (0,0,0), (21.466,39.5501,60.2999)
10.9074, (0,0,0), (34.6593,-28.7007,166.234)
121.31, (0,0,0), (-26.004,36.7259,231.962)
103.543, (0,0,0), (10.16,-43.838,92.9298)
67.385, (0,0,0), (-29.8761,-33.6514,-32.6927)
243.428, (0,0,0), (38.1429,23.8771,228.371)
99.4616, (0,0,0), (-18.4999,-41.0214,73.3296)
139.94, (0,0,0), (31.4645,-32.1712,-193.536)
99.7816, (0,0,0), (40.1458,-20.3302,227.87)
64.1622, (0,0,0), (32.542,-31.0809,207.437)
32.739, (0,0,0), (40.9685,-18.6168,153.958)
25.6596, (0,0,0), (-36.5732,26.2183,76.3772)
35.8532, (0,0,0), (-4.67392,-44.7566,25.3381)
190.881, (0,0,0), (-44.5807,-6.12875,102.42)
7.2996, (0,0,0), (-44.2986,7.91418,188.547)
242.709, (0,0,0), (41.1609,-18.1873,-156.734)
81.2159, (0,0,0), (44.8534,-3.6293,61.8793)
47.915, (0,0,0), (-32.8565,30.7482,-1.73052)
37.0795, (0,0,0), (-4.74741,-44.7489,225.11)
164.948, (0,0,0), (44.5571,6.29798,121.038)
12.5851, (0,0,0), (-32.6596,-30.9573,-47.8649)
133.464, (0,0,0), (-24.3832,-37.8214,57.1557)
44.1256, (0,0,0), (14.1963,-42.7021,144.878)
131.992, (0,0,0), (44.8543,3.61862,10.2674)
74.184, (0,0,0), (6.05217,-44.5912,109.82)
64.7252, (0,0,0), (4.06918,13.6861,250)
36.6023, (0,0,0), (29.6297,-33.8686,-156.272)
120.688, (0,0,0), (40.8386,18.9,101.468)
238.977, (0,0,0), (-36.8535,-6.20718,250)
108.757, (0,0,0), (-42.6494,-14.3536,-249.569)
17.7094, (0,0,0), (-8.62917,44.1649,41.6464)
15.8038, (0,0,0), (-17.0237,-41.6557,-169.087)
32.5742, (0,0,0), (26.7876,36.1583,165.584)
35.3749, (0,0,0), (-38.8739,-22.6676,22.226)
5.57505, (0,0,0), (-0.33164,-44.091,103.406)
38.0961, (0,0,0), (24.1686,37.9589,-28.2863)
77.2125, (0,0,0), (-30.8822,-32.7305,227.151)
105.616, (0,0,0), (-42.202,15.6203,-22.9139)
24.9656, (0,0,0), (44.7354,-4.87235,-196.545)
17.7183, (0,0,0), (-20.4694,-40.075,211.648)
30.9637, (0,0,0), (23.8923,22.7094,250)
14.4883, (0,0,0), (38.2929,-23.6359,112.518)
29.1443, (0,0,0), (27.6449,24.5474,6.35415)
236.63, (0,0,0), (17.5604,41.4323,-229.614)
31.3374, (0,0,0), (-36.1191,0.286906,-250)
154.368, (0,0,0), (37.9841,24.1289,120.005)
48.5806, (0,0,0), (-26.4394,36.4137,93.4201)
25.0575, (0,0,0), (14.5634,31.5676,250)
39.4944, (0,0,0), (21.0382,-39.7793,-208.752)
20.2972, (0,0,0), (-37.0072,-25.6021,-104.788)
57.5781, (0,0,0), (-13.4003,-42.9585,83.2096)
87.3815, (0,0,0), (-43.591,-11.1727,211.571)
26.0363, (0,0,0), (25.8264,9.72537,-112.806)
39.9139, (0,0,0), (-40.7039,19.1884,206.932)
30.9204, (0,0,0), (12.2962,-43.2874,-237.909)
15.6143, (0,0,0), (44.9363,2.39355,199.497)
292.208, (0,0,0), (44.2262,-8.30943,118.094)
47.8205, (0,0,0), (3.56661,-44.8584,-215.18)
26.9604, (0,0,0), (-44.8803,-3.27943,-207.558)
9.1571, (0,0,0), (-26.9769,-35.9025,-247.757)
70.0081, (0,0,0), (44.2897,7.96392,175.322)
69.8754, (0,0,0), (38.5062,-23.2868,34.6427)
26.2522, (0,0,0), (25.6594,-36.9675,-139.782)
89.6552, (0,0,0), (-38.0401,-24.0406,62.2501)
27.6813, (0,0,0), (-43.6027,-11.1267,42.1133)
91.114, (0,0,0), (16.2985,-41.9447,16.6136)
2.2888, (0,0,0), (7.9119,-44.299,33.9371)
34.6994, (0,0,0), (-1.05203,44.9877,-118.768)
96, (0,0,0), (-12.3901,43.2607,121.967)
14.4212, (0,0,0), (12.9483,-43.0969,168.251)
38.3405, (0,0,0), (-43.0579,13.0774,-203.625)
46.4346, (0,0,0), (10.0474,43.864,-112.914)
134.62, (0,0,0), (-34.7145,-28.634,128.499)
11.2927, (0,0,0), (-33.1488,30.4329,106.878)
77.1292, (0,0,0), (-17.996,-41.2449,241.461)
164.032, (0,0,0), (-41.7598,-16.7667,-11.4672)
18.4449, (0,0,0), (-43.5103,11.4828,209.088)
40.3868, (0,0,0), (39.7278,21.1354,-54.4746)
181.919, (0,0,0), (-30.4582,-33.1255,-54.5374)
199.843, (0,0,0), (34.8229,-28.5021,239.057)
173.639, (0,0,0), (40.0035,20.6087,75.3447)
9.45698, (0,0,0), (-44.9747,1.5099,-165.456)
47.8055, (0,0,0), (-4.27701,44.7963,-26.7826)
28.454, (0,0,0), (-6.17173,44.5748,-74.6732)
134.729, (0,0,0), (16.6051,-41.8243,-185.151)
123.026, (0,0,0), (-13.2107,43.0172,-77.3742)
39.226, (0,0,0), (41.363,17.723,-207.879)
137.984, (0,0,0), (-44.9937,0.751913,141.963)
42.279, (0,0,0), (26.0769,36.6742,-173.671)
78.5231, (0,0,0), (-14.31,-42.6641,193.162)
1.01616, (0,0,0), (4.07284,-44.8153,-49.6614)
31.3267, (0,0,0), (14.8043,-42.4951,0.287571)
28.852, (0,0,0), (-30.5906,33.0033,-47.3556)
18.5636, (0,0,0), (-11.1441,37.7451,-125.714)
38.8537, (0,0,0), (-19.2625,40.6689,214.698)
73.0672, (0,0,0), (44.7942,4.29895,91.8578)
108.615, (0,0,0), (30.9899,23.7193,27.7363)
24.1476, (0,0,0), (-39.5742,21.4215,75.3727)
18.0985, (0,0,0), (-0.22066,44.9995,240.81)
232.329, (0,0,0), (30.9076,-32.7065,16.8083)
45.2857, (0,0,0), (-4.33574,-44.7906,-175.174)
8.77806, (0,0,0), (-9.22451,-44.0444,0.380845)
45.842, (0,0,0), (-29.8494,-33.6751,25.6392)
152.72, (0,0,0), (1.1477,44.9854,162.973)
175.991, (0,0,0), (10.2564,43.8156,235.906)
94.2962, (0,0,0), (-20.3169,28.2451,-113.656)
17.7221, (0,0,0), (16.3634,-41.9194,12.1273)
52.8606, (0,0,0), (-23.7439,-38.226,33.656)
93.8479, (0,0,0), (42.4691,14.8787,-59.7964)
66.3551, (0,0,0), (0.956217,-44.9898,-16.9393)
472.224, (0,0,0), (40.0281,18.5878,110.281)
130.203, (0,0,0), (17.245,-41.5645,146.725)
56.2633, (0,0,0), (13.6671,-42.8743,22.3948)
78.4551, (0,0,0), (38.4677,23.3503,-57.5413)
205.877, (0,0,0), (-26.2857,36.5248,144.509)
3.08808, (0,0,0), (-14.2243,42.6927,142.744)
15.1358, (0,0,0), (-28.1302,-35.1239,164.25)
79.2211, (0,0,0), (39.3088,-21.9048,-224.987)
8.05236, (0,0,0), (13.0651,-26.543,250)
8.55146, (0,0,0), (3.82778,-44.8369,101.933)
35.6648, (0,0,0), (26.5445,-36.3372,196.61)
15, (0,0,0), (44.8779,3.31227,168.959)
107.494, (0,0,0), (-19.3857,40.6103,153.566)
93.747, (0,0,0), (39.5702,21.4289,-185.408)
21.3963, (0,0,0), (30.2351,-33.3292,150.879)
46.8287, (0,0,0), (-15.3015,-38.1487,250)
44.8191, (0,0,0), (42.9139,13.5423,-223.153)
201.735, (0,0,0), (0.429013,33.1023,-149.746)
0.776283, (0,0,0), (-11.7535,-18.9688,-37.6228)
7.41951, (0,0,0), (12.2766,43.293,36.383)
35.5682, (0,0,0), (-7.28182,-44.4069,84.6006)
48.6101, (0,0,0), (-25.5625,-37.0345,63.114)
20.6127, (0,0,0), (44.9477,2.1683,177.352)
23.1132, (0,0,0), (21.5661,-39.4956,237.606)
139.471, (0,0,0), (-25.5577,-37.0379,-6.074)
163.957, (0,0,0), (37.6389,-24.6641,-100.584)
113.852, (0,0,0), (-11.035,-43.626,54.2317)
18.1905, (0,0,0), (39.0718,22.3248,99.251)
54.4274, (0,0,0), (-10.5763,-43.7395,-183.513)
154.338, (0,0,0), (15.4727,-42.2563,-81.7897)
17.2024, (0,0,0), (7.51441,-44.3682,-127.422)
75.2193, (0,0,0), (31.6073,-32.0309,205.859)
5.77553, (0,0,0), (41.8916,16.4344,46.3735)
47.6011, (0,0,0), (-15.9405,42.082,-28.1489)
33.9941, (0,0,0), (-39.1293,22.2238,-23.8081)
91.0355, (0,0,0), (34.9984,28.2862,213.562)
36.1878, (0,0,0), (40.308,20.0067,37.1034)
15.7744, (0,0,0), (3.61892,44.8542,-189.293)
28.1821, (0,0,0), (23.4217,-38.4243,-147.96)
141.984, (0,0,0), (30.6931,32.9079,21.1484)
40.9332, (0,0,0), (-6.78215,44.486,117.661)
32.2042, (0,0,0), (-10.4023,43.7812,94.8139)
67.9745, (0,0,0), (-42.3545,-15.2017,-151.264)
54.4647, (0,0,0), (20.2501,-40.1863,99.5992)
117.012, (0,0,0), (36.6614,-26.0949,-237.307)
31.8758, (0,0,0), (-12.8396,0.722917,217.6)
252.707, (0,0,0), (-44.4858,-6.78354,12.7939)
194.684, (0,0,0), (42.5155,14.7455,-230.285)
2.42005, (0,0,0), (16.2822,41.951,131.554)
85.1024, (0,0,0), (-29.752,-33.7612,-125.156)
179.019, (0,0,0), (-29.3621,-22.0261,178.872)
43.3255, (0,0,0), (-4.75399,23.5692,-250)
42.2074, (0,0,0), (37.6748,-24.6091,192.54)
61.347, (0,0,0), (36.6436,26.1198,186.136)
186.625, (0,0,0), (-36.6923,26.0514,-87.4889)
19.4041, (0,0,0), (21.1456,39.7224,110.156)
8.31914, (0,0,0), (9.65864,-13.9102,-250)
105.851, (0,0,0), (-22.1609,39.1649,38.3382)
27.2785, (0,0,0), (-23.916,-38.1186,175.307)
52.3535, (0,0,0), (44.5504,6.345,231.372)
7.98532, (0,0,0), (15.582,-42.2161,-149.016)
7.50534, (0,0,0), (32.4335,31.1941,-161.986)
160.364, (0,0,0), (-23.2269,-38.5423,56.2208)
3.01981, (0,0,0), (-3.27853,44.8804,-96.65)
11.1396, (0,0,0), (-14.6639,42.5438,217.823)
16.0225, (0,0,0), (44.9003,2.99457,-30.7109)
1.16747, (0,0,0), (5.04209,18.4844,180.325)
72.908, (0,0,0), (-21.3277,-27.0461,74.2078)
21.4827, (0,0,0), (27.0281,-35.9789,-218.881)
4.89776, (0,0,0), (14.0141,-42.7622,-60.2862)
231.722, (0,0,0), (-23.217,38.5483,-127.196)
16.9269, (0,0,0), (-28.0019,35.2263,-79.5728)
75.3258, (0,0,0), (-36.1521,26.796,-97.8556)
1.01677, (0,0,0), (1.40257,44.9781,36.8407)
212.398, (0,0,0), (39.6785,-16.8333,250)
70.4815, (0,0,0), (-0.510328,-2.2635,-250)
149.114, (0,0,0), (-44.8425,-3.76122,52.383)
45.0853, (0,0,0), (34.0588,16.8425,138.888)
38.8336, (0,0,0), (-29.058,-34.3604,-29.1976)
363.558, (0,0,0), (24.1048,37.9995,181.479)
25.1688, (0,0,0), (-44.8635,-3.50245,-60.3987)
215.779, (0,0,0), (-35.6278,27.4892,42.1696)
32.3463, (0,0,0), (-44.1764,-8.5701,190.613)
14.5322, (0,0,0), (-34.206,-29.2395,103.171)
17.233, (0,0,0), (-42.9845,13.3166,149.09)
47.2966, (0,0,0), (44.805,4.18442,247.769)
81.6281, (0,0,0), (25.9964,36.7313,-170.91)
49.2173, (0,0,0), (-44.8641,3.49411,-234.09)
195.398, (0,0,0), (40.295,-20.0328,159.04)
88.2995, (0,0,0), (-9.74505,5.0923,201.686)
17.1835, (0,0,0), (39.5941,21.3847,119.523)
10.9028, (0,0,0), (-39.0542,-22.3555,-79.5154)
45.3706, (0,0,0), (35.7389,27.3446,78.9616)
101.303, (0,0,0), (7.57867,44.3572,-116.757)
1.23561, (0,0,0), (-2.37091,19.103,-250)
256.967, (0,0,0), (9.74519,-43.9321,93.3823)
124.731, (0,0,0), (9.08972,40.9224,-250)
4.89826, (0,0,0), (-44.9426,2.27243,-61.5593)
15.9586, (0,0,0), (44.0048,-9.41148,-178.248)
1.34713, (0,0,0), (-27.1592,35.8801,-75.4905)
47.6934, (0,0,0), (-30.8308,-32.779,-62.2168)
37.0434, (0,0,0), (-16.9718,41.6768,194.323)
46.1938, (0,0,0), (44.8732,-3.3758,-107.201)
1.14532, (0,0,0), (-11.1858,43.5876,-249.418)
116.324, (0,0,0), (-16.7749,41.7565,191.496)
133.855, (0,0,0), (-29.9235,-33.6093,-243.32)
61.7758, (0,0,0), (-33.8298,-29.674,-133.995)
64.5481, (0,0,0), (-44.9321,-2.47124,218.584)
5.04634, (0,0,0), (-29.3274,34.1307,-163.473)
20.8975, (0,0,0), (44.9661,1.74643,29.2739)
80.6543, (0,0,0), (33.07,30.5185,65.0082)
124.733, (0,0,0), (-9.26872,-44.0351,130.286)
201.303, (0,0,0), (32.7867,30.8226,-44.5928)
356.255, (0,0,0), (-23.1777,-38.572,120.896)
27.1358, (0,0,0), (-3.95375,-44.826,202.191)
139.389, (0,0,0), (5.15737,44.7035,-156.357)
61.1145, (0,0,0), (41.7041,-16.9048,195.032)
70.777, (0,0,0), (-22.6512,-38.8835,179.047)
270.466, (0,0,0), (-43.9864,-9.49717,75.7451)
17.5144, (0,0,0), (-7.168,-44.4254,-116.885)
72.1956, (0,0,0), (41.6391,17.0642,-102.619)
108.901, (0,0,0), (28.6074,34.7364,187.969)
102.951, (0,0,0), (-29.1325,-34.2972,83.6937)
134.488, (0,0,0), (-1.96747,44.957,118.956)
18.4729, (0,0,0), (9.26141,-44.0366,40.2274)
231.403, (0,0,0), (-40.0588,-20.5009,63.1969)
39.9694, (0,0,0), (-41.7154,16.8769,-224.542)
133.398, (0,0,0), (-17.3716,41.5118,144.962)
38.5546, (0,0,0), (-11.7354,43.4428,241.947)
99.6374, (0,0,0), (21.7741,-39.3813,-69.2768)
49.656, (0,0,0), (25.1226,-37.3344,136.256)
146.949, (0,0,0), (44.5876,6.07799,40.2612)
289.438, (0,0,0), (-11.9136,-34.4669,1.08914)
13.4603, (0,0,0), (30.9763,-32.6415,-132.34)
86.3401, (0,0,0), (33.7043,-29.8164,-29.9685)
37.6022, (0,0,0), (-31.4156,-32.2189,87.265)
113.238, (0,0,0), (44.2022,8.43601,-200.466)
93.3868, (0,0,0), (41.1824,-18.1386,27.7079)
7.0786, (0,0,0), (-7.38406,44.39,202.347)
25.5787, (0,0,0), (44.9541,2.03153,-43.2844)
215.267, (0,0,0), (43.881,-9.97285,164.689)
117.917, (0,0,0), (-35.3955,-23.4224,-250)
59.5533, (0,0,0), (42.5386,-14.6789,199.408)
24.8619, (0,0,0), (44.9265,2.57035,4.5813)
68.7653, (0,0,0), (-43.1593,-12.7386,123.381)
27.032, (0,0,0), (-0.0908913,44.9999,241.824)
83.9821, (0,0,0), (35.0981,-28.1624,-192.503)
110.778, (0,0,0), (-39.241,-22.0261,-124.289)
180.125, (0,0,0), (-3.43303,-8.80316,169.328)
31.1205, (0,0,0), (41.6206,17.1093,-15.5269)
87.9898, (0,0,0), (-6.08677,13.1689,-250)
38.7284, (0,0,0), (-1.0861,-11.2031,-176.712)
12.1877, (0,0,0), (37.8888,-24.2784,-36.5471)
24.6073, (0,0,0), (39.8407,-20.9217,-227.813)
30.8725, (0,0,0), (43.4188,11.8239,-53.5044)
46.1987, (0,0,0), (-29.5006,33.9811,-72.459)
1.06158, (0,0,0), (32.4876,-31.1377,-73.9703)
20.6534, (0,0,0), (-27.5542,35.5776,-182.161)
0.782185, (0,0,0), (-10.5729,-43.7403,44.5556)
32.7317, (0,0,0), (-32.4142,-31.2141,-44.3824)
69.5729, (0,0,0), (-35.6948,-27.4022,-210.738)
76.5023, (0,0,0), (16.546,41.8477,-139.865)
62.4561, (0,0,0), (-33.5092,-30.0355,6.52813)
72.0505, (0,0,0), (20.3213,40.1503,-7.58744)
60.754, (0,0,0), (8.45404,44.1987,167.729)
9.89641, (0,0,0), (-42.4551,14.9185,184.624)
0.898614, (0,0,0), (6.59024,42.8116,-250)
45.3645, (0,0,0), (1.4492,-21.5857,250)
98.6578, (0,0,0), (30.4154,-33.1648,10.5207)
3.88278, (0,0,0), (39.8498,20.9043,-210.317)
2.42223, (0,0,0), (-3.54732,44.86,82.5052)
47.7124, (0,0,0), (-10.2506,43.817,-206.081)
62.2765, (0,0,0), (44.5401,-6.41702,-192.432)
12.1711, (0,0,0), (3.29349,-44.8793,-18.6703)
101.796, (0,0,0), (37.7131,-24.5504,136.112)
85.7762, (0,0,0), (-34.4062,29.0037,74.544)
210.957, (0,0,0), (-28.4076,34.8999,-137.972)
39.1386, (0,0,0), (-39.5863,-21.3992,146.026)
2.6816, (0,0,0), (24.3996,37.8109,167.055)
50.3843, (0,0,0), (0.415741,-44.9981,47.0036)
4.65631, (0,0,0), (11.3076,-43.5562,-91.3221)
413.04, (0,0,0), (43.4921,11.5515,213.657)
108.395, (0,0,0), (-41.4883,-17.4276,111.017)
19.8408, (0,0,0), (25.2636,8.46845,-126.244)
33.5614, (0,0,0), (-40.3501,19.9215,-247.876)
71.0524, (0,0,0), (10.826,-43.6783,203.984)
0.32267, (0,0,0), (2.9254,44.9048,-34.9145)
18.5384, (0,0,0), (9.5168,8.99319,-62.1956)
221.1, (0,0,0), (-42.4164,-15.0282,219.712)
60.5178, (0,0,0), (43.2608,12.3898,-184.482)
45.295, (0,0,0), (-24.9257,-37.4661,111.135)
4.84565, (0,0,0), (22.1152,23.1945,-113.329)
105.712, (0,0,0), (26.7692,-36.1719,-187.5)
26.6941, (0,0,0), (37.0149,25.5909,-164.135)
54.0392, (0,0,0), (43.5621,11.2848,202.923)
9.05712, (0,0,0), (-15.3398,-4.85901,122.654)
104.606, (0,0,0), (43.0748,13.0215,-235.489)
113.842, (0,0,0), (9.57673,-28.7772,-250)
23.0982, (0,0,0), (37.8474,24.3429,-165.851)
136.221, (0,0,0), (-10.3562,-39.723,136.719)
3.84405, (0,0,0), (-44.5038,6.66394,-146.136)
3.27185, (0,0,0), (-5.30539,-44.6862,248.497)
169.256, (0,0,0), (-31.1607,-32.4655,-41.3703)
7.15047, (0,0,0), (40.4901,19.6356,-222.237)
198.863, (0,0,0), (-28.6954,-34.6637,79.5017)
114.305, (0,0,0), (23.8521,-38.1586,202.831)
151.846, (0,0,0), (44.5917,6.04836,-94.0211)
101.534, (0,0,0), (28.2025,-35.066,33.0409)
64.9692, (0,0,0), (-25.3929,37.151,-29.1856)
183.417, (0,0,0), (-14.4218,-42.6264,78.6636)
105.031, (0,0,0), (20.9827,23.5223,-250)
31.6129, (0,0,0), (-18.3929,-41.0695,153.353)
96.1975, (0,0,0), (41.9451,-16.2974,43.74)
9.84148, (0,0,0), (-21.2707,29.9815,250)
11.7663, (0,0,0), (44.8538,-3.62417,-36.2095)
246.072, (0,0,0), (30.1682,-33.3898,68.5925)
135.419, (0,0,0), (-7.84935,44.3101,107.227)
1.86049, (0,0,0), (-43.0798,13.0051,184.94)
7.63551, (0,0,0), (44.5378,6.43324,-95.2251)
12.3127, (0,0,0), (-44.9863,-1.11057,-84.4675)
21.4111, (0,0,0), (-17.8316,-41.3163,-219.958)
12.5393, (0,0,0), (-42.8075,13.8752,-189.08)
2.69751, (0,0,0), (44.1434,-8.73866,-148.712)
80.4126, (0,0,0), (-19.2413,-40.6789,-136.134)
5.39065, (0,0,0), (-35.184,28.0551,20.9478)
117.55, (0,0,0), (-33.1589,30.4218,127.102)
9.07323, (0,0,0), (-0.12277,-44.9998,-170.193)
178.274, (0,0,0), (-20.1786,-40.2222,82.2602)
46.707, (0,0,0), (-10.8584,43.6703,156.504)
86.2096, (0,0,0), (24.3634,37.8341,-85.7312)
204.308, (0,0,0), (-31.4312,-32.2037,-124.782)
36.5229, (0,0,0), (41.8886,16.4421,-114.185)
44.5676, (0,0,0), (44.6355,-5.71596,136.418)
55.6883, (0,0,0), (16.9254,33.5708,-250)
27.7676, (0,0,0), (-42.6577,-14.329,-219.929)
94.3486, (0,0,0), (-32.7839,-30.8256,-193.561)
114.016, (0,0,0), (34.8659,-28.4494,187.506)
566.149, (0,0,0), (43.874,10.0037,-161.047)
34.5622, (0,0,0), (20.8502,39.8782,32.9129)
73.554, (0,0,0), (15.5746,26.9151,15.3879)
61.0099, (0,0,0), (-7.3861,44.3897,224.984)
305.854, (0,0,0), (-25.6483,-36.9752,240.789)
7.61604, (0,0,0), (44.9567,1.9735,220.107)
21.7153, (0,0,0), (38.4456,23.3866,-19.0764)
49.5008, (0,0,0), (42.5811,-14.555,-168.77)
85.9858, (0,0,0), (27.3187,35.7588,-38.0551)
12.4842, (0,0,0), (28.7418,34.6253,-84.1528)
74.3385, (0,0,0), (-42.2311,-15.5414,182.185)
8.97851, (0,0,0), (3.34854,-7.1323,250)
47.6942, (0,0,0), (1.48772,-40.4657,143.671)
28.3417, (0,0,0), (44.6058,5.94319,28.1336)
34.9847, (0,0,0), (-25.6802,36.953,-115.075)
15.9269, (0,0,0), (-32.8865,30.7161,-68.7027)
202.633, (0,0,0), (-26.505,-36.366,-25.6421)
7.35162, (0,0,0), (43.3221,12.1735,-219.653)
94.4818, (0,0,0), (26.1195,-8.64765,16.4685)
18.6954, (0,0,0), (-8.88364,11.6327,-242.923)
56.4099, (0,0,0), (1.13932,1.5746,-37.096)
142.693, (0,0,0), (-10.9408,10.2009,175.254)
127.739, (0,0,0), (29.5119,33.9713,-65.9274)
162.588, (0,0,0), (-31.2649,-32.3652,-241.375)
106.901, (0,0,0), (29.292,34.1611,92.3776)
30.7067, (0,0,0), (43.3131,-12.2054,-166.789)
150.818, (0,0,0), (-4.07994,-44.8147,151.576)
222.092, (0,0,0), (1.6377,17.2809,250)
102.235, (0,0,0), (18.873,40.8511,50.3395)
68.3485, (0,0,0), (7.83146,-44.3133,174.411)
38.745, (0,0,0), (-6.09242,44.5857,228.602)
105.699, (0,0,0), (-8.45167,37.5583,41.0479)
159.435, (0,0,0), (-35.2905,-27.921,-184.543)
35.3811, (0,0,0), (3.39157,-44.872,-135.134)
5.50295, (0,0,0), (43.8691,-10.0253,-203.844)
185.357, (0,0,0), (21.386,39.5934,199.043)
41.6653, (0,0,0), (-14.5717,22.2796,250)
91.0189, (0,0,0), (-35.422,-27.7539,-23.4028)
67.448, (0,0,0), (44.8931,-3.10047,-142.48)
72.5578, (0,0,0), (44.1444,8.73353,23.1505)
16.3035, (0,0,0), (-36.0638,26.9148,136.305)
87.6455, (0,0,0), (-14.2235,-42.693,65.8262)
33.5168, (0,0,0), (19.9654,-40.3285,-55.3231)
111.089, (0,0,0), (43.9428,9.69686,222.533)
65.8259, (0,0,0), (-9.48345,-43.9894,11.6762)
5.08937, (0,0,0), (28.1757,-35.0875,117.336)
27.2984, (0,0,0), (-10.6538,-43.7207,-108.324)
179.182, (0,0,0), (34.9854,-28.3023,217.606)
111.538, (0,0,0), (-42.2089,15.6016,-223.932)
9.4872, (0,0,0), (9.40127,44.007,201.56)
239.182, (0,0,0), (-44.0066,-9.40294,-41.997)
3.28602, (0,0,0), (-12.0505,-43.3565,-248.926)
34.5443, (0,0,0), (13.546,42.9128,-6.36832)
15.8691, (0,0,0), (-9.28112,-44.0325,49.6761)
74.4447, (0,0,0), (3.07715,-44.8947,165.137)
8.39902, (0,0,0), (44.9999,-0.105195,-203.666)
61.542, (0,0,0), (44.1144,-8.88347,165.041)
168.048, (0,0,0), (-40.3755,19.87,-150.937)
352.858, (0,0,0), (-29.3324,34.1264,180.401)
50.204, (0,0,0), (41.084,-18.3605,67.0797)
125.987, (0,0,0), (-20.2625,40.18,-156.469)
121.249, (0,0,0), (-20.2566,-40.1829,28.8519)
9.03371, (0,0,0), (-26.0393,-24.5782,-250)
91.9972, (0,0,0), (24.0836,-38.0129,66.8165)
34.2726, (0,0,0), (37.7752,-24.4547,-216.731)
125.618, (0,0,0), (-39.0145,-22.4248,-156.824)
97.5231, (0,0,0), (-6.28463,44.559,235.377)
32.385, (0,0,0), (42.5762,-14.5693,208.43)
90.1614, (0,0,0), (-44.9924,0.829395,120.405)
2.18695, (0,0,0), (36.9408,25.6978,-205.456)
145.513, (0,0,0), (40.9001,18.7666,49.6328)
126.569, (0,0,0), (-37.3738,-25.0639,-24.4269)
16.0858, (0,0,0), (6.53407,44.5231,-82.2662)
75.5895, (0,0,0), (42.6645,14.3089,-41.668)
29.8007, (0,0,0), (-36.8201,-22.7901,-193.157)
83.3959, (0,0,0), (40.1332,-20.3551,29.7237)
33.3647, (0,0,0), (6.32127,44.5538,-209.131)
114.419, (0,0,0), (28.4443,34.87,-220.558)
18.9932, (0,0,0), (26.1437,36.6266,-55.1524)
153.647, (0,0,0), (-41.246,17.9936,64.4287)
3.01016, (0,0,0), (-42.5765,14.5685,-193.926)
82.968, (0,0,0), (23.5847,-34.9802,92.6681)
265.275, (0,0,0), (-26.0817,-36.6707,-66.8851)
0.341073, (0,0,0), (-1.80076,-30.7244,-211.982)
84.79, (0,0,0), (35.9656,27.0458,-208.638)
37.444, (0,0,0), (38.2343,23.7305,25.2561)
147.552, (0,0,0), (37.0127,-25.5941,176.354)
469.788, (0,0,0), (9.66757,-43.9493,-248.672)
142.913, (0,0,0), (44.9988,-0.328797,226.072)
22.3748, (0,0,0), (-44.994,0.734485,52.7798)
58.6842, (0,0,0), (19.9924,-40.315,164.735)
196.825, (0,0,0), (-19.2488,-40.6753,-57.4471)
27.2404, (0,0,0), (44.6048,-5.9511,40.8089)
50.5542, (0,0,0), (44.4895,6.75871,136.133)
33.5247, (0,0,0), (33.4505,7.58425,250)
5.06568, (0,0,0), (-28.4061,-34.9012,243.863)
115.774, (0,0,0), (-33.2986,30.2689,-34.2759)
137.713, (0,0,0), (20.9363,7.19157,250)
157.417, (0,0,0), (-29.1651,-34.2694,51.2709)
203.956, (0,0,0), (34.2116,29.2329,179.029)
14.2479, (0,0,0), (17.2211,-41.5744,-79.7098)
86.5861, (0,0,0), (23.6839,38.2632,-168.143)
157.69, (0,0,0), (-40.1563,-20.3095,169.615)
28.5206, (0,0,0), (37.0158,25.5897,-177.958)
7.16731, (0,0,0), (-41.304,17.86,231.539)
1.98054, (0,0,0), (1.24245,-44.9828,-249.702)
116.897, (0,0,0), (44.4302,7.13855,-183.096)
17.8789, (0,0,0), (-34.9004,-23.7518,250)
136.247, (0,0,0), (0.947135,-41.702,67.1124)
138.427, (0,0,0), (24.5627,37.7051,-14.032)
89.2843, (0,0,0), (-38.4921,23.31,-182.324)
78.4292, (0,0,0), (44.0116,-9.37959,3.0396)
248.692, (0,0,0), (-35.3133,-2.15227,-21.6625)
13.2876, (0,0,0), (22.144,39.1745,-36.1429)
61.1821, (0,0,0), (12.274,-43.2938,131.165)
111.193, (0,0,0), (40.6006,-19.4059,112.138)
63.0973, (0,0,0), (24.4179,-37.799,-200.014)
38.3414, (0,0,0), (-44.7306,-4.9162,-87.2664)
31.182, (0,0,0), (8.88573,-31.714,3.87371)
22.627, (0,0,0), (-39.8228,-20.9559,-220.632)
172.342, (0,0,0), (-7.2649,44.4097,109.139)
113.605, (0,0,0), (-13.5706,41.6968,-250)
28.0171, (0,0,0), (-16.3222,41.9355,-142.883)
111.734, (0,0,0), (29.8876,33.6413,123.591)
57.9925, (0,0,0), (-6.21848,44.5683,19.0022)
32.137, (0,0,0), (32.1695,31.4663,84.1934)
204.853, (0,0,0), (27.3971,35.6988,-181.177)
56.9112, (0,0,0), (-40.0384,-1.88539,-159.711)
39.7714, (0,0,0), (-10.0891,-43.8544,208.101)
200.461, (0,0,0), (4.05601,44.8168,-162.448)
105.894, (0,0,0), (30.5678,33.0244,40.7054)
3.82888, (0,0,0), (31.6658,-31.9731,63.1291)
113.971, (0,0,0), (42.3423,-15.2357,31.1026)
26.9507, (0,0,0), (19.6319,40.4918,-156.81)
11.7423, (0,0,0), (-29.5872,33.9057,56.3671)
88.7081, (0,0,0), (-24.351,-37.8422,-56.8855)
5.81396, (0,0,0), (-5.9706,-44.6022,227.625)
80.7444, (0,0,0), (-34.0694,-29.3986,-180.978)
11.6303, (0,0,0), (-28.5493,10.1291,-175.351)
43.249, (0,0,0), (-26.016,36.7174,177.879)
21.7447, (0,0,0), (30.6433,32.9544,-224.135)
75.6292, (0,0,0), (-23.0279,-38.6616,-145.404)
23.5779, (0,0,0), (-11.8956,43.3993,31.0761)
112.752, (0,0,0), (-38.832,22.7393,3.78106)
48.5404, (0,0,0), (-8.51328,-44.1874,-187.292)
306.842, (0,0,0), (42.7401,-14.0814,89.3186)
26.2742, (0,0,0), (-38.5094,23.2814,145.798)
92.1782, (0,0,0), (29.9,-33.6302,221.635)
134.843, (0,0,0), (23.155,-38.5856,206.104)
135.354, (0,0,0), (0.631771,44.9956,158.345)
48.2491, (0,0,0), (-40.8456,18.8848,21.26)
188.43, (0,0,0), (-30.6972,32.9041,-107.854)
17.5033, (0,0,0), (15.7877,-42.1396,87.0558)
9.14783, (0,0,0), (-43.3485,12.0791,212.824)
125.378, (0,0,0), (-24.4483,-37.7794,-74.9683)
3.0329, (0,0,0), (-44.9541,2.03163,-68.1875)
170.324, (0,0,0), (-28.9726,34.4324,-8.076)
218.194, (0,0,0), (-39.7272,-21.1365,-79.3078)
32.5497, (0,0,0), (26.4683,-36.3927,69.4791)
15.9249, (0,0,0), (-36.4957,26.3262,-181.145)
110.16, (0,0,0), (-4.21123,-44.8025,21.8187)
7.0632, (0,0,0), (-36.0129,26.9828,-50.1588)
55.6155, (0,0,0), (44.9569,1.96817,49.9205)
77.3551, (0,0,0), (23.3208,38.4856,141.656)
62.6455, (0,0,0), (44.2642,8.10439,-194.555)
43.3208, (0,0,0), (31.6017,28.7795,-250)
20.7428, (0,0,0), (-34.7373,-28.6063,187.543)
92.87, (0,0,0), (32.6512,-30.9661,-191.647)
35.6521, (0,0,0), (-35.1998,28.0353,160.967)
54.0116, (0,0,0), (26.3277,36.4945,98.2125)
51.7606, (0,0,0), (-7.52822,43.8953,-250)
62.3971, (0,0,0), (-29.2231,34.22,96.9298)
30.4875, (0,0,0), (39.2895,21.9394,137.898)
114.08, (0,0,0), (26.7677,-36.1731,46.2243)
303.025, (0,0,0), (-32.6845,-30.931,110.929)
117.76, (0,0,0), (-8.55873,44.1786,160.466)
9.8939, (0,0,0), (0.483139,-44.9974,186.695)
103.634, (0,0,0), (41.3067,-17.8537,103.588)
178.268, (0,0,0), (-33.2437,30.3292,44.6208)
81.906, (0,0,0), (-15.533,-42.2342,82.7609)
47.6553, (0,0,0), (42.7664,-14.0012,86.4509)
86.5367, (0,0,0), (43.8341,10.1771,243.47)
80.936, (0,0,0), (-40.9812,-18.5888,234.484)
41.2171, (0,0,0), (-40.2782,-20.0665,-205.403)
137.338, (0,0,0), (2.14761,-44.9487,-123.129)
35.9412, (0,0,0), (-9.14825,-44.0603,164.947)
85.5904, (0,0,0), (44.3194,-7.7967,3.99472)
52.1864, (0,0,0), (2.39793,-7.38872,-250)
41.1996, (0,0,0), (18.824,-39.6527,-250)
53.9171, (0,0,0), (-35.2455,27.9778,66.2462)
204.234, (0,0,0), (-26.8993,-36.0753,79.071)
29.4616, (0,0,0), (-40.2073,20.2082,233.452)
73.3254, (0,0,0), (5.73344,44.6333,35.075)
15.0537, (0,0,0), (39.6083,21.3585,-149.004)
29.3904, (0,0,0), (44.958,1.94487,33.4999)
97.813, (0,0,0), (-31.4677,32.168,211.964)
20.9977, (0,0,0), (-39.2917,-21.9354,82.4995)
25.1166, (0,0,0), (-16.0113,-42.0552,20.2964)
151.471, (0,0,0), (3.89235,-44.8313,162.413)
39.5051, (0,0,0), (3.5852,44.857,-206.391)
84.9345, (0,0,0), (-28.7735,34.599,-198.631)
24.6957, (0,0,0), (25.089,-37.357,-210.039)
101.675, (0,0,0), (3.54196,44.8604,-248.003)
17.6376, (0,0,0), (44.2512,-8.17519,-217.021)
61.7994, (0,0,0), (-22.973,38.6942,40.9554)
43.3464, (0,0,0), (-17.8166,41.3228,5.75193)
63.8915, (0,0,0), (-43.857,-10.078,-174.604)
37.1252, (0,0,0), (35.3234,27.8793,207.198)
24.4005, (0,0,0), (9.9623,43.8834,-54.6043)
18.25, (0,0,0), (19.1403,-36.3574,250)
148.604, (0,0,0), (-27.9644,-35.2561,214.335)
65.2252, (0,0,0), (10.2278,-43.8223,114.678)
14.0062, (0,0,0), (-28.3753,-34.9262,-170.898)
31.7476, (0,0,0), (9.72551,-20.7175,-2.04761)
307.518, (0,0,0), (-13.5611,-42.908,111.791)
47.5654, (0,0,0), (-17.6243,41.4051,-184.075)
264.662, (0,0,0), (41.1608,18.1877,-154.911)
4.02992, (0,0,0), (-14.4044,-42.6323,236.631)
24.8216, (0,0,0), (-35.0733,28.1933,-93.9197)
50.172, (0,0,0), (-11.8514,-43.4113,118.851)
72.3153, (0,0,0), (-44.2458,8.20417,62.8979)
35.5364, (0,0,0), (19.7502,40.4342,-124.676)
19.8675, (0,0,0), (-44.9702,-1.63705,5.88149)
122.659, (0,0,0), (-26.4252,20.0052,-250)
54.5027, (0,0,0), (43.1641,12.7223,-217.737)
43.3979, (0,0,0), (15.9637,42.0733,24.3737)
112.902, (0,0,0), (-10.3135,-43.8022,78.2053)
130.304, (0,0,0), (-23.1441,-38.5921,-68.3014)
10.5708, (0,0,0), (42.5478,-14.6522,-44.3009)
121.897, (0,0,0), (-8.85635,-9.2002,250)
0.302755, (0,0,0), (-8.55665,44.179,81.0613)
17.6216, (0,0,0), (-11.8471,43.4125,-57.3138)
59.4006, (0,0,0), (41.6401,17.0616,185.016)
108.838, (0,0,0), (-41.8572,16.5219,-79.8006)
11.3392, (0,0,0), (34.778,28.5568,90.7672)
57.9403, (0,0,0), (-14.0513,-42.75,70.7927)
80.3499, (0,0,0), (15.9272,-42.0871,98.3365)
112.417, (0,0,0), (-44.3892,-7.38937,128.513)
30.5183, (0,0,0), (-22.4293,-33.8923,250)
24.9042, (0,0,0), (9.98572,-43.8781,-73.1212)
223.376, (0,0,0), (27.5276,-35.5982,75.8679)
43.8416, (0,0,0), (43.4728,-11.624,-133.531)
115.072, (0,0,0), (28.3824,-34.9204,215.555)
190.702, (0,0,0), (-44.7626,-4.61617,-110.664)
57.3791, (0,0,0), (-39.0848,-22.302,-198.966)
36.0214, (0,0,0), (44.9865,1.10156,10.7)
6.73895, (0,0,0), (-3.15108,44.8895,-187.828)
137.649, (0,0,0), (32.9987,-30.5955,41.1583)
114.821, (0,0,0), (-11.4574,-43.517,-146.086)
46.8406, (0,0,0), (42.1498,15.7605,-126.382)
87.8983, (0,0,0), (-13.0665,-43.0612,-95.8523)
16.4216, (0,0,0), (32.128,31.5086,201.108)
21.1879, (0,0,0), (39.1062,-22.2644,135.205)
161.681, (0,0,0), (-9.08247,-44.0739,-79.7584)
58.9146, (0,0,0), (-42.0922,15.9136,216.594)
6.39598, (0,0,0), (-17.4996,-41.458,-109.16)
137.994, (0,0,0), (40.5707,-19.4684,65.6527)
54.6195, (0,0,0), (-4.66673,44.7574,39.7988)
8.20942, (0,0,0), (24.8363,-37.5254,-209.33)
25.5531, (0,0,0), (-11.6237,43.4729,-141.522)
98.1015, (0,0,0), (-39.9826,20.6493,-193.929)
21.2965, (0,0,0), (-43.1183,12.8769,192.07)
52.91, (0,0,0), (-44.5893,-6.06568,-102.435)
29.5351, (0,0,0), (-41.881,-16.4616,-134.692)
188.239, (0,0,0), (-44.0088,9.39266,-113.858)
75.8565, (0,0,0), (10.1951,43.8299,249.607)
156.569, (0,0,0), (25.8988,36.8002,-159.966)
53.6882, (0,0,0), (-18.1258,-41.1881,-107.996)
80.4555, (0,0,0), (-39.1367,-22.2108,-77.5996)
198.076, (0,0,0), (33.6466,-29.8815,61.6774)
71.4799, (0,0,0), (-0.508825,-44.9971,-0.166494)
45.2775, (0,0,0), (24.7674,37.5709,15.4417)
40.2058, (0,0,0), (-16.0825,33.2622,250)
20.2854, (0,0,0), (-8.13186,30.0213,162.486)
32.9321, (0,0,0), (-20.537,40.0404,74.3478)
15.4944, (0,0,0), (-25.1956,-7.51734,-177.415)
71.4348, (0,0,0), (44.8117,4.11269,201.051)
75.0186, (0,0,0), (-44.2964,-7.92648,205.266)
67.6133, (0,0,0), (-35.3865,-27.7992,186.26)
48.9577, (0,0,0), (-0.0515248,-45,-16.227)
90.3221, (0,0,0), (44.9734,-1.54784,149.263)
64.747, (0,0,0), (43.5141,11.4683,187.18)
58.478, (0,0,0), (42.5075,-14.7687,-86.8123)
146.067, (0,0,0), (25.5846,-37.0193,235.296)
83.6846, (0,0,0), (42.4051,15.0602,-120.809)
46.0478, (0,0,0), (9.37432,44.0128,-178.458)
43.4733, (0,0,0), (7.6804,44.3397,46.2753)
4.57388, (0,0,0), (40.5536,19.504,-225.558)
162.253, (0,0,0), (21.6358,-7.39645,-240.485)
59.4329, (0,0,0), (-33.2602,-30.311,-218.168)
1.12275, (0,0,0), (35.4553,27.7114,-245.645)
25.8653, (0,0,0), (9.38431,-44.0106,61.2116)
25.77, (0,0,0), (-16.9317,-41.6931,197.185)
86.1236, (0,0,0), (-44.9105,-2.8374,-29.402)
129.9, (0,0,0), (18.7738,25.6616,-250)
36.83, (0,0,0), (-6.2398,44.5653,48.2679)
38.7017, (0,0,0), (13.1968,35.2629,110.28)
257.065, (0,0,0), (-8.53215,14.0109,250)
345.114, (0,0,0), (-13.3086,42.987,-152.696)
159.215, (0,0,0), (7.21541,44.4178,70.1924)
170.035, (0,0,0), (-7.49477,-44.3715,77.774)
59.6682, (0,0,0), (-9.80071,-43.9198,-235.187)
172.214, (0,0,0), (-28.1271,-35.1265,155.536)
105.033, (0,0,0), (19.9161,40.3528,-244.057)
176.55, (0,0,0), (-43.1966,-12.6115,4.97197)
1.12983, (0,0,0), (-44.7532,-4.70691,74.171)
37.8789, (0,0,0), (29.0603,34.3584,179.41)
50.0256, (0,0,0), (-12.8741,32.3671,250)
5.24189, (0,0,0), (43.0874,-12.9799,-164.006)
113.138, (0,0,0), (43.5796,11.2167,201.417)
70.0934, (0,0,0), (44.4459,7.04001,-75.1713)
36.4063, (0,0,0), (-20.9742,-39.8131,-78.2566)
72.4905, (0,0,0), (-36.4728,-26.3578,-111.387)
85.0517, (0,0,0), (-24.2006,-37.9385,43.0397)
29.9412, (0,0,0), (31.0541,-5.87604,45.1669)
54.4707, (0,0,0), (-8.91327,-44.1084,-111.649)
68.8137, (0,0,0), (-43.9472,-9.67696,-49.064)
72.1473, (0,0,0), (-40.9725,-18.6079,-170.186)
66.2721, (0,0,0), (27.1733,-35.8694,210.917)
60.5575, (0,0,0), (20.1187,29.5059,-141.83)
22.2896, (0,0,0), (-43.7942,-10.3475,-104.492)
3.51598, (0,0,0), (4.05755,-44.8167,-226.207)
19.0323, (0,0,0), (41.0805,18.3683,-188.483)
49.9688, (0,0,0), (39.3171,21.8898,44.0377)
193.651, (0,0,0), (-5.62861,-22.9735,35.5769)
107.929, (0,0,0), (-24.2749,-37.891,-159.579)
18.0712, (0,0,0), (-33.3929,-30.1648,-225.12)
47.5757, (0,0,0), (-42.9559,-13.4085,-12.0336)
41.8294, (0,0,0), (14.066,2.9608,250)
59.1916, (0,0,0), (-36.658,26.0996,97.4573)
69.6095, (0,0,0), (-34.5612,28.8188,-67.9247)
133.22, (0,0,0), (-29.4076,34.0616,-248.622)
55.6763, (0,0,0), (1.1642,43.6799,-142.107)
56.9138, (0,0,0), (18.7871,40.8906,234.742)
216.418, (0,0,0), (-35.7087,27.3841,-88.9603)
13.7442, (0,0,0), (-26.7067,-36.2181,-228.598)
8.6461, (0,0,0), (-19.4885,-40.561,-245.793)
16.1233, (0,0,0), (23.502,38.3752,164.524)
279.527, (0,0,0), (-23.1943,-38.562,-58.8909)
194.755, (0,0,0), (40.9966,-18.5547,-66.5374)
110.941, (0,0,0), (38.1814,23.8155,44.4288)
45.3822, (0,0,0), (-41.0977,18.3296,221.679)
86.3576, (0,0,0), (40.5397,19.5329,-198.04)
39.3354, (0,0,0), (26.9017,-36.0735,-227.28)
6.39496, (0,0,0), (43.6003,11.1362,209.783)
94.5591, (0,0,0), (-0.520205,-26.2989,106.518)
111.372, (0,0,0), (-37.4379,-24.9681,-237.061)
270.542, (0,0,0), (-31.1957,32.4319,116.197)
67.9377, (0,0,0), (-41.71,-16.8901,155.952)
7.20653, (0,0,0), (11.7766,-43.4317,-60.9102)
233.389, (0,0,0), (-4.81852,44.7413,17.9322)
149.038, (0,0,0), (12.6694,-43.1797,-107.442)
52.7537, (0,0,0), (-29.4473,34.0273,-66.6914)
29.7157, (0,0,0), (-42.8816,-13.6443,-194.984)
44.986, (0,0,0), (-44.5525,6.33078,-130.586)
3.52075, (0,0,0), (-36.8117,25.8824,-149.461)
4.61793, (0,0,0), (-28.6752,-34.6804,226.626)
189.669, (0,0,0), (-10.877,43.6657,-42.4968)
4.6585, (0,0,0), (-11.0918,43.6116,-15.6176)
150.342, (0,0,0), (-44.3102,7.84894,-29.0085)
29.8445, (0,0,0), (-13.3169,-42.9844,162.687)
70.1161, (0,0,0), (5.37405,44.678,50.9646)
250.763, (0,0,0), (40.462,-4.89901,3.94107)
42.2298, (0,0,0), (33.948,-29.5386,6.2277)
83.8049, (0,0,0), (37.9291,-24.2154,111.023)
98.3838, (0,0,0), (-42.607,14.4791,188.569)
3.27102, (0,0,0), (-15.6711,-42.1831,204.215)
102.865, (0,0,0), (-35.6731,-27.4304,-100.501)
45.888, (0,0,0), (-6.63342,-44.5084,242.273)
14.9358, (0,0,0), (44.9771,-1.43401,179.975)
72.4352, (0,0,0), (41.5944,17.1729,112.065)
64.9829, (0,0,0), (-23.2443,-38.5318,183.444)
125.2, (0,0,0), (23.9233,-38.114,-100.88)
126.778, (0,0,0), (-6.47309,-44.532,231.833)
128.815, (0,0,0), (-43.8159,10.2549,-95.2265)
66.6079, (0,0,0), (-36.4403,24.8576,-250)
31.7121, (0,0,0), (-20.0434,40.2897,-110.301)
163.178, (0,0,0), (-40.1172,20.3865,-213.368)
25.3892, (0,0,0), (4.46835,44.7776,-64.5169)
