Random seed: 124

**************************************************************
 Geant4 version Name: geant4-10-06-patch-01    (14-February-2020)
                       Copyright : Geant4 Collaboration
                      References : NIM A 506 (2003), 250-303
                                 : IEEE-TNS 53 (2006), 270-278
                                 : NIM A 835 (2016), 186-225
                             WWW : http://geant4.org/
**************************************************************

G4GDML: Reading 'simple_cylinder_Fakeonium.gdml'...
G4GDML: Reading definitions...
G4GDML: Reading materials...
G4GDML: Reading solids...
G4GDML: Reading structure...
Checking overlaps for volume cylinder_volume_PV (G4SubtractionSolid) ... OK! 
G4GDML: Reading setup...
G4GDML: Reading 'simple_cylinder_Fakeonium.gdml' done!
Stripping off GDML names of materials, solids and volumes ...
0:    0 UCNs detected in this event.
1:    0 UCNs detected in this event.
2:    0 UCNs detected in this event.
3:    0 UCNs detected in this event.
4:    0 UCNs detected in this event.
5:    0 UCNs detected in this event.
6:    0 UCNs detected in this event.
7:    0 UCNs detected in this event.
8:    0 UCNs detected in this event.
9:    0 UCNs detected in this event.
10:    0 UCNs detected in this event.
11:    0 UCNs detected in this event.
12:    0 UCNs detected in this event.
13:    0 UCNs detected in this event.
14:    0 UCNs detected in this event.
15:    0 UCNs detected in this event.
16:    0 UCNs detected in this event.
17:    0 UCNs detected in this event.
18:    0 UCNs detected in this event.
19:    0 UCNs detected in this event.
20:    0 UCNs detected in this event.
21:    0 UCNs detected in this event.
22:    0 UCNs detected in this event.
23:    0 UCNs detected in this event.
24:    0 UCNs detected in this event.
25:    0 UCNs detected in this event.
26:    0 UCNs detected in this event.
27:    0 UCNs detected in this event.
28:    0 UCNs detected in this event.
29:    0 UCNs detected in this event.
30:    0 UCNs detected in this event.
31:    0 UCNs detected in this event.
32:    0 UCNs detected in this event.
33:    0 UCNs detected in this event.
34:    0 UCNs detected in this event.
35:    0 UCNs detected in this event.
36:    0 UCNs detected in this event.
37:    0 UCNs detected in this event.
38:    0 UCNs detected in this event.
39:    0 UCNs detected in this event.
40:    0 UCNs detected in this event.
41:    0 UCNs detected in this event.
42:    0 UCNs detected in this event.
43:    0 UCNs detected in this event.
44:    0 UCNs detected in this event.
45:    0 UCNs detected in this event.
46:    0 UCNs detected in this event.
47:    0 UCNs detected in this event.
48:    0 UCNs detected in this event.
49:    0 UCNs detected in this event.
50:    0 UCNs detected in this event.
51:    0 UCNs detected in this event.
52:    0 UCNs detected in this event.
53:    0 UCNs detected in this event.
54:    0 UCNs detected in this event.
55:    0 UCNs detected in this event.
56:    0 UCNs detected in this event.
57:    0 UCNs detected in this event.
58:    0 UCNs detected in this event.
59:    0 UCNs detected in this event.
60:    0 UCNs detected in this event.
61:    0 UCNs detected in this event.
62:    0 UCNs detected in this event.
63:    0 UCNs detected in this event.
64:    0 UCNs detected in this event.
65:    0 UCNs detected in this event.
66:    0 UCNs detected in this event.
67:    0 UCNs detected in this event.
68:    0 UCNs detected in this event.
69:    0 UCNs detected in this event.
70:    0 UCNs detected in this event.
71:    0 UCNs detected in this event.
72:    0 UCNs detected in this event.
73:    0 UCNs detected in this event.
74:    0 UCNs detected in this event.
75:    0 UCNs detected in this event.
76:    0 UCNs detected in this event.
77:    0 UCNs detected in this event.
78:    0 UCNs detected in this event.
79:    0 UCNs detected in this event.
80:    0 UCNs detected in this event.
81:    0 UCNs detected in this event.
82:    0 UCNs detected in this event.
83:    0 UCNs detected in this event.
84:    0 UCNs detected in this event.
85:    0 UCNs detected in this event.
86:    0 UCNs detected in this event.
87:    0 UCNs detected in this event.
88:    0 UCNs detected in this event.
89:    0 UCNs detected in this event.
90:    0 UCNs detected in this event.
91:    0 UCNs detected in this event.
92:    0 UCNs detected in this event.
93:    0 UCNs detected in this event.
94:    0 UCNs detected in this event.
95:    0 UCNs detected in this event.
96:    0 UCNs detected in this event.
97:    0 UCNs detected in this event.
98:    0 UCNs detected in this event.
99:    0 UCNs detected in this event.
100:    0 UCNs detected in this event.
101:    0 UCNs detected in this event.
102:    0 UCNs detected in this event.
103:    0 UCNs detected in this event.
104:    0 UCNs detected in this event.
105:    0 UCNs detected in this event.
106:    0 UCNs detected in this event.
107:    0 UCNs detected in this event.
108:    0 UCNs detected in this event.
109:    0 UCNs detected in this event.
110:    0 UCNs detected in this event.
111:    0 UCNs detected in this event.
112:    0 UCNs detected in this event.
113:    0 UCNs detected in this event.
114:    0 UCNs detected in this event.
115:    0 UCNs detected in this event.
116:    0 UCNs detected in this event.
117:    0 UCNs detected in this event.
118:    0 UCNs detected in this event.
119:    0 UCNs detected in this event.
120:    0 UCNs detected in this event.
121:    0 UCNs detected in this event.
122:    0 UCNs detected in this event.
123:    0 UCNs detected in this event.
124:    0 UCNs detected in this event.
125:    0 UCNs detected in this event.
126:    0 UCNs detected in this event.
127:    0 UCNs detected in this event.
128:    0 UCNs detected in this event.
129:    0 UCNs detected in this event.
130:    0 UCNs detected in this event.
131:    0 UCNs detected in this event.
132:    0 UCNs detected in this event.
133:    0 UCNs detected in this event.
134:    0 UCNs detected in this event.
135:    0 UCNs detected in this event.
136:    0 UCNs detected in this event.
137:    0 UCNs detected in this event.
138:    0 UCNs detected in this event.
139:    0 UCNs detected in this event.
140:    0 UCNs detected in this event.
141:    0 UCNs detected in this event.
142:    0 UCNs detected in this event.
143:    0 UCNs detected in this event.
144:    0 UCNs detected in this event.
145:    0 UCNs detected in this event.
146:    0 UCNs detected in this event.
147:    0 UCNs detected in this event.
148:    0 UCNs detected in this event.
149:    0 UCNs detected in this event.
150:    0 UCNs detected in this event.
151:    0 UCNs detected in this event.
152:    0 UCNs detected in this event.
153:    0 UCNs detected in this event.
154:    0 UCNs detected in this event.
155:    0 UCNs detected in this event.
156:    0 UCNs detected in this event.
157:    0 UCNs detected in this event.
158:    0 UCNs detected in this event.
159:    0 UCNs detected in this event.
160:    0 UCNs detected in this event.
161:    0 UCNs detected in this event.
162:    0 UCNs detected in this event.
163:    0 UCNs detected in this event.
164:    0 UCNs detected in this event.
165:    0 UCNs detected in this event.
166:    0 UCNs detected in this event.
167:    0 UCNs detected in this event.
168:    0 UCNs detected in this event.
169:    0 UCNs detected in this event.
170:    0 UCNs detected in this event.
171:    0 UCNs detected in this event.
172:    0 UCNs detected in this event.
173:    0 UCNs detected in this event.
174:    0 UCNs detected in this event.
175:    0 UCNs detected in this event.
176:    0 UCNs detected in this event.
177:    0 UCNs detected in this event.
178:    0 UCNs detected in this event.
179:    0 UCNs detected in this event.
180:    0 UCNs detected in this event.
181:    0 UCNs detected in this event.
182:    0 UCNs detected in this event.
183:    0 UCNs detected in this event.
184:    0 UCNs detected in this event.
185:    0 UCNs detected in this event.
186:    0 UCNs detected in this event.
187:    0 UCNs detected in this event.
188:    0 UCNs detected in this event.
189:    0 UCNs detected in this event.
190:    0 UCNs detected in this event.
191:    0 UCNs detected in this event.
192:    0 UCNs detected in this event.
193:    0 UCNs detected in this event.
194:    0 UCNs detected in this event.
195:    0 UCNs detected in this event.
196:    0 UCNs detected in this event.
197:    0 UCNs detected in this event.
198:    0 UCNs detected in this event.
199:    0 UCNs detected in this event.
200:    0 UCNs detected in this event.
201:    0 UCNs detected in this event.
202:    0 UCNs detected in this event.
203:    0 UCNs detected in this event.
204:    0 UCNs detected in this event.
205:    0 UCNs detected in this event.
206:    0 UCNs detected in this event.
207:    0 UCNs detected in this event.
208:    0 UCNs detected in this event.
209:    0 UCNs detected in this event.
210:    0 UCNs detected in this event.
211:    0 UCNs detected in this event.
212:    0 UCNs detected in this event.
213:    0 UCNs detected in this event.
214:    0 UCNs detected in this event.
215:    0 UCNs detected in this event.
216:    0 UCNs detected in this event.
217:    0 UCNs detected in this event.
218:    0 UCNs detected in this event.
219:    0 UCNs detected in this event.
220:    0 UCNs detected in this event.
221:    0 UCNs detected in this event.
222:    0 UCNs detected in this event.
223:    0 UCNs detected in this event.
224:    0 UCNs detected in this event.
225:    0 UCNs detected in this event.
226:    0 UCNs detected in this event.
227:    0 UCNs detected in this event.
228:    0 UCNs detected in this event.
229:    0 UCNs detected in this event.
230:    0 UCNs detected in this event.
231:    0 UCNs detected in this event.
232:    0 UCNs detected in this event.
233:    0 UCNs detected in this event.
234:    0 UCNs detected in this event.
235:    0 UCNs detected in this event.
236:    0 UCNs detected in this event.
237:    0 UCNs detected in this event.
238:    0 UCNs detected in this event.
239:    0 UCNs detected in this event.
240:    0 UCNs detected in this event.
241:    0 UCNs detected in this event.
242:    0 UCNs detected in this event.
243:    0 UCNs detected in this event.
244:    0 UCNs detected in this event.
245:    0 UCNs detected in this event.
246:    0 UCNs detected in this event.
247:    0 UCNs detected in this event.
248:    0 UCNs detected in this event.
249:    0 UCNs detected in this event.
250:    0 UCNs detected in this event.
251:    0 UCNs detected in this event.
252:    0 UCNs detected in this event.
253:    0 UCNs detected in this event.
254:    0 UCNs detected in this event.
255:    0 UCNs detected in this event.
256:    0 UCNs detected in this event.
257:    0 UCNs detected in this event.
258:    0 UCNs detected in this event.
259:    0 UCNs detected in this event.
260:    0 UCNs detected in this event.
261:    0 UCNs detected in this event.
262:    0 UCNs detected in this event.
263:    0 UCNs detected in this event.
264:    0 UCNs detected in this event.
265:    0 UCNs detected in this event.
266:    0 UCNs detected in this event.
267:    0 UCNs detected in this event.
268:    0 UCNs detected in this event.
269:    0 UCNs detected in this event.
270:    0 UCNs detected in this event.
271:    0 UCNs detected in this event.
272:    0 UCNs detected in this event.
273:    0 UCNs detected in this event.
274:    0 UCNs detected in this event.
275:    0 UCNs detected in this event.
276:    0 UCNs detected in this event.
277:    0 UCNs detected in this event.
278:    0 UCNs detected in this event.
279:    0 UCNs detected in this event.
280:    0 UCNs detected in this event.
281:    0 UCNs detected in this event.
282:    0 UCNs detected in this event.
283:    0 UCNs detected in this event.
284:    0 UCNs detected in this event.
285:    0 UCNs detected in this event.
286:    0 UCNs detected in this event.
287:    0 UCNs detected in this event.
288:    0 UCNs detected in this event.
289:    0 UCNs detected in this event.
290:    0 UCNs detected in this event.
291:    0 UCNs detected in this event.
292:    0 UCNs detected in this event.
293:    0 UCNs detected in this event.
294:    0 UCNs detected in this event.
295:    0 UCNs detected in this event.
296:    0 UCNs detected in this event.
297:    0 UCNs detected in this event.
298:    0 UCNs detected in this event.
299:    0 UCNs detected in this event.
300:    0 UCNs detected in this event.
301:    0 UCNs detected in this event.
302:    0 UCNs detected in this event.
303:    0 UCNs detected in this event.
304:    0 UCNs detected in this event.
305:    0 UCNs detected in this event.
306:    0 UCNs detected in this event.
307:    0 UCNs detected in this event.
308:    0 UCNs detected in this event.
309:    0 UCNs detected in this event.
310:    0 UCNs detected in this event.
311:    0 UCNs detected in this event.
312:    0 UCNs detected in this event.
313:    0 UCNs detected in this event.
314:    0 UCNs detected in this event.
315:    0 UCNs detected in this event.
316:    0 UCNs detected in this event.
317:    0 UCNs detected in this event.
318:    0 UCNs detected in this event.
319:    0 UCNs detected in this event.
320:    0 UCNs detected in this event.
321:    0 UCNs detected in this event.
322:    0 UCNs detected in this event.
323:    0 UCNs detected in this event.
324:    0 UCNs detected in this event.
325:    0 UCNs detected in this event.
326:    0 UCNs detected in this event.
327:    0 UCNs detected in this event.
328:    0 UCNs detected in this event.
329:    0 UCNs detected in this event.
330:    0 UCNs detected in this event.
331:    0 UCNs detected in this event.
332:    0 UCNs detected in this event.
333:    0 UCNs detected in this event.
334:    0 UCNs detected in this event.
335:    0 UCNs detected in this event.
336:    0 UCNs detected in this event.
337:    0 UCNs detected in this event.
338:    0 UCNs detected in this event.
339:    0 UCNs detected in this event.
340:    0 UCNs detected in this event.
341:    0 UCNs detected in this event.
342:    0 UCNs detected in this event.
343:    0 UCNs detected in this event.
344:    0 UCNs detected in this event.
345:    0 UCNs detected in this event.
346:    0 UCNs detected in this event.
347:    0 UCNs detected in this event.
348:    0 UCNs detected in this event.
349:    0 UCNs detected in this event.
350:    0 UCNs detected in this event.
351:    0 UCNs detected in this event.
352:    0 UCNs detected in this event.
353:    0 UCNs detected in this event.
354:    0 UCNs detected in this event.
355:    0 UCNs detected in this event.
356:    0 UCNs detected in this event.
357:    0 UCNs detected in this event.
358:    0 UCNs detected in this event.
359:    0 UCNs detected in this event.
360:    0 UCNs detected in this event.
361:    0 UCNs detected in this event.
362:    0 UCNs detected in this event.
363:    0 UCNs detected in this event.
364:    0 UCNs detected in this event.
365:    0 UCNs detected in this event.
366:    0 UCNs detected in this event.
367:    0 UCNs detected in this event.
368:    0 UCNs detected in this event.
369:    0 UCNs detected in this event.
370:    0 UCNs detected in this event.
371:    0 UCNs detected in this event.
372:    0 UCNs detected in this event.
373:    0 UCNs detected in this event.
374:    0 UCNs detected in this event.
375:    0 UCNs detected in this event.
376:    0 UCNs detected in this event.
377:    0 UCNs detected in this event.
378:    0 UCNs detected in this event.
379:    0 UCNs detected in this event.
380:    0 UCNs detected in this event.
381:    0 UCNs detected in this event.
382:    0 UCNs detected in this event.
383:    0 UCNs detected in this event.
384:    0 UCNs detected in this event.
385:    0 UCNs detected in this event.
386:    0 UCNs detected in this event.
387:    0 UCNs detected in this event.
388:    0 UCNs detected in this event.
389:    0 UCNs detected in this event.
390:    0 UCNs detected in this event.
391:    0 UCNs detected in this event.
392:    0 UCNs detected in this event.
393:    0 UCNs detected in this event.
394:    0 UCNs detected in this event.
395:    0 UCNs detected in this event.
396:    0 UCNs detected in this event.
397:    0 UCNs detected in this event.
398:    0 UCNs detected in this event.
399:    0 UCNs detected in this event.
400:    0 UCNs detected in this event.
401:    0 UCNs detected in this event.
402:    0 UCNs detected in this event.
403:    0 UCNs detected in this event.
404:    0 UCNs detected in this event.
405:    0 UCNs detected in this event.
406:    0 UCNs detected in this event.
407:    0 UCNs detected in this event.
408:    0 UCNs detected in this event.
409:    0 UCNs detected in this event.
410:    0 UCNs detected in this event.
411:    0 UCNs detected in this event.
412:    0 UCNs detected in this event.
413:    0 UCNs detected in this event.
414:    0 UCNs detected in this event.
415:    0 UCNs detected in this event.
416:    0 UCNs detected in this event.
417:    0 UCNs detected in this event.
418:    0 UCNs detected in this event.
419:    0 UCNs detected in this event.
420:    0 UCNs detected in this event.
421:    0 UCNs detected in this event.
422:    0 UCNs detected in this event.
423:    0 UCNs detected in this event.
424:    0 UCNs detected in this event.
425:    0 UCNs detected in this event.
426:    0 UCNs detected in this event.
427:    0 UCNs detected in this event.
428:    0 UCNs detected in this event.
429:    0 UCNs detected in this event.
430:    0 UCNs detected in this event.
431:    0 UCNs detected in this event.
432:    0 UCNs detected in this event.
433:    0 UCNs detected in this event.
434:    0 UCNs detected in this event.
435:    0 UCNs detected in this event.
436:    0 UCNs detected in this event.
437:    0 UCNs detected in this event.
438:    0 UCNs detected in this event.
439:    0 UCNs detected in this event.
440:    0 UCNs detected in this event.
441:    0 UCNs detected in this event.
442:    0 UCNs detected in this event.
443:    0 UCNs detected in this event.
444:    0 UCNs detected in this event.
445:    0 UCNs detected in this event.
446:    0 UCNs detected in this event.
447:    0 UCNs detected in this event.
448:    0 UCNs detected in this event.
449:    0 UCNs detected in this event.
450:    0 UCNs detected in this event.
451:    0 UCNs detected in this event.
452:    0 UCNs detected in this event.
453:    0 UCNs detected in this event.
454:    0 UCNs detected in this event.
455:    0 UCNs detected in this event.
456:    0 UCNs detected in this event.
457:    0 UCNs detected in this event.
458:    0 UCNs detected in this event.
459:    0 UCNs detected in this event.
460:    0 UCNs detected in this event.
461:    0 UCNs detected in this event.
462:    0 UCNs detected in this event.
463:    0 UCNs detected in this event.
464:    0 UCNs detected in this event.
465:    0 UCNs detected in this event.
466:    0 UCNs detected in this event.
467:    0 UCNs detected in this event.
468:    0 UCNs detected in this event.
469:    0 UCNs detected in this event.
470:    0 UCNs detected in this event.
471:    0 UCNs detected in this event.
472:    0 UCNs detected in this event.
473:    0 UCNs detected in this event.
474:    0 UCNs detected in this event.
475:    0 UCNs detected in this event.
476:    0 UCNs detected in this event.
477:    0 UCNs detected in this event.
478:    0 UCNs detected in this event.
479:    0 UCNs detected in this event.
480:    0 UCNs detected in this event.
481:    0 UCNs detected in this event.
482:    0 UCNs detected in this event.
483:    0 UCNs detected in this event.
484:    0 UCNs detected in this event.
485:    0 UCNs detected in this event.
486:    0 UCNs detected in this event.
487:    0 UCNs detected in this event.
488:    0 UCNs detected in this event.
489:    0 UCNs detected in this event.
490:    0 UCNs detected in this event.
491:    0 UCNs detected in this event.
492:    0 UCNs detected in this event.
493:    0 UCNs detected in this event.
494:    0 UCNs detected in this event.
495:    0 UCNs detected in this event.
496:    0 UCNs detected in this event.
497:    0 UCNs detected in this event.
498:    0 UCNs detected in this event.
499:    0 UCNs detected in this event.
500:    0 UCNs detected in this event.
501:    0 UCNs detected in this event.
502:    0 UCNs detected in this event.
503:    0 UCNs detected in this event.
504:    0 UCNs detected in this event.
505:    0 UCNs detected in this event.
506:    0 UCNs detected in this event.
507:    0 UCNs detected in this event.
508:    0 UCNs detected in this event.
509:    0 UCNs detected in this event.
510:    0 UCNs detected in this event.
511:    0 UCNs detected in this event.
512:    0 UCNs detected in this event.
513:    0 UCNs detected in this event.
514:    0 UCNs detected in this event.
515:    0 UCNs detected in this event.
516:    0 UCNs detected in this event.
517:    0 UCNs detected in this event.
518:    0 UCNs detected in this event.
519:    0 UCNs detected in this event.
520:    0 UCNs detected in this event.
521:    0 UCNs detected in this event.
522:    0 UCNs detected in this event.
523:    0 UCNs detected in this event.
524:    0 UCNs detected in this event.
525:    0 UCNs detected in this event.
526:    0 UCNs detected in this event.
527:    0 UCNs detected in this event.
528:    0 UCNs detected in this event.
529:    0 UCNs detected in this event.
530:    0 UCNs detected in this event.
531:    0 UCNs detected in this event.
532:    0 UCNs detected in this event.
533:    0 UCNs detected in this event.
534:    0 UCNs detected in this event.
535:    0 UCNs detected in this event.
536:    0 UCNs detected in this event.
537:    0 UCNs detected in this event.
538:    0 UCNs detected in this event.
539:    0 UCNs detected in this event.
540:    0 UCNs detected in this event.
541:    0 UCNs detected in this event.
542:    0 UCNs detected in this event.
543:    0 UCNs detected in this event.
544:    0 UCNs detected in this event.
545:    0 UCNs detected in this event.
546:    0 UCNs detected in this event.
547:    0 UCNs detected in this event.
548:    0 UCNs detected in this event.
549:    0 UCNs detected in this event.
550:    0 UCNs detected in this event.
551:    0 UCNs detected in this event.
552:    0 UCNs detected in this event.
553:    0 UCNs detected in this event.
554:    0 UCNs detected in this event.
555:    0 UCNs detected in this event.
556:    0 UCNs detected in this event.
557:    0 UCNs detected in this event.
558:    0 UCNs detected in this event.
559:    0 UCNs detected in this event.
560:    0 UCNs detected in this event.
561:    0 UCNs detected in this event.
562:    0 UCNs detected in this event.
563:    0 UCNs detected in this event.
564:    0 UCNs detected in this event.
565:    0 UCNs detected in this event.
566:    0 UCNs detected in this event.
567:    0 UCNs detected in this event.
568:    0 UCNs detected in this event.
569:    0 UCNs detected in this event.
570:    0 UCNs detected in this event.
571:    0 UCNs detected in this event.
572:    0 UCNs detected in this event.
573:    0 UCNs detected in this event.
574:    0 UCNs detected in this event.
575:    0 UCNs detected in this event.
576:    0 UCNs detected in this event.
577:    0 UCNs detected in this event.
578:    0 UCNs detected in this event.
579:    0 UCNs detected in this event.
580:    0 UCNs detected in this event.
581:    0 UCNs detected in this event.
582:    0 UCNs detected in this event.
583:    0 UCNs detected in this event.
584:    0 UCNs detected in this event.
585:    0 UCNs detected in this event.
586:    0 UCNs detected in this event.
587:    0 UCNs detected in this event.
588:    0 UCNs detected in this event.
589:    0 UCNs detected in this event.
590:    0 UCNs detected in this event.
591:    0 UCNs detected in this event.
592:    0 UCNs detected in this event.
593:    0 UCNs detected in this event.
594:    0 UCNs detected in this event.
595:    0 UCNs detected in this event.
596:    0 UCNs detected in this event.
597:    0 UCNs detected in this event.
598:    0 UCNs detected in this event.
599:    0 UCNs detected in this event.
600:    0 UCNs detected in this event.
601:    0 UCNs detected in this event.
602:    0 UCNs detected in this event.
603:    0 UCNs detected in this event.
604:    0 UCNs detected in this event.
605:    0 UCNs detected in this event.
606:    0 UCNs detected in this event.
607:    0 UCNs detected in this event.
608:    0 UCNs detected in this event.
609:    0 UCNs detected in this event.
610:    0 UCNs detected in this event.
611:    0 UCNs detected in this event.
612:    0 UCNs detected in this event.
613:    0 UCNs detected in this event.
614:    0 UCNs detected in this event.
615:    0 UCNs detected in this event.
616:    0 UCNs detected in this event.
617:    0 UCNs detected in this event.
618:    0 UCNs detected in this event.
619:    0 UCNs detected in this event.
620:    0 UCNs detected in this event.
621:    0 UCNs detected in this event.
622:    0 UCNs detected in this event.
623:    0 UCNs detected in this event.
624:    0 UCNs detected in this event.
625:    0 UCNs detected in this event.
626:    0 UCNs detected in this event.
627:    0 UCNs detected in this event.
628:    0 UCNs detected in this event.
629:    0 UCNs detected in this event.
630:    0 UCNs detected in this event.
631:    0 UCNs detected in this event.
632:    0 UCNs detected in this event.
633:    0 UCNs detected in this event.
634:    0 UCNs detected in this event.
635:    0 UCNs detected in this event.
636:    0 UCNs detected in this event.
637:    0 UCNs detected in this event.
638:    0 UCNs detected in this event.
639:    0 UCNs detected in this event.
640:    0 UCNs detected in this event.
641:    0 UCNs detected in this event.
642:    0 UCNs detected in this event.
643:    0 UCNs detected in this event.
644:    0 UCNs detected in this event.
645:    0 UCNs detected in this event.
646:    0 UCNs detected in this event.
647:    0 UCNs detected in this event.
648:    0 UCNs detected in this event.
649:    0 UCNs detected in this event.
650:    0 UCNs detected in this event.
651:    0 UCNs detected in this event.
652:    0 UCNs detected in this event.
653:    0 UCNs detected in this event.
654:    0 UCNs detected in this event.
655:    0 UCNs detected in this event.
656:    0 UCNs detected in this event.
657:    0 UCNs detected in this event.
658:    0 UCNs detected in this event.
659:    0 UCNs detected in this event.
660:    0 UCNs detected in this event.
661:    0 UCNs detected in this event.
662:    0 UCNs detected in this event.
663:    0 UCNs detected in this event.
664:    0 UCNs detected in this event.
665:    0 UCNs detected in this event.
666:    0 UCNs detected in this event.
667:    0 UCNs detected in this event.
668:    0 UCNs detected in this event.
669:    0 UCNs detected in this event.
670:    0 UCNs detected in this event.
671:    0 UCNs detected in this event.
672:    0 UCNs detected in this event.
673:    0 UCNs detected in this event.
674:    0 UCNs detected in this event.
675:    0 UCNs detected in this event.
676:    0 UCNs detected in this event.
677:    0 UCNs detected in this event.
678:    0 UCNs detected in this event.
679:    0 UCNs detected in this event.
680:    0 UCNs detected in this event.
681:    0 UCNs detected in this event.
682:    0 UCNs detected in this event.
683:    0 UCNs detected in this event.
684:    0 UCNs detected in this event.
685:    0 UCNs detected in this event.
686:    0 UCNs detected in this event.
687:    0 UCNs detected in this event.
688:    0 UCNs detected in this event.
689:    0 UCNs detected in this event.
690:    0 UCNs detected in this event.
691:    0 UCNs detected in this event.
692:    0 UCNs detected in this event.
693:    0 UCNs detected in this event.
694:    0 UCNs detected in this event.
695:    0 UCNs detected in this event.
696:    0 UCNs detected in this event.
697:    0 UCNs detected in this event.
698:    0 UCNs detected in this event.
699:    0 UCNs detected in this event.
700:    0 UCNs detected in this event.
701:    0 UCNs detected in this event.
702:    0 UCNs detected in this event.
703:    0 UCNs detected in this event.
704:    0 UCNs detected in this event.
705:    0 UCNs detected in this event.
706:    0 UCNs detected in this event.
707:    0 UCNs detected in this event.
708:    0 UCNs detected in this event.
709:    0 UCNs detected in this event.
710:    0 UCNs detected in this event.
711:    0 UCNs detected in this event.
712:    0 UCNs detected in this event.
713:    0 UCNs detected in this event.
714:    0 UCNs detected in this event.
715:    0 UCNs detected in this event.
716:    0 UCNs detected in this event.
717:    0 UCNs detected in this event.
718:    0 UCNs detected in this event.
719:    0 UCNs detected in this event.
720:    0 UCNs detected in this event.
721:    0 UCNs detected in this event.
722:    0 UCNs detected in this event.
723:    0 UCNs detected in this event.
724:    0 UCNs detected in this event.
725:    0 UCNs detected in this event.
726:    0 UCNs detected in this event.
727:    0 UCNs detected in this event.
728:    0 UCNs detected in this event.
729:    0 UCNs detected in this event.
730:    0 UCNs detected in this event.
731:    0 UCNs detected in this event.
732:    0 UCNs detected in this event.
733:    0 UCNs detected in this event.
734:    0 UCNs detected in this event.
735:    0 UCNs detected in this event.
736:    0 UCNs detected in this event.
737:    0 UCNs detected in this event.
738:    0 UCNs detected in this event.
739:    0 UCNs detected in this event.
740:    0 UCNs detected in this event.
741:    0 UCNs detected in this event.
742:    0 UCNs detected in this event.
743:    0 UCNs detected in this event.
744:    0 UCNs detected in this event.
745:    0 UCNs detected in this event.
746:    0 UCNs detected in this event.
747:    0 UCNs detected in this event.
748:    0 UCNs detected in this event.
749:    0 UCNs detected in this event.
750:    0 UCNs detected in this event.
751:    0 UCNs detected in this event.
752:    0 UCNs detected in this event.
753:    0 UCNs detected in this event.
754:    0 UCNs detected in this event.
755:    0 UCNs detected in this event.
756:    0 UCNs detected in this event.
757:    0 UCNs detected in this event.
758:    0 UCNs detected in this event.
759:    0 UCNs detected in this event.
760:    0 UCNs detected in this event.
761:    0 UCNs detected in this event.
762:    0 UCNs detected in this event.
763:    0 UCNs detected in this event.
764:    0 UCNs detected in this event.
765:    0 UCNs detected in this event.
766:    0 UCNs detected in this event.
767:    0 UCNs detected in this event.
768:    0 UCNs detected in this event.
769:    0 UCNs detected in this event.
770:    0 UCNs detected in this event.
771:    0 UCNs detected in this event.
772:    0 UCNs detected in this event.
773:    0 UCNs detected in this event.
774:    0 UCNs detected in this event.
775:    0 UCNs detected in this event.
776:    0 UCNs detected in this event.
777:    0 UCNs detected in this event.
778:    0 UCNs detected in this event.
779:    0 UCNs detected in this event.
780:    0 UCNs detected in this event.
781:    0 UCNs detected in this event.
782:    0 UCNs detected in this event.
783:    0 UCNs detected in this event.
784:    0 UCNs detected in this event.
785:    0 UCNs detected in this event.
786:    0 UCNs detected in this event.
787:    0 UCNs detected in this event.
788:    0 UCNs detected in this event.
789:    0 UCNs detected in this event.
790:    0 UCNs detected in this event.
791:    0 UCNs detected in this event.
792:    0 UCNs detected in this event.
793:    0 UCNs detected in this event.
794:    0 UCNs detected in this event.
795:    0 UCNs detected in this event.
796:    0 UCNs detected in this event.
797:    0 UCNs detected in this event.
798:    0 UCNs detected in this event.
799:    0 UCNs detected in this event.
800:    0 UCNs detected in this event.
801:    0 UCNs detected in this event.
802:    0 UCNs detected in this event.
803:    0 UCNs detected in this event.
804:    0 UCNs detected in this event.
805:    0 UCNs detected in this event.
806:    0 UCNs detected in this event.
807:    0 UCNs detected in this event.
808:    0 UCNs detected in this event.
809:    0 UCNs detected in this event.
810:    0 UCNs detected in this event.
811:    0 UCNs detected in this event.
812:    0 UCNs detected in this event.
813:    0 UCNs detected in this event.
814:    0 UCNs detected in this event.
815:    0 UCNs detected in this event.
816:    0 UCNs detected in this event.
817:    0 UCNs detected in this event.
818:    0 UCNs detected in this event.
819:    0 UCNs detected in this event.
820:    0 UCNs detected in this event.
821:    0 UCNs detected in this event.
822:    0 UCNs detected in this event.
823:    0 UCNs detected in this event.
824:    0 UCNs detected in this event.
825:    0 UCNs detected in this event.
826:    0 UCNs detected in this event.
827:    0 UCNs detected in this event.
828:    0 UCNs detected in this event.
829:    0 UCNs detected in this event.
830:    0 UCNs detected in this event.
831:    0 UCNs detected in this event.
832:    0 UCNs detected in this event.
833:    0 UCNs detected in this event.
834:    0 UCNs detected in this event.
835:    0 UCNs detected in this event.
836:    0 UCNs detected in this event.
837:    0 UCNs detected in this event.
838:    0 UCNs detected in this event.
839:    0 UCNs detected in this event.
840:    0 UCNs detected in this event.
841:    0 UCNs detected in this event.
842:    0 UCNs detected in this event.
843:    0 UCNs detected in this event.
844:    0 UCNs detected in this event.
845:    0 UCNs detected in this event.
846:    0 UCNs detected in this event.
847:    0 UCNs detected in this event.
848:    0 UCNs detected in this event.
849:    0 UCNs detected in this event.
850:    0 UCNs detected in this event.
851:    0 UCNs detected in this event.
852:    0 UCNs detected in this event.
853:    0 UCNs detected in this event.
854:    0 UCNs detected in this event.
855:    0 UCNs detected in this event.
856:    0 UCNs detected in this event.
857:    0 UCNs detected in this event.
858:    0 UCNs detected in this event.
859:    0 UCNs detected in this event.
860:    0 UCNs detected in this event.
861:    0 UCNs detected in this event.
862:    0 UCNs detected in this event.
863:    0 UCNs detected in this event.
864:    0 UCNs detected in this event.
865:    0 UCNs detected in this event.
866:    0 UCNs detected in this event.
867:    0 UCNs detected in this event.
868:    0 UCNs detected in this event.
869:    0 UCNs detected in this event.
870:    0 UCNs detected in this event.
871:    0 UCNs detected in this event.
872:    0 UCNs detected in this event.
873:    0 UCNs detected in this event.
874:    0 UCNs detected in this event.
875:    0 UCNs detected in this event.
876:    0 UCNs detected in this event.
877:    0 UCNs detected in this event.
878:    0 UCNs detected in this event.
879:    0 UCNs detected in this event.
880:    0 UCNs detected in this event.
881:    0 UCNs detected in this event.
882:    0 UCNs detected in this event.
883:    0 UCNs detected in this event.
884:    0 UCNs detected in this event.
885:    0 UCNs detected in this event.
886:    0 UCNs detected in this event.
887:    0 UCNs detected in this event.
888:    0 UCNs detected in this event.
889:    0 UCNs detected in this event.
890:    0 UCNs detected in this event.
891:    0 UCNs detected in this event.
892:    0 UCNs detected in this event.
893:    0 UCNs detected in this event.
894:    0 UCNs detected in this event.
895:    0 UCNs detected in this event.
896:    0 UCNs detected in this event.
897:    0 UCNs detected in this event.
898:    0 UCNs detected in this event.
899:    0 UCNs detected in this event.
900:    0 UCNs detected in this event.
901:    0 UCNs detected in this event.
902:    0 UCNs detected in this event.
903:    0 UCNs detected in this event.
904:    0 UCNs detected in this event.
905:    0 UCNs detected in this event.
906:    0 UCNs detected in this event.
907:    0 UCNs detected in this event.
908:    0 UCNs detected in this event.
909:    0 UCNs detected in this event.
910:    0 UCNs detected in this event.
911:    0 UCNs detected in this event.
912:    0 UCNs detected in this event.
913:    0 UCNs detected in this event.
914:    0 UCNs detected in this event.
915:    0 UCNs detected in this event.
916:    0 UCNs detected in this event.
917:    0 UCNs detected in this event.
918:    0 UCNs detected in this event.
919:    0 UCNs detected in this event.
920:    0 UCNs detected in this event.
921:    0 UCNs detected in this event.
922:    0 UCNs detected in this event.
923:    0 UCNs detected in this event.
924:    0 UCNs detected in this event.
925:    0 UCNs detected in this event.
926:    0 UCNs detected in this event.
927:    0 UCNs detected in this event.
928:    0 UCNs detected in this event.
929:    0 UCNs detected in this event.
930:    0 UCNs detected in this event.
931:    0 UCNs detected in this event.
932:    0 UCNs detected in this event.
933:    0 UCNs detected in this event.
934:    0 UCNs detected in this event.
935:    0 UCNs detected in this event.
936:    0 UCNs detected in this event.
937:    0 UCNs detected in this event.
938:    0 UCNs detected in this event.
939:    0 UCNs detected in this event.
940:    0 UCNs detected in this event.
941:    0 UCNs detected in this event.
942:    0 UCNs detected in this event.
943:    0 UCNs detected in this event.
944:    0 UCNs detected in this event.
945:    0 UCNs detected in this event.
946:    0 UCNs detected in this event.
947:    0 UCNs detected in this event.
948:    0 UCNs detected in this event.
949:    0 UCNs detected in this event.
950:    0 UCNs detected in this event.
951:    0 UCNs detected in this event.
952:    0 UCNs detected in this event.
953:    0 UCNs detected in this event.
954:    0 UCNs detected in this event.
955:    0 UCNs detected in this event.
956:    0 UCNs detected in this event.
957:    0 UCNs detected in this event.
958:    0 UCNs detected in this event.
959:    0 UCNs detected in this event.
960:    0 UCNs detected in this event.
961:    0 UCNs detected in this event.
962:    0 UCNs detected in this event.
963:    0 UCNs detected in this event.
964:    0 UCNs detected in this event.
965:    0 UCNs detected in this event.
966:    0 UCNs detected in this event.
967:    0 UCNs detected in this event.
968:    0 UCNs detected in this event.
969:    0 UCNs detected in this event.
970:    0 UCNs detected in this event.
971:    0 UCNs detected in this event.
972:    0 UCNs detected in this event.
973:    0 UCNs detected in this event.
974:    0 UCNs detected in this event.
975:    0 UCNs detected in this event.
976:    0 UCNs detected in this event.
977:    0 UCNs detected in this event.
978:    0 UCNs detected in this event.
979:    0 UCNs detected in this event.
980:    0 UCNs detected in this event.
981:    0 UCNs detected in this event.
982:    0 UCNs detected in this event.
983:    0 UCNs detected in this event.
984:    0 UCNs detected in this event.
985:    0 UCNs detected in this event.
986:    0 UCNs detected in this event.
987:    0 UCNs detected in this event.
988:    0 UCNs detected in this event.
989:    0 UCNs detected in this event.
990:    0 UCNs detected in this event.
991:    0 UCNs detected in this event.
992:    0 UCNs detected in this event.
993:    0 UCNs detected in this event.
994:    0 UCNs detected in this event.
995:    0 UCNs detected in this event.
996:    0 UCNs detected in this event.
997:    0 UCNs detected in this event.
998:    0 UCNs detected in this event.
999:    0 UCNs detected in this event.
Sum NoMT:                            0
Sum NoMRT:                           4158870
Sum NoMRCondition:                   0
Sum No. E < V Loss:                  934
Sum No. E > V Ezero:                 0
Sum No. E < V SpinFlip:              0
Sum No. E > V Specular Reflection:   0
Sum No. E < V Specular Reflection:   3741346
Sum No. E < V Lambertian Reflection: 416590
Sum No. E > V MR DiffuseReflection:  0
Sum No. E < V MR DiffuseReflection:  0
Sum No. E > V SnellTransmit:         0
Sum No. E > V MR SnellTransmit:      0
Sum No. E > V DiffuseTransmit:       0
                                     
