17.8153, (0,0,0), (0.426381,-30.8592,54.6772)
151.87, (0,0,0), (-5.44209,44.6697,-238.741)
3.41489, (0,0,0), (33.9123,29.5796,157.134)
80.2369, (0,0,0), (0.589274,-42.7729,-250)
21.2496, (0,0,0), (34.1872,-29.2615,-15.0655)
120.491, (0,0,0), (28.8249,-34.5561,146.907)
202.115, (0,0,0), (-43.3457,12.0892,215.405)
62.074, (0,0,0), (-42.6483,14.357,151.436)
1.69189, (0,0,0), (20.9316,-39.8355,-25.2976)
74.936, (0,0,0), (-37.4214,24.9928,-143.799)
100.95, (0,0,0), (-7.53572,40.3532,107.378)
56.5094, (0,0,0), (-16.0572,-42.0377,-71.4986)
22.1002, (0,0,0), (24.1586,7.82164,-196.163)
200.72, (0,0,0), (44.4935,-6.7329,-105.807)
27.3843, (0,0,0), (-26.4417,-7.1091,108.014)
5.27813, (0,0,0), (14.3684,42.6444,-176.729)
0.370371, (0,0,0), (11.6539,43.4648,-227.486)
168.306, (0,0,0), (-44.982,1.27163,44.6604)
104.437, (0,0,0), (16.2467,41.9648,-226.523)
45.6046, (0,0,0), (43.5709,-11.2507,14.684)
99.7785, (0,0,0), (-13.0586,43.0636,-43.6011)
31.6334, (0,0,0), (-12.1044,-43.3415,26.1499)
60.6203, (0,0,0), (-5.06291,-44.7143,63.7858)
59.8794, (0,0,0), (34.7205,-28.6267,-212.677)
55.9423, (0,0,0), (9.3274,25.8643,250)
6.30472, (0,0,0), (-37.4528,-24.9457,249.472)
135.66, (0,0,0), (12.729,43.1622,-73.8282)
18.1423, (0,0,0), (-15.763,42.1489,3.8189)
55.4396, (0,0,0), (29.3149,34.1414,35.6085)
386.093, (0,0,0), (-44.0558,-9.16996,-50.4401)
128.883, (0,0,0), (38.3522,-23.5394,-49.2309)
50.6466, (0,0,0), (31.9434,-31.6957,6.77371)
26.6245, (0,0,0), (-25.3198,-37.2009,-163.891)
456.431, (0,0,0), (-3.03485,44.8975,113.283)
93.154, (0,0,0), (21.915,39.3031,171.563)
47.1325, (0,0,0), (33.1989,3.96876,-250)
130.662, (0,0,0), (19.1915,40.7024,-231.758)
181.241, (0,0,0), (2.86092,-44.909,94.4675)
25.4026, (0,0,0), (-40.5395,19.5333,201.693)
17.2858, (0,0,0), (40.0153,-20.5858,-118.068)
104.448, (0,0,0), (33.7135,-29.806,-232.961)
72.2132, (0,0,0), (42.6783,-14.2677,-213.382)
80.0333, (0,0,0), (42.6377,-14.3883,-211.916)
196.697, (0,0,0), (18.0345,-41.2281,177.014)
27.3888, (0,0,0), (-44.0142,9.36754,-154.737)
24.2486, (0,0,0), (-35.8109,27.2503,129.143)
68.5058, (0,0,0), (43.0155,-13.2162,-240.794)
292.225, (0,0,0), (44.894,3.0869,174.644)
25.8047, (0,0,0), (36.3165,26.5728,105.988)
25.8129, (0,0,0), (31.1638,32.4626,95.9668)
15.143, (0,0,0), (44.8907,3.13433,157.807)
19.4254, (0,0,0), (-2.70307,44.9187,151.604)
63.0029, (0,0,0), (30.9495,32.667,107.715)
11.7187, (0,0,0), (13.2487,-43.0055,-145.025)
109.679, (0,0,0), (36.8773,25.7888,22.7398)
48.5506, (0,0,0), (44.5251,6.52033,160.315)
88.4759, (0,0,0), (-20.2731,40.1746,-157.702)
160.549, (0,0,0), (27.0115,35.9914,169.716)
59.0219, (0,0,0), (-15.7744,42.1446,-44.4302)
158.852, (0,0,0), (43.9213,-9.79368,58.5499)
33.9566, (0,0,0), (-44.9936,-0.756114,244.29)
66.9357, (0,0,0), (27.0996,-7.89702,-168.411)
52.7013, (0,0,0), (-33.25,-30.3222,106.002)
41.3141, (0,0,0), (8.90154,-44.1108,-249.012)
10.9115, (0,0,0), (14.0935,-42.7361,-214.518)
57.4654, (0,0,0), (-29.0955,-34.3286,124.965)
75.6062, (0,0,0), (12.5777,-43.2065,36.9713)
10.0343, (0,0,0), (-35.3867,27.7989,-126.742)
75.9231, (0,0,0), (-17.9159,-41.2798,-110.435)
25.649, (0,0,0), (43.1878,-12.6417,-169.565)
105.48, (0,0,0), (44.7057,-5.1379,-224.252)
11.4392, (0,0,0), (25.0322,-37.395,101.859)
13.5238, (0,0,0), (-34.746,-28.5958,-177.198)
21.5134, (0,0,0), (-16.1357,42.0076,-143.133)
95.2068, (0,0,0), (18.8557,-1.36696,250)
69.0148, (0,0,0), (-34.3794,-29.0355,-80.9185)
35.2404, (0,0,0), (12.2293,-34.5652,-96.2033)
60.6488, (0,0,0), (44.8934,3.09517,222.206)
0.497232, (0,0,0), (-14.8487,42.4796,-139.052)
183.928, (0,0,0), (-0.0740134,44.9999,201.964)
39.4697, (0,0,0), (40.4386,-19.7413,-77.0552)
216.374, (0,0,0), (-33.9716,29.5115,220.534)
34.0102, (0,0,0), (0.621325,-44.9957,218.941)
33.8948, (0,0,0), (-44.6732,5.41375,-12.8492)
23.6228, (0,0,0), (-36.1609,-26.7841,226.203)
172.169, (0,0,0), (24.9857,-37.4261,210.327)
4.21462, (0,0,0), (-41.7357,-16.8266,205.414)
29.7084, (0,0,0), (5.45575,-44.6681,62.5754)
65.0772, (0,0,0), (32.5635,-31.0584,134.856)
76.8394, (0,0,0), (-44.3964,-7.34556,21.9924)
34.4981, (0,0,0), (26.3885,36.4506,144.038)
48.3938, (0,0,0), (5.54512,-44.657,-65.3857)
166.99, (0,0,0), (38.3287,-23.5778,-167.665)
16.8971, (0,0,0), (-27.5305,35.596,84.4571)
5.38577, (0,0,0), (2.18663,-44.9468,-132.168)
364.443, (0,0,0), (13.6534,-35.5391,-95.324)
14.8528, (0,0,0), (44.5393,-6.42233,93.2463)
126.099, (0,0,0), (-31.0437,32.5775,-134.391)
26.8114, (0,0,0), (31.9703,29.4363,-247.384)
68.4531, (0,0,0), (32.0777,-31.5598,219.958)
51.6265, (0,0,0), (42.3044,15.3406,-94.2687)
54.4878, (0,0,0), (36.1845,26.7522,245.059)
25.0822, (0,0,0), (-7.17228,44.4248,180.692)
32.6901, (0,0,0), (42.9752,-13.3466,-131.864)
1.81376, (0,0,0), (44.8708,3.4071,-77.9)
51.4876, (0,0,0), (43.6148,-11.0791,-236.327)
5.00457, (0,0,0), (5.16446,-44.7027,-143.485)
179.282, (0,0,0), (43.6608,10.8965,-132.626)
4.2134, (0,0,0), (-43.516,11.461,-74.4601)
177.959, (0,0,0), (33.4588,30.0916,-219.389)
121.276, (0,0,0), (-24.7982,-5.31467,-65.0223)
26.2097, (0,0,0), (44.9745,1.51573,153.39)
572.509, (0,0,0), (-31.9576,-31.6814,94.115)
41.5048, (0,0,0), (-36.0076,-26.9899,86.3668)
139.865, (0,0,0), (10.4639,-5.77271,25.813)
3.96007, (0,0,0), (-22.8716,38.7542,-3.99283)
12.8194, (0,0,0), (8.60809,-44.169,-176.989)
21.2233, (0,0,0), (1.0518,-23.8549,-221.34)
26.5256, (0,0,0), (40.4531,-19.7117,117.865)
139.944, (0,0,0), (-15.4248,-29.372,250)
56.1091, (0,0,0), (22.6517,-38.8832,170.469)
85.1754, (0,0,0), (-43.218,12.538,-66.7207)
173.82, (0,0,0), (-0.165681,44.9997,-233.678)
99.7656, (0,0,0), (-41.4582,-17.4992,-249.683)
18.3421, (0,0,0), (-29.2854,-34.1667,55.7673)
127.592, (0,0,0), (43.8942,-9.91476,-241.77)
96.0548, (0,0,0), (-31.464,32.1717,-122.498)
30.8637, (0,0,0), (-27.8236,-2.82097,250)
26.5319, (0,0,0), (-43.6276,11.0288,233.019)
8.45314, (0,0,0), (-24.6897,-37.622,-158.78)
28.4469, (0,0,0), (44.2751,-8.04464,130.858)
112.068, (0,0,0), (12.2673,-27.9044,250)
14.4442, (0,0,0), (32.9785,30.6172,43.0196)
182.227, (0,0,0), (-25.9364,36.7737,-209.156)
82.2917, (0,0,0), (-43.9638,-9.60134,27.6511)
147.827, (0,0,0), (12.3395,-43.2751,-213.328)
54.0413, (0,0,0), (40.4863,-19.6433,-110.385)
63.9132, (0,0,0), (-28.883,34.5076,-78.5251)
111.112, (0,0,0), (-7.56824,44.359,190.108)
13.7533, (0,0,0), (-33.7522,29.7622,22.5077)
54.7404, (0,0,0), (-7.02659,-36.0582,-153.789)
4.25148, (0,0,0), (-17.8354,41.3146,-214.482)
128.943, (0,0,0), (15.9221,19.3867,-60.7703)
13.1983, (0,0,0), (-5.9957,-44.5988,-214.551)
96.8592, (0,0,0), (-9.16125,-44.0576,-17.8808)
45.0356, (0,0,0), (-11.3948,43.5334,-58.114)
45.9702, (0,0,0), (20.4251,40.0976,11.9485)
21.2845, (0,0,0), (-42.2875,-15.3873,-234.646)
35.1863, (0,0,0), (44.615,5.8735,184.897)
285.942, (0,0,0), (-44.944,2.24461,168.544)
72.2771, (0,0,0), (-43.9671,-9.5862,20.9417)
3.51131, (0,0,0), (15.9783,42.0677,-207.818)
56.6551, (0,0,0), (-44.5371,-6.43822,-146.87)
23.5515, (0,0,0), (-43.0107,-13.2319,116.282)
130.241, (0,0,0), (-42.9187,-13.5271,-191.22)
86.5775, (0,0,0), (-20.4928,40.063,-4.38365)
80.514, (0,0,0), (-44.4927,6.73798,-118.726)
48.9588, (0,0,0), (37.5069,-24.8643,48.5659)
132.632, (0,0,0), (-9.01336,44.0881,141.254)
28.2459, (0,0,0), (-15.8791,42.1053,-173.465)
5.70895, (0,0,0), (-30.7847,32.8223,-78.8177)
131.573, (0,0,0), (37.0945,-25.4755,-110.153)
563.255, (0,0,0), (36.897,25.1398,250)
30.2752, (0,0,0), (-11.9443,-43.3859,84.8959)
26.1046, (0,0,0), (4.25299,-44.7986,-167.115)
16.985, (0,0,0), (27.7862,-24.1549,171.184)
28.9754, (0,0,0), (31.1613,-28.8663,242.735)
129.705, (0,0,0), (-12.9233,43.1044,-145.414)
105.81, (0,0,0), (16.7017,41.7858,-246.819)
61.8483, (0,0,0), (23.8585,38.1546,-104.709)
18.1486, (0,0,0), (7.02587,9.70043,-243.381)
17.6, (0,0,0), (44.0893,9.00721,143.684)
49.3924, (0,0,0), (-35.4177,27.7595,44.8341)
250.973, (0,0,0), (36.2361,26.6823,118.775)
184.878, (0,0,0), (10.4269,-43.7753,-186.228)
127.565, (0,0,0), (11.3541,43.5441,42.0333)
35.1661, (0,0,0), (-14.2426,42.6866,106.545)
91.4029, (0,0,0), (44.8932,3.09861,-245.327)
32.1899, (0,0,0), (15.5379,-36.7685,15.3889)
43.9347, (0,0,0), (36.884,21.3103,-250)
42.9351, (0,0,0), (-41.8795,16.4653,14.3507)
168.949, (0,0,0), (-43.1692,-12.7052,-85.8658)
3.44755, (0,0,0), (-40.5618,-19.487,-185.555)
27.9438, (0,0,0), (-39.3364,-21.8552,15.259)
63.0633, (0,0,0), (5.99563,5.09323,-217.769)
39.6634, (0,0,0), (-32.7289,-30.884,229.323)
16.1541, (0,0,0), (-24.9622,-37.4418,159.747)
55.5078, (0,0,0), (-39.105,22.2665,166.314)
182.722, (0,0,0), (42.4772,-14.8556,-203.279)
41.4231, (0,0,0), (0.0853581,44.9999,123.027)
81.4295, (0,0,0), (-18.03,41.2301,89.172)
74.5019, (0,0,0), (3.24757,-44.8827,-95.5619)
61.931, (0,0,0), (-28.7452,-34.6224,-172.747)
357.93, (0,0,0), (34.4294,-28.9762,-75.1318)
34.4071, (0,0,0), (11.7726,-22.0656,-250)
5.05596, (0,0,0), (26.0241,-1.43104,-220.421)
7.94871, (0,0,0), (20.874,39.8657,-217.57)
39.9507, (0,0,0), (-41.5304,-4.12687,187.716)
106.881, (0,0,0), (15.285,-33.5616,121.364)
170.013, (0,0,0), (-19.5341,-40.5391,86.7289)
2.79581, (0,0,0), (-5.55795,-44.6554,83.6466)
49.7401, (0,0,0), (1.15825,44.9851,134.844)
218.344, (0,0,0), (-41.8389,-16.5683,141.118)
300.114, (0,0,0), (30.0645,-33.4832,-21.1022)
14.6905, (0,0,0), (22.2474,-39.1159,-42.9403)
5.52909, (0,0,0), (44.6643,-5.48632,-166.669)
244.736, (0,0,0), (-29.8658,-33.6605,231.782)
50.5438, (0,0,0), (-38.6459,-23.0541,128.117)
363.75, (0,0,0), (-22.6823,-38.8653,154.177)
11.4423, (0,0,0), (41.058,18.4184,129.245)
28.1906, (0,0,0), (21.7731,-39.3819,-80.7905)
126.02, (0,0,0), (24.2372,-37.9152,-114.568)
116.052, (0,0,0), (-20.1011,-40.261,-127.332)
191.517, (0,0,0), (-26.0409,3.00044,109.402)
3.0931, (0,0,0), (32.3214,-31.3102,-15.2418)
16.8413, (0,0,0), (35.9248,27.0999,187.977)
76.6071, (0,0,0), (26.9424,-36.0431,-92.9182)
44.0951, (0,0,0), (43.3364,12.1226,32.2032)
22.1116, (0,0,0), (-7.7613,44.3256,27.8039)
41.9701, (0,0,0), (22.5881,38.9202,158.308)
125.792, (0,0,0), (-33.1395,30.443,149.369)
59.724, (0,0,0), (-40.0001,-20.6152,-151.587)
56.2738, (0,0,0), (-43.0436,-10.9798,143.946)
118.943, (0,0,0), (-13.3174,22.3412,250)
176.976, (0,0,0), (4.49258,-44.7752,107.367)
90.1739, (0,0,0), (10.8433,-43.6741,150.001)
56.3308, (0,0,0), (22.8707,-38.7548,233.518)
0.900708, (0,0,0), (30.8756,-32.7368,2.152)
21.0653, (0,0,0), (37.0037,25.6072,-8.77125)
14.8983, (0,0,0), (-42.6679,-14.2986,-106.916)
83.1138, (0,0,0), (2.61418,44.924,197.703)
5.63724, (0,0,0), (-7.92699,-3.54308,250)
307.402, (0,0,0), (-9.03674,-44.0833,93.556)
57.2672, (0,0,0), (-44.7435,4.79779,63.7831)
61.7082, (0,0,0), (40.6797,19.2396,59.5492)
31.3713, (0,0,0), (-26.1806,-36.6002,-165.651)
69.107, (0,0,0), (-32.0263,-12.8477,222.768)
48.1209, (0,0,0), (41.523,-17.3448,183.882)
53.0518, (0,0,0), (44.9076,-2.88279,210.132)
188.197, (0,0,0), (-19.6992,21.9822,120.181)
149.221, (0,0,0), (44.3833,-7.42472,-166.841)
69.3762, (0,0,0), (7.5885,-44.3555,-156.411)
151.396, (0,0,0), (2.24707,44.9439,225.926)
7.18804, (0,0,0), (26.1129,36.6485,67.346)
48.5365, (0,0,0), (-43.8214,-10.2318,106.174)
32.5, (0,0,0), (-9.47648,43.9909,-73.6633)
183.365, (0,0,0), (-44.9406,2.31142,207.507)
62.3612, (0,0,0), (13.2832,42.9948,155.605)
75.6464, (0,0,0), (-5.65726,-44.643,108.66)
66.7001, (0,0,0), (22.2816,-39.0964,-35.9095)
40.7485, (0,0,0), (6.58694,-25.4961,-104.028)
13.8947, (0,0,0), (-30.1437,33.4119,172.03)
37.4202, (0,0,0), (29.5976,-2.50951,26.4161)
5.79294, (0,0,0), (-28.2891,-34.9961,41.9168)
132.405, (0,0,0), (-27.0219,-35.9836,-39.5737)
131.427, (0,0,0), (21.1324,39.7293,163.19)
30.5713, (0,0,0), (-6.97051,44.4569,-120.381)
38.342, (0,0,0), (-3.15504,-44.8893,-123.482)
44.6288, (0,0,0), (27.5951,31.0327,53.2581)
50.842, (0,0,0), (0.136674,-44.9998,206.215)
40.5139, (0,0,0), (-11.6089,43.4768,89.6907)
6.96776, (0,0,0), (33.5349,-30.0068,-57.4568)
69.6384, (0,0,0), (-41.5878,-17.1887,-21.8801)
13.1668, (0,0,0), (44.1784,-8.55976,-117.017)
1.49009, (0,0,0), (39.8716,20.8628,57.1205)
11.7386, (0,0,0), (-12.4087,43.2553,111.414)
264.074, (0,0,0), (-29.9763,33.5622,58.4359)
22.9392, (0,0,0), (19.1075,-40.7419,58.533)
107.068, (0,0,0), (44.017,9.35451,148.012)
30.8186, (0,0,0), (-24.6658,37.6377,205.03)
78.7343, (0,0,0), (-33.0687,-30.5198,7.5564)
5.66348, (0,0,0), (28.8364,34.5465,40.6013)
82.326, (0,0,0), (-42.813,13.858,144.457)
242.545, (0,0,0), (33.6104,29.9222,143.913)
26.245, (0,0,0), (-18.246,-41.1349,-107.988)
44.7835, (0,0,0), (20.1699,40.2265,-227.154)
58.6798, (0,0,0), (-28.6473,-34.7035,-113.908)
73.3659, (0,0,0), (-8.11432,-43.0184,250)
47.3595, (0,0,0), (-44.9736,1.54123,2.402)
118.542, (0,0,0), (20.9093,-39.8472,122.747)
134.817, (0,0,0), (-43.6567,10.9131,-183.332)
8.12825, (0,0,0), (4.53072,-44.7713,-210.815)
1.71316, (0,0,0), (-12.1793,-3.86829,-183.238)
139.215, (0,0,0), (34.5981,-28.7745,217.131)
7.58829, (0,0,0), (38.8339,-22.7361,58.8534)
1.10098, (0,0,0), (44.9684,1.6854,85.201)
57.1935, (0,0,0), (39.9341,20.7428,-48.4997)
50.2235, (0,0,0), (41.1731,18.1598,-33.414)
7.8757, (0,0,0), (26.2422,-36.5561,68.5183)
17.2426, (0,0,0), (-26.3675,-36.4658,-53.4932)
80.0689, (0,0,0), (-30.9884,-32.63,-190.106)
13.3746, (0,0,0), (-43.1832,-12.6575,114.187)
51.4688, (0,0,0), (-44.0908,-9.00024,165.844)
145.128, (0,0,0), (2.79398,-44.9132,5.36256)
161.044, (0,0,0), (-40.1689,-13.4408,-63.1096)
174.801, (0,0,0), (-39.62,21.3367,192.265)
11.9047, (0,0,0), (35.7194,27.3701,-118.05)
84.193, (0,0,0), (-22.1492,-39.1716,-206.258)
162.787, (0,0,0), (-44.5491,6.35456,46.0499)
82.41, (0,0,0), (-43.129,-12.8409,101.585)
22.286, (0,0,0), (31.831,31.8086,-176.675)
405.723, (0,0,0), (-39.4633,10.0241,-222.206)
0.0728569, (0,0,0), (31.2875,-32.3434,-134.389)
206.841, (0,0,0), (-21.1756,-39.7064,-177.574)
241.555, (0,0,0), (19.5784,40.5177,-134.695)
54.4531, (0,0,0), (8.88792,18.452,-250)
22.8403, (0,0,0), (24.2652,37.8972,178.788)
38.0037, (0,0,0), (28.4259,-34.8851,208.993)
5.57505, (0,0,0), (-3.20472,-27.2608,199.502)
127.695, (0,0,0), (-39.1255,22.2304,123.116)
116.197, (0,0,0), (-44.3644,7.53687,-8.01312)
148.938, (0,0,0), (44.7843,-4.40066,205.611)
17.5126, (0,0,0), (44.7978,-4.26063,-67.8133)
537.501, (0,0,0), (-39.9209,20.7684,236.448)
17.4452, (0,0,0), (-41.4175,-17.5951,233.63)
115.703, (0,0,0), (6.77768,-44.4867,-225.133)
156.463, (0,0,0), (-23.2714,-5.06279,230.134)
229.292, (0,0,0), (36.8695,-25.8,63.5787)
8.04383, (0,0,0), (-6.41336,-37.9077,-250)
36.799, (0,0,0), (-44.9681,-1.69301,113.298)
49.9084, (0,0,0), (-8.55828,-44.1787,144.438)
87.7588, (0,0,0), (-44.8755,-3.34527,245.06)
131.03, (0,0,0), (-3.9137,44.8295,57.0226)
61.3268, (0,0,0), (-9.96157,-43.8836,198.731)
14.4813, (0,0,0), (5.20766,-13.5064,250)
26.0527, (0,0,0), (-38.0946,-23.9542,-116.718)
1.80202, (0,0,0), (-7.36289,-44.3936,28.5683)
172.06, (0,0,0), (-20.0527,-40.2851,77.4592)
316.997, (0,0,0), (-9.51806,-43.9819,211.927)
72.4763, (0,0,0), (-1.41863,-44.9776,157.037)
6.2072, (0,0,0), (-40.3643,-19.8928,-22.4125)
25.8508, (0,0,0), (-44.5715,-6.19506,95.5911)
64.2789, (0,0,0), (31.7304,-31.909,182.623)
112.703, (0,0,0), (27.8225,-17.1471,-42.6227)
190.438, (0,0,0), (13.3805,-42.9646,122.038)
64.8206, (0,0,0), (-44.8254,3.9602,234.002)
30.2333, (0,0,0), (43.5555,-6.20399,-45.0181)
62.1368, (0,0,0), (36.4456,-26.3955,129.929)
1.5123, (0,0,0), (-0.796035,44.993,-126.633)
261.37, (0,0,0), (7.30201,23.4075,-250)
60.9841, (0,0,0), (25.9948,36.7324,32.7938)
144.215, (0,0,0), (-27.4433,-35.6632,-236.177)
178.519, (0,0,0), (33.2274,-30.347,-115.492)
169.222, (0,0,0), (36.0689,26.9079,-59.6119)
135.499, (0,0,0), (-44.5317,-6.47543,-249.333)
26.5871, (0,0,0), (29.8193,-33.7018,-58.8127)
84.3103, (0,0,0), (-18.5125,41.0157,246.462)
72.3072, (0,0,0), (-44.9183,2.71003,173.285)
0.50348, (0,0,0), (22.7372,28.755,-250)
105.221, (0,0,0), (-44.4417,7.06667,6.83025)
68.2081, (0,0,0), (-12.1125,31.0124,248.913)
128.087, (0,0,0), (44.7149,5.05732,-233.478)
25.296, (0,0,0), (-43.8791,9.98104,133.903)
20.5315, (0,0,0), (11.458,-43.5168,-1.38892)
14.3362, (0,0,0), (-28.1166,-35.1348,103.867)
13.1619, (0,0,0), (43.6533,10.9265,170.258)
7.10769, (0,0,0), (-17.5598,-41.4325,204.298)
98.0665, (0,0,0), (44.9467,2.18894,236.18)
54.6199, (0,0,0), (44.831,-3.89679,34.0577)
44.4608, (0,0,0), (-40.3942,-19.8319,55.7644)
17.0019, (0,0,0), (7.11817,44.4335,203.393)
55.7352, (0,0,0), (44.1794,8.55442,37.3438)
3.66972, (0,0,0), (-44.8499,3.67282,215.432)
93.26, (0,0,0), (-37.6267,-24.6827,-66.0961)
98.3154, (0,0,0), (44.125,-8.83104,-48.2434)
2.30973, (0,0,0), (44.0808,-9.04888,197.821)
256.272, (0,0,0), (39.1754,22.1425,-44.3835)
63.9111, (0,0,0), (38.8162,22.7662,36.8129)
57.0043, (0,0,0), (29.3252,34.1326,171.48)
30.2997, (0,0,0), (35.9648,-27.0469,-246.229)
60.2062, (0,0,0), (-1.87642,-44.9609,-202.62)
277.625, (0,0,0), (13.1856,-43.0249,-143.979)
116.305, (0,0,0), (-44.9863,-1.11018,227.463)
125.105, (0,0,0), (44.4191,7.20741,-96.4484)
59.9619, (0,0,0), (-2.234,44.9445,-135.561)
46.6536, (0,0,0), (27.7142,16.2171,250)
129.09, (0,0,0), (24.135,-37.9803,-112.059)
43.5293, (0,0,0), (44.4097,7.26516,-9.86836)
10.5741, (0,0,0), (32.9929,30.6018,27.9575)
50.6767, (0,0,0), (-14.6695,11.503,250)
5.96732, (0,0,0), (10.727,-43.7028,58.3121)
48.988, (0,0,0), (31.7155,31.9238,48.1122)
35.8322, (0,0,0), (44.8585,-3.56605,-122.687)
150.188, (0,0,0), (8.61389,-44.1679,165.344)
7.54757, (0,0,0), (42.0629,-15.9909,130.988)
165.025, (0,0,0), (-38.6652,-23.0219,216.999)
23.6033, (0,0,0), (-41.1708,-18.165,26.3787)
81.1807, (0,0,0), (44.6086,5.92213,-224.423)
111.779, (0,0,0), (-17.1826,-41.2341,-250)
205.106, (0,0,0), (-29.0191,-34.3932,134.261)
7.73819, (0,0,0), (-16.9713,-41.677,-179.609)
134.718, (0,0,0), (-44.9889,-0.999988,32.1247)
141.555, (0,0,0), (-15.7148,-20.3492,-16.6865)
32.089, (0,0,0), (44.3315,-7.72773,34.8478)
20.7869, (0,0,0), (-36.5227,26.2886,-237.932)
57.23, (0,0,0), (-44.7313,4.91032,212.304)
14.9725, (0,0,0), (38.3035,23.6186,-146.054)
146.914, (0,0,0), (-21.0254,-39.7861,145.692)
92.4436, (0,0,0), (32.4784,31.1473,118.141)
193.439, (0,0,0), (-43.3323,-12.1372,204.881)
31.5516, (0,0,0), (30.8161,-32.7928,99.3714)
79.8105, (0,0,0), (-18.6907,-40.9348,-70.3263)
62.2632, (0,0,0), (-41.1102,-18.3018,228.267)
301.844, (0,0,0), (13.59,-42.8988,227.575)
63.794, (0,0,0), (-43.003,13.2567,-77.0696)
87.2666, (0,0,0), (24.9857,-37.4261,196.918)
42.4841, (0,0,0), (-14.5583,42.58,45.2611)
270.58, (0,0,0), (-2.96309,44.9023,-190.5)
50.8309, (0,0,0), (36.6031,26.1765,-85.2543)
36.3654, (0,0,0), (6.341,0.499528,-250)
96.9892, (0,0,0), (33.7537,-29.7605,97.6653)
13.7182, (0,0,0), (-26.0423,36.6987,-170.199)
2.81188, (0,0,0), (29.6787,-33.8257,175.254)
364.602, (0,0,0), (-26.6699,36.2452,-78.6969)
24.0634, (0,0,0), (-38.671,23.012,-157.859)
105.856, (0,0,0), (4.73305,-27.979,-250)
22.2793, (0,0,0), (41.9283,-16.3406,-77.8163)
55.6344, (0,0,0), (-3.28131,44.8802,180.422)
197.619, (0,0,0), (-44.8826,-3.24832,-140.95)
60.3863, (0,0,0), (-12.0066,-17.2563,36.9375)
166.446, (0,0,0), (12.2539,25.3204,-250)
69.0783, (0,0,0), (11.5556,-43.491,-12.1938)
132.128, (0,0,0), (8.82822,44.1255,88.5174)
246.655, (0,0,0), (27.1249,35.906,1.85663)
136.177, (0,0,0), (23.5068,-38.3723,-185.096)
12.8499, (0,0,0), (19.4865,40.562,-111.069)
2.6392, (0,0,0), (-1.75006,-44.966,-215.191)
37.4544, (0,0,0), (-5.61304,-44.6486,-246.676)
7.90939, (0,0,0), (-44.2776,8.03064,37.5039)
7.25801, (0,0,0), (23.9604,-38.0907,-12.046)
75.665, (0,0,0), (-39.5439,-21.4774,-160.846)
404.016, (0,0,0), (-22.8823,13.47,-250)
2.14258, (0,0,0), (26.3373,36.4876,41.9473)
0.0367242, (0,0,0), (-0.105188,25.6812,-52.4508)
183.21, (0,0,0), (-44.8747,3.35531,-69.7608)
16.094, (0,0,0), (5.3464,-39.5785,-250)
9.5555, (0,0,0), (-39.3714,-21.7921,221.515)
58.1695, (0,0,0), (-7.4683,-44.3759,3.87478)
76.1415, (0,0,0), (-18.4255,-41.0549,225.795)
41.9109, (0,0,0), (19.0236,-40.7812,112.893)
21.7204, (0,0,0), (-18.8572,31.8827,-118.357)
3.02502, (0,0,0), (9.12533,-44.065,-87.0034)
196.372, (0,0,0), (-23.529,-38.3587,-77.7674)
83.948, (0,0,0), (9.66619,-42.4732,-63.2261)
13.8953, (0,0,0), (-29.8189,33.7021,32.1892)
14.7196, (0,0,0), (-37.1229,-25.434,-65.0677)
7.03092, (0,0,0), (34.4684,28.9298,-195)
32.5898, (0,0,0), (-44.0474,9.2101,-221.486)
53.1921, (0,0,0), (39.083,22.3051,-125.812)
72.9519, (0,0,0), (35.0981,28.1624,-98.5919)
30.9751, (0,0,0), (10.7901,8.5138,-1.53714)
87.3225, (0,0,0), (-27.177,-35.8665,33.1333)
138.592, (0,0,0), (-18.7187,-40.922,-23.2539)
32.5652, (0,0,0), (9.60947,-43.962,-19.2309)
103.866, (0,0,0), (-1.53038,23.0184,78.9834)
138.672, (0,0,0), (-44.3776,-7.45872,-223.601)
117.946, (0,0,0), (39.9742,20.6655,-187.594)
56.9662, (0,0,0), (1.57778,4.1123,-250)
87.5428, (0,0,0), (-38.5317,-23.2445,-243.301)
63.5293, (0,0,0), (-27.4395,35.6662,152.152)
62.7287, (0,0,0), (7.87519,-44.3055,144.838)
14.1349, (0,0,0), (39.0829,-22.3053,-63.4587)
48.2273, (0,0,0), (-41.528,17.3329,81.0743)
200.942, (0,0,0), (-21.0874,-39.7532,95.767)
46.2357, (0,0,0), (24.5976,-2.49667,-86.6409)
8.27165, (0,0,0), (26.7296,-36.2012,-205.492)
110.093, (0,0,0), (44.2099,-8.39555,-102.281)
52.6611, (0,0,0), (-13.2066,-43.0184,-43.3502)
26.7177, (0,0,0), (-27.8043,-35.3825,79.3373)
60.3825, (0,0,0), (-2.28347,-44.942,181.428)
20.3553, (0,0,0), (-6.69433,-44.3813,250)
14.1435, (0,0,0), (-26.2978,-36.5161,-141.67)
124.185, (0,0,0), (43.8515,10.1017,218.569)
142.697, (0,0,0), (44.1064,7.88656,171.907)
289.919, (0,0,0), (35.1282,-28.1249,-184.302)
0.110763, (0,0,0), (26.9883,36.0087,-104.339)
187.801, (0,0,0), (-44.1849,8.52602,-249.479)
263.696, (0,0,0), (-39.8116,20.977,-85.579)
39.0607, (0,0,0), (7.71698,18.0576,-250)
18.9275, (0,0,0), (42.4758,-14.8595,107.052)
178.432, (0,0,0), (-36.921,25.7263,107.433)
14.6684, (0,0,0), (-29.5284,33.9569,175.021)
152.925, (0,0,0), (-42.1687,15.7098,-80.9478)
84.2411, (0,0,0), (-14.8669,37.7349,-205.692)
78.518, (0,0,0), (23.5639,-36.6103,-250)
70.784, (0,0,0), (-2.52058,44.9294,103.728)
75.9838, (0,0,0), (0.753407,-14.9684,250)
28.5212, (0,0,0), (39.4396,14.5734,-55.3859)
285.32, (0,0,0), (-34.1461,29.3095,159.958)
251.584, (0,0,0), (41.143,-18.2279,-249.647)
68.9612, (0,0,0), (39.0187,22.4174,-242.521)
63.4692, (0,0,0), (44.8661,3.46906,-148.682)
18.6634, (0,0,0), (14.4644,42.612,42.839)
42.0296, (0,0,0), (-2.91471,44.7155,53.6355)
55.5811, (0,0,0), (-24.4061,-37.8066,-105.28)
30.8697, (0,0,0), (-15.8856,42.1028,-87.3639)
9.14056, (0,0,0), (41.8183,-15.5601,-129.295)
49.5072, (0,0,0), (16.6234,-41.817,-171.448)
89.4946, (0,0,0), (40.229,20.165,158.102)
102.854, (0,0,0), (-29.385,-34.0811,205.79)
2.21068, (0,0,0), (10.9415,-43.6496,-89.7486)
99.5364, (0,0,0), (-14.09,42.7372,143.414)
49.5945, (0,0,0), (-40.4735,-19.6697,223.789)
29.4377, (0,0,0), (-20.5177,-40.0503,-13.7678)
36.4907, (0,0,0), (43.8638,10.0482,104.048)
30.4849, (0,0,0), (26.9714,-36.0214,-39.5219)
42.8535, (0,0,0), (6.44768,-44.5357,125.013)
58.5056, (0,0,0), (9.31764,32.7948,82.3889)
5.61776, (0,0,0), (42.2191,15.574,221.128)
267.085, (0,0,0), (2.34113,-10.6151,214.744)
42.3495, (0,0,0), (44.9269,-2.56335,-221.008)
94.6228, (0,0,0), (-36.9797,-25.6418,-246.232)
40.652, (0,0,0), (-13.5204,42.9209,-211.817)
29.7739, (0,0,0), (1.50907,44.9747,215.588)
34.9997, (0,0,0), (44.5117,6.61141,-231.999)
53.2717, (0,0,0), (-34.5689,-20.2832,-111.891)
27.1223, (0,0,0), (9.58843,19.8191,-180.804)
132.986, (0,0,0), (-44.1815,8.54381,245.787)
47.6352, (0,0,0), (20.7725,0.221367,149.896)
84.5857, (0,0,0), (-25.078,-22.159,-87.3784)
63.1652, (0,0,0), (34.545,-28.8383,-234.722)
99.2765, (0,0,0), (-35.5145,27.6354,144.731)
71.9679, (0,0,0), (-43.3159,-12.1957,-168.093)
222.088, (0,0,0), (-2.90376,44.9062,-134.73)
240.375, (0,0,0), (22.9191,-38.7262,112.109)
48.834, (0,0,0), (-14.7918,-42.4994,20.6555)
22.6151, (0,0,0), (-37.9893,24.1208,-15.612)
50.9089, (0,0,0), (1.52226,41.2746,16.2958)
4.63835, (0,0,0), (40.4298,19.7594,198.057)
39.8226, (0,0,0), (-44.8648,3.4856,175.019)
22.5152, (0,0,0), (-29.9361,33.5981,70.4154)
153.053, (0,0,0), (-44.9952,0.656795,120)
35.7297, (0,0,0), (22.5365,-38.9501,-63.1326)
14.429, (0,0,0), (33.3708,-16.8193,250)
5.25853, (0,0,0), (24.9317,-37.4621,162.73)
21.0756, (0,0,0), (40.0481,-20.522,-6.76075)
14.9994, (0,0,0), (-13.8366,42.82,-169.697)
2.3384, (0,0,0), (-2.56943,-43.7785,250)
88.1038, (0,0,0), (37.0057,-1.6695,250)
12.8609, (0,0,0), (42.8185,13.8411,66.6113)
49.9084, (0,0,0), (-44.3189,-7.79951,69.9149)
100.93, (0,0,0), (6.79972,-44.4833,-78.5142)
92.5804, (0,0,0), (-33.0683,30.5203,-109.801)
174.86, (0,0,0), (43.8429,-10.1389,-67.8861)
6.19725, (0,0,0), (27.9614,35.2584,6.11093)
8.11647, (0,0,0), (3.56539,44.8585,212.585)
18.7908, (0,0,0), (38.8169,22.765,-165.07)
82.6486, (0,0,0), (-2.63098,6.0085,250)
22.793, (0,0,0), (26.2097,36.5794,-130.565)
87.1718, (0,0,0), (-44.9789,-1.37644,138.123)
190.837, (0,0,0), (42.9068,13.5647,-228.684)
40.6576, (0,0,0), (4.75577,-41.853,177.474)
10.34, (0,0,0), (-0.420427,44.998,178.054)
7.59984, (0,0,0), (43.5751,-11.2343,-133.272)
110.842, (0,0,0), (12.2555,-43.299,9.54439)
100.238, (0,0,0), (-9.63305,-43.9568,193.458)
120.629, (0,0,0), (-40.0919,-20.4363,-22.1488)
133.703, (0,0,0), (29.5176,33.9664,-108.516)
147.692, (0,0,0), (-3.53653,-44.8608,-84.6116)
3.17231, (0,0,0), (15.6152,-42.2038,82.3062)
4.37708, (0,0,0), (15.3158,-1.076,-58.3596)
299.169, (0,0,0), (11.0097,43.6324,237.994)
20.8229, (0,0,0), (-21.6062,-39.4737,138.175)
113.637, (0,0,0), (-28.3877,-34.9161,-205.944)
109.265, (0,0,0), (-43.9396,-9.71158,-99.5887)
97.7387, (0,0,0), (31.4671,10.575,-250)
36.4758, (0,0,0), (43.0183,-13.2071,-50.7055)
108.828, (0,0,0), (-40.7986,-18.9863,49.1952)
174.695, (0,0,0), (27.186,35.8597,-152.33)
69.8174, (0,0,0), (-26.6096,36.2895,175.389)
5.2655, (0,0,0), (42.3081,-15.3306,224.955)
25.3941, (0,0,0), (-43.3639,-12.024,125.406)
21.8383, (0,0,0), (-38.8659,22.6813,117.425)
126.751, (0,0,0), (44.1258,-8.82687,139.587)
65.4307, (0,0,0), (-22.3113,-39.0795,244.337)
14.53, (0,0,0), (24.8284,-37.5306,1.91686)
36.7493, (0,0,0), (-44.9933,-0.775344,106.168)
22.0048, (0,0,0), (36.8976,25.7598,102.994)
190.813, (0,0,0), (-11.3557,28.9625,78.4077)
7.7855, (0,0,0), (39.7155,21.1585,97.1885)
411.303, (0,0,0), (-9.93887,-43.8887,-78.6852)
61.0436, (0,0,0), (-36.4429,26.3991,24.1226)
11.3878, (0,0,0), (36.2577,26.653,6.25988)
9.40099, (0,0,0), (-9.84417,-43.91,-182.661)
117.232, (0,0,0), (-38.4299,-4.7184,-182.007)
26.8348, (0,0,0), (-11.7192,43.4472,-206.999)
89.2238, (0,0,0), (14.7075,-42.5287,94.4252)
11.7954, (0,0,0), (-6.60307,-0.976147,-200.722)
206.201, (0,0,0), (-37.7685,-24.465,157.883)
91.5836, (0,0,0), (43.4565,11.6847,-91.8467)
99.3874, (0,0,0), (23.2615,38.5215,53.3082)
129.295, (0,0,0), (0.0960297,-44.9999,-189.269)
13.3834, (0,0,0), (-39.9622,-20.6888,49.1163)
15.2522, (0,0,0), (44.0976,-8.96671,-219.156)
49.5464, (0,0,0), (-37.9333,24.2088,1.80293)
53.9921, (0,0,0), (-40.3234,19.9756,30.7496)
20.5604, (0,0,0), (-39.284,-21.9493,159.401)
393.159, (0,0,0), (-11.6899,43.4551,79.2895)
94.7209, (0,0,0), (9.2907,-44.0305,146.314)
48.1682, (0,0,0), (35.8161,27.2435,241.694)
108.024, (0,0,0), (-12.3725,-43.2657,-100.359)
319.585, (0,0,0), (38.2025,-23.7817,72.5501)
13.6047, (0,0,0), (18.3501,41.0886,-28.2514)
10.8251, (0,0,0), (8.82326,-32.269,-152.74)
77.6115, (0,0,0), (-4.18532,-42.0262,-250)
129.366, (0,0,0), (-13.5509,-42.9112,-65.2725)
89.9141, (0,0,0), (41.2486,17.9876,124.465)
234.839, (0,0,0), (-1.12436,-1.33643,194.004)
109.431, (0,0,0), (-44.1521,-5.02642,-125.77)
33.9982, (0,0,0), (23.6736,11.0927,-250)
10.698, (0,0,0), (-4.04728,44.8176,-43.382)
87.7937, (0,0,0), (-27.6009,35.5414,15.4086)
75.1216, (0,0,0), (-42.9597,-13.3964,-207.439)
38.9319, (0,0,0), (-43.964,-9.6002,-235.673)
32.0155, (0,0,0), (13.5662,-6.10978,-53.3996)
30.4226, (0,0,0), (-16.0086,-5.96062,102.816)
39.338, (0,0,0), (28.9061,-34.4882,-95.4491)
184.585, (0,0,0), (36.7089,-26.028,-116.274)
46.0435, (0,0,0), (-10.2531,-43.8164,-249.704)
166.483, (0,0,0), (-34.4397,-4.96199,142.478)
136.536, (0,0,0), (-32.0295,13.5873,90.1057)
3.56567, (0,0,0), (4.68313,44.7557,81.2003)
65.4542, (0,0,0), (-44.8514,-3.65381,18.6959)
62.3337, (0,0,0), (39.4554,21.6395,194.164)
22.8272, (0,0,0), (-37.6713,-24.6145,153.924)
47.1918, (0,0,0), (-37.5207,24.8435,8.38724)
250.062, (0,0,0), (17.3702,21.1277,-250)
79.0367, (0,0,0), (12.9533,-43.0954,21.9074)
92.9588, (0,0,0), (43.9428,-9.69675,-64.5292)
6.43694, (0,0,0), (37.8968,24.2659,-235.344)
15.475, (0,0,0), (-44.8931,-3.09944,46.3604)
157.974, (0,0,0), (-43.6147,-11.0798,-108.634)
9.58827, (0,0,0), (-31.1756,-32.4512,113.81)
20.2252, (0,0,0), (39.7257,21.1393,165.433)
24.9311, (0,0,0), (-29.0217,34.391,66.639)
92.3157, (0,0,0), (-38.0673,-15.4655,-155.574)
328.022, (0,0,0), (22.2154,-39.1341,186.679)
109.217, (0,0,0), (-22.0188,-39.245,-25.0438)
78.9952, (0,0,0), (41.3405,-17.7754,-134.576)
111.741, (0,0,0), (13.1936,-43.0224,80.4455)
11.1686, (0,0,0), (43.1966,-12.6116,-69.4614)
54.1597, (0,0,0), (35.2231,-28.0059,-65.0764)
99.7424, (0,0,0), (21.8266,-39.3522,-53.8142)
249.985, (0,0,0), (-29.4615,34.015,50.776)
27.3687, (0,0,0), (39.0189,-22.4171,141.983)
49.8124, (0,0,0), (31.1078,32.5162,-126.729)
22.9571, (0,0,0), (-12.4492,43.2437,-107.15)
28.1192, (0,0,0), (26.9398,-21.0117,-250)
9.75347, (0,0,0), (-5.00688,44.7206,6.97608)
89.5181, (0,0,0), (-32.88,-30.723,-48.9106)
15.5696, (0,0,0), (17.6009,-40.984,-250)
37.1801, (0,0,0), (-12.3289,-43.2781,246.213)
66.2703, (0,0,0), (-9.91497,-43.8941,-196.642)
55.6792, (0,0,0), (41.9377,16.3165,131.938)
227.922, (0,0,0), (-9.29638,44.0293,-171.066)
50.3288, (0,0,0), (35.8773,-12.1914,173.299)
96.9398, (0,0,0), (44.9092,-2.85704,-33.8247)
58.4406, (0,0,0), (-40.8199,-18.9403,-128.063)
76.2076, (0,0,0), (-44.4613,6.94197,35.7443)
131.469, (0,0,0), (-39.5134,21.5334,-151.691)
44.6909, (0,0,0), (-29.88,-6.55659,250)
121.067, (0,0,0), (-41.6095,17.1363,-20.3437)
30.7164, (0,0,0), (-1.34483,-44.9799,-40.2824)
87.1086, (0,0,0), (44.9726,-1.569,22.4561)
37.0443, (0,0,0), (-37.3386,25.1163,-175.164)
37.5923, (0,0,0), (24.3282,-7.65021,-250)
55.1096, (0,0,0), (13.7533,-42.8468,35.7091)
1.39519, (0,0,0), (2.2446,44.944,-97.0766)
5.56924, (0,0,0), (-40.5359,-19.5408,232.256)
19.5671, (0,0,0), (-6.08668,44.5865,64.0719)
46.345, (0,0,0), (28.1077,-10.9043,-179.838)
80.6743, (0,0,0), (41.0163,18.5112,197.839)
6.59011, (0,0,0), (30.0873,-33.4628,-215.491)
161.513, (0,0,0), (29.07,-4.05238,-175.06)
169.025, (0,0,0), (-0.028665,-45,109.182)
31.8599, (0,0,0), (-16.3975,-41.9061,-242.379)
12.841, (0,0,0), (-38.9393,5.36979,214.553)
130.156, (0,0,0), (2.50279,44.9303,-109.084)
89.6187, (0,0,0), (-23.6844,-24.1584,250)
51.8676, (0,0,0), (-7.85371,-13.4057,250)
32.1044, (0,0,0), (9.63886,-43.9556,44.3391)
99.3078, (0,0,0), (18.4559,41.0412,-79.7217)
125.078, (0,0,0), (-44.9557,-1.99538,-53.979)
131.476, (0,0,0), (0.269598,-44.9992,237.403)
60.3181, (0,0,0), (-4.66192,36.5026,77.3175)
31.0961, (0,0,0), (43.2034,12.5884,78.4042)
19.7656, (0,0,0), (-17.3037,28.3015,250)
121.914, (0,0,0), (4.40063,-44.7843,-76.8388)
261.884, (0,0,0), (30.7879,-32.8193,47.3881)
91.2654, (0,0,0), (-12.0396,43.3595,245.514)
70.1357, (0,0,0), (-26.7327,-36.1989,-195.709)
46.6329, (0,0,0), (-28.3786,-34.9236,-188.494)
128.518, (0,0,0), (-28.7789,-34.5944,79.2419)
1.55972, (0,0,0), (44.9991,-0.284967,122.858)
4.26034, (0,0,0), (-36.404,-26.4528,-137.319)
132.599, (0,0,0), (37.4684,24.9223,-99.8719)
29.0298, (0,0,0), (-42.8003,13.8971,136.871)
75.5149, (0,0,0), (30.4374,33.1446,-162.578)
128.03, (0,0,0), (28.2684,-35.0128,-71.1827)
132.1, (0,0,0), (39.7077,-21.1731,155.032)
45.1218, (0,0,0), (0.298293,44.999,-181.037)
7.15721, (0,0,0), (40.0214,20.5739,175.957)
141.299, (0,0,0), (-22.2467,39.1163,11.4872)
25.9585, (0,0,0), (-30.3459,-33.2284,180.84)
71.8033, (0,0,0), (25.944,36.7683,55.7207)
34.047, (0,0,0), (-3.77836,-44.8411,213.581)
8.6599, (0,0,0), (-14.7476,-42.5148,-220.412)
23.8405, (0,0,0), (-44.9944,-0.710317,48.5903)
19.1524, (0,0,0), (-31.6592,-31.9796,232.325)
112.898, (0,0,0), (39.5877,-21.3966,-135.061)
188.685, (0,0,0), (29.6613,27.8195,-250)
85.7241, (0,0,0), (5.16528,-44.7026,217.91)
22.9003, (0,0,0), (0.296817,-44.999,185.498)
85.3254, (0,0,0), (38.5943,-23.1404,-143.174)
67.3654, (0,0,0), (15.1523,42.3723,43.7816)
20.681, (0,0,0), (-11.1445,3.24305,250)
2.53575, (0,0,0), (44.0803,-9.05143,129.311)
149.807, (0,0,0), (-44.9648,1.77873,132.443)
68.3897, (0,0,0), (-42.8939,-13.6055,-69.1189)
27.8824, (0,0,0), (-4.15399,41.1609,250)
56.9767, (0,0,0), (19.4786,40.5658,182.853)
37.0241, (0,0,0), (15.6425,-42.1938,40.4887)
73.7009, (0,0,0), (-30.0353,-33.5095,161.694)
121.853, (0,0,0), (-44.6413,-5.67025,-214.73)
3.08692, (0,0,0), (-9.16698,-44.0564,75.0785)
37.1651, (0,0,0), (-8.68695,-44.1536,-193.695)
36.0812, (0,0,0), (0.154807,-44.9997,-219.782)
71.2092, (0,0,0), (21.7947,39.3699,-210.399)
9.72151, (0,0,0), (13.2688,-42.9993,236.494)
5.44702, (0,0,0), (4.13044,-44.81,155.755)
94.9949, (0,0,0), (44.7483,4.7527,10.4888)
3.71355, (0,0,0), (42.4871,-14.8273,-195.612)
15.4735, (0,0,0), (22.0064,-39.252,117.587)
51.9392, (0,0,0), (-25.1233,-37.3339,246.402)
190.73, (0,0,0), (24.9526,37.4482,144.442)
3.37785, (0,0,0), (22.0432,39.2313,55.9461)
56.6674, (0,0,0), (40.8789,-18.8127,-58.9105)
228.193, (0,0,0), (-44.2157,-8.36467,75.123)
50.8456, (0,0,0), (-20.9554,-39.823,-182.869)
40.6386, (0,0,0), (44.9976,-0.466973,-142.631)
28.819, (0,0,0), (-9.58555,-18.0558,-250)
389.428, (0,0,0), (-9.26359,44.0362,-61.9183)
36.3512, (0,0,0), (-27.7293,18.5597,-250)
86.0675, (0,0,0), (32.3766,-31.2531,-248.778)
1.05859, (0,0,0), (30.2502,-33.3156,-150.689)
16.6423, (0,0,0), (-6.74021,-44.4924,-142.18)
62.7678, (0,0,0), (-13.5453,-42.913,-193.951)
21.2524, (0,0,0), (-11.3855,19.2725,-250)
90.3097, (0,0,0), (-44.9974,0.480056,-85.8104)
64.5944, (0,0,0), (-0.79282,44.993,-67.0379)
70.5841, (0,0,0), (-0.917726,-33.9032,-6.77496)
166.464, (0,0,0), (-37.339,-25.1157,-176.536)
55.8702, (0,0,0), (37.9378,-24.2017,-242.176)
0.402063, (0,0,0), (29.6507,-33.8502,-135.183)
26.4343, (0,0,0), (-44.9545,2.02212,-157.186)
4.40933, (0,0,0), (-42.0438,16.0412,-87.7916)
70.8261, (0,0,0), (18.718,7.51327,11.4518)
7.32172, (0,0,0), (4.7249,28.6784,-250)
8.29344, (0,0,0), (32.8056,30.8025,33.2596)
87.9907, (0,0,0), (15.1422,-42.3759,84.5399)
106.721, (0,0,0), (40.641,19.3212,-100.506)
62.6401, (0,0,0), (-33.3275,30.237,-84.2033)
51.1087, (0,0,0), (-42.9315,-13.4866,-81.2579)
26.5706, (0,0,0), (43.5396,-11.3712,-244.989)
123.464, (0,0,0), (-26.763,36.1765,181.701)
13.9406, (0,0,0), (20.1253,-40.2489,84.4728)
53.5224, (0,0,0), (-2.54214,-44.9281,238.603)
74.2304, (0,0,0), (35.0381,-28.237,175.79)
274.987, (0,0,0), (16.7133,41.7811,206.234)
204.344, (0,0,0), (40.0712,-20.4768,-114.897)
22.4594, (0,0,0), (27.0498,35.9626,137.929)
9.9372, (0,0,0), (13.8111,-34.1219,-250)
10.8342, (0,0,0), (1.44377,-44.9768,190.152)
17.2902, (0,0,0), (32.3586,-16.5743,250)
22.7231, (0,0,0), (-21.6231,39.4645,-111.727)
254.356, (0,0,0), (40.9227,18.7171,49.157)
22.0692, (0,0,0), (-32.8825,-30.7204,60.9416)
239.364, (0,0,0), (33.2401,-30.3331,-143.943)
103.614, (0,0,0), (-8.65,-44.1608,-22.7833)
49.0012, (0,0,0), (-11.1594,22.4795,-124.017)
54.475, (0,0,0), (-6.00863,-44.597,11.7138)
82.6814, (0,0,0), (23.3565,38.4639,74.9255)
91.8674, (0,0,0), (-26.1688,28.166,-250)
9.607, (0,0,0), (21.9238,-39.2982,-70.8776)
7.27882, (0,0,0), (-5.81571,44.6226,-34.8032)
159.004, (0,0,0), (-44.9629,-1.82704,99.8828)
15.494, (0,0,0), (-32.4697,31.1563,163.735)
26.3609, (0,0,0), (-43.6948,-10.7592,85.4871)
40.367, (0,0,0), (39.7137,-21.1617,117.027)
24.0562, (0,0,0), (5.03749,-44.7172,-50.6751)
61.5398, (0,0,0), (-27.5461,-35.5839,60.386)
25.9912, (0,0,0), (-8.12591,44.2602,-133.766)
28.8636, (0,0,0), (12.7085,-43.1682,0.402008)
44.7323, (0,0,0), (-43.2659,12.3718,-80.7229)
112.816, (0,0,0), (11.0919,43.6116,204.361)
215.368, (0,0,0), (12.8412,43.1289,15.1401)
35.6423, (0,0,0), (33.3761,30.1834,129.587)
73.97, (0,0,0), (16.2794,10.4692,-188.531)
7.55532, (0,0,0), (-39.9026,20.8035,-56.1331)
108.317, (0,0,0), (-41.6608,16.5298,82.552)
1.49048, (0,0,0), (-43.7007,-10.7355,99.914)
74.6336, (0,0,0), (4.08372,44.8143,151.751)
214.661, (0,0,0), (31.0817,32.5412,132.609)
149.342, (0,0,0), (14.2736,-42.6763,121.872)
80.0646, (0,0,0), (-28.6648,-34.689,-41.6845)
0.0172708, (0,0,0), (-17.5012,-19.8669,-71.1442)
13.8181, (0,0,0), (6.72114,44.4952,63.8264)
19.131, (0,0,0), (10.2139,15.5581,-250)
49.3626, (0,0,0), (29.375,30.5699,136.067)
48.1975, (0,0,0), (44.7364,-4.86375,-81.7742)
4.59531, (0,0,0), (19.2202,26.5383,250)
124.981, (0,0,0), (32.3972,-22.1464,151.241)
134.244, (0,0,0), (-39.6964,21.1943,-153.988)
63.8521, (0,0,0), (-24.6765,-7.16974,-250)
63.3882, (0,0,0), (35.2324,27.9943,-231.584)
158.945, (0,0,0), (39.7643,21.0665,-166.14)
36.253, (0,0,0), (31.3873,-32.2465,135.97)
61.8135, (0,0,0), (12.1875,-43.3182,31.6906)
69.0325, (0,0,0), (-27.1764,-35.867,232.36)
108.605, (0,0,0), (-9.24808,30.0634,-250)
65.6397, (0,0,0), (-36.7197,26.0128,-201.209)
49.4171, (0,0,0), (21.0485,-31.6433,-11.721)
21.6259, (0,0,0), (-9.89745,-43.8981,-152.687)
131.993, (0,0,0), (-38.7239,-6.91459,250)
196.579, (0,0,0), (-32.4657,-31.1605,238.443)
43.449, (0,0,0), (4.29152,-36.3233,250)
36.5384, (0,0,0), (-27.7467,-35.4277,32.4038)
58.378, (0,0,0), (34.942,-28.3559,190.785)
6.14516, (0,0,0), (16.8385,41.7309,142.074)
138.775, (0,0,0), (-15.5473,42.2289,83.192)
44.727, (0,0,0), (39.9926,-20.6298,-28.8662)
336.432, (0,0,0), (-43.5484,-11.3375,87.7897)
2.04738, (0,0,0), (38.829,22.7444,77.4421)
110.215, (0,0,0), (29.2534,34.1941,-141.152)
21.6677, (0,0,0), (-42.0607,15.9969,5.53239)
46.5896, (0,0,0), (-39.3147,-21.8942,102.787)
11.8738, (0,0,0), (-3.92218,44.8287,248.112)
197.525, (0,0,0), (-24.5977,-37.6823,9.37792)
66.6543, (0,0,0), (-26.5483,-36.3344,151.596)
62.5115, (0,0,0), (35.3062,27.9011,-245.271)
12.5926, (0,0,0), (-0.409022,-44.4464,-229.14)
69.2852, (0,0,0), (-42.1038,-11.4244,250)
172.137, (0,0,0), (-44.4935,-6.73296,159.132)
48.148, (0,0,0), (-39.0424,22.376,122.611)
135.531, (0,0,0), (-35.8314,-27.2233,97.8981)
47.128, (0,0,0), (-43.6772,-10.8305,-98.0735)
52.7417, (0,0,0), (-42.9252,13.5065,2.83271)
40.0106, (0,0,0), (40.5797,-19.4496,-114.224)
81.2162, (0,0,0), (-40.2601,-20.1028,-61.5511)
3.41217, (0,0,0), (33.8945,29.6001,31.3083)
117.014, (0,0,0), (17.3615,-41.516,-155.648)
47.0142, (0,0,0), (-21.5338,39.5132,-193.27)
60.5262, (0,0,0), (36.6327,-26.1351,-38.3958)
30.2361, (0,0,0), (3.25057,-44.8824,216.55)
66.0066, (0,0,0), (-44.8617,-3.52535,-151.816)
27.2045, (0,0,0), (34.4604,28.9393,-203.029)
5.21927, (0,0,0), (20.6578,39.9782,103.247)
121.49, (0,0,0), (39.1294,22.2236,-96.1653)
94.7302, (0,0,0), (-20.9201,-39.8416,-69.0825)
167.621, (0,0,0), (44.9963,-0.576195,-69.3297)
36.7173, (0,0,0), (44.4523,-6.99964,78.1135)
17.7097, (0,0,0), (37.6481,24.6499,89.3682)
54.0246, (0,0,0), (42.1139,-15.8562,-172.201)
27.0029, (0,0,0), (-1.08024,44.987,-200.905)
39.6777, (0,0,0), (-13.5711,42.9048,7.36907)
85.7262, (0,0,0), (44.633,5.73562,80.5533)
58.4569, (0,0,0), (-5.53964,44.6577,98.8215)
359.752, (0,0,0), (32.9652,-30.6316,-202.185)
140.501, (0,0,0), (38.4263,23.4184,8.54711)
85.3459, (0,0,0), (-36.6453,26.1174,37.1514)
35.3844, (0,0,0), (-28.2702,35.0113,-38.0067)
19.0583, (0,0,0), (-29.8822,-33.646,-165.593)
51.1081, (0,0,0), (-33.5538,29.9857,-30.4718)
0.672213, (0,0,0), (38.6253,-23.0886,-184.102)
26.1772, (0,0,0), (-26.5731,36.3162,-105.997)
52.1346, (0,0,0), (3.27163,-44.8809,-72.4627)
39.6063, (0,0,0), (-33.0381,30.553,63.5662)
36.8777, (0,0,0), (-14.3249,-42.6591,-137.166)
64.2011, (0,0,0), (43.0184,-13.2066,-249.85)
86.2773, (0,0,0), (-8.04352,-44.2753,29.4759)
6.86589, (0,0,0), (27.8981,35.3086,91.7401)
166.5, (0,0,0), (8.26805,-44.2339,-219.039)
21.0485, (0,0,0), (-28.3352,-3.9559,250)
89.43, (0,0,0), (-33.3956,-30.1618,-26.0601)
56.8023, (0,0,0), (16.5298,41.8541,65.6714)
11.0629, (0,0,0), (-20.5081,40.0552,-41.1757)
102.023, (0,0,0), (23.6809,-12.9083,250)
70.0463, (0,0,0), (24.786,-37.5587,-63.5936)
23.3148, (0,0,0), (-40.9866,18.5768,174.817)
111.654, (0,0,0), (12.1145,-43.3387,-132.406)
30.8893, (0,0,0), (-39.7539,21.0862,-81.2928)
143.464, (0,0,0), (44.4119,7.25115,121.53)
56.042, (0,0,0), (-31.3804,2.18538,-136.495)
28.8685, (0,0,0), (-17.7555,41.349,49.5754)
200.838, (0,0,0), (-9.53901,43.9774,126.691)
214.773, (0,0,0), (-41.7078,16.8957,-158.849)
13.3903, (0,0,0), (-32.3825,-31.247,152.433)
27.9263, (0,0,0), (2.31602,-44.9404,185.679)
125.713, (0,0,0), (44.9798,1.34657,-246.071)
219.951, (0,0,0), (-17.1224,-41.6152,-139.518)
1.42726, (0,0,0), (33.9608,-29.524,88.2972)
355.703, (0,0,0), (38.5853,4.94134,-250)
197.948, (0,0,0), (26.8433,32.8343,-250)
0.924912, (0,0,0), (-28.5869,34.7533,-142.974)
3.60183, (0,0,0), (44.7525,-4.71329,204.532)
39.4855, (0,0,0), (-38.2782,23.6597,217.165)
94.2115, (0,0,0), (23.0269,-38.6621,-162.523)
158.24, (0,0,0), (-18.9616,17.7274,-141.51)
109.802, (0,0,0), (23.7264,-10.4256,250)
36.2782, (0,0,0), (-41.7504,-16.7899,127.99)
111.538, (0,0,0), (29.7284,-33.782,108.041)
78.8043, (0,0,0), (4.54082,44.7703,-152.926)
106.927, (0,0,0), (-43.2722,-12.3497,-115.248)
18.7305, (0,0,0), (22.3106,-0.274852,-7.85849)
45.957, (0,0,0), (-44.0962,8.97359,-112.856)
83.7135, (0,0,0), (29.9569,-33.5795,32.0853)
111.269, (0,0,0), (21.6446,3.59373,-250)
43.2073, (0,0,0), (-21.4229,-39.5735,212.516)
132.692, (0,0,0), (-44.5575,-6.29526,-51.7065)
88.8705, (0,0,0), (15.5979,-42.2103,205.728)
75.7942, (0,0,0), (-5.2805,44.6891,182.237)
11.0055, (0,0,0), (-6.40831,-44.5414,-166.327)
233.48, (0,0,0), (43.3043,12.2369,217.011)
75.9726, (0,0,0), (43.4306,11.7808,-98.3947)
40.4185, (0,0,0), (41.8192,16.6178,-218.035)
18.5614, (0,0,0), (21.3373,38.3683,172.491)
66.3355, (0,0,0), (42.9492,13.4302,-163.499)
79.6155, (0,0,0), (6.37591,-39.3043,197.25)
124.884, (0,0,0), (-44.8348,3.85196,-172.338)
94.0002, (0,0,0), (44.959,1.92046,224.822)
12.0128, (0,0,0), (42.3482,15.2195,-219.962)
11.5187, (0,0,0), (-35.6157,27.505,82.8842)
55.1731, (0,0,0), (42.7838,-13.9478,223.718)
5.60851, (0,0,0), (-35.3548,-27.8396,22.983)
10.5446, (0,0,0), (27.5915,-35.5487,77.1445)
119.514, (0,0,0), (-8.36946,-44.2148,-144.496)
37.5437, (0,0,0), (41.2012,-18.0959,-67.9177)
133.215, (0,0,0), (33.4733,-30.0755,-34.3682)
36.5469, (0,0,0), (36.9938,-16.4522,-223.465)
67.3738, (0,0,0), (-42.029,16.08,-61.2969)
42.4052, (0,0,0), (4.62598,-44.7616,-83.0317)
96.5676, (0,0,0), (-9.01534,44.0877,-211.916)
4.94724, (0,0,0), (23.8754,3.74286,250)
77.3508, (0,0,0), (-39.3246,21.8763,-242.169)
45.5756, (0,0,0), (-23.132,38.5994,-218.495)
303.926, (0,0,0), (-36.7605,-25.9551,215.147)
34.7735, (0,0,0), (41.2489,17.9869,-246.544)
162.495, (0,0,0), (-40.4826,-19.6509,-217.275)
159.203, (0,0,0), (1.28432,17.2256,164.859)
70.4492, (0,0,0), (-8.85256,-44.1207,218.866)
108.971, (0,0,0), (-38.4857,23.3206,187.968)
78.8821, (0,0,0), (-40.4253,19.7685,166.651)
53.3977, (0,0,0), (-28.8598,-34.527,8.5733)
81.8495, (0,0,0), (-1.40214,-44.9782,-162.857)
69.8424, (0,0,0), (32.1465,31.4897,-103.299)
212.629, (0,0,0), (-40.5864,-19.4357,33.316)
77.6516, (0,0,0), (1.65497,44.9696,171.999)
191.911, (0,0,0), (-41.6783,-16.9683,143.86)
370.468, (0,0,0), (18.5969,-2.25694,250)
23.4753, (0,0,0), (44.29,-7.96203,50.8395)
57.3309, (0,0,0), (-1.73178,44.9667,6.03449)
108.163, (0,0,0), (38.2387,-23.7234,-241.272)
190.732, (0,0,0), (44.8624,-3.51614,212.141)
11.075, (0,0,0), (-14.7627,42.5095,-233.714)
12.4204, (0,0,0), (8.74818,-44.1415,-19.1449)
69.0637, (0,0,0), (44.895,-3.07278,-14.8291)
127.93, (0,0,0), (-15.9953,-42.0613,21.4949)
278.563, (0,0,0), (44.2939,7.94053,144.448)
91.7792, (0,0,0), (-19.7538,0.381078,250)
144.502, (0,0,0), (-37.3081,-25.1615,-18.0472)
32.1727, (0,0,0), (18.241,41.1372,-25.9187)
21.3505, (0,0,0), (-6.1051,-44.5839,177.773)
100.503, (0,0,0), (14.3554,42.6488,-97.3633)
88.9428, (0,0,0), (44.5751,6.16948,144.234)
34.8831, (0,0,0), (42.3473,-15.222,56.7197)
19.8042, (0,0,0), (41.9869,16.1896,56.2806)
18.2338, (0,0,0), (-37.8193,-24.3864,213.911)
37.4989, (0,0,0), (23.5377,-38.3533,-227.376)
49.2049, (0,0,0), (43.7691,-10.4531,240.317)
141.7, (0,0,0), (-17.4261,41.4889,13.0503)
129.999, (0,0,0), (-20.6847,-39.9643,-221.008)
31.8361, (0,0,0), (-41.9145,-16.3761,-130.015)
21.9876, (0,0,0), (-9.67381,37.3165,-250)
2.4916, (0,0,0), (24.88,-20.5046,-250)
47.6958, (0,0,0), (15.8282,-13.7833,250)
95.4169, (0,0,0), (11.2716,43.5655,-140.373)
122.162, (0,0,0), (44.733,4.8946,-149.94)
143.496, (0,0,0), (10.3888,43.7844,88.9206)
33.1144, (0,0,0), (-30.3236,-33.2487,156.472)
25.2998, (0,0,0), (1.44973,-44.9766,168.082)
286.131, (0,0,0), (20.915,-39.8442,-69.3446)
6.84744, (0,0,0), (-10.801,43.6845,-11.4909)
29.9547, (0,0,0), (-44.6775,-5.37746,-156.528)
46.916, (0,0,0), (-40.4148,-19.79,202.176)
152.197, (0,0,0), (12.6644,-43.1812,11.522)
21.068, (0,0,0), (39.1165,22.2463,139.962)
12.2451, (0,0,0), (-42.5013,-14.7864,5.52155)
84.1313, (0,0,0), (-43.9828,-9.51377,90.6984)
18.8479, (0,0,0), (3.13924,-2.7777,47.2977)
75.5394, (0,0,0), (-18.1635,-41.1714,72.4809)
