17.8153, (0,0,0), (-5.41222,18.527,161.571)
93.3287, (0,0,0), (5.74815,44.6314,-9.45086)
61.192, (0,0,0), (-34.1454,29.3102,222.904)
204.808, (0,0,0), (-40.7952,18.9934,51.7483)
257.262, (0,0,0), (44.5379,-6.43218,190.944)
58.481, (0,0,0), (-22.1595,39.1657,106.489)
227.607, (0,0,0), (-43.0027,13.2578,-178.855)
232.835, (0,0,0), (44.6364,5.70929,2.26247)
21.9727, (0,0,0), (-10.5367,43.749,201.9)
232.01, (0,0,0), (-25.2686,-37.2357,-22.8884)
74.7056, (0,0,0), (43.1551,12.7529,45.4471)
47.695, (0,0,0), (21.3602,-39.6074,0.0308977)
32.9973, (0,0,0), (-39.154,-22.1802,46.5482)
107.317, (0,0,0), (-27.8854,-35.3186,-155.481)
22.013, (0,0,0), (-41.4239,-17.58,-63.7741)
31.4559, (0,0,0), (-35.3136,27.8917,212.394)
174.84, (0,0,0), (-30.5219,33.0668,-218.234)
37.591, (0,0,0), (-38.1112,23.9277,-191.966)
228.95, (0,0,0), (14.9314,-42.4506,-202.617)
61.8859, (0,0,0), (1.43723,44.977,-133.738)
51.6109, (0,0,0), (-4.65387,-44.7587,-84.3876)
80.9141, (0,0,0), (-20.0253,23.7988,-250)
136.169, (0,0,0), (18.3242,41.1002,-236.786)
95.1076, (0,0,0), (5.15714,26.0096,-58.6088)
94.3151, (0,0,0), (8.95659,44.0997,138.104)
76.1005, (0,0,0), (42.4619,14.8993,-10.8438)
26.0819, (0,0,0), (-18.4374,0.987754,5.52567)
35.7734, (0,0,0), (-37.9562,-24.1728,-78.2058)
185.364, (0,0,0), (31.3886,-32.2453,-167.538)
86.1253, (0,0,0), (-34.1208,29.3388,-173.676)
1.64366, (0,0,0), (20.2973,-19.1654,-190.575)
92.9581, (0,0,0), (20.3697,40.1257,209.698)
110.032, (0,0,0), (-30.5561,-33.0352,-166.25)
134.955, (0,0,0), (-42.1078,15.8724,-247.268)
16.0131, (0,0,0), (-27.1036,35.9221,-119.062)
149.285, (0,0,0), (19.518,-9.80969,250)
59.4168, (0,0,0), (1.42164,44.9775,27.3931)
37.8045, (0,0,0), (43.8812,-9.97191,-76.2277)
127.56, (0,0,0), (27.7615,-35.4161,-59.1343)
11.276, (0,0,0), (3.32822,-44.8768,100.264)
1.65466, (0,0,0), (-30.9325,32.683,64.6698)
132.416, (0,0,0), (-5.41134,44.6735,-16.7092)
56.8117, (0,0,0), (14.3908,42.6369,29.2852)
92.3337, (0,0,0), (33.8133,29.6928,-93.4316)
64.344, (0,0,0), (-44.0373,-9.25826,-48.0207)
213.461, (0,0,0), (-44.4922,-6.74139,-79.9887)
181.247, (0,0,0), (12.8338,-43.1311,-192.946)
122.632, (0,0,0), (-5.66018,-44.6426,-64.139)
13.2841, (0,0,0), (32.3961,-31.2328,-211.646)
217.521, (0,0,0), (-33.7579,-29.7558,-230.244)
49.3182, (0,0,0), (-32.3788,31.2508,0.931715)
15.0678, (0,0,0), (24.1008,-38.002,168.502)
2.70547, (0,0,0), (12.9033,-20.8343,-247.751)
85.2084, (0,0,0), (-22.6978,38.8563,-197.954)
6.58647, (0,0,0), (11.2625,39.0252,-201.478)
59.8377, (0,0,0), (-37.0353,25.5614,222.485)
18.5344, (0,0,0), (39.487,21.5819,123.972)
152.34, (0,0,0), (43.0128,13.225,246.496)
87.2028, (0,0,0), (-36.2775,26.626,-178.281)
37.5396, (0,0,0), (-4.62586,-44.7616,138.889)
17.0098, (0,0,0), (-1.35199,18.5057,-250)
25.7475, (0,0,0), (-41.1792,18.1458,19.3615)
68.0296, (0,0,0), (1.79149,40.4136,250)
11.7802, (0,0,0), (-1.80346,19.4709,-250)
215.316, (0,0,0), (21.7223,-25.969,-188.931)
75.9917, (0,0,0), (44.9418,2.28816,166.826)
118.875, (0,0,0), (-38.491,23.3118,186.898)
13.9667, (0,0,0), (-2.82937,17.9345,-250)
62.0155, (0,0,0), (43.2071,12.5755,2.67284)
74.7692, (0,0,0), (31.1068,32.5172,-197.397)
71.7951, (0,0,0), (15.8899,-42.1012,-109.974)
3.76325, (0,0,0), (27.7266,-35.4434,-177.999)
122.693, (0,0,0), (-17.0063,-41.6628,155.725)
202.785, (0,0,0), (16.2787,8.47218,-192.186)
114.114, (0,0,0), (3.85382,-44.8347,-153.249)
38.9833, (0,0,0), (-43.0091,-13.2371,-95.4326)
49.0875, (0,0,0), (27.4496,-35.6584,-51.713)
82.0881, (0,0,0), (-13.6874,-11.6932,250)
108.903, (0,0,0), (-43.9767,-9.54212,158.658)
43.2927, (0,0,0), (34.9332,-28.3667,-244.439)
131.382, (0,0,0), (36.2447,26.6706,-1.42095)
188.094, (0,0,0), (-44.1871,-8.51463,20.979)
13.6352, (0,0,0), (3.85153,-44.8349,-184.245)
31.4062, (0,0,0), (0.192211,-44.9996,235.327)
76.1228, (0,0,0), (40.066,-20.487,-186.894)
22.7793, (0,0,0), (18.4998,-41.0214,243.575)
125.693, (0,0,0), (-44.4376,7.09239,-185.669)
32.9919, (0,0,0), (14.4299,41.0351,-98.8447)
28.8321, (0,0,0), (17.7683,-10.356,133.885)
431.67, (0,0,0), (-13.7272,-14.2699,250)
12.9789, (0,0,0), (16.3727,-19.7757,-137.463)
346.827, (0,0,0), (-41.549,-17.2825,-182.353)
148.828, (0,0,0), (-38.8199,22.76,1.86013)
3.38473, (0,0,0), (-6.52463,14.4715,235.459)
67.1179, (0,0,0), (-43.6694,10.8622,22.26)
23.9961, (0,0,0), (-12.3129,-5.24466,50.5915)
45.1147, (0,0,0), (-6.62295,-44.51,-127.402)
32.7963, (0,0,0), (25.608,-37.0031,198.63)
4.90776, (0,0,0), (-7.32462,-44.3999,101.749)
47.8099, (0,0,0), (-32.0567,-31.5812,-61.1416)
26.4732, (0,0,0), (-10.5108,-16.198,-250)
50.3039, (0,0,0), (-37.0955,7.2754,-193.14)
69.8721, (0,0,0), (-35.2162,28.0146,-33.6128)
56.7992, (0,0,0), (-39.8316,-20.939,-79.7231)
323.553, (0,0,0), (0.338006,-44.9987,-136.198)
63.1871, (0,0,0), (37.7731,24.458,-97.9623)
59.8991, (0,0,0), (26.3901,-36.4495,-225.097)
193.185, (0,0,0), (-42.8133,-13.8571,103.514)
57.2027, (0,0,0), (12.9673,-29.4927,-9.57333)
108.928, (0,0,0), (-38.8705,-22.6734,189.025)
103.329, (0,0,0), (43.7684,-10.4558,-34.579)
9.9067, (0,0,0), (-4.52205,-44.7722,189.009)
74.5103, (0,0,0), (-16.3956,-41.9068,-15.9204)
32.5227, (0,0,0), (-20.5272,-35.2462,-250)
18.9774, (0,0,0), (30.2622,33.3047,234.107)
16.133, (0,0,0), (38.3211,-23.5901,69.5554)
69.3878, (0,0,0), (-5.62701,-44.6468,81.5974)
16.8042, (0,0,0), (4.32129,-44.792,201.847)
14.4623, (0,0,0), (-44.102,8.94504,-170.436)
51.319, (0,0,0), (-31.868,31.7716,204.076)
82.3164, (0,0,0), (-44.4107,-7.25879,-10.5574)
144.323, (0,0,0), (-36.2269,26.6948,0.557565)
62.9776, (0,0,0), (-32.8431,30.7625,176.683)
13.9211, (0,0,0), (41.5377,-17.3095,-228.96)
33.7979, (0,0,0), (-1.9985,44.9556,-13.749)
181.796, (0,0,0), (28.6494,34.7017,156.342)
109.736, (0,0,0), (-43.3208,12.1781,188.509)
21.6978, (0,0,0), (4.12481,35.6259,226.712)
14.1306, (0,0,0), (-11.6362,43.4695,65.3873)
21.5527, (0,0,0), (-35.4313,-27.742,-221.001)
321.424, (0,0,0), (33.0286,30.5632,-220.252)
59.1322, (0,0,0), (-28.6639,-34.6898,120.953)
131.587, (0,0,0), (-31.5673,-27.0207,-133.313)
229.886, (0,0,0), (44.7646,4.59717,152.21)
164.758, (0,0,0), (10.3404,-19.1717,-10.2443)
26.2273, (0,0,0), (-44.0092,-9.391,192.183)
34.2048, (0,0,0), (15.9775,5.8916,158.872)
362.975, (0,0,0), (-34.6931,28.6599,140.69)
311.365, (0,0,0), (-42.7747,-13.9759,-66.3432)
224.229, (0,0,0), (7.89616,-24.7183,-250)
91.8287, (0,0,0), (37.9502,-24.1822,83.5023)
127.886, (0,0,0), (-15.2005,-42.355,-168.601)
25.542, (0,0,0), (-43.1759,12.6824,118.261)
254.935, (0,0,0), (32.1927,-31.4425,-114.726)
48.1782, (0,0,0), (-4.80791,-44.7424,120.125)
2.02077, (0,0,0), (-30.2767,-33.2914,-151.934)
95.9409, (0,0,0), (8.1325,-44.259,-42.6753)
16.3051, (0,0,0), (44.572,6.19193,44.1856)
86.4643, (0,0,0), (44.555,6.31257,132.389)
18.8828, (0,0,0), (44.1584,-8.66224,-10.2004)
39.3119, (0,0,0), (31.5611,32.0764,-229.017)
99.6276, (0,0,0), (-16.2619,6.22625,75.7841)
130.318, (0,0,0), (38.9851,-22.4758,-231.588)
218.72, (0,0,0), (44.7696,4.54778,-40.5812)
48.2579, (0,0,0), (44.6696,5.44302,217.229)
85.7535, (0,0,0), (31.7291,-31.9103,-188.137)
112.816, (0,0,0), (8.42049,-44.2052,-53.4889)
94.943, (0,0,0), (3.05835,44.896,-69.0988)
8.17608, (0,0,0), (-35.1799,28.0602,179.493)
57.4385, (0,0,0), (-10.8471,-43.6731,-48.0324)
23.7625, (0,0,0), (-44.4478,-7.02774,78.1821)
10.3195, (0,0,0), (-42.1478,15.7658,-86.0246)
20.0085, (0,0,0), (5.40525,-44.6742,142.354)
170.749, (0,0,0), (-40.5614,-19.4878,-9.37014)
182.226, (0,0,0), (44.2554,8.15245,164.25)
46.4852, (0,0,0), (13.905,42.7978,129.009)
2.24371, (0,0,0), (-44.9417,2.28989,169.665)
165.868, (0,0,0), (28.0893,35.1567,-117.817)
49.1629, (0,0,0), (44.9538,-2.03834,66.3243)
119.636, (0,0,0), (7.06918,44.4413,249.897)
134.194, (0,0,0), (44.8055,-4.17899,-31.0321)
257.917, (0,0,0), (-32.9252,30.6746,-136.642)
95.8818, (0,0,0), (-9.92603,-43.8916,138.197)
262.56, (0,0,0), (18.2937,41.1138,73.9435)
7.45933, (0,0,0), (30.6939,32.9072,153.872)
5.36044, (0,0,0), (-37.6201,24.6926,-121.11)
21.3256, (0,0,0), (34.5072,-28.8835,-25.9475)
31.2637, (0,0,0), (-40.3109,20.0008,45.0391)
141.363, (0,0,0), (-39.0959,22.2825,-243.498)
67.8589, (0,0,0), (30.6824,32.9179,206.441)
12.6206, (0,0,0), (28.4769,-5.1951,250)
27.4369, (0,0,0), (42.0819,15.941,-154.405)
43.9388, (0,0,0), (-37.9093,24.2463,123.782)
62.4926, (0,0,0), (-19.6009,40.5069,-147.541)
82.2385, (0,0,0), (-18.1231,-41.1892,157.917)
74.3395, (0,0,0), (-9.11715,44.0667,198.244)
32.5437, (0,0,0), (40.8559,-18.8626,-195.124)
198.189, (0,0,0), (44.5424,6.40082,-198.477)
25.3121, (0,0,0), (37.5956,24.73,-206.755)
17.6505, (0,0,0), (44.6405,5.6769,-28.0376)
46.1205, (0,0,0), (32.6406,-30.9773,-196.45)
59.5085, (0,0,0), (39.9253,-20.7597,161.714)
94.0311, (0,0,0), (36.2143,26.7118,154.085)
237.655, (0,0,0), (-17.6777,41.3824,175.045)
190.074, (0,0,0), (36.1622,-26.7823,28.2425)
19.2617, (0,0,0), (-23.7954,-38.194,-220.063)
40.754, (0,0,0), (44.756,-4.67956,149.771)
33.4413, (0,0,0), (13.7261,42.8555,-161.203)
162.716, (0,0,0), (43.3473,12.0835,-212.824)
77.5022, (0,0,0), (-19.1533,-40.7204,-27.3695)
36.7998, (0,0,0), (-40.9949,18.5584,-193.155)
43.6103, (0,0,0), (23.0505,-13.2474,80.7625)
126.925, (0,0,0), (35.3892,26.6849,-22.9557)
66.5883, (0,0,0), (36.0093,-26.9876,-208.5)
0.57745, (0,0,0), (37.04,25.5546,9.10312)
41.2651, (0,0,0), (19.3499,40.6273,-243.125)
93.0424, (0,0,0), (-8.72219,-36.9013,-250)
6.47799, (0,0,0), (18.4593,-41.0397,-196.406)
98.3636, (0,0,0), (-42.3658,15.1704,216.122)
18.1597, (0,0,0), (-26.9983,36.0013,-125.973)
372.548, (0,0,0), (34.8426,28.478,59.427)
22.6789, (0,0,0), (-16.7975,41.7474,124.893)
154.67, (0,0,0), (41.7101,16.89,-215.759)
72.3783, (0,0,0), (44.7516,4.72167,-2.88603)
208.901, (0,0,0), (-29.5896,-33.9036,26.4194)
173.213, (0,0,0), (-41.981,16.2048,-147.424)
26.9922, (0,0,0), (4.05169,44.8172,43.089)
314.798, (0,0,0), (-43.5302,-11.4072,108.315)
72.568, (0,0,0), (17.8162,41.3229,129.69)
32.2957, (0,0,0), (-41.8517,-16.5359,-7.90412)
60.2365, (0,0,0), (-42.2864,15.3903,-48.2364)
16.3068, (0,0,0), (10.8147,43.6811,-156.999)
124.482, (0,0,0), (-22.175,6.68137,-92.3102)
114.293, (0,0,0), (31.122,-32.5026,-77.2729)
123.891, (0,0,0), (-41.8232,-4.84212,178.075)
34.0921, (0,0,0), (-1.70204,-44.9678,53.0619)
150.947, (0,0,0), (-10.0969,-43.8526,-86.3297)
53.4687, (0,0,0), (43.8336,-10.1793,-25.2501)
57.2802, (0,0,0), (22.8295,11.7929,-250)
66.018, (0,0,0), (-0.324672,44.9988,10.2076)
55.2706, (0,0,0), (-15.6005,42.2093,144.175)
61.2656, (0,0,0), (44.8507,3.66238,-171.121)
43.465, (0,0,0), (34.4801,28.9157,-109.322)
72.2841, (0,0,0), (-35.7102,27.3822,-165.823)
223.521, (0,0,0), (-39.2572,21.9971,134.013)
1.04371, (0,0,0), (-7.59493,-44.3544,-108.217)
3.08024, (0,0,0), (-6.54105,44.5221,226.257)
37.1299, (0,0,0), (5.57334,-20.9099,-90.0467)
655.232, (0,0,0), (-44.9865,-1.10285,-80.7042)
80.6348, (0,0,0), (-31.6874,31.9517,-206.319)
101.884, (0,0,0), (33.0538,30.536,82.433)
258.163, (0,0,0), (-30.4729,33.1119,33.3984)
61.0272, (0,0,0), (-12.2661,-8.64178,250)
71.3254, (0,0,0), (-10.3178,18.5068,250)
108.331, (0,0,0), (34.0787,29.3877,198.803)
62.7548, (0,0,0), (36.0018,10.6045,-250)
98.0701, (0,0,0), (-3.48383,-44.8649,79.9657)
8.13698, (0,0,0), (-10.6791,43.7145,-36.3042)
21.7821, (0,0,0), (-44.9659,-1.75071,-159.51)
3.27082, (0,0,0), (9.438,-43.9991,-140.45)
129.282, (0,0,0), (-4.99935,5.25873,-32.0251)
37.6798, (0,0,0), (13.6351,42.8846,242.083)
19.9278, (0,0,0), (42.5275,14.7109,-27.6764)
155.179, (0,0,0), (44.3538,7.59855,133.492)
38.729, (0,0,0), (8.99938,34.2932,-17.7933)
89.1825, (0,0,0), (-44.9794,-1.36106,-33.4597)
27.1374, (0,0,0), (-40.6629,-19.275,-43.5411)
75.856, (0,0,0), (40.7794,19.0274,206.175)
171.76, (0,0,0), (-5.84931,-44.6182,-204.328)
113.142, (0,0,0), (-44.5732,6.1828,72.3838)
103.377, (0,0,0), (-36.7954,-25.9056,56.2947)
78.2806, (0,0,0), (33.2554,-30.3163,-161.532)
106.81, (0,0,0), (-37.4388,-24.9667,-65.7109)
90.0427, (0,0,0), (-2.66841,44.9208,-192.222)
60.6811, (0,0,0), (33.8825,-29.6137,-213.551)
16.8751, (0,0,0), (-19.621,40.4971,-167.892)
106.294, (0,0,0), (-43.9851,9.50336,-0.995555)
58.8249, (0,0,0), (35.3356,27.8639,233.465)
24.3813, (0,0,0), (-44.6809,5.34923,14.5971)
5.30491, (0,0,0), (12.4632,4.57625,-250)
26.9374, (0,0,0), (41.6621,-17.0079,-64.8372)
15.6743, (0,0,0), (6.96636,-44.4575,-120.533)
3.24566, (0,0,0), (-39.5334,-21.4967,-75.5886)
14.7301, (0,0,0), (-27.4083,35.6901,-87.4276)
204.008, (0,0,0), (22.9252,-38.7225,-108.61)
3.44073, (0,0,0), (15.8855,-42.1029,-129.071)
83.5207, (0,0,0), (-0.294544,-24.2309,179.831)
58.7459, (0,0,0), (-34.7514,-28.5892,-227.491)
58.8047, (0,0,0), (-30.6084,16.5307,-250)
133.359, (0,0,0), (38.2446,-23.714,-165.006)
46.3979, (0,0,0), (44.8871,3.1854,26.9164)
28.1406, (0,0,0), (44.9999,-0.068602,-148.528)
13.9719, (0,0,0), (-22.0311,35.2298,31.0314)
24.187, (0,0,0), (36.1507,-26.798,13.0884)
213.792, (0,0,0), (-23.5149,-38.3673,111.442)
57.541, (0,0,0), (-1.6778,-44.9687,85.4183)
44.626, (0,0,0), (4.8887,6.81438,-55.7516)
29.3911, (0,0,0), (-42.0245,16.0916,2.31293)
117.542, (0,0,0), (11.5671,-43.488,90.482)
37.8133, (0,0,0), (43.0336,-13.157,151.505)
3.01569, (0,0,0), (-30.6407,-32.9568,-79.1917)
8.6911, (0,0,0), (44.9574,1.95787,204.677)
7.43696, (0,0,0), (-44.8487,-3.68663,58.0503)
116.733, (0,0,0), (29.6113,-33.8846,247.84)
20.8269, (0,0,0), (8.93286,44.1045,209.023)
56.0193, (0,0,0), (44.998,-0.425329,-59.6517)
102.538, (0,0,0), (-40.1721,20.2782,-158.612)
147.635, (0,0,0), (-2.53336,-40.3964,135.577)
25.4064, (0,0,0), (43.7667,-10.4631,102.548)
255.227, (0,0,0), (44.5337,6.46168,244.079)
83.3517, (0,0,0), (39.7185,-21.1528,-158.952)
1.05229, (0,0,0), (-30.7046,-32.8972,86.1047)
75.8605, (0,0,0), (23.021,20.8764,203.787)
0.0152319, (0,0,0), (36.42,26.4308,48.4999)
0.691403, (0,0,0), (-15.8769,2.0327,-250)
31.5241, (0,0,0), (-8.00711,-3.80299,-77.434)
71.9103, (0,0,0), (25.3481,11.6744,-250)
57.0522, (0,0,0), (14.9748,42.4353,-238.638)
400.135, (0,0,0), (32.4638,-31.1625,7.40345)
11.8758, (0,0,0), (41.5372,17.3106,209.655)
253.039, (0,0,0), (28.0916,35.1549,71.9668)
28.4372, (0,0,0), (-30.6713,-23.1559,158.163)
18.784, (0,0,0), (28.9478,-34.4532,-6.10496)
1.14815, (0,0,0), (-10.9074,43.6581,-240.359)
40.1272, (0,0,0), (44.9577,-1.95064,-228.56)
21.9931, (0,0,0), (-42.7971,-13.9072,-233.485)
167.452, (0,0,0), (-24.7854,37.559,-34.7378)
18.054, (0,0,0), (-25.5254,37.0601,202.688)
70.4505, (0,0,0), (30.0877,-33.4624,232.404)
20.1937, (0,0,0), (-7.78147,44.3221,-112.946)
216.867, (0,0,0), (-35.9811,27.0251,-5.38254)
30.4976, (0,0,0), (31.345,32.2876,219.904)
96.4017, (0,0,0), (-40.8556,18.8632,-85.1102)
72.5305, (0,0,0), (12.0545,-43.3554,-100.066)
14.6051, (0,0,0), (36.7208,-26.0112,95.9711)
82.3952, (0,0,0), (-1.39983,-44.9782,34.0688)
8.57279, (0,0,0), (44.8725,3.38538,-230.477)
67.6035, (0,0,0), (30.7459,-32.8586,-132.08)
16.3948, (0,0,0), (-28.142,-35.1145,52.7129)
11.8761, (0,0,0), (40.0415,20.5348,-200.709)
254.347, (0,0,0), (-36.237,26.681,-165.447)
49.4203, (0,0,0), (9.92876,43.891,-241.573)
163.104, (0,0,0), (-40.7739,19.0392,172.947)
24.4215, (0,0,0), (-28.7184,-34.6446,80.6436)
10.2669, (0,0,0), (-6.54328,44.5217,-227.244)
110.301, (0,0,0), (0.200254,-44.9996,-236.261)
34.387, (0,0,0), (-30.4611,33.1228,81.4575)
10.8982, (0,0,0), (-7.44705,8.14749,-250)
80.4053, (0,0,0), (-34.6275,-28.7391,17.5763)
96.0193, (0,0,0), (16.8271,41.7355,237.261)
18.0459, (0,0,0), (-12.8607,43.1231,-107.605)
8.06807, (0,0,0), (16.2105,-41.9788,191.003)
34.2607, (0,0,0), (-16.7074,41.7835,10.5281)
8.32278, (0,0,0), (27.8391,35.3551,-115.463)
51.1502, (0,0,0), (0.267905,4.14572,-250)
81.6615, (0,0,0), (-38.131,23.8962,-137.822)
229.054, (0,0,0), (-26.5232,36.3527,-65.419)
215.088, (0,0,0), (-37.6927,-24.5818,-26.5581)
78.4005, (0,0,0), (-41.6542,-17.0273,164.647)
42.3996, (0,0,0), (35.1152,-28.1411,247.971)
75.3075, (0,0,0), (15.6669,-42.1847,197.498)
125.968, (0,0,0), (24.8168,-0.630594,-109.329)
5.86806, (0,0,0), (15.9715,42.0703,-64.2962)
243.499, (0,0,0), (43.1392,12.8065,64.3039)
30.5285, (0,0,0), (38.5126,23.2761,-27.3461)
112.458, (0,0,0), (-5.64583,-44.6444,-148.189)
10.4343, (0,0,0), (18.8699,-39.2576,-250)
14.298, (0,0,0), (-7.13652,44.4305,-224.507)
44.2479, (0,0,0), (18.9828,-40.8002,130.323)
117.507, (0,0,0), (30.9507,-32.6658,-56.8423)
219.016, (0,0,0), (-8.27626,-44.2324,67.4906)
178.014, (0,0,0), (-10.9449,43.6487,43.2853)
13.3507, (0,0,0), (16.4559,-41.8832,97.4922)
22.7644, (0,0,0), (2.12001,-44.95,-207.498)
392.089, (0,0,0), (3.98084,-44.8236,148.865)
66.1679, (0,0,0), (39.8174,-20.966,142.724)
60.1314, (0,0,0), (-7.06074,44.4426,81.8676)
19.2271, (0,0,0), (-44.6943,-5.23607,-68.813)
106.163, (0,0,0), (17.2794,-41.5502,162.951)
159.154, (0,0,0), (25.9425,-36.7694,-206.914)
193.123, (0,0,0), (-44.1927,8.4856,-245.044)
64.5844, (0,0,0), (27.0594,35.9553,66.4799)
255.856, (0,0,0), (-12.1057,43.3411,-183.727)
176.283, (0,0,0), (38.7724,-22.8408,-211.315)
125.829, (0,0,0), (8.77805,44.1355,234.355)
30.057, (0,0,0), (-6.58425,-34.4625,250)
97.6925, (0,0,0), (19.7455,-40.4366,91.4044)
35.995, (0,0,0), (-6.62324,44.5099,-178.322)
74.6766, (0,0,0), (-42.0202,-16.103,208.612)
0.942151, (0,0,0), (38.6448,23.0559,121.004)
32.8351, (0,0,0), (-1.89625,-44.96,-137.02)
144.616, (0,0,0), (41.9229,16.3545,124.798)
162.722, (0,0,0), (-22.6822,38.8654,33.1401)
84.7041, (0,0,0), (35.2593,6.94138,-44.574)
88.5262, (0,0,0), (-38.0426,-24.0366,-8.71005)
55.4231, (0,0,0), (19.1289,-40.7319,14.5121)
71.8576, (0,0,0), (-24.6023,-22.8466,-250)
11.9049, (0,0,0), (26.8562,36.1074,169.484)
15.4807, (0,0,0), (-26.3437,-29.9884,-223.415)
30.5831, (0,0,0), (-44.9909,0.90536,-142.421)
39.0834, (0,0,0), (0.897441,-44.9911,-106.039)
13.215, (0,0,0), (-4.30498,44.7936,-193.765)
176.948, (0,0,0), (25.5369,-37.0522,-225.559)
67.1797, (0,0,0), (3.02879,-44.898,-150.541)
184.219, (0,0,0), (31.9043,-31.7351,-220.3)
60.3165, (0,0,0), (-30.9908,-27.6121,-137.499)
13.2779, (0,0,0), (5.73238,-44.6334,-37.5735)
81.2648, (0,0,0), (36.6592,-26.098,-45.3742)
69.5406, (0,0,0), (-36.6223,26.1497,-106.312)
33.698, (0,0,0), (40.0598,20.4991,-227.035)
52.8272, (0,0,0), (-44.5601,6.27653,159.883)
18.964, (0,0,0), (-39.957,-20.6987,-162.475)
26.0568, (0,0,0), (-17.6973,-23.1715,250)
111.773, (0,0,0), (29.131,-34.2985,-247.796)
173.461, (0,0,0), (19.8651,-40.3779,-108.935)
56.5646, (0,0,0), (30.8733,-18.3293,118.519)
13.2293, (0,0,0), (24.6325,-34.7118,-109.45)
106.57, (0,0,0), (-43.6041,11.1213,144.793)
51.5046, (0,0,0), (43.0916,-12.9658,226.307)
159.395, (0,0,0), (-41.1044,-18.3147,-211.634)
72.7694, (0,0,0), (-10.2877,43.8083,-182.371)
25.8492, (0,0,0), (32.287,-30.6952,-160.877)
82.8024, (0,0,0), (20.239,-21.7814,-179.545)
51.8202, (0,0,0), (-23.6186,-38.3035,32.1336)
69.3961, (0,0,0), (-25.1363,36.7053,169.733)
12.976, (0,0,0), (18.4044,-41.0643,196.679)
71.2539, (0,0,0), (-38.071,23.9916,-170.635)
21.11, (0,0,0), (36.8227,-25.8667,155.287)
39.8803, (0,0,0), (24.1517,-37.9697,145.363)
14.167, (0,0,0), (31.395,-32.239,208.615)
79.9654, (0,0,0), (-43.0826,12.9957,-145.574)
11.9101, (0,0,0), (-38.8235,-22.7539,235.469)
45.0108, (0,0,0), (-7.68539,-44.3389,62.9893)
124.8, (0,0,0), (44.9999,-0.107248,-156.283)
57.1787, (0,0,0), (-24.5866,-37.6895,-4.95157)
124.923, (0,0,0), (12.5344,-43.2191,-218.541)
121.7, (0,0,0), (-12.7301,43.1618,1.11724)
83.3207, (0,0,0), (-39.0808,22.309,6.99787)
50.6136, (0,0,0), (-11.4926,43.5077,3.24474)
112.191, (0,0,0), (17.8995,27.2162,250)
47.7969, (0,0,0), (44.9999,0.109548,88.7189)
92.5594, (0,0,0), (11.012,-43.6318,-92.9769)
36.6371, (0,0,0), (16.4495,-41.8857,184.286)
40.7652, (0,0,0), (-7.46898,44.3758,141.389)
104.224, (0,0,0), (44.6037,-5.95927,-100.161)
72.6524, (0,0,0), (44.9563,-1.98338,45.5897)
55.4601, (0,0,0), (38.1518,-23.8629,198.101)
43.4951, (0,0,0), (11.5472,-43.4932,-155.036)
103.633, (0,0,0), (41.1856,18.1313,197.462)
60.857, (0,0,0), (7.62556,44.3492,-220.978)
161.901, (0,0,0), (-14.1531,-42.7164,103.784)
150.316, (0,0,0), (29.2094,34.2317,-62.9546)
16.9923, (0,0,0), (35.8885,27.148,-78.843)
27.6887, (0,0,0), (-22.2876,-39.093,64.373)
14.4066, (0,0,0), (-35.0745,-3.64725,-250)
49.0667, (0,0,0), (-30.4831,13.8985,20.9194)
142.452, (0,0,0), (31.8111,-31.8285,-224.553)
17.0783, (0,0,0), (43.9166,9.81474,173.556)
162.041, (0,0,0), (-29.4081,23.2152,-250)
36.7267, (0,0,0), (-14.3686,42.6444,207.949)
41.1682, (0,0,0), (-38.2103,-23.7692,117.211)
45.1602, (0,0,0), (23.2416,38.5334,-51.6115)
32.6303, (0,0,0), (41.7752,-16.7282,-61.7199)
51.5749, (0,0,0), (-33.9067,-29.586,84.0205)
99.2121, (0,0,0), (2.56466,44.9269,-178.892)
198.524, (0,0,0), (25.0146,-24.822,-81.6006)
6.27993, (0,0,0), (-13.8598,42.8125,-5.26118)
218.827, (0,0,0), (35.9245,27.1004,75.2523)
6.94179, (0,0,0), (-8.87839,-44.1155,63.2464)
22.2295, (0,0,0), (-21.1956,10.1808,123.336)
153.164, (0,0,0), (41.5525,17.274,163.906)
29.8921, (0,0,0), (30.1093,33.443,51.3931)
70.8667, (0,0,0), (-16.3581,41.9215,34.535)
12.3524, (0,0,0), (39.6533,-21.2747,245.001)
46.3897, (0,0,0), (-27.8229,-35.3679,163.136)
5.9546, (0,0,0), (42.214,15.5878,-7.19064)
56.0464, (0,0,0), (38.4789,-23.3319,-0.588833)
0.196494, (0,0,0), (-21.2101,-39.6879,83.7997)
93.2832, (0,0,0), (-44.0192,-9.34415,-147.957)
210.214, (0,0,0), (32.0963,-31.5409,-121.511)
107.292, (0,0,0), (-42.9705,-13.3617,-181.061)
22.4261, (0,0,0), (-43.7986,10.3286,-244.307)
61.0952, (0,0,0), (-42.6671,-14.3011,115.896)
40.9181, (0,0,0), (-35.7612,27.3155,149.707)
104.598, (0,0,0), (25.8165,-36.8579,-41.3429)
34.0522, (0,0,0), (-16.0135,-42.0544,-137.722)
8.78477, (0,0,0), (8.75875,44.1394,145.18)
57.6387, (0,0,0), (-16.8092,-0.91276,51.6709)
300.23, (0,0,0), (-31.8075,31.8321,-220.544)
71.6526, (0,0,0), (-3.04973,44.8965,-78.4119)
13.001, (0,0,0), (-6.40446,-20.0627,87.4224)
108.291, (0,0,0), (24.8678,37.5046,187.983)
13.5045, (0,0,0), (33.2968,30.2709,33.2732)
144.922, (0,0,0), (-34.2804,-25.045,-250)
144.275, (0,0,0), (-32.0558,-31.5821,103.163)
25.0538, (0,0,0), (43.1055,12.9196,-49.9569)
84.9725, (0,0,0), (-6.24709,-44.5643,218.918)
86.6259, (0,0,0), (41.0732,-12.0307,-61.8089)
2.47803, (0,0,0), (-6.743,44.4919,-210.596)
0.549952, (0,0,0), (-44.7941,4.29964,-34.3321)
21.4299, (0,0,0), (3.22351,44.8844,59.0278)
269.558, (0,0,0), (12.9927,-12.7407,-250)
69.5933, (0,0,0), (-11.4175,-43.5275,21.6675)
171.734, (0,0,0), (-44.9613,1.86608,-207.316)
46.4982, (0,0,0), (-0.20962,-44.9995,-169.963)
77.0298, (0,0,0), (10.5431,43.7475,21.4153)
1.25189, (0,0,0), (16.7503,-41.7663,72.7052)
31.679, (0,0,0), (8.67191,-44.1565,223.095)
11.5535, (0,0,0), (11.9938,-4.59419,-250)
103.374, (0,0,0), (-44.5755,2.54881,-186.524)
22.7589, (0,0,0), (-28.5357,34.7953,-24.5684)
136.985, (0,0,0), (14.3964,17.8733,-250)
99.3085, (0,0,0), (30.6563,32.9422,33.4782)
29.4683, (0,0,0), (-1.13574,44.9857,95.276)
29.7448, (0,0,0), (-44.2741,8.0501,-145.181)
207.673, (0,0,0), (-9.79631,43.9207,-72.9501)
15.3089, (0,0,0), (36.6811,-26.0671,-22.8168)
19.1958, (0,0,0), (27.728,35.4423,-29.6229)
113.501, (0,0,0), (-24.602,37.6794,56.8557)
132.594, (0,0,0), (-31.252,-32.3777,85.1047)
198.612, (0,0,0), (-38.2806,-23.6558,-166.499)
18.9182, (0,0,0), (22.8776,38.7507,-111.927)
58.3138, (0,0,0), (26.3695,-36.4644,-120.045)
24.7954, (0,0,0), (-2.57187,-44.9264,153.686)
32.519, (0,0,0), (4.67,-14.6127,150.142)
138.043, (0,0,0), (-43.9828,9.51388,-117.909)
67.4444, (0,0,0), (9.85097,-43.9085,-106.98)
113.215, (0,0,0), (-24.3375,37.8508,-62.6318)
22.8376, (0,0,0), (-44.439,7.08335,-233.325)
51.2779, (0,0,0), (27.5033,24.1928,-250)
574.575, (0,0,0), (-36.1421,23.8318,207.707)
7.1012, (0,0,0), (-13.2978,42.9903,-240.453)
110.767, (0,0,0), (19.1056,-40.7428,44.4931)
159.567, (0,0,0), (-8.33877,-44.2206,-177.849)
12.5265, (0,0,0), (19.4582,-40.5756,-98.3534)
94.6338, (0,0,0), (26.6822,-36.2362,66.2426)
68.6543, (0,0,0), (29.3252,-34.1326,-8.03659)
68.0356, (0,0,0), (39.4008,-21.7389,-162.644)
82.6969, (0,0,0), (2.70688,44.9185,79.0395)
163.884, (0,0,0), (22.7421,-38.8304,189.241)
128.968, (0,0,0), (10.3613,-12.5538,250)
26.2158, (0,0,0), (33.1822,30.3965,30.846)
103.469, (0,0,0), (-39.4754,21.6031,105.879)
375.997, (0,0,0), (20.952,-39.8248,-86.0248)
25.5161, (0,0,0), (30.6262,32.9702,-239.506)
150.998, (0,0,0), (30.5905,-33.0033,-75.5435)
87.2642, (0,0,0), (-9.11149,44.0679,-149.745)
21.6513, (0,0,0), (28.2245,-35.0482,-111.611)
129.462, (0,0,0), (42.4903,14.8179,66.0395)
17.2541, (0,0,0), (-5.63665,-44.6456,17.0135)
65.2103, (0,0,0), (2.42406,-44.9347,131.805)
40.2172, (0,0,0), (-26.648,-5.10533,250)
37.8071, (0,0,0), (-34.8809,28.4311,121.172)
104.542, (0,0,0), (-36.421,-26.4293,217.616)
17.7465, (0,0,0), (24.3971,37.8125,-198.972)
22.771, (0,0,0), (-25.1945,37.2859,101.538)
59.071, (0,0,0), (-27.0027,35.998,-73.6971)
2.87159, (0,0,0), (-23.5708,38.333,27.246)
99.3791, (0,0,0), (-20.0279,-40.2974,-61.8912)
176.224, (0,0,0), (3.64243,-44.8523,-109.951)
61.3666, (0,0,0), (-22.54,38.948,219.03)
65.069, (0,0,0), (-18.7318,-40.916,174.664)
35.1394, (0,0,0), (-3.19423,44.8865,214.307)
52.3294, (0,0,0), (-35.8983,27.1351,-89.9648)
38.6014, (0,0,0), (30.0962,-33.4547,-180.989)
34.249, (0,0,0), (7.92136,13.3717,-250)
92.655, (0,0,0), (-23.8818,-38.14,-157.195)
2.04454, (0,0,0), (4.13993,44.8092,-236.685)
76.6962, (0,0,0), (-33.948,29.5387,0.89212)
10.3751, (0,0,0), (22.101,39.1988,-196.974)
101.228, (0,0,0), (34.8616,28.4547,-29.6011)
51.6325, (0,0,0), (-6.21722,23.3337,-250)
222.627, (0,0,0), (-19.4903,-40.5602,-7.18355)
43.9331, (0,0,0), (44.9707,1.62475,-17.2441)
227.635, (0,0,0), (-44.5292,6.49226,-164.468)
10.708, (0,0,0), (34.7585,-28.5805,189.575)
43.8535, (0,0,0), (19.4885,-40.5611,130.621)
167.204, (0,0,0), (-26.215,-36.5756,141.306)
27.3867, (0,0,0), (-30.5063,-33.0812,-244.799)
51.7039, (0,0,0), (-21.8006,17.735,250)
51.7653, (0,0,0), (9.74053,43.9332,214.718)
147.933, (0,0,0), (-9.12328,44.0655,-56.6078)
173.692, (0,0,0), (11.296,13.7886,-112.573)
3.08162, (0,0,0), (35.6727,27.4309,-215.761)
32.16, (0,0,0), (16.8327,41.7332,84.1531)
1.16464, (0,0,0), (-0.647514,10.5756,250)
133.346, (0,0,0), (43.1198,12.8719,173.721)
29.9744, (0,0,0), (16.1376,-42.0069,-215.212)
73.9928, (0,0,0), (4.23214,-44.8005,-3.77385)
55.6536, (0,0,0), (44.4239,-7.17765,236.953)
0.977552, (0,0,0), (41.0379,18.4633,-16.0259)
89.7866, (0,0,0), (-32.197,31.4381,96.8282)
110.636, (0,0,0), (-38.8436,-22.7194,-66.1116)
59.0509, (0,0,0), (-33.3471,-30.2154,21.3632)
27.6047, (0,0,0), (12.368,-43.267,176.226)
21.4595, (0,0,0), (14.1755,-42.709,229.504)
1.54755, (0,0,0), (-7.29662,-44.4045,-241.917)
69.3739, (0,0,0), (0.661041,-17.2962,-65.9812)
131.899, (0,0,0), (23.9591,-23.9854,-171.254)
133.6, (0,0,0), (-21.1746,39.7069,-35.2822)
89.7566, (0,0,0), (10.7738,43.6912,197.769)
33.8137, (0,0,0), (-16.5047,-41.864,-35.3149)
41.6193, (0,0,0), (-17.3717,41.5117,-174.31)
61.5708, (0,0,0), (-37.5397,-24.8148,22.8168)
96.4369, (0,0,0), (-21.0966,-39.7484,-157.906)
48.9001, (0,0,0), (9.1569,-39.7645,116.76)
24.9309, (0,0,0), (-26.9664,20.3582,-250)
21.0386, (0,0,0), (-8.896,-44.1119,80.7197)
131.249, (0,0,0), (44.9462,2.19924,140.551)
22.1495, (0,0,0), (-3.1231,-42.2699,52.0005)
83.1792, (0,0,0), (44.354,7.59758,-152.3)
20.6811, (0,0,0), (25.0352,-4.10364,-148.514)
49.5191, (0,0,0), (31.9356,31.7036,-232.847)
95.3042, (0,0,0), (32.0973,-9.28784,-52.8002)
145.95, (0,0,0), (38.7373,-2.25064,250)
1.37249, (0,0,0), (-20.1626,40.2302,-3.58713)
52.6212, (0,0,0), (-41.8503,-16.5395,-86.2781)
172.361, (0,0,0), (5.9127,44.6099,242.277)
144.503, (0,0,0), (-35.0817,-28.1828,-179.171)
14.9483, (0,0,0), (-43.0799,13.0048,160.726)
162.373, (0,0,0), (16.3886,-4.92501,-48.0424)
136.984, (0,0,0), (44.9889,1.00005,-25.7695)
27.8365, (0,0,0), (-25.2776,37.2296,198.588)
244.589, (0,0,0), (-28.6734,34.6819,-163.175)
65.0561, (0,0,0), (44.9879,1.04353,25.002)
43.7628, (0,0,0), (43.144,-12.7904,219.894)
0.824545, (0,0,0), (-32.1302,-25.2052,-250)
166.598, (0,0,0), (-26.0345,36.7043,-223.718)
123.884, (0,0,0), (-11.4291,43.5244,-121.466)
4.8841, (0,0,0), (11.5872,43.4826,-188.214)
46.947, (0,0,0), (-22.6138,38.9052,21.7515)
7.66708, (0,0,0), (-22.7607,-38.8195,146.743)
30.2383, (0,0,0), (-44.9815,1.29095,-211.63)
39.8997, (0,0,0), (29.1636,34.2707,-118.322)
0.808652, (0,0,0), (-13.7401,42.851,60.011)
36.446, (0,0,0), (-37.6699,24.6167,-206.034)
81.7845, (0,0,0), (39.0013,-22.4477,-214.569)
69.8266, (0,0,0), (-32.8296,-30.7769,95.409)
315.89, (0,0,0), (-31.7649,-31.8746,232.484)
3.57571, (0,0,0), (35.8452,-25.16,250)
19.2388, (0,0,0), (38.4783,-23.3327,-62.6919)
12.136, (0,0,0), (-21.7091,39.4172,-194.345)
20.4046, (0,0,0), (43.5111,11.4798,83.2132)
220.962, (0,0,0), (12.2749,-43.2935,-135.715)
210.471, (0,0,0), (43.0586,-13.0752,-146.454)
45.2114, (0,0,0), (25.9047,-7.61291,250)
6.40212, (0,0,0), (23.1866,38.5666,-222.141)
215.707, (0,0,0), (44.8439,-3.74548,74.7124)
153.81, (0,0,0), (-26.6575,-29.894,-250)
25.224, (0,0,0), (10.7873,43.6879,120.942)
95.8446, (0,0,0), (10.2179,38.6651,-240.315)
22.6788, (0,0,0), (-3.0966,-30.0525,-250)
35.0188, (0,0,0), (43.8065,-10.2953,82.8291)
14.6421, (0,0,0), (-2.06445,-10.247,250)
61.24, (0,0,0), (-44.9884,-1.02339,-132.423)
7.26883, (0,0,0), (22.6157,-38.9041,-229.939)
20.407, (0,0,0), (36.7056,-25.1909,-250)
53.6908, (0,0,0), (42.7555,14.0344,109.62)
56.6825, (0,0,0), (-44.7267,4.95212,-29.4204)
50.0953, (0,0,0), (12.9058,43.1096,142.52)
119.195, (0,0,0), (-41.0703,-18.3912,-91.9726)
13.1239, (0,0,0), (-32.8579,30.7467,-115.314)
259.996, (0,0,0), (39.0515,22.3603,-138.405)
19.0828, (0,0,0), (-18.8202,40.8754,230.824)
72.3245, (0,0,0), (3.31812,-44.8775,22.0215)
20.432, (0,0,0), (-11.4152,43.5281,-166.153)
14.735, (0,0,0), (-30.4772,33.108,123.361)
23.5367, (0,0,0), (20.3422,40.1397,117.799)
20.2, (0,0,0), (-37.25,-25.2475,7.45181)
37.0799, (0,0,0), (-38.9599,-22.5194,72.0709)
91.7263, (0,0,0), (21.9066,39.3078,101.334)
9.08022, (0,0,0), (-44.6349,-5.72081,-124.608)
249.528, (0,0,0), (-14.3553,-42.6489,195.541)
126.926, (0,0,0), (-37.2167,17.0922,151.01)
40.9344, (0,0,0), (-41.848,16.5452,-6.38707)
60.6043, (0,0,0), (-15.3168,42.3131,129.414)
120.139, (0,0,0), (-11.5563,-43.4908,-174.587)
2.33208, (0,0,0), (39.3414,21.8462,-50.3753)
4.88972, (0,0,0), (14.0587,-42.7475,127.819)
107.794, (0,0,0), (-9.34161,44.0197,166.72)
149.966, (0,0,0), (-13.0848,43.0556,-107.285)
86.9639, (0,0,0), (-29.7391,33.7726,153.939)
107.179, (0,0,0), (-18.7072,19.9661,30.2437)
90.6603, (0,0,0), (-16.3806,-41.9127,-134.974)
1.93451, (0,0,0), (44.6683,5.45379,-157.345)
26.7352, (0,0,0), (33.1912,30.3866,-69.3973)
64.7475, (0,0,0), (12.6864,43.1747,192.456)
110.577, (0,0,0), (-27.3292,-35.7507,-79.6431)
9.2918, (0,0,0), (-34.8177,-28.5084,224.261)
36.9519, (0,0,0), (24.6743,-37.6322,-104.093)
17.6583, (0,0,0), (0.473941,-44.9975,62.6294)
114.761, (0,0,0), (-23.0107,2.88902,-250)
6.96579, (0,0,0), (-30.394,0.476222,-250)
73.2917, (0,0,0), (44.863,3.50865,-213.085)
163.304, (0,0,0), (-8.80137,-8.27426,-180.586)
95.8644, (0,0,0), (-44.8712,-3.40251,-229.763)
5.64895, (0,0,0), (11.3036,-43.5572,126.624)
122.52, (0,0,0), (14.4457,-42.6183,-5.3385)
23.6108, (0,0,0), (44.9313,2.485,-91.8569)
32.1605, (0,0,0), (-24.0077,9.45223,-250)
274.81, (0,0,0), (6.98081,44.4552,99.1851)
14.3986, (0,0,0), (-14.5536,3.9266,-218.081)
101.197, (0,0,0), (-40.3563,19.909,-119.494)
78.1699, (0,0,0), (39.1316,22.2197,124.464)
12.8816, (0,0,0), (-16.5066,-40.7143,250)
40.9388, (0,0,0), (-25.0738,35.0649,82.067)
2.41055, (0,0,0), (34.5175,-11.3752,250)
21.7023, (0,0,0), (44.0413,-9.23923,-115.77)
97.5963, (0,0,0), (-25.3224,-37.1991,-130.119)
96.8938, (0,0,0), (-13.0248,-32.7043,45.8256)
30.2461, (0,0,0), (-41.1614,-18.1861,60.2267)
8.40937, (0,0,0), (-14.3008,-42.6672,-48.1377)
401.754, (0,0,0), (-9.88542,-43.9008,-180.667)
36.8131, (0,0,0), (-37.2815,25.201,-190.566)
98.6821, (0,0,0), (36.9928,25.6229,14.4257)
26.6565, (0,0,0), (31.7264,15.5407,202.761)
10.9986, (0,0,0), (36.7815,-25.9253,216.915)
27.2672, (0,0,0), (44.9583,1.93732,12.3213)
36.4177, (0,0,0), (-34.2038,29.2421,-235.528)
213.997, (0,0,0), (24.7628,37.5739,-19.1118)
182.513, (0,0,0), (10.4609,-43.7672,-148.005)
9.34909, (0,0,0), (-17.8387,-41.3132,-16.1029)
7.21866, (0,0,0), (13.3422,-42.9766,-26.0121)
10.7816, (0,0,0), (21.4476,-39.5601,92.7405)
120.803, (0,0,0), (9.80934,43.9178,-34.9881)
69.9059, (0,0,0), (-5.97275,-44.6019,-39.6621)
27.7445, (0,0,0), (27.6833,35.4772,214.735)
16.978, (0,0,0), (13.4529,42.9421,-52.5838)
13.078, (0,0,0), (41.5425,-17.2979,-19.4169)
95.2116, (0,0,0), (-27.1609,35.8788,248.912)
79.056, (0,0,0), (-44.6198,-5.83717,-134.652)
49.5701, (0,0,0), (-17.2344,-41.5689,-157.419)
227.946, (0,0,0), (39.6144,21.3472,-6.89653)
17.1566, (0,0,0), (27.769,35.4102,146.541)
32.4888, (0,0,0), (10.0857,43.8552,209.998)
62.485, (0,0,0), (37.0441,-3.15076,154.39)
149.91, (0,0,0), (36.1849,-26.7516,-22.1361)
64.7508, (0,0,0), (-12.6901,-39.4848,250)
7.80905, (0,0,0), (30.0163,33.5265,37.0954)
247.603, (0,0,0), (4.26989,-44.797,-33.9994)
26.2461, (0,0,0), (-41.3122,-17.8411,-157.932)
26.38, (0,0,0), (-27.7219,3.8143,135.672)
120.798, (0,0,0), (-28.9533,17.4762,250)
116.521, (0,0,0), (-43.9996,9.43602,-224.223)
94.4646, (0,0,0), (-15.1221,-13.1782,-250)
26.1002, (0,0,0), (-16.1977,41.9837,-224.349)
219, (0,0,0), (-8.14249,44.2572,-9.86514)
51.1628, (0,0,0), (30.442,-0.543366,250)
17.9292, (0,0,0), (44.0862,-9.02257,-225.27)
54.9427, (0,0,0), (-25.7548,13.4232,161.9)
205.827, (0,0,0), (22.501,38.9706,-24.2194)
45.4544, (0,0,0), (-8.89516,-44.1121,-170.224)
61.136, (0,0,0), (-44.736,4.8673,-111.88)
36.3266, (0,0,0), (-23.3922,38.4422,-40.5148)
6.51428, (0,0,0), (19.8135,-12.3078,250)
113.262, (0,0,0), (-18.9423,40.819,172.784)
18.2525, (0,0,0), (-41.5269,17.3353,12.5318)
18.8063, (0,0,0), (4.92046,44.7302,8.05692)
11.7931, (0,0,0), (44.6969,-5.21445,-162.611)
136.62, (0,0,0), (-42.0135,16.1203,-224.483)
42.2871, (0,0,0), (-24.4921,-2.48702,-250)
55.4128, (0,0,0), (-36.9538,-25.6791,69.5656)
25.2927, (0,0,0), (-35.2431,-27.9808,106.222)
124.441, (0,0,0), (-7.40501,-44.3866,240.233)
93.5346, (0,0,0), (2.41189,-44.9353,-240.96)
124.677, (0,0,0), (-44.4735,6.86333,161.064)
202.143, (0,0,0), (42.8238,-13.8247,-100.194)
37.6003, (0,0,0), (5.138,18.512,250)
96.1688, (0,0,0), (-3.00243,-44.8997,-246.284)
84.1738, (0,0,0), (-32.7831,-19.6425,-3.54415)
3.98106, (0,0,0), (30.4323,-33.1493,246.781)
36.3861, (0,0,0), (37.6851,-24.5934,111.344)
146.032, (0,0,0), (-24.2464,37.9093,-210.29)
18.9974, (0,0,0), (12.9807,-23.0463,-250)
29.4452, (0,0,0), (-21.2817,-22.6979,250)
28.4197, (0,0,0), (25.6735,17.5258,121.314)
23.8628, (0,0,0), (26.7907,36.156,154.028)
61.2664, (0,0,0), (2.67396,-44.9205,79.0573)
98.2815, (0,0,0), (-25.5525,37.0415,-79.8008)
35.2336, (0,0,0), (-35.356,27.8379,63.2372)
44.6014, (0,0,0), (-12.4567,-29.3472,-250)
142.317, (0,0,0), (-30.651,-9.63623,250)
202.428, (0,0,0), (2.66439,-44.9211,-63.2251)
9.78679, (0,0,0), (11.59,6.47043,209.249)
23.505, (0,0,0), (-44.5122,-6.60777,-151.964)
143.66, (0,0,0), (21.3829,39.5951,-129.563)
4.10998, (0,0,0), (34.4498,28.9519,30.5838)
95.0652, (0,0,0), (16.3846,-22.4617,-234.78)
200.987, (0,0,0), (-44.6698,5.44107,30.6355)
10.5055, (0,0,0), (-42.3438,-15.2317,168.973)
38.0715, (0,0,0), (-20.9712,39.8147,-6.24824)
180.59, (0,0,0), (-44.6345,-5.72406,130.198)
46.9724, (0,0,0), (-15.4279,42.2727,89.0231)
75.0867, (0,0,0), (-43.8688,10.0264,-210.762)
108.896, (0,0,0), (-21.3552,-16.2022,-54.6275)
322.683, (0,0,0), (36.6124,-26.1636,126.639)
127.795, (0,0,0), (42.6113,-14.4664,-36.57)
74.6164, (0,0,0), (20.7803,-39.9147,-66.4531)
15.6493, (0,0,0), (36.7909,25.9119,40.7033)
29.4536, (0,0,0), (-6.57317,-4.9973,250)
60.5472, (0,0,0), (-14.7752,-42.5052,-150.869)
97.0459, (0,0,0), (-41.8767,16.4726,120.126)
24.1078, (0,0,0), (43.6038,-11.1224,212.549)
14.9096, (0,0,0), (-42.0399,16.0515,67.5664)
219.371, (0,0,0), (-0.468605,-44.9976,184.105)
48.5049, (0,0,0), (22.9558,-38.7044,213.922)
82.271, (0,0,0), (40.7067,-19.1824,164.05)
72.8546, (0,0,0), (7.41085,-44.3856,-208.617)
57.0694, (0,0,0), (20.2016,-40.2106,149.019)
205.544, (0,0,0), (-23.3338,38.4777,-232.789)
56.5008, (0,0,0), (-35.8649,-27.1792,248.285)
2.86802, (0,0,0), (-34.6471,28.7155,230.01)
228.14, (0,0,0), (-40.3258,-9.88169,-250)
20.7374, (0,0,0), (-0.665903,-44.9951,-108.088)
137.493, (0,0,0), (-39.4542,-21.6418,27.776)
115.587, (0,0,0), (-41.7447,16.8041,-92.6256)
101.915, (0,0,0), (-2.44908,-20.7654,250)
47.7024, (0,0,0), (-0.632581,-44.9956,-44.7449)
75.6619, (0,0,0), (-38.0152,24.08,129.04)
0.775594, (0,0,0), (15.3137,-42.3142,-137.347)
60.4026, (0,0,0), (-41.8846,16.4523,213.528)
92.8719, (0,0,0), (-17.6419,41.3976,-109.121)
5.46614, (0,0,0), (-2.68349,44.9199,30.7059)
243.171, (0,0,0), (-40.0022,-20.6113,-103.938)
75.0375, (0,0,0), (-44.9976,-0.46835,-81.3897)
12.5342, (0,0,0), (21.375,39.5994,-96.2129)
61.198, (0,0,0), (5.18847,-44.6999,-2.36864)
52.6037, (0,0,0), (5.27292,-44.69,100.958)
58.9782, (0,0,0), (35.1809,-28.059,108.641)
190.001, (0,0,0), (26.8307,-36.1263,206.94)
179.615, (0,0,0), (-44.5496,6.3507,179.762)
86.6977, (0,0,0), (-6.50045,44.528,125.603)
33.8738, (0,0,0), (22.3972,-39.0303,-162.74)
1.30149, (0,0,0), (4.77798,-44.7456,112.83)
146.044, (0,0,0), (44.7526,-4.71213,-191.479)
117.569, (0,0,0), (27.3188,-35.7587,-144.174)
194.623, (0,0,0), (37.7261,24.5304,-136.296)
7.09337, (0,0,0), (28.7626,34.608,16.3696)
81.2507, (0,0,0), (-40.7384,19.115,-69.7428)
70.2453, (0,0,0), (19.9437,-40.3392,217.414)
262.066, (0,0,0), (27.9303,-28.742,250)
126.912, (0,0,0), (-8.09861,-44.2653,-14.8256)
12.1869, (0,0,0), (25.3946,13.4166,-22.3095)
30.6782, (0,0,0), (20.457,-40.0813,-224.535)
0.032696, (0,0,0), (-44.8816,-3.26213,-47.5539)
200.387, (0,0,0), (-24.2155,-9.77657,212.379)
7.83943, (0,0,0), (-32.7511,-30.8605,231.856)
6.02092, (0,0,0), (9.63235,43.957,182.178)
0.0809738, (0,0,0), (-33.6988,-29.8227,239.815)
100.588, (0,0,0), (-26.6179,36.2834,-190.887)
46.1859, (0,0,0), (43.926,-9.77287,-31.0404)
5.40869, (0,0,0), (-17.8106,41.3253,108.342)
67.1644, (0,0,0), (44.2409,-8.23036,-130.209)
85.9495, (0,0,0), (-20.286,-40.1681,-25.4712)
77.2463, (0,0,0), (-32.62,-30.999,19.4736)
104.113, (0,0,0), (32.2827,-31.3501,195.916)
34.7817, (0,0,0), (-13.9755,-42.7748,66.1883)
51.4648, (0,0,0), (-38.6098,-23.1146,-137.374)
6.54671, (0,0,0), (-39.7387,-21.1148,77.7864)
133.147, (0,0,0), (41.5143,-17.3656,61.8819)
64.3488, (0,0,0), (8.82491,44.1262,202.539)
105.326, (0,0,0), (-2.08049,-22.8526,250)
163.503, (0,0,0), (21.7526,23.6569,250)
17.3642, (0,0,0), (12.0563,14.0932,250)
17.9088, (0,0,0), (6.08717,44.5864,50.6788)
47.7579, (0,0,0), (-3.20165,44.886,79.8563)
91.4708, (0,0,0), (-39.4828,21.5896,157.732)
29.5366, (0,0,0), (-6.18905,-44.5724,223.586)
18.3703, (0,0,0), (-40.7915,19.0013,-83.6697)
25.3368, (0,0,0), (33.7893,29.7201,110.569)
15.4223, (0,0,0), (-39.4805,-21.5938,163.336)
98.568, (0,0,0), (-43.4061,-11.8704,179.709)
7.04241, (0,0,0), (-0.659546,44.9952,-178.994)
30.2186, (0,0,0), (-37.4676,24.9235,91.5638)
49.1881, (0,0,0), (-25.3565,14.4859,-202.28)
0.114138, (0,0,0), (26.3654,36.4673,68.1972)
1.87645, (0,0,0), (-1.93767,4.92419,-250)
19.4379, (0,0,0), (27.3919,35.7027,0.848243)
11.298, (0,0,0), (-28.5585,-34.7766,32.1713)
0.115659, (0,0,0), (17.2972,41.5428,-106.387)
41.5899, (0,0,0), (18.9693,-19.5215,-250)
41.633, (0,0,0), (-6.19364,44.5717,1.42126)
52.1152, (0,0,0), (-35.7162,-27.3743,-147.717)
62.7293, (0,0,0), (30.6985,-24.3735,-208.267)
15.4562, (0,0,0), (-35.9453,-27.0728,-76.3832)
46.4599, (0,0,0), (-34.6891,28.6648,231.72)
5.65738, (0,0,0), (-21.3744,10.1872,-101.756)
34.2566, (0,0,0), (-24.2095,37.9328,-196.57)
44.7562, (0,0,0), (-33.449,-19.2346,93.9937)
73.4434, (0,0,0), (-29.524,33.9608,160.367)
365.186, (0,0,0), (43.2832,12.3112,-113.277)
36.3314, (0,0,0), (16.8574,1.02402,-134.223)
30.7031, (0,0,0), (-37.5986,-24.7254,-113.746)
102.827, (0,0,0), (39.1438,-22.1983,-173.745)
31.9546, (0,0,0), (-26.9571,-36.0321,31.7135)
84.8822, (0,0,0), (12.5234,-43.2223,222.334)
203.489, (0,0,0), (11.3297,-43.5504,176.057)
10.5002, (0,0,0), (44.6093,5.91683,203.683)
3.07042, (0,0,0), (43.6029,11.126,115.779)
12.6801, (0,0,0), (41.2699,-17.9387,-39.1241)
51.8819, (0,0,0), (34.14,-3.28697,-214.66)
2.43365, (0,0,0), (-36.205,26.7245,-229.689)
38.3106, (0,0,0), (-41.6308,-17.0844,22.5062)
23.9497, (0,0,0), (-43.2505,-12.4256,-43.581)
78.6473, (0,0,0), (7.29631,44.4045,-41.3157)
326.398, (0,0,0), (33.1461,30.4358,121.675)
90.9094, (0,0,0), (44.9942,-0.723444,-116.749)
6.03619, (0,0,0), (16.5195,-41.8582,19.1443)
83.1942, (0,0,0), (-4.24612,44.7992,-118.752)
0.667823, (0,0,0), (4.04711,-29.6514,165.351)
60.1946, (0,0,0), (-22.084,39.2084,-19.9029)
84.0949, (0,0,0), (-5.84543,-36.6657,10.2951)
15.9438, (0,0,0), (13.3813,-42.9644,93.7315)
127.216, (0,0,0), (1.62594,-7.99537,-249.514)
387.1, (0,0,0), (13.9944,-21.448,223.464)
41.9757, (0,0,0), (33.9378,28.2732,-122.293)
4.86974, (0,0,0), (44.8142,4.08469,-216.154)
72.1522, (0,0,0), (-4.49602,44.7748,139.927)
389.257, (0,0,0), (-44.6065,5.93776,46.9297)
267.152, (0,0,0), (-43.1647,-12.7204,179.503)
162.048, (0,0,0), (-11.7757,43.4319,185.512)
146.802, (0,0,0), (11.0389,-43.625,-247.349)
77.5762, (0,0,0), (-7.32268,-44.4002,-62.6268)
10.6753, (0,0,0), (-43.821,10.2331,-215.326)
142.923, (0,0,0), (-25.2858,37.224,158.607)
42.2207, (0,0,0), (34.5487,-28.8338,230.696)
1.28875, (0,0,0), (1.4555,-42.7365,-250)
53.674, (0,0,0), (19.7309,-14.6621,-83.1801)
52.5465, (0,0,0), (36.5861,26.2004,227.187)
20.0346, (0,0,0), (14.7762,42.5049,-55.5251)
110.275, (0,0,0), (-36.1344,26.8199,-148.363)
9.44616, (0,0,0), (-40.3406,19.9407,33.1892)
131.825, (0,0,0), (-28.303,-34.9849,-143.495)
187.702, (0,0,0), (-13.46,-42.9398,-16.0656)
10.9904, (0,0,0), (1.65311,-44.9696,120.27)
82.3327, (0,0,0), (-12.2437,-33.8621,-95.566)
123.345, (0,0,0), (-18.2469,-0.157123,-250)
120.846, (0,0,0), (44.9392,2.33814,148.6)
77.0692, (0,0,0), (-23.1265,38.6027,-193.756)
24.8258, (0,0,0), (-39.7677,21.0601,132.925)
42.0354, (0,0,0), (-39.0634,22.3395,214.451)
7.2683, (0,0,0), (-40.8096,-18.9626,-181.15)
139.584, (0,0,0), (2.33562,-44.9393,88.895)
33.7767, (0,0,0), (-11.939,-43.3873,71.037)
59.7252, (0,0,0), (31.2531,-32.3766,-42.0898)
167.421, (0,0,0), (9.96048,43.8838,155.781)
42.165, (0,0,0), (-2.67106,-44.9207,-109.297)
6.36005, (0,0,0), (0.971143,-16.1268,250)
139.576, (0,0,0), (27.494,35.6241,46.6953)
88.0895, (0,0,0), (11.7634,14.9927,250)
156.031, (0,0,0), (17.7298,-41.3601,220.852)
47.8617, (0,0,0), (29.4806,33.9984,-50.2405)
7.09417, (0,0,0), (-28.7208,-34.6426,-200.149)
78.7012, (0,0,0), (15.1144,42.3858,-65.4271)
83.6708, (0,0,0), (-38.9838,-22.4781,53.4194)
96.2106, (0,0,0), (-7.5878,-44.3557,59.3176)
200.176, (0,0,0), (-21.8148,39.3588,5.64853)
9.63251, (0,0,0), (-14.3603,42.6472,211.418)
25.5417, (0,0,0), (-3.35889,-21.9742,80.9521)
39.2492, (0,0,0), (-18.7924,40.8882,153.079)
162.921, (0,0,0), (-14.8202,-42.4895,-105.02)
61.1662, (0,0,0), (-19.8865,40.3674,-106.427)
150.338, (0,0,0), (-15.7137,-42.1673,-151.402)
25.3381, (0,0,0), (-37.0084,-25.6004,-113.456)
40.1172, (0,0,0), (-6.57285,44.5174,-11.145)
253.479, (0,0,0), (28.8793,-34.5107,184.923)
14.1082, (0,0,0), (9.08549,44.0733,238.963)
17.0376, (0,0,0), (23.7165,38.243,46.1189)
121.168, (0,0,0), (27.9499,35.2676,42.5696)
87.8875, (0,0,0), (20.0608,-40.2811,-228.806)
43.9635, (0,0,0), (-35.8413,-27.2103,-25.4125)
62.2966, (0,0,0), (40.7965,18.9907,-229.603)
29.4491, (0,0,0), (-29.5772,-33.9145,29.6958)
43.686, (0,0,0), (-45,-0.0406011,-0.366287)
61.9892, (0,0,0), (-36.5716,26.2205,231.111)
10.9277, (0,0,0), (-18.2228,-41.1452,-118.802)
8.28085, (0,0,0), (12.5596,43.2118,-216.385)
17.85, (0,0,0), (3.98891,-44.8229,79.0343)
83.9224, (0,0,0), (20.6326,-39.9912,-136.552)
20.7704, (0,0,0), (-19.2202,40.6889,249.237)
81.3026, (0,0,0), (35.4195,-27.7571,119.346)
85.5971, (0,0,0), (40.3733,-3.50441,-250)
32.3091, (0,0,0), (19.92,-40.3509,37.9155)
170.699, (0,0,0), (-10.5619,31.1305,-201.415)
27.0458, (0,0,0), (-37.7323,-24.521,245.454)
72.4335, (0,0,0), (-14.6105,-42.5621,-153.246)
114.86, (0,0,0), (17.5417,41.4402,78.434)
294.196, (0,0,0), (-10.6363,-43.7249,-119.389)
87.2616, (0,0,0), (-15.2234,42.3468,-128.498)
8.81622, (0,0,0), (15.9247,-42.088,-49.8163)
37.953, (0,0,0), (-44.6017,-5.9737,-196.301)
11.2289, (0,0,0), (39.8126,-20.9752,163.625)
31.158, (0,0,0), (-43.8715,10.0147,147.829)
21.4708, (0,0,0), (-41.0081,-18.5294,-89.816)
13.3489, (0,0,0), (6.28608,-44.5588,-3.33117)
266.999, (0,0,0), (34.1567,29.2971,-161.563)
30.58, (0,0,0), (2.56903,-13.205,-250)
46.4367, (0,0,0), (-44.06,-9.14968,-86.4345)
228.718, (0,0,0), (44.3419,-7.66788,-196.186)
0.474957, (0,0,0), (-1.06733,44.9873,244.242)
76.2508, (0,0,0), (12.4521,43.2429,-53.585)
268.058, (0,0,0), (44.983,1.2381,21.335)
19.3887, (0,0,0), (37.8041,-24.41,172.384)
13.4548, (0,0,0), (36.3899,26.4721,-65.7942)
47.1397, (0,0,0), (44.9969,-0.524147,-121.931)
34.455, (0,0,0), (-15.329,-15.5685,-250)
23.0812, (0,0,0), (20.2288,-40.197,235.305)
11.7822, (0,0,0), (35.2742,-27.9415,181.255)
131.817, (0,0,0), (28.7856,-23.1696,-250)
0.244658, (0,0,0), (-37.9338,-13.0163,207.641)
